[2026-04-20 09:19:11,780] [CALIBRATION] normalize=True val_keep_original_size=False train_size=(512, 512)
[2026-04-20 09:19:12,186] Attention!!!
[2026-04-20 09:19:12,186] Loaded 434 parameters!
[2026-04-20 09:19:12,186] Over!!!
[2026-04-20 09:19:18,667] iter=50/10000 lr=1.50003e-05 loss=0.818296
[2026-04-20 09:19:23,056] iter=100/10000 lr=3.00003e-05 loss=0.596672
[2026-04-20 09:19:28,485] iter=150/10000 lr=4.50003e-05 loss=0.388594
[2026-04-20 09:19:33,320] iter=200/10000 lr=6.00002e-05 loss=0.594177
[2026-04-20 09:19:38,057] iter=250/10000 lr=7.50002e-05 loss=0.369754
[2026-04-20 09:19:43,020] iter=300/10000 lr=9.00002e-05 loss=0.305060
[2026-04-20 09:19:47,534] iter=350/10000 lr=0.000105 loss=0.559265
[2026-04-20 09:19:52,567] iter=400/10000 lr=0.00012 loss=0.154321
[2026-04-20 09:19:57,171] iter=450/10000 lr=0.000135 loss=0.239210
[2026-04-20 09:20:02,044] iter=500/10000 lr=0.00015 loss=0.356496
[2026-04-20 09:20:05,817] [VAL] iter=500 aAcc=95.9773 mIoU=90.3354 mDice=94.8682 mFscore=94.8682 mPrecision=95.5866 mRecall=94.2113
[2026-04-20 09:20:06,634] [BEST] iter=500 mIoU=90.3354 saved=/root/autodl-tmp/tactile_topo_seg/work_dirs/yellowblock/revise/bevanet_s_yellowblock_revise_v2_pretrain/ckpt/best_mIoU_iter_500.pth
[2026-04-20 09:20:11,619] iter=550/10000 lr=0.000165 loss=0.188882
[2026-04-20 09:20:16,192] iter=600/10000 lr=0.00018 loss=0.151326
[2026-04-20 09:20:21,609] iter=650/10000 lr=0.000195 loss=0.136614
[2026-04-20 09:20:26,126] iter=700/10000 lr=0.00021 loss=0.239237
[2026-04-20 09:20:30,626] iter=750/10000 lr=0.000225 loss=0.211251
[2026-04-20 09:20:35,757] iter=800/10000 lr=0.00024 loss=0.365983
[2026-04-20 09:20:40,570] iter=850/10000 lr=0.000255 loss=0.309552
[2026-04-20 09:20:44,485] iter=900/10000 lr=0.00027 loss=0.156756
[2026-04-20 09:20:49,591] iter=950/10000 lr=0.000285 loss=0.125357
[2026-04-20 09:20:54,310] iter=1000/10000 lr=0.0003 loss=0.213664
[2026-04-20 09:20:57,763] [VAL] iter=1000 aAcc=97.0095 mIoU=92.8449 mDice=96.2628 mFscore=96.2628 mPrecision=96.0093 mRecall=96.5252
[2026-04-20 09:20:58,694] [BEST] iter=1000 mIoU=92.8449 saved=/root/autodl-tmp/tactile_topo_seg/work_dirs/yellowblock/revise/bevanet_s_yellowblock_revise_v2_pretrain/ckpt/best_mIoU_iter_1000.pth
[2026-04-20 09:21:03,969] iter=1050/10000 lr=0.000298333 loss=0.116611
[2026-04-20 09:21:08,567] iter=1100/10000 lr=0.000296667 loss=0.186098
[2026-04-20 09:21:13,323] iter=1150/10000 lr=0.000295 loss=0.280001
[2026-04-20 09:21:18,940] iter=1200/10000 lr=0.000293333 loss=0.356173
[2026-04-20 09:21:23,775] iter=1250/10000 lr=0.000291667 loss=0.167177
[2026-04-20 09:21:29,062] iter=1300/10000 lr=0.00029 loss=0.144075
[2026-04-20 09:21:33,486] iter=1350/10000 lr=0.000288333 loss=0.150514
[2026-04-20 09:21:36,791] iter=1400/10000 lr=0.000286667 loss=0.135045
[2026-04-20 09:21:41,548] iter=1450/10000 lr=0.000285 loss=0.151034
[2026-04-20 09:21:46,525] iter=1500/10000 lr=0.000283333 loss=0.130259
[2026-04-20 09:21:50,265] [VAL] iter=1500 aAcc=97.5106 mIoU=94.0168 mDice=96.8977 mFscore=96.8977 mPrecision=96.5193 mRecall=97.2960
[2026-04-20 09:21:51,307] [BEST] iter=1500 mIoU=94.0168 saved=/root/autodl-tmp/tactile_topo_seg/work_dirs/yellowblock/revise/bevanet_s_yellowblock_revise_v2_pretrain/ckpt/best_mIoU_iter_1500.pth
[2026-04-20 09:21:56,512] iter=1550/10000 lr=0.000281667 loss=0.122144
[2026-04-20 09:22:01,290] iter=1600/10000 lr=0.00028 loss=0.106424
[2026-04-20 09:22:06,096] iter=1650/10000 lr=0.000278333 loss=0.091019
[2026-04-20 09:22:11,094] iter=1700/10000 lr=0.000276667 loss=0.171983
[2026-04-20 09:22:15,144] iter=1750/10000 lr=0.000275 loss=0.128175
[2026-04-20 09:22:20,001] iter=1800/10000 lr=0.000273333 loss=0.073275
[2026-04-20 09:22:25,458] iter=1850/10000 lr=0.000271667 loss=0.112856
[2026-04-20 09:22:30,498] iter=1900/10000 lr=0.00027 loss=0.098118
[2026-04-20 09:22:35,574] iter=1950/10000 lr=0.000268333 loss=0.097583
[2026-04-20 09:22:40,453] iter=2000/10000 lr=0.000266667 loss=0.155473
[2026-04-20 09:22:44,001] [VAL] iter=2000 aAcc=97.4722 mIoU=93.9294 mDice=96.8507 mFscore=96.8507 mPrecision=96.4602 mRecall=97.2625
[2026-04-20 09:22:48,881] iter=2050/10000 lr=0.000265 loss=0.105330
[2026-04-20 09:22:54,699] iter=2100/10000 lr=0.000263333 loss=0.532265
[2026-04-20 09:22:59,413] iter=2150/10000 lr=0.000261667 loss=0.150575
[2026-04-20 09:23:04,711] iter=2200/10000 lr=0.00026 loss=0.125815
[2026-04-20 09:23:09,306] iter=2250/10000 lr=0.000258333 loss=0.134850
[2026-04-20 09:23:13,867] iter=2300/10000 lr=0.000256667 loss=0.108355
[2026-04-20 09:23:19,315] iter=2350/10000 lr=0.000255 loss=0.049964
[2026-04-20 09:23:24,014] iter=2400/10000 lr=0.000253333 loss=0.070771
[2026-04-20 09:23:28,492] iter=2450/10000 lr=0.000251667 loss=0.205570
[2026-04-20 09:23:33,440] iter=2500/10000 lr=0.00025 loss=0.096162
[2026-04-20 09:23:37,154] [VAL] iter=2500 aAcc=97.9632 mIoU=95.0712 mDice=97.4609 mFscore=97.4609 mPrecision=97.0900 mRecall=97.8506
[2026-04-20 09:23:38,097] [BEST] iter=2500 mIoU=95.0712 saved=/root/autodl-tmp/tactile_topo_seg/work_dirs/yellowblock/revise/bevanet_s_yellowblock_revise_v2_pretrain/ckpt/best_mIoU_iter_2500.pth
[2026-04-20 09:23:42,788] iter=2550/10000 lr=0.000248333 loss=0.102056
[2026-04-20 09:23:48,243] iter=2600/10000 lr=0.000246667 loss=0.104541
[2026-04-20 09:23:52,952] iter=2650/10000 lr=0.000245 loss=0.145455
[2026-04-20 09:23:56,624] iter=2700/10000 lr=0.000243333 loss=0.163228
[2026-04-20 09:24:02,311] iter=2750/10000 lr=0.000241667 loss=0.085392
[2026-04-20 09:24:07,001] iter=2800/10000 lr=0.00024 loss=0.398310
[2026-04-20 09:24:12,331] iter=2850/10000 lr=0.000238333 loss=0.053171
[2026-04-20 09:24:16,617] iter=2900/10000 lr=0.000236667 loss=0.114010
[2026-04-20 09:24:20,947] iter=2950/10000 lr=0.000235 loss=0.063181
[2026-04-20 09:24:25,886] iter=3000/10000 lr=0.000233333 loss=0.060424
[2026-04-20 09:24:29,642] [VAL] iter=3000 aAcc=97.8970 mIoU=94.8916 mDice=97.3652 mFscore=97.3652 mPrecision=97.2216 mRecall=97.5115
[2026-04-20 09:24:34,470] iter=3050/10000 lr=0.000231667 loss=0.111519
[2026-04-20 09:24:39,777] iter=3100/10000 lr=0.00023 loss=0.117695
[2026-04-20 09:24:44,390] iter=3150/10000 lr=0.000228333 loss=0.103523
[2026-04-20 09:24:49,062] iter=3200/10000 lr=0.000226667 loss=0.140597
[2026-04-20 09:24:53,905] iter=3250/10000 lr=0.000225 loss=0.090162
[2026-04-20 09:24:58,118] iter=3300/10000 lr=0.000223333 loss=0.135773
[2026-04-20 09:25:02,450] iter=3350/10000 lr=0.000221667 loss=0.105177
[2026-04-20 09:25:06,827] iter=3400/10000 lr=0.00022 loss=0.079709
[2026-04-20 09:25:11,683] iter=3450/10000 lr=0.000218333 loss=0.067599
[2026-04-20 09:25:16,712] iter=3500/10000 lr=0.000216667 loss=0.192554
[2026-04-20 09:25:20,513] [VAL] iter=3500 aAcc=97.7056 mIoU=94.4452 mDice=97.1271 mFscore=97.1271 mPrecision=96.9571 mRecall=97.3009
[2026-04-20 09:25:25,524] iter=3550/10000 lr=0.000215 loss=0.047946
[2026-04-20 09:25:29,885] iter=3600/10000 lr=0.000213333 loss=0.100694
[2026-04-20 09:25:35,135] iter=3650/10000 lr=0.000211667 loss=0.089153
[2026-04-20 09:25:39,849] iter=3700/10000 lr=0.00021 loss=0.111846
[2026-04-20 09:25:45,310] iter=3750/10000 lr=0.000208333 loss=0.077086
[2026-04-20 09:25:49,884] iter=3800/10000 lr=0.000206667 loss=0.072899
[2026-04-20 09:25:54,539] iter=3850/10000 lr=0.000205 loss=0.070729
[2026-04-20 09:25:59,872] iter=3900/10000 lr=0.000203333 loss=0.044261
[2026-04-20 09:26:03,398] iter=3950/10000 lr=0.000201667 loss=0.120531
[2026-04-20 09:26:08,684] iter=4000/10000 lr=0.0002 loss=0.066953
[2026-04-20 09:26:12,502] [VAL] iter=4000 aAcc=98.0318 mIoU=95.2066 mDice=97.5324 mFscore=97.5324 mPrecision=97.4188 mRecall=97.6476
[2026-04-20 09:26:13,453] [BEST] iter=4000 mIoU=95.2066 saved=/root/autodl-tmp/tactile_topo_seg/work_dirs/yellowblock/revise/bevanet_s_yellowblock_revise_v2_pretrain/ckpt/best_mIoU_iter_4000.pth
[2026-04-20 09:26:18,216] iter=4050/10000 lr=0.000198333 loss=0.196042
[2026-04-20 09:26:22,884] iter=4100/10000 lr=0.000196667 loss=0.063260
[2026-04-20 09:26:27,818] iter=4150/10000 lr=0.000195 loss=0.104018
[2026-04-20 09:26:31,292] iter=4200/10000 lr=0.000193333 loss=0.065412
[2026-04-20 09:26:35,454] iter=4250/10000 lr=0.000191667 loss=0.109361
[2026-04-20 09:26:40,192] iter=4300/10000 lr=0.00019 loss=0.120160
[2026-04-20 09:26:44,610] iter=4350/10000 lr=0.000188333 loss=0.125024
[2026-04-20 09:26:49,795] iter=4400/10000 lr=0.000186667 loss=0.097606
[2026-04-20 09:26:54,593] iter=4450/10000 lr=0.000185 loss=0.041983
[2026-04-20 09:26:58,783] iter=4500/10000 lr=0.000183333 loss=0.208887
[2026-04-20 09:27:02,107] [VAL] iter=4500 aAcc=98.1689 mIoU=95.5409 mDice=97.7093 mFscore=97.7093 mPrecision=97.4960 mRecall=97.9286
[2026-04-20 09:27:03,129] [BEST] iter=4500 mIoU=95.5409 saved=/root/autodl-tmp/tactile_topo_seg/work_dirs/yellowblock/revise/bevanet_s_yellowblock_revise_v2_pretrain/ckpt/best_mIoU_iter_4500.pth
[2026-04-20 09:27:08,295] iter=4550/10000 lr=0.000181667 loss=0.077707
[2026-04-20 09:27:13,231] iter=4600/10000 lr=0.00018 loss=0.103890
[2026-04-20 09:27:18,516] iter=4650/10000 lr=0.000178333 loss=0.067328
[2026-04-20 09:27:23,299] iter=4700/10000 lr=0.000176667 loss=0.050101
[2026-04-20 09:27:27,859] iter=4750/10000 lr=0.000175 loss=0.076142
[2026-04-20 09:27:32,332] iter=4800/10000 lr=0.000173333 loss=0.100521
[2026-04-20 09:27:35,681] iter=4850/10000 lr=0.000171667 loss=0.042693
[2026-04-20 09:27:39,649] iter=4900/10000 lr=0.00017 loss=0.234224
[2026-04-20 09:27:44,274] iter=4950/10000 lr=0.000168333 loss=0.079959
[2026-04-20 09:27:49,575] iter=5000/10000 lr=0.000166667 loss=0.070325
[2026-04-20 09:27:53,197] [VAL] iter=5000 aAcc=98.1591 mIoU=95.5118 mDice=97.6939 mFscore=97.6939 mPrecision=97.5424 mRecall=97.8484
[2026-04-20 09:27:57,561] iter=5050/10000 lr=0.000165 loss=0.053106
[2026-04-20 09:28:01,359] iter=5100/10000 lr=0.000163333 loss=0.117447
[2026-04-20 09:28:04,312] iter=5150/10000 lr=0.000161667 loss=0.078006
[2026-04-20 09:28:08,350] iter=5200/10000 lr=0.00016 loss=0.059067
[2026-04-20 09:28:12,043] iter=5250/10000 lr=0.000158333 loss=0.089084
[2026-04-20 09:28:16,018] iter=5300/10000 lr=0.000156667 loss=0.040948
[2026-04-20 09:28:19,012] iter=5350/10000 lr=0.000155 loss=0.077881
[2026-04-20 09:28:21,765] iter=5400/10000 lr=0.000153333 loss=0.042832
[2026-04-20 09:28:26,681] iter=5450/10000 lr=0.000151667 loss=0.138935
[2026-04-20 09:28:30,578] iter=5500/10000 lr=0.00015 loss=0.047676
[2026-04-20 09:28:34,334] [VAL] iter=5500 aAcc=98.1288 mIoU=95.4349 mDice=97.6532 mFscore=97.6532 mPrecision=97.5573 mRecall=97.7504
[2026-04-20 09:28:37,998] iter=5550/10000 lr=0.000148333 loss=0.071738
[2026-04-20 09:28:40,950] iter=5600/10000 lr=0.000146667 loss=0.037172
[2026-04-20 09:28:44,741] iter=5650/10000 lr=0.000145 loss=0.048048
[2026-04-20 09:28:50,010] iter=5700/10000 lr=0.000143333 loss=0.066678
[2026-04-20 09:28:53,795] iter=5750/10000 lr=0.000141667 loss=0.100954
[2026-04-20 09:28:56,514] iter=5800/10000 lr=0.00014 loss=0.081525
[2026-04-20 09:29:00,139] iter=5850/10000 lr=0.000138333 loss=0.059926
[2026-04-20 09:29:03,715] iter=5900/10000 lr=0.000136667 loss=0.039465
[2026-04-20 09:29:07,244] iter=5950/10000 lr=0.000135 loss=0.066942
[2026-04-20 09:29:09,910] iter=6000/10000 lr=0.000133333 loss=0.044557
[2026-04-20 09:29:13,654] [VAL] iter=6000 aAcc=98.2003 mIoU=95.6210 mDice=97.7516 mFscore=97.7516 mPrecision=97.4755 mRecall=98.0379
[2026-04-20 09:29:14,659] [BEST] iter=6000 mIoU=95.6210 saved=/root/autodl-tmp/tactile_topo_seg/work_dirs/yellowblock/revise/bevanet_s_yellowblock_revise_v2_pretrain/ckpt/best_mIoU_iter_6000.pth
[2026-04-20 09:29:18,015] iter=6050/10000 lr=0.000131667 loss=0.081343
[2026-04-20 09:29:21,405] iter=6100/10000 lr=0.00013 loss=0.063881
[2026-04-20 09:29:24,352] iter=6150/10000 lr=0.000128333 loss=0.083379
[2026-04-20 09:29:27,593] iter=6200/10000 lr=0.000126667 loss=0.064196
[2026-04-20 09:29:30,676] iter=6250/10000 lr=0.000125 loss=0.054733
[2026-04-20 09:29:33,486] iter=6300/10000 lr=0.000123333 loss=0.089913
[2026-04-20 09:29:37,908] iter=6350/10000 lr=0.000121667 loss=0.104121
[2026-04-20 09:29:40,924] iter=6400/10000 lr=0.00012 loss=0.050394
[2026-04-20 09:29:43,616] iter=6450/10000 lr=0.000118333 loss=0.039045
[2026-04-20 09:29:48,550] iter=6500/10000 lr=0.000116667 loss=0.046993
[2026-04-20 09:29:52,376] [VAL] iter=6500 aAcc=98.2524 mIoU=95.7424 mDice=97.8155 mFscore=97.8155 mPrecision=97.5646 mRecall=98.0748
[2026-04-20 09:29:53,435] [BEST] iter=6500 mIoU=95.7424 saved=/root/autodl-tmp/tactile_topo_seg/work_dirs/yellowblock/revise/bevanet_s_yellowblock_revise_v2_pretrain/ckpt/best_mIoU_iter_6500.pth
[2026-04-20 09:29:56,196] iter=6550/10000 lr=0.000115 loss=0.064981
[2026-04-20 09:29:59,786] iter=6600/10000 lr=0.000113333 loss=0.094577
[2026-04-20 09:30:02,803] iter=6650/10000 lr=0.000111667 loss=0.029649
[2026-04-20 09:30:05,428] iter=6700/10000 lr=0.00011 loss=0.099091
[2026-04-20 09:30:09,087] iter=6750/10000 lr=0.000108333 loss=0.068784
[2026-04-20 09:30:12,524] iter=6800/10000 lr=0.000106667 loss=0.114359
[2026-04-20 09:30:16,230] iter=6850/10000 lr=0.000105 loss=0.075107
[2026-04-20 09:30:20,121] iter=6900/10000 lr=0.000103333 loss=0.083900
[2026-04-20 09:30:24,313] iter=6950/10000 lr=0.000101667 loss=0.051077
[2026-04-20 09:30:28,737] iter=7000/10000 lr=0.0001 loss=0.101997
[2026-04-20 09:30:32,189] [VAL] iter=7000 aAcc=98.3019 mIoU=95.8555 mDice=97.8750 mFscore=97.8750 mPrecision=97.6751 mRecall=98.0802
[2026-04-20 09:30:33,104] [BEST] iter=7000 mIoU=95.8555 saved=/root/autodl-tmp/tactile_topo_seg/work_dirs/yellowblock/revise/bevanet_s_yellowblock_revise_v2_pretrain/ckpt/best_mIoU_iter_7000.pth
[2026-04-20 09:30:36,793] iter=7050/10000 lr=9.83333e-05 loss=0.047149
[2026-04-20 09:30:41,488] iter=7100/10000 lr=9.66667e-05 loss=0.066297
[2026-04-20 09:30:46,172] iter=7150/10000 lr=9.5e-05 loss=0.035370
[2026-04-20 09:30:51,187] iter=7200/10000 lr=9.33333e-05 loss=0.063176
[2026-04-20 09:30:56,410] iter=7250/10000 lr=9.16667e-05 loss=0.077451
[2026-04-20 09:31:01,060] iter=7300/10000 lr=9e-05 loss=0.060048
[2026-04-20 09:31:05,729] iter=7350/10000 lr=8.83333e-05 loss=0.044512
[2026-04-20 09:31:11,109] iter=7400/10000 lr=8.66667e-05 loss=0.036901
[2026-04-20 09:31:15,796] iter=7450/10000 lr=8.5e-05 loss=0.148668
[2026-04-20 09:31:21,235] iter=7500/10000 lr=8.33333e-05 loss=0.072733
[2026-04-20 09:31:24,889] [VAL] iter=7500 aAcc=98.2937 mIoU=95.8374 mDice=97.8655 mFscore=97.8655 mPrecision=97.6484 mRecall=98.0889
[2026-04-20 09:31:30,016] iter=7550/10000 lr=8.16667e-05 loss=0.118583
[2026-04-20 09:31:34,383] iter=7600/10000 lr=8e-05 loss=0.143681
[2026-04-20 09:31:38,942] iter=7650/10000 lr=7.83333e-05 loss=0.041682
[2026-04-20 09:31:43,322] iter=7700/10000 lr=7.66667e-05 loss=0.032580
[2026-04-20 09:31:48,580] iter=7750/10000 lr=7.5e-05 loss=0.055811
[2026-04-20 09:31:53,202] iter=7800/10000 lr=7.33333e-05 loss=0.054143
[2026-04-20 09:31:57,853] iter=7850/10000 lr=7.16667e-05 loss=0.047648
[2026-04-20 09:32:03,305] iter=7900/10000 lr=7e-05 loss=0.085551
[2026-04-20 09:32:07,932] iter=7950/10000 lr=6.83333e-05 loss=0.056119
[2026-04-20 09:32:13,258] iter=8000/10000 lr=6.66667e-05 loss=0.067710
[2026-04-20 09:32:16,736] [VAL] iter=8000 aAcc=98.3261 mIoU=95.9090 mDice=97.9031 mFscore=97.9031 mPrecision=97.7521 mRecall=98.0571
[2026-04-20 09:32:17,675] [BEST] iter=8000 mIoU=95.9090 saved=/root/autodl-tmp/tactile_topo_seg/work_dirs/yellowblock/revise/bevanet_s_yellowblock_revise_v2_pretrain/ckpt/best_mIoU_iter_8000.pth
[2026-04-20 09:32:22,280] iter=8050/10000 lr=6.5e-05 loss=0.036863
[2026-04-20 09:32:26,313] iter=8100/10000 lr=6.33333e-05 loss=0.058112
[2026-04-20 09:32:31,360] iter=8150/10000 lr=6.16667e-05 loss=0.104949
[2026-04-20 09:32:36,234] iter=8200/10000 lr=6e-05 loss=0.055535
[2026-04-20 09:32:40,985] iter=8250/10000 lr=5.83333e-05 loss=0.030359
[2026-04-20 09:32:45,797] iter=8300/10000 lr=5.66667e-05 loss=0.086393
[2026-04-20 09:32:50,459] iter=8350/10000 lr=5.5e-05 loss=0.071329
[2026-04-20 09:32:55,889] iter=8400/10000 lr=5.33333e-05 loss=0.036059
[2026-04-20 09:33:00,500] iter=8450/10000 lr=5.16667e-05 loss=0.123316
[2026-04-20 09:33:04,998] iter=8500/10000 lr=5e-05 loss=0.061385
[2026-04-20 09:33:08,577] [VAL] iter=8500 aAcc=98.3736 mIoU=96.0213 mDice=97.9620 mFscore=97.9620 mPrecision=97.8238 mRecall=98.1027
[2026-04-20 09:33:09,514] [BEST] iter=8500 mIoU=96.0213 saved=/root/autodl-tmp/tactile_topo_seg/work_dirs/yellowblock/revise/bevanet_s_yellowblock_revise_v2_pretrain/ckpt/best_mIoU_iter_8500.pth
[2026-04-20 09:33:14,633] iter=8550/10000 lr=4.83333e-05 loss=0.048776
[2026-04-20 09:33:19,327] iter=8600/10000 lr=4.66667e-05 loss=0.086248
[2026-04-20 09:33:24,618] iter=8650/10000 lr=4.5e-05 loss=0.053646
[2026-04-20 09:33:29,362] iter=8700/10000 lr=4.33333e-05 loss=0.063717
[2026-04-20 09:33:34,082] iter=8750/10000 lr=4.16667e-05 loss=0.045638
[2026-04-20 09:33:39,411] iter=8800/10000 lr=4e-05 loss=0.045706
[2026-04-20 09:33:44,349] iter=8850/10000 lr=3.83333e-05 loss=0.072144
[2026-04-20 09:33:48,856] iter=8900/10000 lr=3.66667e-05 loss=0.120421
[2026-04-20 09:33:54,197] iter=8950/10000 lr=3.5e-05 loss=0.054211
[2026-04-20 09:33:58,811] iter=9000/10000 lr=3.33333e-05 loss=0.073672
[2026-04-20 09:34:02,123] [VAL] iter=9000 aAcc=98.3921 mIoU=96.0633 mDice=97.9841 mFscore=97.9841 mPrecision=97.8720 mRecall=98.0977
[2026-04-20 09:34:03,126] [BEST] iter=9000 mIoU=96.0633 saved=/root/autodl-tmp/tactile_topo_seg/work_dirs/yellowblock/revise/bevanet_s_yellowblock_revise_v2_pretrain/ckpt/best_mIoU_iter_9000.pth
[2026-04-20 09:34:08,314] iter=9050/10000 lr=3.16667e-05 loss=0.064933
[2026-04-20 09:34:13,088] iter=9100/10000 lr=3e-05 loss=0.047583
[2026-04-20 09:34:17,943] iter=9150/10000 lr=2.83333e-05 loss=0.051228
[2026-04-20 09:34:23,221] iter=9200/10000 lr=2.66667e-05 loss=0.052452
[2026-04-20 09:34:27,827] iter=9250/10000 lr=2.5e-05 loss=0.048565
[2026-04-20 09:34:33,174] iter=9300/10000 lr=2.33333e-05 loss=0.040299
[2026-04-20 09:34:37,969] iter=9350/10000 lr=2.16667e-05 loss=0.041515
[2026-04-20 09:34:42,259] iter=9400/10000 lr=2e-05 loss=0.086470
[2026-04-20 09:34:47,486] iter=9450/10000 lr=1.83333e-05 loss=0.072052
[2026-04-20 09:34:52,394] iter=9500/10000 lr=1.66667e-05 loss=0.079876
[2026-04-20 09:34:56,042] [VAL] iter=9500 aAcc=98.4108 mIoU=96.1106 mDice=98.0089 mFscore=98.0089 mPrecision=97.8644 mRecall=98.1561
[2026-04-20 09:34:56,973] [BEST] iter=9500 mIoU=96.1106 saved=/root/autodl-tmp/tactile_topo_seg/work_dirs/yellowblock/revise/bevanet_s_yellowblock_revise_v2_pretrain/ckpt/best_mIoU_iter_9500.pth
[2026-04-20 09:35:02,342] iter=9550/10000 lr=1.5e-05 loss=0.054398
[2026-04-20 09:35:07,062] iter=9600/10000 lr=1.33333e-05 loss=0.035351
[2026-04-20 09:35:11,482] iter=9650/10000 lr=1.16667e-05 loss=0.071717
[2026-04-20 09:35:16,717] iter=9700/10000 lr=1e-05 loss=0.049237
[2026-04-20 09:35:21,280] iter=9750/10000 lr=8.33333e-06 loss=0.031638
[2026-04-20 09:35:26,058] iter=9800/10000 lr=6.66667e-06 loss=0.337804
[2026-04-20 09:35:31,416] iter=9850/10000 lr=5e-06 loss=0.038080
[2026-04-20 09:35:35,900] iter=9900/10000 lr=3.33333e-06 loss=0.049753
[2026-04-20 09:35:39,745] iter=9950/10000 lr=1.66667e-06 loss=0.049353
[2026-04-20 09:35:44,251] iter=10000/10000 lr=0 loss=0.041304
[2026-04-20 09:35:47,780] [VAL] iter=10000 aAcc=98.4318 mIoU=96.1606 mDice=98.0351 mFscore=98.0351 mPrecision=97.8935 mRecall=98.1792
[2026-04-20 09:35:48,784] [BEST] iter=10000 mIoU=96.1606 saved=/root/autodl-tmp/tactile_topo_seg/work_dirs/yellowblock/revise/bevanet_s_yellowblock_revise_v2_pretrain/ckpt/best_mIoU_iter_10000.pth
[2026-04-20 09:36:18,520] [DONE] summary=/root/autodl-tmp/tactile_topo_seg/work_dirs/yellowblock/revise/bevanet_s_yellowblock_revise_v2_pretrain/metrics/final_summary.json
