[2026-04-20 10:04:10,450] [CALIBRATION] normalize=True val_keep_original_size=False train_size=(512, 512)
[2026-04-20 10:04:19,284] iter=50/10000 lr=1.00002e-05 loss=0.872692
[2026-04-20 10:04:25,072] iter=100/10000 lr=2.00002e-05 loss=0.521152
[2026-04-20 10:04:31,015] iter=150/10000 lr=3.00002e-05 loss=0.296506
[2026-04-20 10:04:36,756] iter=200/10000 lr=4.00002e-05 loss=0.245125
[2026-04-20 10:04:42,520] iter=250/10000 lr=5.00001e-05 loss=0.520271
[2026-04-20 10:04:48,351] iter=300/10000 lr=6.00001e-05 loss=0.185871
[2026-04-20 10:04:54,534] iter=350/10000 lr=7.00001e-05 loss=0.105829
[2026-04-20 10:05:00,020] iter=400/10000 lr=8.00001e-05 loss=0.494815
[2026-04-20 10:05:05,480] iter=450/10000 lr=9.00001e-05 loss=0.267525
[2026-04-20 10:05:10,883] iter=500/10000 lr=0.0001 loss=0.096757
[2026-04-20 10:05:14,970] [VAL] iter=500 aAcc=97.5387 mIoU=94.0346 mDice=96.9066 mFscore=96.9066 mPrecision=96.9087 mRecall=96.9045
[2026-04-20 10:05:16,425] [BEST] iter=500 mIoU=94.0346 saved=/root/autodl-tmp/tactile_topo_seg/work_dirs/yellowblock/revise/emcad_yellowblock_revise_v2_pretrain/ckpt/best_mIoU_iter_500.pth
[2026-04-20 10:05:22,178] iter=550/10000 lr=0.00011 loss=0.262097
[2026-04-20 10:05:27,983] iter=600/10000 lr=0.00012 loss=0.637878
[2026-04-20 10:05:33,812] iter=650/10000 lr=0.00013 loss=0.171287
[2026-04-20 10:05:39,268] iter=700/10000 lr=0.00014 loss=0.356926
[2026-04-20 10:05:45,085] iter=750/10000 lr=0.00015 loss=0.417695
[2026-04-20 10:05:50,353] iter=800/10000 lr=0.00016 loss=0.173453
[2026-04-20 10:05:55,810] iter=850/10000 lr=0.00017 loss=0.465005
[2026-04-20 10:06:01,932] iter=900/10000 lr=0.00018 loss=0.097081
[2026-04-20 10:06:06,981] iter=950/10000 lr=0.00019 loss=0.172476
[2026-04-20 10:06:12,631] iter=1000/10000 lr=0.0002 loss=0.210815
[2026-04-20 10:06:17,159] [VAL] iter=1000 aAcc=97.6749 mIoU=94.3591 mDice=97.0808 mFscore=97.0808 mPrecision=97.0358 mRecall=97.1262
[2026-04-20 10:06:18,594] [BEST] iter=1000 mIoU=94.3591 saved=/root/autodl-tmp/tactile_topo_seg/work_dirs/yellowblock/revise/emcad_yellowblock_revise_v2_pretrain/ckpt/best_mIoU_iter_1000.pth
[2026-04-20 10:06:24,938] iter=1050/10000 lr=0.000198889 loss=0.079099
[2026-04-20 10:06:30,417] iter=1100/10000 lr=0.000197778 loss=0.206358
[2026-04-20 10:06:35,884] iter=1150/10000 lr=0.000196667 loss=0.427967
[2026-04-20 10:06:41,347] iter=1200/10000 lr=0.000195556 loss=0.139282
[2026-04-20 10:06:46,694] iter=1250/10000 lr=0.000194444 loss=0.096690
[2026-04-20 10:06:52,101] iter=1300/10000 lr=0.000193333 loss=0.159248
[2026-04-20 10:06:57,450] iter=1350/10000 lr=0.000192222 loss=0.220585
[2026-04-20 10:07:02,503] iter=1400/10000 lr=0.000191111 loss=0.091160
[2026-04-20 10:07:08,009] iter=1450/10000 lr=0.00019 loss=0.187706
[2026-04-20 10:07:13,644] iter=1500/10000 lr=0.000188889 loss=0.228426
[2026-04-20 10:07:17,641] [VAL] iter=1500 aAcc=97.9212 mIoU=94.8978 mDice=97.3679 mFscore=97.3679 mPrecision=97.7325 mRecall=97.0191
[2026-04-20 10:07:19,136] [BEST] iter=1500 mIoU=94.8978 saved=/root/autodl-tmp/tactile_topo_seg/work_dirs/yellowblock/revise/emcad_yellowblock_revise_v2_pretrain/ckpt/best_mIoU_iter_1500.pth
[2026-04-20 10:07:24,532] iter=1550/10000 lr=0.000187778 loss=0.081301
[2026-04-20 10:07:30,810] iter=1600/10000 lr=0.000186667 loss=0.059653
[2026-04-20 10:07:36,999] iter=1650/10000 lr=0.000185556 loss=0.098672
[2026-04-20 10:07:42,948] iter=1700/10000 lr=0.000184444 loss=0.091170
[2026-04-20 10:07:48,866] iter=1750/10000 lr=0.000183333 loss=0.080058
[2026-04-20 10:07:53,039] iter=1800/10000 lr=0.000182222 loss=0.075260
[2026-04-20 10:07:58,698] iter=1850/10000 lr=0.000181111 loss=0.369247
[2026-04-20 10:08:04,423] iter=1900/10000 lr=0.00018 loss=0.121365
[2026-04-20 10:08:11,187] iter=1950/10000 lr=0.000178889 loss=0.078508
[2026-04-20 10:08:17,011] iter=2000/10000 lr=0.000177778 loss=0.086375
[2026-04-20 10:08:21,030] [VAL] iter=2000 aAcc=98.0404 mIoU=95.2239 mDice=97.5415 mFscore=97.5415 mPrecision=97.4601 mRecall=97.6238
[2026-04-20 10:08:22,795] [BEST] iter=2000 mIoU=95.2239 saved=/root/autodl-tmp/tactile_topo_seg/work_dirs/yellowblock/revise/emcad_yellowblock_revise_v2_pretrain/ckpt/best_mIoU_iter_2000.pth
[2026-04-20 10:08:26,633] iter=2050/10000 lr=0.000176667 loss=0.075176
[2026-04-20 10:08:32,160] iter=2100/10000 lr=0.000175556 loss=0.038870
[2026-04-20 10:08:38,476] iter=2150/10000 lr=0.000174444 loss=0.055317
[2026-04-20 10:08:44,647] iter=2200/10000 lr=0.000173333 loss=0.134751
[2026-04-20 10:08:50,823] iter=2250/10000 lr=0.000172222 loss=0.057492
[2026-04-20 10:08:56,497] iter=2300/10000 lr=0.000171111 loss=0.063719
[2026-04-20 10:09:01,838] iter=2350/10000 lr=0.00017 loss=0.196037
[2026-04-20 10:09:07,587] iter=2400/10000 lr=0.000168889 loss=0.066916
[2026-04-20 10:09:13,879] iter=2450/10000 lr=0.000167778 loss=0.065107
[2026-04-20 10:09:19,840] iter=2500/10000 lr=0.000166667 loss=0.063441
[2026-04-20 10:09:23,702] [VAL] iter=2500 aAcc=98.2893 mIoU=95.7968 mDice=97.8439 mFscore=97.8439 mPrecision=97.9849 mRecall=97.7053
[2026-04-20 10:09:25,278] [BEST] iter=2500 mIoU=95.7968 saved=/root/autodl-tmp/tactile_topo_seg/work_dirs/yellowblock/revise/emcad_yellowblock_revise_v2_pretrain/ckpt/best_mIoU_iter_2500.pth
[2026-04-20 10:09:31,103] iter=2550/10000 lr=0.000165556 loss=0.134979
[2026-04-20 10:09:37,053] iter=2600/10000 lr=0.000164444 loss=0.050186
[2026-04-20 10:09:42,888] iter=2650/10000 lr=0.000163333 loss=0.050902
[2026-04-20 10:09:48,776] iter=2700/10000 lr=0.000162222 loss=0.129495
[2026-04-20 10:09:54,590] iter=2750/10000 lr=0.000161111 loss=0.158482
[2026-04-20 10:10:00,743] iter=2800/10000 lr=0.00016 loss=0.072310
[2026-04-20 10:10:06,087] iter=2850/10000 lr=0.000158889 loss=0.075516
[2026-04-20 10:10:11,734] iter=2900/10000 lr=0.000157778 loss=0.113815
[2026-04-20 10:10:17,893] iter=2950/10000 lr=0.000156667 loss=0.116914
[2026-04-20 10:10:23,667] iter=3000/10000 lr=0.000155556 loss=0.055260
[2026-04-20 10:10:28,116] [VAL] iter=3000 aAcc=98.2526 mIoU=95.7133 mDice=97.7999 mFscore=97.7999 mPrecision=97.8875 mRecall=97.7133
[2026-04-20 10:10:34,076] iter=3050/10000 lr=0.000154444 loss=0.447328
[2026-04-20 10:10:39,648] iter=3100/10000 lr=0.000153333 loss=0.129641
[2026-04-20 10:10:45,352] iter=3150/10000 lr=0.000152222 loss=0.060546
[2026-04-20 10:10:51,050] iter=3200/10000 lr=0.000151111 loss=0.055919
[2026-04-20 10:10:56,442] iter=3250/10000 lr=0.00015 loss=0.098799
[2026-04-20 10:11:02,699] iter=3300/10000 lr=0.000148889 loss=0.052192
[2026-04-20 10:11:08,566] iter=3350/10000 lr=0.000147778 loss=0.085562
[2026-04-20 10:11:14,420] iter=3400/10000 lr=0.000146667 loss=0.048157
[2026-04-20 10:11:20,049] iter=3450/10000 lr=0.000145556 loss=0.048293
[2026-04-20 10:11:25,481] iter=3500/10000 lr=0.000144444 loss=0.041307
[2026-04-20 10:11:29,506] [VAL] iter=3500 aAcc=98.3664 mIoU=95.9974 mDice=97.9494 mFscore=97.9494 mPrecision=97.8939 mRecall=98.0053
[2026-04-20 10:11:30,887] [BEST] iter=3500 mIoU=95.9974 saved=/root/autodl-tmp/tactile_topo_seg/work_dirs/yellowblock/revise/emcad_yellowblock_revise_v2_pretrain/ckpt/best_mIoU_iter_3500.pth
[2026-04-20 10:11:36,810] iter=3550/10000 lr=0.000143333 loss=0.042040
[2026-04-20 10:11:42,654] iter=3600/10000 lr=0.000142222 loss=0.042454
[2026-04-20 10:11:48,414] iter=3650/10000 lr=0.000141111 loss=0.068671
[2026-04-20 10:11:53,271] iter=3700/10000 lr=0.00014 loss=0.099883
[2026-04-20 10:11:58,936] iter=3750/10000 lr=0.000138889 loss=0.101612
[2026-04-20 10:12:04,712] iter=3800/10000 lr=0.000137778 loss=0.212599
[2026-04-20 10:12:10,898] iter=3850/10000 lr=0.000136667 loss=0.056227
[2026-04-20 10:12:16,412] iter=3900/10000 lr=0.000135556 loss=0.203524
[2026-04-20 10:12:21,726] iter=3950/10000 lr=0.000134444 loss=0.059677
[2026-04-20 10:12:27,996] iter=4000/10000 lr=0.000133333 loss=0.057655
[2026-04-20 10:12:31,984] [VAL] iter=4000 aAcc=98.2833 mIoU=95.7784 mDice=97.8342 mFscore=97.8342 mPrecision=98.0220 mRecall=97.6506
[2026-04-20 10:12:38,100] iter=4050/10000 lr=0.000132222 loss=0.044831
[2026-04-20 10:12:44,089] iter=4100/10000 lr=0.000131111 loss=0.060012
[2026-04-20 10:12:48,740] iter=4150/10000 lr=0.00013 loss=0.168916
[2026-04-20 10:12:54,108] iter=4200/10000 lr=0.000128889 loss=0.047878
[2026-04-20 10:12:58,631] iter=4250/10000 lr=0.000127778 loss=0.046682
[2026-04-20 10:13:03,472] iter=4300/10000 lr=0.000126667 loss=0.038871
[2026-04-20 10:13:09,207] iter=4350/10000 lr=0.000125556 loss=0.042683
[2026-04-20 10:13:14,929] iter=4400/10000 lr=0.000124444 loss=0.105338
[2026-04-20 10:13:20,868] iter=4450/10000 lr=0.000123333 loss=0.048990
[2026-04-20 10:13:27,243] iter=4500/10000 lr=0.000122222 loss=0.037147
[2026-04-20 10:13:31,116] [VAL] iter=4500 aAcc=98.3232 mIoU=95.9004 mDice=97.8986 mFscore=97.8986 mPrecision=97.7683 mRecall=98.0310
[2026-04-20 10:13:37,039] iter=4550/10000 lr=0.000121111 loss=0.073996
[2026-04-20 10:13:42,451] iter=4600/10000 lr=0.00012 loss=0.037676
[2026-04-20 10:13:48,127] iter=4650/10000 lr=0.000118889 loss=0.064519
[2026-04-20 10:13:54,341] iter=4700/10000 lr=0.000117778 loss=0.122364
[2026-04-20 10:14:00,256] iter=4750/10000 lr=0.000116667 loss=0.105727
[2026-04-20 10:14:06,026] iter=4800/10000 lr=0.000115556 loss=0.057078
[2026-04-20 10:14:12,298] iter=4850/10000 lr=0.000114444 loss=0.060885
[2026-04-20 10:14:18,304] iter=4900/10000 lr=0.000113333 loss=0.034872
[2026-04-20 10:14:24,179] iter=4950/10000 lr=0.000112222 loss=0.035112
[2026-04-20 10:14:29,890] iter=5000/10000 lr=0.000111111 loss=0.053327
[2026-04-20 10:14:33,881] [VAL] iter=5000 aAcc=98.4055 mIoU=96.0882 mDice=97.9971 mFscore=97.9971 mPrecision=97.9759 mRecall=98.0183
[2026-04-20 10:14:35,301] [BEST] iter=5000 mIoU=96.0882 saved=/root/autodl-tmp/tactile_topo_seg/work_dirs/yellowblock/revise/emcad_yellowblock_revise_v2_pretrain/ckpt/best_mIoU_iter_5000.pth
[2026-04-20 10:14:41,290] iter=5050/10000 lr=0.00011 loss=0.037598
[2026-04-20 10:14:47,153] iter=5100/10000 lr=0.000108889 loss=0.040423
[2026-04-20 10:14:52,750] iter=5150/10000 lr=0.000107778 loss=0.052731
[2026-04-20 10:14:59,147] iter=5200/10000 lr=0.000106667 loss=0.018743
[2026-04-20 10:15:04,415] iter=5250/10000 lr=0.000105556 loss=0.089189
[2026-04-20 10:15:10,428] iter=5300/10000 lr=0.000104444 loss=0.036318
[2026-04-20 10:15:16,248] iter=5350/10000 lr=0.000103333 loss=0.032483
[2026-04-20 10:15:22,637] iter=5400/10000 lr=0.000102222 loss=0.030973
[2026-04-20 10:15:27,978] iter=5450/10000 lr=0.000101111 loss=0.207120
[2026-04-20 10:15:33,307] iter=5500/10000 lr=0.0001 loss=0.081539
[2026-04-20 10:15:37,787] [VAL] iter=5500 aAcc=98.3709 mIoU=96.0175 mDice=97.9601 mFscore=97.9601 mPrecision=97.7901 mRecall=98.1338
[2026-04-20 10:15:43,986] iter=5550/10000 lr=9.88889e-05 loss=0.046281
[2026-04-20 10:15:49,592] iter=5600/10000 lr=9.77778e-05 loss=0.048099
[2026-04-20 10:15:54,730] iter=5650/10000 lr=9.66667e-05 loss=0.036704
[2026-04-20 10:16:00,524] iter=5700/10000 lr=9.55556e-05 loss=0.034680
[2026-04-20 10:16:06,057] iter=5750/10000 lr=9.44444e-05 loss=0.049619
[2026-04-20 10:16:11,524] iter=5800/10000 lr=9.33333e-05 loss=0.029762
[2026-04-20 10:16:16,946] iter=5850/10000 lr=9.22222e-05 loss=0.047064
[2026-04-20 10:16:23,165] iter=5900/10000 lr=9.11111e-05 loss=0.031615
[2026-04-20 10:16:28,786] iter=5950/10000 lr=9e-05 loss=0.043829
[2026-04-20 10:16:34,627] iter=6000/10000 lr=8.88889e-05 loss=0.025683
[2026-04-20 10:16:38,519] [VAL] iter=6000 aAcc=98.4708 mIoU=96.2505 mDice=98.0821 mFscore=98.0821 mPrecision=97.9847 mRecall=98.1808
[2026-04-20 10:16:40,101] [BEST] iter=6000 mIoU=96.2505 saved=/root/autodl-tmp/tactile_topo_seg/work_dirs/yellowblock/revise/emcad_yellowblock_revise_v2_pretrain/ckpt/best_mIoU_iter_6000.pth
[2026-04-20 10:16:45,719] iter=6050/10000 lr=8.77778e-05 loss=0.032641
[2026-04-20 10:16:52,270] iter=6100/10000 lr=8.66667e-05 loss=0.065036
[2026-04-20 10:16:57,867] iter=6150/10000 lr=8.55556e-05 loss=0.069478
[2026-04-20 10:17:03,622] iter=6200/10000 lr=8.44444e-05 loss=0.034810
[2026-04-20 10:17:09,864] iter=6250/10000 lr=8.33333e-05 loss=0.032373
[2026-04-20 10:17:14,275] iter=6300/10000 lr=8.22222e-05 loss=0.033310
[2026-04-20 10:17:19,597] iter=6350/10000 lr=8.11111e-05 loss=0.070185
[2026-04-20 10:17:25,116] iter=6400/10000 lr=8e-05 loss=0.045962
[2026-04-20 10:17:31,625] iter=6450/10000 lr=7.88889e-05 loss=0.072437
[2026-04-20 10:17:37,047] iter=6500/10000 lr=7.77778e-05 loss=0.058465
[2026-04-20 10:17:40,917] [VAL] iter=6500 aAcc=98.5054 mIoU=96.3343 mDice=98.1260 mFscore=98.1260 mPrecision=98.0178 mRecall=98.2356
[2026-04-20 10:17:42,388] [BEST] iter=6500 mIoU=96.3343 saved=/root/autodl-tmp/tactile_topo_seg/work_dirs/yellowblock/revise/emcad_yellowblock_revise_v2_pretrain/ckpt/best_mIoU_iter_6500.pth
[2026-04-20 10:17:46,869] iter=6550/10000 lr=7.66667e-05 loss=0.028166
[2026-04-20 10:17:53,180] iter=6600/10000 lr=7.55556e-05 loss=0.076450
[2026-04-20 10:17:58,307] iter=6650/10000 lr=7.44444e-05 loss=0.048377
[2026-04-20 10:18:03,944] iter=6700/10000 lr=7.33333e-05 loss=0.033006
[2026-04-20 10:18:09,402] iter=6750/10000 lr=7.22222e-05 loss=0.038905
[2026-04-20 10:18:14,990] iter=6800/10000 lr=7.11111e-05 loss=0.033002
[2026-04-20 10:18:18,890] iter=6850/10000 lr=7e-05 loss=0.154156
[2026-04-20 10:18:24,046] iter=6900/10000 lr=6.88889e-05 loss=0.032224
[2026-04-20 10:18:30,092] iter=6950/10000 lr=6.77778e-05 loss=0.037198
[2026-04-20 10:18:35,649] iter=7000/10000 lr=6.66667e-05 loss=0.061149
[2026-04-20 10:18:39,857] [VAL] iter=7000 aAcc=98.4133 mIoU=96.1182 mDice=98.0129 mFscore=98.0129 mPrecision=97.8472 mRecall=98.1821
[2026-04-20 10:18:45,823] iter=7050/10000 lr=6.55556e-05 loss=0.041113
[2026-04-20 10:18:52,190] iter=7100/10000 lr=6.44444e-05 loss=0.047484
[2026-04-20 10:18:57,925] iter=7150/10000 lr=6.33333e-05 loss=0.025926
[2026-04-20 10:19:03,519] iter=7200/10000 lr=6.22222e-05 loss=0.071552
[2026-04-20 10:19:08,856] iter=7250/10000 lr=6.11111e-05 loss=0.037989
[2026-04-20 10:19:15,137] iter=7300/10000 lr=6e-05 loss=0.036301
[2026-04-20 10:19:19,972] iter=7350/10000 lr=5.88889e-05 loss=0.027513
[2026-04-20 10:19:25,723] iter=7400/10000 lr=5.77778e-05 loss=0.050399
[2026-04-20 10:19:32,004] iter=7450/10000 lr=5.66667e-05 loss=0.027049
[2026-04-20 10:19:36,490] iter=7500/10000 lr=5.55556e-05 loss=0.021371
[2026-04-20 10:19:40,372] [VAL] iter=7500 aAcc=98.6822 mIoU=96.7567 mDice=98.3462 mFscore=98.3462 mPrecision=98.2811 mRecall=98.4118
[2026-04-20 10:19:41,792] [BEST] iter=7500 mIoU=96.7567 saved=/root/autodl-tmp/tactile_topo_seg/work_dirs/yellowblock/revise/emcad_yellowblock_revise_v2_pretrain/ckpt/best_mIoU_iter_7500.pth
[2026-04-20 10:19:47,664] iter=7550/10000 lr=5.44444e-05 loss=0.051690
[2026-04-20 10:19:53,200] iter=7600/10000 lr=5.33333e-05 loss=0.030221
[2026-04-20 10:19:59,183] iter=7650/10000 lr=5.22222e-05 loss=0.067410
[2026-04-20 10:20:04,126] iter=7700/10000 lr=5.11111e-05 loss=0.028202
[2026-04-20 10:20:08,551] iter=7750/10000 lr=5e-05 loss=0.061878
[2026-04-20 10:20:13,313] iter=7800/10000 lr=4.88889e-05 loss=0.027320
[2026-04-20 10:20:18,983] iter=7850/10000 lr=4.77778e-05 loss=0.042710
[2026-04-20 10:20:23,973] iter=7900/10000 lr=4.66667e-05 loss=0.028277
[2026-04-20 10:20:28,215] iter=7950/10000 lr=4.55556e-05 loss=0.034889
[2026-04-20 10:20:34,066] iter=8000/10000 lr=4.44444e-05 loss=0.031818
[2026-04-20 10:20:37,884] [VAL] iter=8000 aAcc=98.4797 mIoU=96.2738 mDice=98.0943 mFscore=98.0943 mPrecision=97.9721 mRecall=98.2184
[2026-04-20 10:20:43,201] iter=8050/10000 lr=4.33333e-05 loss=0.043943
[2026-04-20 10:20:48,470] iter=8100/10000 lr=4.22222e-05 loss=0.064713
[2026-04-20 10:20:54,357] iter=8150/10000 lr=4.11111e-05 loss=0.040776
[2026-04-20 10:20:59,766] iter=8200/10000 lr=4e-05 loss=0.046800
[2026-04-20 10:21:05,284] iter=8250/10000 lr=3.88889e-05 loss=0.041738
[2026-04-20 10:21:11,104] iter=8300/10000 lr=3.77778e-05 loss=0.047859
[2026-04-20 10:21:16,186] iter=8350/10000 lr=3.66667e-05 loss=0.044058
[2026-04-20 10:21:21,761] iter=8400/10000 lr=3.55556e-05 loss=0.036963
[2026-04-20 10:21:27,769] iter=8450/10000 lr=3.44444e-05 loss=0.030152
[2026-04-20 10:21:33,589] iter=8500/10000 lr=3.33333e-05 loss=0.035573
[2026-04-20 10:21:37,686] [VAL] iter=8500 aAcc=98.5602 mIoU=96.4639 mDice=98.1936 mFscore=98.1936 mPrecision=98.1113 mRecall=98.2768
[2026-04-20 10:21:43,739] iter=8550/10000 lr=3.22222e-05 loss=0.105803
[2026-04-20 10:21:49,382] iter=8600/10000 lr=3.11111e-05 loss=0.047515
[2026-04-20 10:21:54,778] iter=8650/10000 lr=3e-05 loss=0.043541
[2026-04-20 10:22:01,387] iter=8700/10000 lr=2.88889e-05 loss=0.037350
[2026-04-20 10:22:07,275] iter=8750/10000 lr=2.77778e-05 loss=0.062651
[2026-04-20 10:22:13,221] iter=8800/10000 lr=2.66667e-05 loss=0.029985
[2026-04-20 10:22:19,162] iter=8850/10000 lr=2.55556e-05 loss=0.033036
[2026-04-20 10:22:24,431] iter=8900/10000 lr=2.44444e-05 loss=0.025131
[2026-04-20 10:22:28,769] iter=8950/10000 lr=2.33333e-05 loss=0.039879
[2026-04-20 10:22:34,540] iter=9000/10000 lr=2.22222e-05 loss=0.034231
[2026-04-20 10:22:39,237] [VAL] iter=9000 aAcc=98.7091 mIoU=96.8221 mDice=98.3801 mFscore=98.3801 mPrecision=98.3087 mRecall=98.4523
[2026-04-20 10:22:40,780] [BEST] iter=9000 mIoU=96.8221 saved=/root/autodl-tmp/tactile_topo_seg/work_dirs/yellowblock/revise/emcad_yellowblock_revise_v2_pretrain/ckpt/best_mIoU_iter_9000.pth
[2026-04-20 10:22:46,441] iter=9050/10000 lr=2.11111e-05 loss=0.039468
[2026-04-20 10:22:51,993] iter=9100/10000 lr=2e-05 loss=0.031594
[2026-04-20 10:22:57,696] iter=9150/10000 lr=1.88889e-05 loss=0.027650
[2026-04-20 10:23:03,942] iter=9200/10000 lr=1.77778e-05 loss=0.033250
[2026-04-20 10:23:09,740] iter=9250/10000 lr=1.66667e-05 loss=0.026576
[2026-04-20 10:23:14,520] iter=9300/10000 lr=1.55556e-05 loss=0.027632
[2026-04-20 10:23:20,806] iter=9350/10000 lr=1.44444e-05 loss=0.034457
[2026-04-20 10:23:26,333] iter=9400/10000 lr=1.33333e-05 loss=0.033044
[2026-04-20 10:23:32,223] iter=9450/10000 lr=1.22222e-05 loss=0.027032
[2026-04-20 10:23:37,206] iter=9500/10000 lr=1.11111e-05 loss=0.022011
[2026-04-20 10:23:41,079] [VAL] iter=9500 aAcc=98.6084 mIoU=96.5750 mDice=98.2515 mFscore=98.2515 mPrecision=98.2401 mRecall=98.2629
[2026-04-20 10:23:46,307] iter=9550/10000 lr=1e-05 loss=0.038178
[2026-04-20 10:23:51,148] iter=9600/10000 lr=8.88889e-06 loss=0.025889
[2026-04-20 10:23:56,966] iter=9650/10000 lr=7.77778e-06 loss=0.044783
[2026-04-20 10:24:03,272] iter=9700/10000 lr=6.66667e-06 loss=0.021718
[2026-04-20 10:24:09,129] iter=9750/10000 lr=5.55556e-06 loss=0.027546
[2026-04-20 10:24:15,043] iter=9800/10000 lr=4.44444e-06 loss=0.032965
[2026-04-20 10:24:20,875] iter=9850/10000 lr=3.33333e-06 loss=0.052974
[2026-04-20 10:24:27,020] iter=9900/10000 lr=2.22222e-06 loss=0.039276
[2026-04-20 10:24:32,924] iter=9950/10000 lr=1.11111e-06 loss=0.021532
[2026-04-20 10:24:38,717] iter=10000/10000 lr=0 loss=0.027194
[2026-04-20 10:24:42,552] [VAL] iter=10000 aAcc=98.5800 mIoU=96.5132 mDice=98.2193 mFscore=98.2193 mPrecision=98.1162 mRecall=98.3239
[2026-04-20 10:25:12,768] [DONE] summary=/root/autodl-tmp/tactile_topo_seg/work_dirs/yellowblock/revise/emcad_yellowblock_revise_v2_pretrain/metrics/final_summary.json
