[2026-04-20 10:34:26,215] [CALIBRATION] normalize=True val_keep_original_size=False train_size=(512, 512)
[2026-04-20 10:34:48,177] iter=50/10000 lr=5.0001e-06 loss=0.740068
[2026-04-20 10:35:01,470] iter=100/10000 lr=1.00001e-05 loss=0.635943
[2026-04-20 10:35:14,773] iter=150/10000 lr=1.50001e-05 loss=0.523278
[2026-04-20 10:35:28,101] iter=200/10000 lr=2.00001e-05 loss=0.183427
[2026-04-20 10:35:41,426] iter=250/10000 lr=2.50001e-05 loss=0.178891
[2026-04-20 10:35:55,800] iter=300/10000 lr=3.00001e-05 loss=0.644816
[2026-04-20 10:36:09,128] iter=350/10000 lr=3.50001e-05 loss=0.145477
[2026-04-20 10:36:22,449] iter=400/10000 lr=4.00001e-05 loss=0.135404
[2026-04-20 10:36:35,832] iter=450/10000 lr=4.50001e-05 loss=0.159038
[2026-04-20 10:36:49,149] iter=500/10000 lr=5e-05 loss=0.103738
[2026-04-20 10:36:54,871] [VAL] iter=500 aAcc=95.9179 mIoU=90.3828 mDice=94.8991 mFscore=94.8991 mPrecision=94.6495 mRecall=95.1576
[2026-04-20 10:36:57,193] [BEST] iter=500 mIoU=90.3828 saved=/root/autodl-tmp/tactile_topo_seg/work_dirs/yellowblock/revise/vmunet_yellowblock_revise_v2_pretrain/ckpt/best_mIoU_iter_500.pth
[2026-04-20 10:37:11,805] iter=550/10000 lr=5.5e-05 loss=0.091568
[2026-04-20 10:37:25,155] iter=600/10000 lr=6e-05 loss=0.091009
[2026-04-20 10:37:38,508] iter=650/10000 lr=6.5e-05 loss=0.121158
[2026-04-20 10:37:51,856] iter=700/10000 lr=7e-05 loss=0.071802
[2026-04-20 10:38:05,201] iter=750/10000 lr=7.5e-05 loss=0.134386
[2026-04-20 10:38:19,812] iter=800/10000 lr=8e-05 loss=0.300311
[2026-04-20 10:38:33,160] iter=850/10000 lr=8.5e-05 loss=0.194709
[2026-04-20 10:38:46,526] iter=900/10000 lr=9e-05 loss=0.136468
[2026-04-20 10:38:59,923] iter=950/10000 lr=9.5e-05 loss=0.084601
[2026-04-20 10:39:13,300] iter=1000/10000 lr=0.0001 loss=0.127693
[2026-04-20 10:39:19,191] [VAL] iter=1000 aAcc=96.4694 mIoU=91.7611 mDice=95.6704 mFscore=95.6704 mPrecision=94.6747 mRecall=96.8348
[2026-04-20 10:39:21,643] [BEST] iter=1000 mIoU=91.7611 saved=/root/autodl-tmp/tactile_topo_seg/work_dirs/yellowblock/revise/vmunet_yellowblock_revise_v2_pretrain/ckpt/best_mIoU_iter_1000.pth
[2026-04-20 10:39:36,099] iter=1050/10000 lr=9.94444e-05 loss=0.086169
[2026-04-20 10:39:49,445] iter=1100/10000 lr=9.88889e-05 loss=0.189600
[2026-04-20 10:40:02,872] iter=1150/10000 lr=9.83333e-05 loss=0.053624
[2026-04-20 10:40:16,221] iter=1200/10000 lr=9.77778e-05 loss=0.098693
[2026-04-20 10:40:29,584] iter=1250/10000 lr=9.72222e-05 loss=0.064438
[2026-04-20 10:40:44,108] iter=1300/10000 lr=9.66667e-05 loss=0.178541
[2026-04-20 10:40:57,453] iter=1350/10000 lr=9.61111e-05 loss=0.066819
[2026-04-20 10:41:10,815] iter=1400/10000 lr=9.55556e-05 loss=0.126538
[2026-04-20 10:41:24,178] iter=1450/10000 lr=9.5e-05 loss=0.252833
[2026-04-20 10:41:37,540] iter=1500/10000 lr=9.44444e-05 loss=0.060090
[2026-04-20 10:41:43,475] [VAL] iter=1500 aAcc=97.5187 mIoU=94.0163 mDice=96.8972 mFscore=96.8972 mPrecision=96.6691 mRecall=97.1322
[2026-04-20 10:41:46,127] [BEST] iter=1500 mIoU=94.0163 saved=/root/autodl-tmp/tactile_topo_seg/work_dirs/yellowblock/revise/vmunet_yellowblock_revise_v2_pretrain/ckpt/best_mIoU_iter_1500.pth
[2026-04-20 10:41:59,487] iter=1550/10000 lr=9.38889e-05 loss=0.100622
[2026-04-20 10:42:14,086] iter=1600/10000 lr=9.33333e-05 loss=0.081516
[2026-04-20 10:42:27,467] iter=1650/10000 lr=9.27778e-05 loss=0.035436
[2026-04-20 10:42:40,822] iter=1700/10000 lr=9.22222e-05 loss=0.047140
[2026-04-20 10:42:54,203] iter=1750/10000 lr=9.16667e-05 loss=0.102099
[2026-04-20 10:43:07,547] iter=1800/10000 lr=9.11111e-05 loss=0.043000
[2026-04-20 10:43:22,164] iter=1850/10000 lr=9.05556e-05 loss=0.065318
[2026-04-20 10:43:35,493] iter=1900/10000 lr=9e-05 loss=0.070004
[2026-04-20 10:43:48,854] iter=1950/10000 lr=8.94444e-05 loss=0.070964
[2026-04-20 10:44:02,209] iter=2000/10000 lr=8.88889e-05 loss=0.055848
[2026-04-20 10:44:07,993] [VAL] iter=2000 aAcc=97.8803 mIoU=94.8931 mDice=97.3664 mFscore=97.3664 mPrecision=96.8508 mRecall=97.9196
[2026-04-20 10:44:10,485] [BEST] iter=2000 mIoU=94.8931 saved=/root/autodl-tmp/tactile_topo_seg/work_dirs/yellowblock/revise/vmunet_yellowblock_revise_v2_pretrain/ckpt/best_mIoU_iter_2000.pth
[2026-04-20 10:44:23,841] iter=2050/10000 lr=8.83333e-05 loss=0.100111
[2026-04-20 10:44:38,381] iter=2100/10000 lr=8.77778e-05 loss=0.228333
[2026-04-20 10:44:51,718] iter=2150/10000 lr=8.72222e-05 loss=0.078468
[2026-04-20 10:45:05,067] iter=2200/10000 lr=8.66667e-05 loss=0.033866
[2026-04-20 10:45:18,451] iter=2250/10000 lr=8.61111e-05 loss=0.032725
[2026-04-20 10:45:31,793] iter=2300/10000 lr=8.55556e-05 loss=0.045822
[2026-04-20 10:45:46,431] iter=2350/10000 lr=8.5e-05 loss=0.105937
[2026-04-20 10:45:59,766] iter=2400/10000 lr=8.44444e-05 loss=0.038896
[2026-04-20 10:46:13,153] iter=2450/10000 lr=8.38889e-05 loss=0.095125
[2026-04-20 10:46:26,529] iter=2500/10000 lr=8.33333e-05 loss=0.077045
[2026-04-20 10:46:32,287] [VAL] iter=2500 aAcc=97.1181 mIoU=93.1532 mDice=96.4316 mFscore=96.4316 mPrecision=95.7882 mRecall=97.1373
[2026-04-20 10:46:46,467] iter=2550/10000 lr=8.27778e-05 loss=0.129027
[2026-04-20 10:47:01,003] iter=2600/10000 lr=8.22222e-05 loss=0.028830
[2026-04-20 10:47:14,355] iter=2650/10000 lr=8.16667e-05 loss=0.039377
[2026-04-20 10:47:27,709] iter=2700/10000 lr=8.11111e-05 loss=0.043993
[2026-04-20 10:47:41,071] iter=2750/10000 lr=8.05556e-05 loss=0.098506
[2026-04-20 10:47:54,417] iter=2800/10000 lr=8e-05 loss=0.033259
[2026-04-20 10:48:08,971] iter=2850/10000 lr=7.94444e-05 loss=0.026901
[2026-04-20 10:48:22,325] iter=2900/10000 lr=7.88889e-05 loss=0.032867
[2026-04-20 10:48:35,653] iter=2950/10000 lr=7.83333e-05 loss=0.034115
[2026-04-20 10:48:49,080] iter=3000/10000 lr=7.77778e-05 loss=0.037338
[2026-04-20 10:48:54,888] [VAL] iter=3000 aAcc=97.9930 mIoU=95.0635 mDice=97.4560 mFscore=97.4560 mPrecision=97.8807 mRecall=97.0524
[2026-04-20 10:48:57,424] [BEST] iter=3000 mIoU=95.0635 saved=/root/autodl-tmp/tactile_topo_seg/work_dirs/yellowblock/revise/vmunet_yellowblock_revise_v2_pretrain/ckpt/best_mIoU_iter_3000.pth
[2026-04-20 10:49:10,831] iter=3050/10000 lr=7.72222e-05 loss=0.032069
[2026-04-20 10:49:24,209] iter=3100/10000 lr=7.66667e-05 loss=0.042051
[2026-04-20 10:49:38,705] iter=3150/10000 lr=7.61111e-05 loss=0.048157
[2026-04-20 10:49:52,083] iter=3200/10000 lr=7.55556e-05 loss=0.053107
[2026-04-20 10:50:05,451] iter=3250/10000 lr=7.5e-05 loss=0.052858
[2026-04-20 10:50:18,813] iter=3300/10000 lr=7.44444e-05 loss=0.137334
[2026-04-20 10:50:32,177] iter=3350/10000 lr=7.38889e-05 loss=0.069570
[2026-04-20 10:50:46,766] iter=3400/10000 lr=7.33333e-05 loss=0.024369
[2026-04-20 10:51:00,144] iter=3450/10000 lr=7.27778e-05 loss=0.033073
[2026-04-20 10:51:13,502] iter=3500/10000 lr=7.22222e-05 loss=0.026008
[2026-04-20 10:51:19,121] [VAL] iter=3500 aAcc=98.3154 mIoU=95.8643 mDice=97.8795 mFscore=97.8795 mPrecision=97.9581 mRecall=97.8016
[2026-04-20 10:51:21,624] [BEST] iter=3500 mIoU=95.8643 saved=/root/autodl-tmp/tactile_topo_seg/work_dirs/yellowblock/revise/vmunet_yellowblock_revise_v2_pretrain/ckpt/best_mIoU_iter_3500.pth
[2026-04-20 10:51:35,009] iter=3550/10000 lr=7.16667e-05 loss=0.028913
[2026-04-20 10:51:48,374] iter=3600/10000 lr=7.11111e-05 loss=0.040027
[2026-04-20 10:52:02,885] iter=3650/10000 lr=7.05556e-05 loss=0.182691
[2026-04-20 10:52:16,229] iter=3700/10000 lr=7e-05 loss=0.046891
[2026-04-20 10:52:29,628] iter=3750/10000 lr=6.94444e-05 loss=0.037525
[2026-04-20 10:52:43,109] iter=3800/10000 lr=6.88889e-05 loss=0.075493
[2026-04-20 10:52:56,675] iter=3850/10000 lr=6.83333e-05 loss=0.235153
[2026-04-20 10:53:11,423] iter=3900/10000 lr=6.77778e-05 loss=0.023705
[2026-04-20 10:53:24,965] iter=3950/10000 lr=6.72222e-05 loss=0.037866
[2026-04-20 10:53:38,341] iter=4000/10000 lr=6.66667e-05 loss=0.585116
[2026-04-20 10:53:45,083] [VAL] iter=4000 aAcc=97.9184 mIoU=94.9149 mDice=97.3773 mFscore=97.3773 mPrecision=97.5007 mRecall=97.2558
[2026-04-20 10:53:59,210] iter=4050/10000 lr=6.61111e-05 loss=0.044568
[2026-04-20 10:54:12,589] iter=4100/10000 lr=6.55556e-05 loss=0.026555
[2026-04-20 10:54:27,226] iter=4150/10000 lr=6.5e-05 loss=0.035072
[2026-04-20 10:54:40,634] iter=4200/10000 lr=6.44444e-05 loss=0.042308
[2026-04-20 10:54:54,011] iter=4250/10000 lr=6.38889e-05 loss=0.025279
[2026-04-20 10:55:07,380] iter=4300/10000 lr=6.33333e-05 loss=0.036186
[2026-04-20 10:55:20,736] iter=4350/10000 lr=6.27778e-05 loss=0.027055
[2026-04-20 10:55:34,118] iter=4400/10000 lr=6.22222e-05 loss=0.043166
[2026-04-20 10:55:48,647] iter=4450/10000 lr=6.16667e-05 loss=0.038303
[2026-04-20 10:56:02,008] iter=4500/10000 lr=6.11111e-05 loss=0.041411
[2026-04-20 10:56:07,748] [VAL] iter=4500 aAcc=98.2214 mIoU=95.6622 mDice=97.7732 mFscore=97.7732 mPrecision=97.5950 mRecall=97.9556
[2026-04-20 10:56:21,792] iter=4550/10000 lr=6.05556e-05 loss=0.054121
[2026-04-20 10:56:35,154] iter=4600/10000 lr=6e-05 loss=0.016628
[2026-04-20 10:56:48,490] iter=4650/10000 lr=5.94444e-05 loss=0.040957
[2026-04-20 10:57:03,211] iter=4700/10000 lr=5.88889e-05 loss=0.048008
[2026-04-20 10:57:16,559] iter=4750/10000 lr=5.83333e-05 loss=0.018736
[2026-04-20 10:57:29,906] iter=4800/10000 lr=5.77778e-05 loss=0.070735
[2026-04-20 10:57:43,255] iter=4850/10000 lr=5.72222e-05 loss=0.024980
[2026-04-20 10:57:56,621] iter=4900/10000 lr=5.66667e-05 loss=0.012405
[2026-04-20 10:58:11,224] iter=4950/10000 lr=5.61111e-05 loss=0.017586
[2026-04-20 10:58:24,618] iter=5000/10000 lr=5.55556e-05 loss=0.035893
[2026-04-20 10:58:30,324] [VAL] iter=5000 aAcc=98.4131 mIoU=96.1150 mDice=98.0112 mFscore=98.0112 mPrecision=97.8803 mRecall=98.1443
[2026-04-20 10:58:32,659] [BEST] iter=5000 mIoU=96.1150 saved=/root/autodl-tmp/tactile_topo_seg/work_dirs/yellowblock/revise/vmunet_yellowblock_revise_v2_pretrain/ckpt/best_mIoU_iter_5000.pth
[2026-04-20 10:58:45,999] iter=5050/10000 lr=5.5e-05 loss=0.028959
[2026-04-20 10:58:59,346] iter=5100/10000 lr=5.44444e-05 loss=0.031127
[2026-04-20 10:59:12,709] iter=5150/10000 lr=5.38889e-05 loss=0.031742
[2026-04-20 10:59:27,201] iter=5200/10000 lr=5.33333e-05 loss=0.034105
[2026-04-20 10:59:40,552] iter=5250/10000 lr=5.27778e-05 loss=0.033745
[2026-04-20 10:59:53,919] iter=5300/10000 lr=5.22222e-05 loss=0.055104
[2026-04-20 11:00:07,247] iter=5350/10000 lr=5.16667e-05 loss=0.050061
[2026-04-20 11:00:20,620] iter=5400/10000 lr=5.11111e-05 loss=0.041874
[2026-04-20 11:00:35,165] iter=5450/10000 lr=5.05556e-05 loss=0.027900
[2026-04-20 11:00:48,508] iter=5500/10000 lr=5e-05 loss=0.060293
[2026-04-20 11:00:54,208] [VAL] iter=5500 aAcc=98.3690 mIoU=96.0111 mDice=97.9567 mFscore=97.9567 mPrecision=97.8080 mRecall=98.1083
[2026-04-20 11:01:08,286] iter=5550/10000 lr=4.94444e-05 loss=0.029486
[2026-04-20 11:01:21,633] iter=5600/10000 lr=4.88889e-05 loss=0.029332
[2026-04-20 11:01:35,011] iter=5650/10000 lr=4.83333e-05 loss=0.024377
[2026-04-20 11:01:49,434] iter=5700/10000 lr=4.77778e-05 loss=0.022586
[2026-04-20 11:02:02,788] iter=5750/10000 lr=4.72222e-05 loss=0.014977
[2026-04-20 11:02:16,127] iter=5800/10000 lr=4.66667e-05 loss=0.037512
[2026-04-20 11:02:29,484] iter=5850/10000 lr=4.61111e-05 loss=0.044823
[2026-04-20 11:02:42,829] iter=5900/10000 lr=4.55556e-05 loss=0.036507
[2026-04-20 11:02:56,168] iter=5950/10000 lr=4.5e-05 loss=0.022461
[2026-04-20 11:03:10,653] iter=6000/10000 lr=4.44444e-05 loss=0.026777
[2026-04-20 11:03:16,535] [VAL] iter=6000 aAcc=98.5132 mIoU=96.3501 mDice=98.1342 mFscore=98.1342 mPrecision=98.0643 mRecall=98.2047
[2026-04-20 11:03:19,062] [BEST] iter=6000 mIoU=96.3501 saved=/root/autodl-tmp/tactile_topo_seg/work_dirs/yellowblock/revise/vmunet_yellowblock_revise_v2_pretrain/ckpt/best_mIoU_iter_6000.pth
[2026-04-20 11:03:32,424] iter=6050/10000 lr=4.38889e-05 loss=0.066422
[2026-04-20 11:03:45,793] iter=6100/10000 lr=4.33333e-05 loss=0.024977
[2026-04-20 11:03:59,151] iter=6150/10000 lr=4.27778e-05 loss=0.024997
[2026-04-20 11:04:12,521] iter=6200/10000 lr=4.22222e-05 loss=0.062387
[2026-04-20 11:04:27,031] iter=6250/10000 lr=4.16667e-05 loss=0.020205
[2026-04-20 11:04:40,388] iter=6300/10000 lr=4.11111e-05 loss=0.043592
[2026-04-20 11:04:53,742] iter=6350/10000 lr=4.05556e-05 loss=0.024340
[2026-04-20 11:05:07,106] iter=6400/10000 lr=4e-05 loss=0.020970
[2026-04-20 11:05:20,503] iter=6450/10000 lr=3.94444e-05 loss=0.041208
[2026-04-20 11:05:35,093] iter=6500/10000 lr=3.88889e-05 loss=0.022951
[2026-04-20 11:05:41,028] [VAL] iter=6500 aAcc=98.4868 mIoU=96.3039 mDice=98.1102 mFscore=98.1102 mPrecision=97.8190 mRecall=98.4126
[2026-04-20 11:05:55,246] iter=6550/10000 lr=3.83333e-05 loss=0.016651
[2026-04-20 11:06:08,581] iter=6600/10000 lr=3.77778e-05 loss=0.027420
[2026-04-20 11:06:21,920] iter=6650/10000 lr=3.72222e-05 loss=0.025365
[2026-04-20 11:06:35,282] iter=6700/10000 lr=3.66667e-05 loss=0.026610
[2026-04-20 11:06:49,900] iter=6750/10000 lr=3.61111e-05 loss=0.032955
[2026-04-20 11:07:03,230] iter=6800/10000 lr=3.55556e-05 loss=0.016840
[2026-04-20 11:07:16,584] iter=6850/10000 lr=3.5e-05 loss=0.040679
[2026-04-20 11:07:29,934] iter=6900/10000 lr=3.44444e-05 loss=0.025629
[2026-04-20 11:07:43,327] iter=6950/10000 lr=3.38889e-05 loss=0.014573
[2026-04-20 11:07:57,882] iter=7000/10000 lr=3.33333e-05 loss=0.024006
[2026-04-20 11:08:03,495] [VAL] iter=7000 aAcc=98.5496 mIoU=96.4382 mDice=98.1802 mFscore=98.1802 mPrecision=98.1022 mRecall=98.2590
[2026-04-20 11:08:05,989] [BEST] iter=7000 mIoU=96.4382 saved=/root/autodl-tmp/tactile_topo_seg/work_dirs/yellowblock/revise/vmunet_yellowblock_revise_v2_pretrain/ckpt/best_mIoU_iter_7000.pth
[2026-04-20 11:08:19,334] iter=7050/10000 lr=3.27778e-05 loss=0.020021
[2026-04-20 11:08:32,665] iter=7100/10000 lr=3.22222e-05 loss=0.024324
[2026-04-20 11:08:46,017] iter=7150/10000 lr=3.16667e-05 loss=0.026302
[2026-04-20 11:08:59,384] iter=7200/10000 lr=3.11111e-05 loss=0.028660
[2026-04-20 11:09:12,730] iter=7250/10000 lr=3.05556e-05 loss=0.028215
[2026-04-20 11:09:27,367] iter=7300/10000 lr=3e-05 loss=0.023425
[2026-04-20 11:09:40,743] iter=7350/10000 lr=2.94444e-05 loss=0.031854
[2026-04-20 11:09:54,101] iter=7400/10000 lr=2.88889e-05 loss=0.025347
[2026-04-20 11:10:07,473] iter=7450/10000 lr=2.83333e-05 loss=0.039463
[2026-04-20 11:10:20,789] iter=7500/10000 lr=2.77778e-05 loss=0.015582
[2026-04-20 11:10:26,418] [VAL] iter=7500 aAcc=98.6294 mIoU=96.6355 mDice=98.2831 mFscore=98.2831 mPrecision=98.1299 mRecall=98.4393
[2026-04-20 11:10:28,943] [BEST] iter=7500 mIoU=96.6355 saved=/root/autodl-tmp/tactile_topo_seg/work_dirs/yellowblock/revise/vmunet_yellowblock_revise_v2_pretrain/ckpt/best_mIoU_iter_7500.pth
[2026-04-20 11:10:43,570] iter=7550/10000 lr=2.72222e-05 loss=0.050579
[2026-04-20 11:10:56,961] iter=7600/10000 lr=2.66667e-05 loss=0.023797
[2026-04-20 11:11:10,303] iter=7650/10000 lr=2.61111e-05 loss=0.019294
[2026-04-20 11:11:23,664] iter=7700/10000 lr=2.55556e-05 loss=0.021493
[2026-04-20 11:11:37,008] iter=7750/10000 lr=2.5e-05 loss=0.012733
[2026-04-20 11:11:51,527] iter=7800/10000 lr=2.44444e-05 loss=0.033297
[2026-04-20 11:12:04,851] iter=7850/10000 lr=2.38889e-05 loss=0.052836
[2026-04-20 11:12:18,193] iter=7900/10000 lr=2.33333e-05 loss=0.032203
[2026-04-20 11:12:31,567] iter=7950/10000 lr=2.27778e-05 loss=0.029148
[2026-04-20 11:12:44,923] iter=8000/10000 lr=2.22222e-05 loss=0.044817
[2026-04-20 11:12:51,045] [VAL] iter=8000 aAcc=98.6548 mIoU=96.6869 mDice=98.3098 mFscore=98.3098 mPrecision=98.2985 mRecall=98.3212
[2026-04-20 11:12:53,727] [BEST] iter=8000 mIoU=96.6869 saved=/root/autodl-tmp/tactile_topo_seg/work_dirs/yellowblock/revise/vmunet_yellowblock_revise_v2_pretrain/ckpt/best_mIoU_iter_8000.pth
[2026-04-20 11:13:08,252] iter=8050/10000 lr=2.16667e-05 loss=0.047812
[2026-04-20 11:13:21,619] iter=8100/10000 lr=2.11111e-05 loss=0.027806
[2026-04-20 11:13:34,967] iter=8150/10000 lr=2.05556e-05 loss=0.028328
[2026-04-20 11:13:48,329] iter=8200/10000 lr=2e-05 loss=0.041773
[2026-04-20 11:14:01,696] iter=8250/10000 lr=1.94444e-05 loss=0.023806
[2026-04-20 11:14:16,339] iter=8300/10000 lr=1.88889e-05 loss=0.024693
[2026-04-20 11:14:29,686] iter=8350/10000 lr=1.83333e-05 loss=0.028242
[2026-04-20 11:14:43,042] iter=8400/10000 lr=1.77778e-05 loss=0.017503
[2026-04-20 11:14:56,394] iter=8450/10000 lr=1.72222e-05 loss=0.049066
[2026-04-20 11:15:09,751] iter=8500/10000 lr=1.66667e-05 loss=0.018468
[2026-04-20 11:15:15,510] [VAL] iter=8500 aAcc=98.6584 mIoU=96.7016 mDice=98.3175 mFscore=98.3175 mPrecision=98.2179 mRecall=98.4183
[2026-04-20 11:15:18,173] [BEST] iter=8500 mIoU=96.7016 saved=/root/autodl-tmp/tactile_topo_seg/work_dirs/yellowblock/revise/vmunet_yellowblock_revise_v2_pretrain/ckpt/best_mIoU_iter_8500.pth
[2026-04-20 11:15:32,701] iter=8550/10000 lr=1.61111e-05 loss=0.034277
[2026-04-20 11:15:46,054] iter=8600/10000 lr=1.55556e-05 loss=0.022416
[2026-04-20 11:15:59,395] iter=8650/10000 lr=1.5e-05 loss=0.020152
[2026-04-20 11:16:12,737] iter=8700/10000 lr=1.44444e-05 loss=0.032343
[2026-04-20 11:16:26,115] iter=8750/10000 lr=1.38889e-05 loss=0.024369
[2026-04-20 11:16:39,464] iter=8800/10000 lr=1.33333e-05 loss=0.022116
[2026-04-20 11:16:53,971] iter=8850/10000 lr=1.27778e-05 loss=0.034336
[2026-04-20 11:17:07,376] iter=8900/10000 lr=1.22222e-05 loss=0.014438
[2026-04-20 11:17:20,726] iter=8950/10000 lr=1.16667e-05 loss=0.030570
[2026-04-20 11:17:34,085] iter=9000/10000 lr=1.11111e-05 loss=0.024082
[2026-04-20 11:17:39,843] [VAL] iter=9000 aAcc=98.6814 mIoU=96.7554 mDice=98.3455 mFscore=98.3455 mPrecision=98.2712 mRecall=98.4204
[2026-04-20 11:17:42,289] [BEST] iter=9000 mIoU=96.7554 saved=/root/autodl-tmp/tactile_topo_seg/work_dirs/yellowblock/revise/vmunet_yellowblock_revise_v2_pretrain/ckpt/best_mIoU_iter_9000.pth
[2026-04-20 11:17:55,661] iter=9050/10000 lr=1.05556e-05 loss=0.026106
[2026-04-20 11:18:10,188] iter=9100/10000 lr=1e-05 loss=0.019543
[2026-04-20 11:18:23,572] iter=9150/10000 lr=9.44444e-06 loss=0.038755
[2026-04-20 11:18:36,935] iter=9200/10000 lr=8.88889e-06 loss=0.032095
[2026-04-20 11:18:50,284] iter=9250/10000 lr=8.33333e-06 loss=0.031426
[2026-04-20 11:19:03,670] iter=9300/10000 lr=7.77778e-06 loss=0.034277
[2026-04-20 11:19:18,129] iter=9350/10000 lr=7.22222e-06 loss=0.028782
[2026-04-20 11:19:31,486] iter=9400/10000 lr=6.66667e-06 loss=0.017646
[2026-04-20 11:19:44,923] iter=9450/10000 lr=6.11111e-06 loss=0.033656
[2026-04-20 11:19:58,295] iter=9500/10000 lr=5.55556e-06 loss=0.019730
[2026-04-20 11:20:04,059] [VAL] iter=9500 aAcc=98.6848 mIoU=96.7637 mDice=98.3498 mFscore=98.3498 mPrecision=98.2743 mRecall=98.4259
[2026-04-20 11:20:06,677] [BEST] iter=9500 mIoU=96.7637 saved=/root/autodl-tmp/tactile_topo_seg/work_dirs/yellowblock/revise/vmunet_yellowblock_revise_v2_pretrain/ckpt/best_mIoU_iter_9500.pth
[2026-04-20 11:20:20,045] iter=9550/10000 lr=5e-06 loss=0.022804
[2026-04-20 11:20:34,609] iter=9600/10000 lr=4.44444e-06 loss=0.019529
[2026-04-20 11:20:48,025] iter=9650/10000 lr=3.88889e-06 loss=0.015300
[2026-04-20 11:21:01,428] iter=9700/10000 lr=3.33333e-06 loss=0.027221
[2026-04-20 11:21:14,796] iter=9750/10000 lr=2.77778e-06 loss=0.020127
[2026-04-20 11:21:28,154] iter=9800/10000 lr=2.22222e-06 loss=0.021619
[2026-04-20 11:21:42,840] iter=9850/10000 lr=1.66667e-06 loss=0.024416
[2026-04-20 11:21:56,223] iter=9900/10000 lr=1.11111e-06 loss=0.026487
[2026-04-20 11:22:09,599] iter=9950/10000 lr=5.55556e-07 loss=0.017603
[2026-04-20 11:22:22,978] iter=10000/10000 lr=0 loss=0.029422
[2026-04-20 11:22:29,069] [VAL] iter=10000 aAcc=98.6861 mIoU=96.7666 mDice=98.3513 mFscore=98.3513 mPrecision=98.2760 mRecall=98.4274
[2026-04-20 11:22:31,934] [BEST] iter=10000 mIoU=96.7666 saved=/root/autodl-tmp/tactile_topo_seg/work_dirs/yellowblock/revise/vmunet_yellowblock_revise_v2_pretrain/ckpt/best_mIoU_iter_10000.pth
