04/01 14:24:23 - mmengine - INFO - 
------------------------------------------------------------
System environment:
    sys.platform: linux
    Python: 3.10.19 (main, Oct 21 2025, 16:43:05) [GCC 11.2.0]
    CUDA available: True
    MUSA available: False
    numpy_random_seed: 862080013
    GPU 0: NVIDIA GeForce RTX 4090
    CUDA_HOME: /usr/local/cuda
    NVCC: Cuda compilation tools, release 11.8, V11.8.89
    GCC: gcc (Ubuntu 11.3.0-1ubuntu1~22.04) 11.3.0
    PyTorch: 2.1.2+cu118
    PyTorch compiling details: PyTorch built with:
  - GCC 9.3
  - C++ Version: 201703
  - Intel(R) oneAPI Math Kernel Library Version 2022.2-Product Build 20220804 for Intel(R) 64 architecture applications
  - Intel(R) MKL-DNN v3.1.1 (Git Hash 64f6bcbcbab628e96f33a62c3e975f8535a7bde4)
  - OpenMP 201511 (a.k.a. OpenMP 4.5)
  - LAPACK is enabled (usually provided by MKL)
  - NNPACK is enabled
  - CPU capability usage: AVX512
  - CUDA Runtime 11.8
  - NVCC architecture flags: -gencode;arch=compute_50,code=sm_50;-gencode;arch=compute_60,code=sm_60;-gencode;arch=compute_70,code=sm_70;-gencode;arch=compute_75,code=sm_75;-gencode;arch=compute_80,code=sm_80;-gencode;arch=compute_86,code=sm_86;-gencode;arch=compute_37,code=sm_37;-gencode;arch=compute_90,code=sm_90
  - CuDNN 8.7
  - Magma 2.6.1
  - Build settings: BLAS_INFO=mkl, BUILD_TYPE=Release, CUDA_VERSION=11.8, CUDNN_VERSION=8.7.0, CXX_COMPILER=/opt/rh/devtoolset-9/root/usr/bin/c++, CXX_FLAGS= -D_GLIBCXX_USE_CXX11_ABI=0 -fabi-version=11 -fvisibility-inlines-hidden -DUSE_PTHREADPOOL -DNDEBUG -DUSE_KINETO -DLIBKINETO_NOROCTRACER -DUSE_FBGEMM -DUSE_QNNPACK -DUSE_PYTORCH_QNNPACK -DUSE_XNNPACK -DSYMBOLICATE_MOBILE_DEBUG_HANDLE -O2 -fPIC -Wall -Wextra -Werror=return-type -Werror=non-virtual-dtor -Werror=bool-operation -Wnarrowing -Wno-missing-field-initializers -Wno-type-limits -Wno-array-bounds -Wno-unknown-pragmas -Wno-unused-parameter -Wno-unused-function -Wno-unused-result -Wno-strict-overflow -Wno-strict-aliasing -Wno-stringop-overflow -Wno-psabi -Wno-error=pedantic -Wno-error=old-style-cast -Wno-invalid-partial-specialization -Wno-unused-private-field -Wno-aligned-allocation-unavailable -Wno-missing-braces -fdiagnostics-color=always -faligned-new -Wno-unused-but-set-variable -Wno-maybe-uninitialized -fno-math-errno -fno-trapping-math -Werror=format -Werror=cast-function-type -Wno-stringop-overflow, LAPACK_INFO=mkl, PERF_WITH_AVX=1, PERF_WITH_AVX2=1, PERF_WITH_AVX512=1, TORCH_DISABLE_GPU_ASSERTS=ON, TORCH_VERSION=2.1.2, USE_CUDA=ON, USE_CUDNN=ON, USE_EXCEPTION_PTR=1, USE_GFLAGS=OFF, USE_GLOG=OFF, USE_MKL=ON, USE_MKLDNN=ON, USE_MPI=OFF, USE_NCCL=1, USE_NNPACK=ON, USE_OPENMP=ON, USE_ROCM=OFF, 

    TorchVision: 0.16.2+cu118
    OpenCV: 4.13.0
    MMEngine: 0.10.7

Runtime environment:
    cudnn_benchmark: True
    mp_cfg: {'mp_start_method': 'fork', 'opencv_num_threads': 0}
    dist_cfg: {'backend': 'nccl'}
    seed: 862080013
    Distributed launcher: none
    Distributed training: False
    GPU number: 1
------------------------------------------------------------

04/01 14:24:24 - mmengine - INFO - Config:
checkpoint = 'https://download.openmmlab.com/mmsegmentation/v0.5/pretrain/segformer/mit_b2_20220624-66e8bf70.pth'
crop_size = (
    1024,
    1024,
)
custom_imports = dict(
    allow_failed_imports=False,
    imports=[
        'mmseg_ext.datasets',
        'mmseg_ext.transforms',
        'mmseg_ext.models',
        'mmseg_ext.models.tp_skeleton_head',
    ])
data_preprocessor = dict(
    bgr_to_rgb=True,
    mean=[
        123.675,
        116.28,
        103.53,
    ],
    pad_val=0,
    seg_pad_val=255,
    size=(
        1024,
        1024,
    ),
    std=[
        58.395,
        57.12,
        57.375,
    ],
    type='SegDataPreProcessor')
data_root = 'data/TP-Dataset'
dataset_type = 'TPDataset'
default_hooks = dict(
    checkpoint=dict(
        by_epoch=False,
        interval=500,
        max_keep_ckpts=20,
        out_dir='work_dirs/segformer_b2_tp_skel_stage2_4090_bs4_stable/ckpt',
        rule='greater',
        save_best='mIoU',
        save_last=True,
        type='CheckpointHook'),
    logger=dict(interval=20, log_metric_by_epoch=False, type='LoggerHook'),
    param_scheduler=dict(type='ParamSchedulerHook'),
    sampler_seed=dict(type='DistSamplerSeedHook'),
    timer=dict(type='IterTimerHook'),
    visualization=dict(type='SegVisualizationHook'))
default_scope = 'mmseg'
env_cfg = dict(
    cudnn_benchmark=True,
    dist_cfg=dict(backend='nccl'),
    mp_cfg=dict(mp_start_method='fork', opencv_num_threads=0))
img_ratios = [
    0.5,
    0.75,
    1.0,
    1.25,
    1.5,
    1.75,
]
launcher = 'none'
load_from = None
log_level = 'INFO'
log_processor = dict(by_epoch=False)
model = dict(
    auxiliary_head=dict(
        channels=64,
        in_channels=128,
        in_index=1,
        input_transform=None,
        loss_bce=dict(
            loss_weight=1.0, type='CrossEntropyLoss', use_sigmoid=True),
        loss_dice=dict(loss_weight=1.0, type='DiceLoss', use_sigmoid=True),
        type='TPSkeletonHead'),
    backbone=dict(
        attn_drop_rate=0.0,
        drop_path_rate=0.1,
        drop_rate=0.0,
        embed_dims=64,
        in_channels=3,
        init_cfg=dict(
            checkpoint=
            'https://download.openmmlab.com/mmsegmentation/v0.5/pretrain/segformer/mit_b2_20220624-66e8bf70.pth',
            type='Pretrained'),
        mlp_ratio=4,
        num_heads=[
            1,
            2,
            5,
            8,
        ],
        num_layers=[
            3,
            4,
            6,
            3,
        ],
        num_stages=4,
        out_indices=(
            0,
            1,
            2,
            3,
        ),
        patch_sizes=[
            7,
            3,
            3,
            3,
        ],
        qkv_bias=True,
        sr_ratios=[
            8,
            4,
            2,
            1,
        ],
        type='MixVisionTransformer'),
    data_preprocessor=dict(
        bgr_to_rgb=True,
        mean=[
            123.675,
            116.28,
            103.53,
        ],
        pad_val=0,
        seg_pad_val=255,
        size=(
            1024,
            1024,
        ),
        std=[
            58.395,
            57.12,
            57.375,
        ],
        type='SegDataPreProcessor'),
    decode_head=dict(
        align_corners=False,
        channels=256,
        dropout_ratio=0.1,
        in_channels=[
            64,
            128,
            320,
            512,
        ],
        in_index=[
            0,
            1,
            2,
            3,
        ],
        loss_decode=dict(
            loss_weight=1.0, type='CrossEntropyLoss', use_sigmoid=False),
        norm_cfg=dict(requires_grad=True, type='SyncBN'),
        num_classes=2,
        type='SegformerHead'),
    pretrained=None,
    test_cfg=dict(crop_size=(
        1024,
        1024,
    ), mode='slide', stride=(
        768,
        768,
    )),
    train_cfg=dict(),
    type='EncoderDecoder')
norm_cfg = dict(requires_grad=True, type='SyncBN')
optim_wrapper = dict(
    clip_grad=dict(max_norm=1.0, norm_type=2),
    loss_scale='dynamic',
    optimizer=dict(
        betas=(
            0.9,
            0.999,
        ), lr=8e-05, type='AdamW', weight_decay=0.01),
    paramwise_cfg=dict(
        custom_keys=dict(
            head=dict(lr_mult=10.0),
            norm=dict(decay_mult=0.0),
            pos_block=dict(decay_mult=0.0))),
    type='AmpOptimWrapper')
optimizer = dict(lr=0.01, momentum=0.9, type='SGD', weight_decay=0.0005)
param_scheduler = [
    dict(
        begin=0, by_epoch=False, end=500, start_factor=1e-06, type='LinearLR'),
    dict(
        begin=500,
        by_epoch=False,
        end=10000,
        eta_min=0.0,
        power=1.0,
        type='PolyLR'),
]
resume = False
test_cfg = dict(type='TestLoop')
test_dataloader = dict(
    batch_size=1,
    dataset=dict(
        ann_file='Index/val.txt',
        data_prefix=dict(img_path='JPEGImages', seg_map_path='GroundTruth'),
        data_root='data/TP-Dataset',
        pipeline=[
            dict(type='LoadImageFromFile'),
            dict(type='LoadAnnotations'),
            dict(mapping=dict({255: 1}), type='MapTPLabels'),
            dict(target_label=1, type='GenerateTPSkeleton'),
            dict(type='PackSegInputsWithSkeleton'),
        ],
        type='TPDataset'),
    num_workers=4,
    persistent_workers=True,
    sampler=dict(shuffle=False, type='DefaultSampler'))
test_evaluator = dict(
    iou_metrics=[
        'mIoU',
        'mDice',
        'mFscore',
    ], type='IoUMetric')
test_pipeline = [
    dict(type='LoadImageFromFile'),
    dict(type='LoadAnnotations'),
    dict(mapping=dict({255: 1}), type='MapTPLabels'),
    dict(target_label=1, type='GenerateTPSkeleton'),
    dict(type='PackSegInputsWithSkeleton'),
]
train_cfg = dict(max_iters=10000, type='IterBasedTrainLoop', val_interval=500)
train_dataloader = dict(
    batch_size=4,
    dataset=dict(
        ann_file='Index/train.txt',
        data_prefix=dict(img_path='JPEGImages', seg_map_path='GroundTruth'),
        data_root='data/TP-Dataset',
        pipeline=[
            dict(type='LoadImageFromFile'),
            dict(type='LoadAnnotations'),
            dict(mapping=dict({255: 1}), type='MapTPLabels'),
            dict(
                keep_ratio=True,
                ratio_range=(
                    0.5,
                    2.0,
                ),
                scale=(
                    1024,
                    1024,
                ),
                type='RandomResize'),
            dict(
                cat_max_ratio=0.75, crop_size=(
                    512,
                    512,
                ), type='RandomCrop'),
            dict(prob=0.5, type='RandomFlip'),
            dict(type='PhotoMetricDistortion'),
            dict(target_label=1, type='GenerateTPSkeleton'),
            dict(type='PackSegInputsWithSkeleton'),
        ],
        type='TPDataset'),
    num_workers=8,
    persistent_workers=True,
    sampler=dict(shuffle=True, type='InfiniteSampler'))
train_pipeline = [
    dict(type='LoadImageFromFile'),
    dict(type='LoadAnnotations'),
    dict(mapping=dict({255: 1}), type='MapTPLabels'),
    dict(
        keep_ratio=True,
        ratio_range=(
            0.5,
            2.0,
        ),
        scale=(
            1024,
            1024,
        ),
        type='RandomResize'),
    dict(cat_max_ratio=0.75, crop_size=(
        512,
        512,
    ), type='RandomCrop'),
    dict(prob=0.5, type='RandomFlip'),
    dict(type='PhotoMetricDistortion'),
    dict(target_label=1, type='GenerateTPSkeleton'),
    dict(type='PackSegInputsWithSkeleton'),
]
tta_model = dict(type='SegTTAModel')
tta_pipeline = [
    dict(backend_args=None, type='LoadImageFromFile'),
    dict(
        transforms=[
            [
                dict(keep_ratio=True, scale_factor=0.5, type='Resize'),
                dict(keep_ratio=True, scale_factor=0.75, type='Resize'),
                dict(keep_ratio=True, scale_factor=1.0, type='Resize'),
                dict(keep_ratio=True, scale_factor=1.25, type='Resize'),
                dict(keep_ratio=True, scale_factor=1.5, type='Resize'),
                dict(keep_ratio=True, scale_factor=1.75, type='Resize'),
            ],
            [
                dict(direction='horizontal', prob=0.0, type='RandomFlip'),
                dict(direction='horizontal', prob=1.0, type='RandomFlip'),
            ],
            [
                dict(type='LoadAnnotations'),
            ],
            [
                dict(type='PackSegInputs'),
            ],
        ],
        type='TestTimeAug'),
]
val_cfg = dict(type='ValLoop')
val_dataloader = dict(
    batch_size=1,
    dataset=dict(
        ann_file='Index/val.txt',
        data_prefix=dict(img_path='JPEGImages', seg_map_path='GroundTruth'),
        data_root='data/TP-Dataset',
        pipeline=[
            dict(type='LoadImageFromFile'),
            dict(type='LoadAnnotations'),
            dict(mapping=dict({255: 1}), type='MapTPLabels'),
            dict(target_label=1, type='GenerateTPSkeleton'),
            dict(type='PackSegInputsWithSkeleton'),
        ],
        type='TPDataset'),
    num_workers=4,
    persistent_workers=True,
    sampler=dict(shuffle=False, type='DefaultSampler'))
val_evaluator = dict(
    iou_metrics=[
        'mIoU',
        'mDice',
        'mFscore',
    ], type='IoUMetric')
val_pipeline = [
    dict(type='LoadImageFromFile'),
    dict(type='LoadAnnotations'),
    dict(mapping=dict({255: 1}), type='MapTPLabels'),
    dict(target_label=1, type='GenerateTPSkeleton'),
    dict(type='PackSegInputsWithSkeleton'),
]
vis_backends = [
    dict(type='LocalVisBackend'),
]
visualizer = dict(
    name='visualizer',
    type='SegLocalVisualizer',
    vis_backends=[
        dict(type='LocalVisBackend'),
    ])
work_dir = 'work_dirs/segformer_b2_tp_skel_stage2_4090_bs4_stable'

/root/autodl-tmp/tactile_topo_seg/third_party/mmsegmentation/mmseg/models/decode_heads/decode_head.py:120: UserWarning: For binary segmentation, we suggest using`out_channels = 1` to define the outputchannels of segmentor, and use `threshold`to convert `seg_logits` into a predictionapplying a threshold
  warnings.warn('For binary segmentation, we suggest using'
/root/autodl-tmp/tactile_topo_seg/third_party/mmsegmentation/mmseg/models/losses/cross_entropy_loss.py:250: UserWarning: Default ``avg_non_ignore`` is False, if you would like to ignore the certain label and average loss over non-ignore labels, which is the same with PyTorch official cross_entropy, set ``avg_non_ignore=True``.
  warnings.warn(
/root/autodl-tmp/tactile_topo_seg/third_party/mmsegmentation/mmseg/models/decode_heads/decode_head.py:136: UserWarning: threshold is not defined for binary, and defaultsto 0.3
  warnings.warn('threshold is not defined for binary, and defaults'
04/01 14:24:25 - mmengine - INFO - Distributed training is not used, all SyncBatchNorm (SyncBN) layers in the model will be automatically reverted to BatchNormXd layers if they are used.
/root/autodl-tmp/tactile_topo_seg/third_party/mmsegmentation/mmseg/engine/hooks/visualization_hook.py:60: UserWarning: The draw is False, it means that the hook for visualization will not take effect. The results will NOT be visualized or stored.
  warnings.warn('The draw is False, it means that the '
04/01 14:24:25 - mmengine - INFO - Hooks will be executed in the following order:
before_run:
(VERY_HIGH   ) RuntimeInfoHook                    
(BELOW_NORMAL) LoggerHook                         
 -------------------- 
before_train:
(VERY_HIGH   ) RuntimeInfoHook                    
(NORMAL      ) IterTimerHook                      
(VERY_LOW    ) CheckpointHook                     
 -------------------- 
before_train_epoch:
(VERY_HIGH   ) RuntimeInfoHook                    
(NORMAL      ) IterTimerHook                      
(NORMAL      ) DistSamplerSeedHook                
 -------------------- 
before_train_iter:
(VERY_HIGH   ) RuntimeInfoHook                    
(NORMAL      ) IterTimerHook                      
 -------------------- 
after_train_iter:
(VERY_HIGH   ) RuntimeInfoHook                    
(NORMAL      ) IterTimerHook                      
(BELOW_NORMAL) LoggerHook                         
(LOW         ) ParamSchedulerHook                 
(VERY_LOW    ) CheckpointHook                     
 -------------------- 
after_train_epoch:
(NORMAL      ) IterTimerHook                      
(LOW         ) ParamSchedulerHook                 
(VERY_LOW    ) CheckpointHook                     
 -------------------- 
before_val:
(VERY_HIGH   ) RuntimeInfoHook                    
 -------------------- 
before_val_epoch:
(NORMAL      ) IterTimerHook                      
 -------------------- 
before_val_iter:
(NORMAL      ) IterTimerHook                      
 -------------------- 
after_val_iter:
(NORMAL      ) IterTimerHook                      
(NORMAL      ) SegVisualizationHook               
(BELOW_NORMAL) LoggerHook                         
 -------------------- 
after_val_epoch:
(VERY_HIGH   ) RuntimeInfoHook                    
(NORMAL      ) IterTimerHook                      
(BELOW_NORMAL) LoggerHook                         
(LOW         ) ParamSchedulerHook                 
(VERY_LOW    ) CheckpointHook                     
 -------------------- 
after_val:
(VERY_HIGH   ) RuntimeInfoHook                    
 -------------------- 
after_train:
(VERY_HIGH   ) RuntimeInfoHook                    
(VERY_LOW    ) CheckpointHook                     
 -------------------- 
before_test:
(VERY_HIGH   ) RuntimeInfoHook                    
 -------------------- 
before_test_epoch:
(NORMAL      ) IterTimerHook                      
 -------------------- 
before_test_iter:
(NORMAL      ) IterTimerHook                      
 -------------------- 
after_test_iter:
(NORMAL      ) IterTimerHook                      
(NORMAL      ) SegVisualizationHook               
(BELOW_NORMAL) LoggerHook                         
 -------------------- 
after_test_epoch:
(VERY_HIGH   ) RuntimeInfoHook                    
(NORMAL      ) IterTimerHook                      
(BELOW_NORMAL) LoggerHook                         
 -------------------- 
after_test:
(VERY_HIGH   ) RuntimeInfoHook                    
 -------------------- 
after_run:
(BELOW_NORMAL) LoggerHook                         
 -------------------- 
04/01 14:24:26 - mmengine - INFO - paramwise_options -- backbone.layers.0.0.norm.weight:lr=8e-05
04/01 14:24:26 - mmengine - INFO - paramwise_options -- backbone.layers.0.0.norm.weight:weight_decay=0.0
04/01 14:24:26 - mmengine - INFO - paramwise_options -- backbone.layers.0.0.norm.weight:decay_mult=0.0
04/01 14:24:26 - mmengine - INFO - paramwise_options -- backbone.layers.0.0.norm.bias:lr=8e-05
04/01 14:24:26 - mmengine - INFO - paramwise_options -- backbone.layers.0.0.norm.bias:weight_decay=0.0
04/01 14:24:26 - mmengine - INFO - paramwise_options -- backbone.layers.0.0.norm.bias:decay_mult=0.0
04/01 14:24:26 - mmengine - INFO - paramwise_options -- backbone.layers.0.1.0.norm1.weight:lr=8e-05
04/01 14:24:26 - mmengine - INFO - paramwise_options -- backbone.layers.0.1.0.norm1.weight:weight_decay=0.0
04/01 14:24:26 - mmengine - INFO - paramwise_options -- backbone.layers.0.1.0.norm1.weight:decay_mult=0.0
04/01 14:24:26 - mmengine - INFO - paramwise_options -- backbone.layers.0.1.0.norm1.bias:lr=8e-05
04/01 14:24:26 - mmengine - INFO - paramwise_options -- backbone.layers.0.1.0.norm1.bias:weight_decay=0.0
04/01 14:24:26 - mmengine - INFO - paramwise_options -- backbone.layers.0.1.0.norm1.bias:decay_mult=0.0
04/01 14:24:26 - mmengine - INFO - paramwise_options -- backbone.layers.0.1.0.attn.norm.weight:lr=8e-05
04/01 14:24:26 - mmengine - INFO - paramwise_options -- backbone.layers.0.1.0.attn.norm.weight:weight_decay=0.0
04/01 14:24:26 - mmengine - INFO - paramwise_options -- backbone.layers.0.1.0.attn.norm.weight:decay_mult=0.0
04/01 14:24:26 - mmengine - INFO - paramwise_options -- backbone.layers.0.1.0.attn.norm.bias:lr=8e-05
04/01 14:24:26 - mmengine - INFO - paramwise_options -- backbone.layers.0.1.0.attn.norm.bias:weight_decay=0.0
04/01 14:24:26 - mmengine - INFO - paramwise_options -- backbone.layers.0.1.0.attn.norm.bias:decay_mult=0.0
04/01 14:24:26 - mmengine - INFO - paramwise_options -- backbone.layers.0.1.0.norm2.weight:lr=8e-05
04/01 14:24:26 - mmengine - INFO - paramwise_options -- backbone.layers.0.1.0.norm2.weight:weight_decay=0.0
04/01 14:24:26 - mmengine - INFO - paramwise_options -- backbone.layers.0.1.0.norm2.weight:decay_mult=0.0
04/01 14:24:26 - mmengine - INFO - paramwise_options -- backbone.layers.0.1.0.norm2.bias:lr=8e-05
04/01 14:24:26 - mmengine - INFO - paramwise_options -- backbone.layers.0.1.0.norm2.bias:weight_decay=0.0
04/01 14:24:26 - mmengine - INFO - paramwise_options -- backbone.layers.0.1.0.norm2.bias:decay_mult=0.0
04/01 14:24:26 - mmengine - INFO - paramwise_options -- backbone.layers.0.1.1.norm1.weight:lr=8e-05
04/01 14:24:26 - mmengine - INFO - paramwise_options -- backbone.layers.0.1.1.norm1.weight:weight_decay=0.0
04/01 14:24:26 - mmengine - INFO - paramwise_options -- backbone.layers.0.1.1.norm1.weight:decay_mult=0.0
04/01 14:24:26 - mmengine - INFO - paramwise_options -- backbone.layers.0.1.1.norm1.bias:lr=8e-05
04/01 14:24:26 - mmengine - INFO - paramwise_options -- backbone.layers.0.1.1.norm1.bias:weight_decay=0.0
04/01 14:24:26 - mmengine - INFO - paramwise_options -- backbone.layers.0.1.1.norm1.bias:decay_mult=0.0
04/01 14:24:26 - mmengine - INFO - paramwise_options -- backbone.layers.0.1.1.attn.norm.weight:lr=8e-05
04/01 14:24:26 - mmengine - INFO - paramwise_options -- backbone.layers.0.1.1.attn.norm.weight:weight_decay=0.0
04/01 14:24:26 - mmengine - INFO - paramwise_options -- backbone.layers.0.1.1.attn.norm.weight:decay_mult=0.0
04/01 14:24:26 - mmengine - INFO - paramwise_options -- backbone.layers.0.1.1.attn.norm.bias:lr=8e-05
04/01 14:24:26 - mmengine - INFO - paramwise_options -- backbone.layers.0.1.1.attn.norm.bias:weight_decay=0.0
04/01 14:24:26 - mmengine - INFO - paramwise_options -- backbone.layers.0.1.1.attn.norm.bias:decay_mult=0.0
04/01 14:24:26 - mmengine - INFO - paramwise_options -- backbone.layers.0.1.1.norm2.weight:lr=8e-05
04/01 14:24:26 - mmengine - INFO - paramwise_options -- backbone.layers.0.1.1.norm2.weight:weight_decay=0.0
04/01 14:24:26 - mmengine - INFO - paramwise_options -- backbone.layers.0.1.1.norm2.weight:decay_mult=0.0
04/01 14:24:26 - mmengine - INFO - paramwise_options -- backbone.layers.0.1.1.norm2.bias:lr=8e-05
04/01 14:24:26 - mmengine - INFO - paramwise_options -- backbone.layers.0.1.1.norm2.bias:weight_decay=0.0
04/01 14:24:26 - mmengine - INFO - paramwise_options -- backbone.layers.0.1.1.norm2.bias:decay_mult=0.0
04/01 14:24:26 - mmengine - INFO - paramwise_options -- backbone.layers.0.1.2.norm1.weight:lr=8e-05
04/01 14:24:26 - mmengine - INFO - paramwise_options -- backbone.layers.0.1.2.norm1.weight:weight_decay=0.0
04/01 14:24:26 - mmengine - INFO - paramwise_options -- backbone.layers.0.1.2.norm1.weight:decay_mult=0.0
04/01 14:24:26 - mmengine - INFO - paramwise_options -- backbone.layers.0.1.2.norm1.bias:lr=8e-05
04/01 14:24:26 - mmengine - INFO - paramwise_options -- backbone.layers.0.1.2.norm1.bias:weight_decay=0.0
04/01 14:24:26 - mmengine - INFO - paramwise_options -- backbone.layers.0.1.2.norm1.bias:decay_mult=0.0
04/01 14:24:26 - mmengine - INFO - paramwise_options -- backbone.layers.0.1.2.attn.norm.weight:lr=8e-05
04/01 14:24:26 - mmengine - INFO - paramwise_options -- backbone.layers.0.1.2.attn.norm.weight:weight_decay=0.0
04/01 14:24:26 - mmengine - INFO - paramwise_options -- backbone.layers.0.1.2.attn.norm.weight:decay_mult=0.0
04/01 14:24:26 - mmengine - INFO - paramwise_options -- backbone.layers.0.1.2.attn.norm.bias:lr=8e-05
04/01 14:24:26 - mmengine - INFO - paramwise_options -- backbone.layers.0.1.2.attn.norm.bias:weight_decay=0.0
04/01 14:24:26 - mmengine - INFO - paramwise_options -- backbone.layers.0.1.2.attn.norm.bias:decay_mult=0.0
04/01 14:24:26 - mmengine - INFO - paramwise_options -- backbone.layers.0.1.2.norm2.weight:lr=8e-05
04/01 14:24:26 - mmengine - INFO - paramwise_options -- backbone.layers.0.1.2.norm2.weight:weight_decay=0.0
04/01 14:24:26 - mmengine - INFO - paramwise_options -- backbone.layers.0.1.2.norm2.weight:decay_mult=0.0
04/01 14:24:26 - mmengine - INFO - paramwise_options -- backbone.layers.0.1.2.norm2.bias:lr=8e-05
04/01 14:24:26 - mmengine - INFO - paramwise_options -- backbone.layers.0.1.2.norm2.bias:weight_decay=0.0
04/01 14:24:26 - mmengine - INFO - paramwise_options -- backbone.layers.0.1.2.norm2.bias:decay_mult=0.0
04/01 14:24:26 - mmengine - INFO - paramwise_options -- backbone.layers.1.0.norm.weight:lr=8e-05
04/01 14:24:26 - mmengine - INFO - paramwise_options -- backbone.layers.1.0.norm.weight:weight_decay=0.0
04/01 14:24:26 - mmengine - INFO - paramwise_options -- backbone.layers.1.0.norm.weight:decay_mult=0.0
04/01 14:24:26 - mmengine - INFO - paramwise_options -- backbone.layers.1.0.norm.bias:lr=8e-05
04/01 14:24:26 - mmengine - INFO - paramwise_options -- backbone.layers.1.0.norm.bias:weight_decay=0.0
04/01 14:24:26 - mmengine - INFO - paramwise_options -- backbone.layers.1.0.norm.bias:decay_mult=0.0
04/01 14:24:26 - mmengine - INFO - paramwise_options -- backbone.layers.1.1.0.norm1.weight:lr=8e-05
04/01 14:24:26 - mmengine - INFO - paramwise_options -- backbone.layers.1.1.0.norm1.weight:weight_decay=0.0
04/01 14:24:26 - mmengine - INFO - paramwise_options -- backbone.layers.1.1.0.norm1.weight:decay_mult=0.0
04/01 14:24:26 - mmengine - INFO - paramwise_options -- backbone.layers.1.1.0.norm1.bias:lr=8e-05
04/01 14:24:26 - mmengine - INFO - paramwise_options -- backbone.layers.1.1.0.norm1.bias:weight_decay=0.0
04/01 14:24:26 - mmengine - INFO - paramwise_options -- backbone.layers.1.1.0.norm1.bias:decay_mult=0.0
04/01 14:24:26 - mmengine - INFO - paramwise_options -- backbone.layers.1.1.0.attn.norm.weight:lr=8e-05
04/01 14:24:26 - mmengine - INFO - paramwise_options -- backbone.layers.1.1.0.attn.norm.weight:weight_decay=0.0
04/01 14:24:26 - mmengine - INFO - paramwise_options -- backbone.layers.1.1.0.attn.norm.weight:decay_mult=0.0
04/01 14:24:26 - mmengine - INFO - paramwise_options -- backbone.layers.1.1.0.attn.norm.bias:lr=8e-05
04/01 14:24:26 - mmengine - INFO - paramwise_options -- backbone.layers.1.1.0.attn.norm.bias:weight_decay=0.0
04/01 14:24:26 - mmengine - INFO - paramwise_options -- backbone.layers.1.1.0.attn.norm.bias:decay_mult=0.0
04/01 14:24:26 - mmengine - INFO - paramwise_options -- backbone.layers.1.1.0.norm2.weight:lr=8e-05
04/01 14:24:26 - mmengine - INFO - paramwise_options -- backbone.layers.1.1.0.norm2.weight:weight_decay=0.0
04/01 14:24:26 - mmengine - INFO - paramwise_options -- backbone.layers.1.1.0.norm2.weight:decay_mult=0.0
04/01 14:24:26 - mmengine - INFO - paramwise_options -- backbone.layers.1.1.0.norm2.bias:lr=8e-05
04/01 14:24:26 - mmengine - INFO - paramwise_options -- backbone.layers.1.1.0.norm2.bias:weight_decay=0.0
04/01 14:24:26 - mmengine - INFO - paramwise_options -- backbone.layers.1.1.0.norm2.bias:decay_mult=0.0
04/01 14:24:26 - mmengine - INFO - paramwise_options -- backbone.layers.1.1.1.norm1.weight:lr=8e-05
04/01 14:24:26 - mmengine - INFO - paramwise_options -- backbone.layers.1.1.1.norm1.weight:weight_decay=0.0
04/01 14:24:26 - mmengine - INFO - paramwise_options -- backbone.layers.1.1.1.norm1.weight:decay_mult=0.0
04/01 14:24:26 - mmengine - INFO - paramwise_options -- backbone.layers.1.1.1.norm1.bias:lr=8e-05
04/01 14:24:26 - mmengine - INFO - paramwise_options -- backbone.layers.1.1.1.norm1.bias:weight_decay=0.0
04/01 14:24:26 - mmengine - INFO - paramwise_options -- backbone.layers.1.1.1.norm1.bias:decay_mult=0.0
04/01 14:24:26 - mmengine - INFO - paramwise_options -- backbone.layers.1.1.1.attn.norm.weight:lr=8e-05
04/01 14:24:26 - mmengine - INFO - paramwise_options -- backbone.layers.1.1.1.attn.norm.weight:weight_decay=0.0
04/01 14:24:26 - mmengine - INFO - paramwise_options -- backbone.layers.1.1.1.attn.norm.weight:decay_mult=0.0
04/01 14:24:26 - mmengine - INFO - paramwise_options -- backbone.layers.1.1.1.attn.norm.bias:lr=8e-05
04/01 14:24:26 - mmengine - INFO - paramwise_options -- backbone.layers.1.1.1.attn.norm.bias:weight_decay=0.0
04/01 14:24:26 - mmengine - INFO - paramwise_options -- backbone.layers.1.1.1.attn.norm.bias:decay_mult=0.0
04/01 14:24:26 - mmengine - INFO - paramwise_options -- backbone.layers.1.1.1.norm2.weight:lr=8e-05
04/01 14:24:26 - mmengine - INFO - paramwise_options -- backbone.layers.1.1.1.norm2.weight:weight_decay=0.0
04/01 14:24:26 - mmengine - INFO - paramwise_options -- backbone.layers.1.1.1.norm2.weight:decay_mult=0.0
04/01 14:24:26 - mmengine - INFO - paramwise_options -- backbone.layers.1.1.1.norm2.bias:lr=8e-05
04/01 14:24:26 - mmengine - INFO - paramwise_options -- backbone.layers.1.1.1.norm2.bias:weight_decay=0.0
04/01 14:24:26 - mmengine - INFO - paramwise_options -- backbone.layers.1.1.1.norm2.bias:decay_mult=0.0
04/01 14:24:26 - mmengine - INFO - paramwise_options -- backbone.layers.1.1.2.norm1.weight:lr=8e-05
04/01 14:24:26 - mmengine - INFO - paramwise_options -- backbone.layers.1.1.2.norm1.weight:weight_decay=0.0
04/01 14:24:26 - mmengine - INFO - paramwise_options -- backbone.layers.1.1.2.norm1.weight:decay_mult=0.0
04/01 14:24:26 - mmengine - INFO - paramwise_options -- backbone.layers.1.1.2.norm1.bias:lr=8e-05
04/01 14:24:26 - mmengine - INFO - paramwise_options -- backbone.layers.1.1.2.norm1.bias:weight_decay=0.0
04/01 14:24:26 - mmengine - INFO - paramwise_options -- backbone.layers.1.1.2.norm1.bias:decay_mult=0.0
04/01 14:24:26 - mmengine - INFO - paramwise_options -- backbone.layers.1.1.2.attn.norm.weight:lr=8e-05
04/01 14:24:26 - mmengine - INFO - paramwise_options -- backbone.layers.1.1.2.attn.norm.weight:weight_decay=0.0
04/01 14:24:26 - mmengine - INFO - paramwise_options -- backbone.layers.1.1.2.attn.norm.weight:decay_mult=0.0
04/01 14:24:26 - mmengine - INFO - paramwise_options -- backbone.layers.1.1.2.attn.norm.bias:lr=8e-05
04/01 14:24:26 - mmengine - INFO - paramwise_options -- backbone.layers.1.1.2.attn.norm.bias:weight_decay=0.0
04/01 14:24:26 - mmengine - INFO - paramwise_options -- backbone.layers.1.1.2.attn.norm.bias:decay_mult=0.0
04/01 14:24:26 - mmengine - INFO - paramwise_options -- backbone.layers.1.1.2.norm2.weight:lr=8e-05
04/01 14:24:26 - mmengine - INFO - paramwise_options -- backbone.layers.1.1.2.norm2.weight:weight_decay=0.0
04/01 14:24:26 - mmengine - INFO - paramwise_options -- backbone.layers.1.1.2.norm2.weight:decay_mult=0.0
04/01 14:24:26 - mmengine - INFO - paramwise_options -- backbone.layers.1.1.2.norm2.bias:lr=8e-05
04/01 14:24:26 - mmengine - INFO - paramwise_options -- backbone.layers.1.1.2.norm2.bias:weight_decay=0.0
04/01 14:24:26 - mmengine - INFO - paramwise_options -- backbone.layers.1.1.2.norm2.bias:decay_mult=0.0
04/01 14:24:26 - mmengine - INFO - paramwise_options -- backbone.layers.1.1.3.norm1.weight:lr=8e-05
04/01 14:24:26 - mmengine - INFO - paramwise_options -- backbone.layers.1.1.3.norm1.weight:weight_decay=0.0
04/01 14:24:26 - mmengine - INFO - paramwise_options -- backbone.layers.1.1.3.norm1.weight:decay_mult=0.0
04/01 14:24:26 - mmengine - INFO - paramwise_options -- backbone.layers.1.1.3.norm1.bias:lr=8e-05
04/01 14:24:26 - mmengine - INFO - paramwise_options -- backbone.layers.1.1.3.norm1.bias:weight_decay=0.0
04/01 14:24:26 - mmengine - INFO - paramwise_options -- backbone.layers.1.1.3.norm1.bias:decay_mult=0.0
04/01 14:24:26 - mmengine - INFO - paramwise_options -- backbone.layers.1.1.3.attn.norm.weight:lr=8e-05
04/01 14:24:26 - mmengine - INFO - paramwise_options -- backbone.layers.1.1.3.attn.norm.weight:weight_decay=0.0
04/01 14:24:26 - mmengine - INFO - paramwise_options -- backbone.layers.1.1.3.attn.norm.weight:decay_mult=0.0
04/01 14:24:26 - mmengine - INFO - paramwise_options -- backbone.layers.1.1.3.attn.norm.bias:lr=8e-05
04/01 14:24:26 - mmengine - INFO - paramwise_options -- backbone.layers.1.1.3.attn.norm.bias:weight_decay=0.0
04/01 14:24:26 - mmengine - INFO - paramwise_options -- backbone.layers.1.1.3.attn.norm.bias:decay_mult=0.0
04/01 14:24:26 - mmengine - INFO - paramwise_options -- backbone.layers.1.1.3.norm2.weight:lr=8e-05
04/01 14:24:26 - mmengine - INFO - paramwise_options -- backbone.layers.1.1.3.norm2.weight:weight_decay=0.0
04/01 14:24:26 - mmengine - INFO - paramwise_options -- backbone.layers.1.1.3.norm2.weight:decay_mult=0.0
04/01 14:24:26 - mmengine - INFO - paramwise_options -- backbone.layers.1.1.3.norm2.bias:lr=8e-05
04/01 14:24:26 - mmengine - INFO - paramwise_options -- backbone.layers.1.1.3.norm2.bias:weight_decay=0.0
04/01 14:24:26 - mmengine - INFO - paramwise_options -- backbone.layers.1.1.3.norm2.bias:decay_mult=0.0
04/01 14:24:26 - mmengine - INFO - paramwise_options -- backbone.layers.2.0.norm.weight:lr=8e-05
04/01 14:24:26 - mmengine - INFO - paramwise_options -- backbone.layers.2.0.norm.weight:weight_decay=0.0
04/01 14:24:26 - mmengine - INFO - paramwise_options -- backbone.layers.2.0.norm.weight:decay_mult=0.0
04/01 14:24:26 - mmengine - INFO - paramwise_options -- backbone.layers.2.0.norm.bias:lr=8e-05
04/01 14:24:26 - mmengine - INFO - paramwise_options -- backbone.layers.2.0.norm.bias:weight_decay=0.0
04/01 14:24:26 - mmengine - INFO - paramwise_options -- backbone.layers.2.0.norm.bias:decay_mult=0.0
04/01 14:24:26 - mmengine - INFO - paramwise_options -- backbone.layers.2.1.0.norm1.weight:lr=8e-05
04/01 14:24:26 - mmengine - INFO - paramwise_options -- backbone.layers.2.1.0.norm1.weight:weight_decay=0.0
04/01 14:24:26 - mmengine - INFO - paramwise_options -- backbone.layers.2.1.0.norm1.weight:decay_mult=0.0
04/01 14:24:26 - mmengine - INFO - paramwise_options -- backbone.layers.2.1.0.norm1.bias:lr=8e-05
04/01 14:24:26 - mmengine - INFO - paramwise_options -- backbone.layers.2.1.0.norm1.bias:weight_decay=0.0
04/01 14:24:26 - mmengine - INFO - paramwise_options -- backbone.layers.2.1.0.norm1.bias:decay_mult=0.0
04/01 14:24:26 - mmengine - INFO - paramwise_options -- backbone.layers.2.1.0.attn.norm.weight:lr=8e-05
04/01 14:24:26 - mmengine - INFO - paramwise_options -- backbone.layers.2.1.0.attn.norm.weight:weight_decay=0.0
04/01 14:24:26 - mmengine - INFO - paramwise_options -- backbone.layers.2.1.0.attn.norm.weight:decay_mult=0.0
04/01 14:24:26 - mmengine - INFO - paramwise_options -- backbone.layers.2.1.0.attn.norm.bias:lr=8e-05
04/01 14:24:26 - mmengine - INFO - paramwise_options -- backbone.layers.2.1.0.attn.norm.bias:weight_decay=0.0
04/01 14:24:26 - mmengine - INFO - paramwise_options -- backbone.layers.2.1.0.attn.norm.bias:decay_mult=0.0
04/01 14:24:26 - mmengine - INFO - paramwise_options -- backbone.layers.2.1.0.norm2.weight:lr=8e-05
04/01 14:24:26 - mmengine - INFO - paramwise_options -- backbone.layers.2.1.0.norm2.weight:weight_decay=0.0
04/01 14:24:26 - mmengine - INFO - paramwise_options -- backbone.layers.2.1.0.norm2.weight:decay_mult=0.0
04/01 14:24:26 - mmengine - INFO - paramwise_options -- backbone.layers.2.1.0.norm2.bias:lr=8e-05
04/01 14:24:26 - mmengine - INFO - paramwise_options -- backbone.layers.2.1.0.norm2.bias:weight_decay=0.0
04/01 14:24:26 - mmengine - INFO - paramwise_options -- backbone.layers.2.1.0.norm2.bias:decay_mult=0.0
04/01 14:24:26 - mmengine - INFO - paramwise_options -- backbone.layers.2.1.1.norm1.weight:lr=8e-05
04/01 14:24:26 - mmengine - INFO - paramwise_options -- backbone.layers.2.1.1.norm1.weight:weight_decay=0.0
04/01 14:24:26 - mmengine - INFO - paramwise_options -- backbone.layers.2.1.1.norm1.weight:decay_mult=0.0
04/01 14:24:26 - mmengine - INFO - paramwise_options -- backbone.layers.2.1.1.norm1.bias:lr=8e-05
04/01 14:24:26 - mmengine - INFO - paramwise_options -- backbone.layers.2.1.1.norm1.bias:weight_decay=0.0
04/01 14:24:26 - mmengine - INFO - paramwise_options -- backbone.layers.2.1.1.norm1.bias:decay_mult=0.0
04/01 14:24:26 - mmengine - INFO - paramwise_options -- backbone.layers.2.1.1.attn.norm.weight:lr=8e-05
04/01 14:24:26 - mmengine - INFO - paramwise_options -- backbone.layers.2.1.1.attn.norm.weight:weight_decay=0.0
04/01 14:24:26 - mmengine - INFO - paramwise_options -- backbone.layers.2.1.1.attn.norm.weight:decay_mult=0.0
04/01 14:24:26 - mmengine - INFO - paramwise_options -- backbone.layers.2.1.1.attn.norm.bias:lr=8e-05
04/01 14:24:26 - mmengine - INFO - paramwise_options -- backbone.layers.2.1.1.attn.norm.bias:weight_decay=0.0
04/01 14:24:26 - mmengine - INFO - paramwise_options -- backbone.layers.2.1.1.attn.norm.bias:decay_mult=0.0
04/01 14:24:26 - mmengine - INFO - paramwise_options -- backbone.layers.2.1.1.norm2.weight:lr=8e-05
04/01 14:24:26 - mmengine - INFO - paramwise_options -- backbone.layers.2.1.1.norm2.weight:weight_decay=0.0
04/01 14:24:26 - mmengine - INFO - paramwise_options -- backbone.layers.2.1.1.norm2.weight:decay_mult=0.0
04/01 14:24:26 - mmengine - INFO - paramwise_options -- backbone.layers.2.1.1.norm2.bias:lr=8e-05
04/01 14:24:26 - mmengine - INFO - paramwise_options -- backbone.layers.2.1.1.norm2.bias:weight_decay=0.0
04/01 14:24:26 - mmengine - INFO - paramwise_options -- backbone.layers.2.1.1.norm2.bias:decay_mult=0.0
04/01 14:24:26 - mmengine - INFO - paramwise_options -- backbone.layers.2.1.2.norm1.weight:lr=8e-05
04/01 14:24:26 - mmengine - INFO - paramwise_options -- backbone.layers.2.1.2.norm1.weight:weight_decay=0.0
04/01 14:24:26 - mmengine - INFO - paramwise_options -- backbone.layers.2.1.2.norm1.weight:decay_mult=0.0
04/01 14:24:26 - mmengine - INFO - paramwise_options -- backbone.layers.2.1.2.norm1.bias:lr=8e-05
04/01 14:24:26 - mmengine - INFO - paramwise_options -- backbone.layers.2.1.2.norm1.bias:weight_decay=0.0
04/01 14:24:26 - mmengine - INFO - paramwise_options -- backbone.layers.2.1.2.norm1.bias:decay_mult=0.0
04/01 14:24:26 - mmengine - INFO - paramwise_options -- backbone.layers.2.1.2.attn.norm.weight:lr=8e-05
04/01 14:24:26 - mmengine - INFO - paramwise_options -- backbone.layers.2.1.2.attn.norm.weight:weight_decay=0.0
04/01 14:24:26 - mmengine - INFO - paramwise_options -- backbone.layers.2.1.2.attn.norm.weight:decay_mult=0.0
04/01 14:24:26 - mmengine - INFO - paramwise_options -- backbone.layers.2.1.2.attn.norm.bias:lr=8e-05
04/01 14:24:26 - mmengine - INFO - paramwise_options -- backbone.layers.2.1.2.attn.norm.bias:weight_decay=0.0
04/01 14:24:26 - mmengine - INFO - paramwise_options -- backbone.layers.2.1.2.attn.norm.bias:decay_mult=0.0
04/01 14:24:26 - mmengine - INFO - paramwise_options -- backbone.layers.2.1.2.norm2.weight:lr=8e-05
04/01 14:24:26 - mmengine - INFO - paramwise_options -- backbone.layers.2.1.2.norm2.weight:weight_decay=0.0
04/01 14:24:26 - mmengine - INFO - paramwise_options -- backbone.layers.2.1.2.norm2.weight:decay_mult=0.0
04/01 14:24:26 - mmengine - INFO - paramwise_options -- backbone.layers.2.1.2.norm2.bias:lr=8e-05
04/01 14:24:26 - mmengine - INFO - paramwise_options -- backbone.layers.2.1.2.norm2.bias:weight_decay=0.0
04/01 14:24:26 - mmengine - INFO - paramwise_options -- backbone.layers.2.1.2.norm2.bias:decay_mult=0.0
04/01 14:24:26 - mmengine - INFO - paramwise_options -- backbone.layers.2.1.3.norm1.weight:lr=8e-05
04/01 14:24:26 - mmengine - INFO - paramwise_options -- backbone.layers.2.1.3.norm1.weight:weight_decay=0.0
04/01 14:24:26 - mmengine - INFO - paramwise_options -- backbone.layers.2.1.3.norm1.weight:decay_mult=0.0
04/01 14:24:26 - mmengine - INFO - paramwise_options -- backbone.layers.2.1.3.norm1.bias:lr=8e-05
04/01 14:24:26 - mmengine - INFO - paramwise_options -- backbone.layers.2.1.3.norm1.bias:weight_decay=0.0
04/01 14:24:26 - mmengine - INFO - paramwise_options -- backbone.layers.2.1.3.norm1.bias:decay_mult=0.0
04/01 14:24:26 - mmengine - INFO - paramwise_options -- backbone.layers.2.1.3.attn.norm.weight:lr=8e-05
04/01 14:24:26 - mmengine - INFO - paramwise_options -- backbone.layers.2.1.3.attn.norm.weight:weight_decay=0.0
04/01 14:24:26 - mmengine - INFO - paramwise_options -- backbone.layers.2.1.3.attn.norm.weight:decay_mult=0.0
04/01 14:24:26 - mmengine - INFO - paramwise_options -- backbone.layers.2.1.3.attn.norm.bias:lr=8e-05
04/01 14:24:26 - mmengine - INFO - paramwise_options -- backbone.layers.2.1.3.attn.norm.bias:weight_decay=0.0
04/01 14:24:26 - mmengine - INFO - paramwise_options -- backbone.layers.2.1.3.attn.norm.bias:decay_mult=0.0
04/01 14:24:26 - mmengine - INFO - paramwise_options -- backbone.layers.2.1.3.norm2.weight:lr=8e-05
04/01 14:24:26 - mmengine - INFO - paramwise_options -- backbone.layers.2.1.3.norm2.weight:weight_decay=0.0
04/01 14:24:26 - mmengine - INFO - paramwise_options -- backbone.layers.2.1.3.norm2.weight:decay_mult=0.0
04/01 14:24:26 - mmengine - INFO - paramwise_options -- backbone.layers.2.1.3.norm2.bias:lr=8e-05
04/01 14:24:26 - mmengine - INFO - paramwise_options -- backbone.layers.2.1.3.norm2.bias:weight_decay=0.0
04/01 14:24:26 - mmengine - INFO - paramwise_options -- backbone.layers.2.1.3.norm2.bias:decay_mult=0.0
04/01 14:24:26 - mmengine - INFO - paramwise_options -- backbone.layers.2.1.4.norm1.weight:lr=8e-05
04/01 14:24:26 - mmengine - INFO - paramwise_options -- backbone.layers.2.1.4.norm1.weight:weight_decay=0.0
04/01 14:24:26 - mmengine - INFO - paramwise_options -- backbone.layers.2.1.4.norm1.weight:decay_mult=0.0
04/01 14:24:26 - mmengine - INFO - paramwise_options -- backbone.layers.2.1.4.norm1.bias:lr=8e-05
04/01 14:24:26 - mmengine - INFO - paramwise_options -- backbone.layers.2.1.4.norm1.bias:weight_decay=0.0
04/01 14:24:26 - mmengine - INFO - paramwise_options -- backbone.layers.2.1.4.norm1.bias:decay_mult=0.0
04/01 14:24:26 - mmengine - INFO - paramwise_options -- backbone.layers.2.1.4.attn.norm.weight:lr=8e-05
04/01 14:24:26 - mmengine - INFO - paramwise_options -- backbone.layers.2.1.4.attn.norm.weight:weight_decay=0.0
04/01 14:24:26 - mmengine - INFO - paramwise_options -- backbone.layers.2.1.4.attn.norm.weight:decay_mult=0.0
04/01 14:24:26 - mmengine - INFO - paramwise_options -- backbone.layers.2.1.4.attn.norm.bias:lr=8e-05
04/01 14:24:26 - mmengine - INFO - paramwise_options -- backbone.layers.2.1.4.attn.norm.bias:weight_decay=0.0
04/01 14:24:26 - mmengine - INFO - paramwise_options -- backbone.layers.2.1.4.attn.norm.bias:decay_mult=0.0
04/01 14:24:26 - mmengine - INFO - paramwise_options -- backbone.layers.2.1.4.norm2.weight:lr=8e-05
04/01 14:24:26 - mmengine - INFO - paramwise_options -- backbone.layers.2.1.4.norm2.weight:weight_decay=0.0
04/01 14:24:26 - mmengine - INFO - paramwise_options -- backbone.layers.2.1.4.norm2.weight:decay_mult=0.0
04/01 14:24:26 - mmengine - INFO - paramwise_options -- backbone.layers.2.1.4.norm2.bias:lr=8e-05
04/01 14:24:26 - mmengine - INFO - paramwise_options -- backbone.layers.2.1.4.norm2.bias:weight_decay=0.0
04/01 14:24:26 - mmengine - INFO - paramwise_options -- backbone.layers.2.1.4.norm2.bias:decay_mult=0.0
04/01 14:24:26 - mmengine - INFO - paramwise_options -- backbone.layers.2.1.5.norm1.weight:lr=8e-05
04/01 14:24:26 - mmengine - INFO - paramwise_options -- backbone.layers.2.1.5.norm1.weight:weight_decay=0.0
04/01 14:24:26 - mmengine - INFO - paramwise_options -- backbone.layers.2.1.5.norm1.weight:decay_mult=0.0
04/01 14:24:26 - mmengine - INFO - paramwise_options -- backbone.layers.2.1.5.norm1.bias:lr=8e-05
04/01 14:24:26 - mmengine - INFO - paramwise_options -- backbone.layers.2.1.5.norm1.bias:weight_decay=0.0
04/01 14:24:26 - mmengine - INFO - paramwise_options -- backbone.layers.2.1.5.norm1.bias:decay_mult=0.0
04/01 14:24:26 - mmengine - INFO - paramwise_options -- backbone.layers.2.1.5.attn.norm.weight:lr=8e-05
04/01 14:24:26 - mmengine - INFO - paramwise_options -- backbone.layers.2.1.5.attn.norm.weight:weight_decay=0.0
04/01 14:24:26 - mmengine - INFO - paramwise_options -- backbone.layers.2.1.5.attn.norm.weight:decay_mult=0.0
04/01 14:24:26 - mmengine - INFO - paramwise_options -- backbone.layers.2.1.5.attn.norm.bias:lr=8e-05
04/01 14:24:26 - mmengine - INFO - paramwise_options -- backbone.layers.2.1.5.attn.norm.bias:weight_decay=0.0
04/01 14:24:26 - mmengine - INFO - paramwise_options -- backbone.layers.2.1.5.attn.norm.bias:decay_mult=0.0
04/01 14:24:26 - mmengine - INFO - paramwise_options -- backbone.layers.2.1.5.norm2.weight:lr=8e-05
04/01 14:24:26 - mmengine - INFO - paramwise_options -- backbone.layers.2.1.5.norm2.weight:weight_decay=0.0
04/01 14:24:26 - mmengine - INFO - paramwise_options -- backbone.layers.2.1.5.norm2.weight:decay_mult=0.0
04/01 14:24:26 - mmengine - INFO - paramwise_options -- backbone.layers.2.1.5.norm2.bias:lr=8e-05
04/01 14:24:26 - mmengine - INFO - paramwise_options -- backbone.layers.2.1.5.norm2.bias:weight_decay=0.0
04/01 14:24:26 - mmengine - INFO - paramwise_options -- backbone.layers.2.1.5.norm2.bias:decay_mult=0.0
04/01 14:24:26 - mmengine - INFO - paramwise_options -- backbone.layers.3.0.norm.weight:lr=8e-05
04/01 14:24:26 - mmengine - INFO - paramwise_options -- backbone.layers.3.0.norm.weight:weight_decay=0.0
04/01 14:24:26 - mmengine - INFO - paramwise_options -- backbone.layers.3.0.norm.weight:decay_mult=0.0
04/01 14:24:26 - mmengine - INFO - paramwise_options -- backbone.layers.3.0.norm.bias:lr=8e-05
04/01 14:24:26 - mmengine - INFO - paramwise_options -- backbone.layers.3.0.norm.bias:weight_decay=0.0
04/01 14:24:26 - mmengine - INFO - paramwise_options -- backbone.layers.3.0.norm.bias:decay_mult=0.0
04/01 14:24:26 - mmengine - INFO - paramwise_options -- backbone.layers.3.1.0.norm1.weight:lr=8e-05
04/01 14:24:26 - mmengine - INFO - paramwise_options -- backbone.layers.3.1.0.norm1.weight:weight_decay=0.0
04/01 14:24:26 - mmengine - INFO - paramwise_options -- backbone.layers.3.1.0.norm1.weight:decay_mult=0.0
04/01 14:24:26 - mmengine - INFO - paramwise_options -- backbone.layers.3.1.0.norm1.bias:lr=8e-05
04/01 14:24:26 - mmengine - INFO - paramwise_options -- backbone.layers.3.1.0.norm1.bias:weight_decay=0.0
04/01 14:24:26 - mmengine - INFO - paramwise_options -- backbone.layers.3.1.0.norm1.bias:decay_mult=0.0
04/01 14:24:26 - mmengine - INFO - paramwise_options -- backbone.layers.3.1.0.norm2.weight:lr=8e-05
04/01 14:24:26 - mmengine - INFO - paramwise_options -- backbone.layers.3.1.0.norm2.weight:weight_decay=0.0
04/01 14:24:26 - mmengine - INFO - paramwise_options -- backbone.layers.3.1.0.norm2.weight:decay_mult=0.0
04/01 14:24:26 - mmengine - INFO - paramwise_options -- backbone.layers.3.1.0.norm2.bias:lr=8e-05
04/01 14:24:26 - mmengine - INFO - paramwise_options -- backbone.layers.3.1.0.norm2.bias:weight_decay=0.0
04/01 14:24:26 - mmengine - INFO - paramwise_options -- backbone.layers.3.1.0.norm2.bias:decay_mult=0.0
04/01 14:24:26 - mmengine - INFO - paramwise_options -- backbone.layers.3.1.1.norm1.weight:lr=8e-05
04/01 14:24:26 - mmengine - INFO - paramwise_options -- backbone.layers.3.1.1.norm1.weight:weight_decay=0.0
04/01 14:24:26 - mmengine - INFO - paramwise_options -- backbone.layers.3.1.1.norm1.weight:decay_mult=0.0
04/01 14:24:26 - mmengine - INFO - paramwise_options -- backbone.layers.3.1.1.norm1.bias:lr=8e-05
04/01 14:24:26 - mmengine - INFO - paramwise_options -- backbone.layers.3.1.1.norm1.bias:weight_decay=0.0
04/01 14:24:26 - mmengine - INFO - paramwise_options -- backbone.layers.3.1.1.norm1.bias:decay_mult=0.0
04/01 14:24:26 - mmengine - INFO - paramwise_options -- backbone.layers.3.1.1.norm2.weight:lr=8e-05
04/01 14:24:26 - mmengine - INFO - paramwise_options -- backbone.layers.3.1.1.norm2.weight:weight_decay=0.0
04/01 14:24:26 - mmengine - INFO - paramwise_options -- backbone.layers.3.1.1.norm2.weight:decay_mult=0.0
04/01 14:24:26 - mmengine - INFO - paramwise_options -- backbone.layers.3.1.1.norm2.bias:lr=8e-05
04/01 14:24:26 - mmengine - INFO - paramwise_options -- backbone.layers.3.1.1.norm2.bias:weight_decay=0.0
04/01 14:24:26 - mmengine - INFO - paramwise_options -- backbone.layers.3.1.1.norm2.bias:decay_mult=0.0
04/01 14:24:26 - mmengine - INFO - paramwise_options -- backbone.layers.3.1.2.norm1.weight:lr=8e-05
04/01 14:24:26 - mmengine - INFO - paramwise_options -- backbone.layers.3.1.2.norm1.weight:weight_decay=0.0
04/01 14:24:26 - mmengine - INFO - paramwise_options -- backbone.layers.3.1.2.norm1.weight:decay_mult=0.0
04/01 14:24:26 - mmengine - INFO - paramwise_options -- backbone.layers.3.1.2.norm1.bias:lr=8e-05
04/01 14:24:26 - mmengine - INFO - paramwise_options -- backbone.layers.3.1.2.norm1.bias:weight_decay=0.0
04/01 14:24:26 - mmengine - INFO - paramwise_options -- backbone.layers.3.1.2.norm1.bias:decay_mult=0.0
04/01 14:24:26 - mmengine - INFO - paramwise_options -- backbone.layers.3.1.2.norm2.weight:lr=8e-05
04/01 14:24:26 - mmengine - INFO - paramwise_options -- backbone.layers.3.1.2.norm2.weight:weight_decay=0.0
04/01 14:24:26 - mmengine - INFO - paramwise_options -- backbone.layers.3.1.2.norm2.weight:decay_mult=0.0
04/01 14:24:26 - mmengine - INFO - paramwise_options -- backbone.layers.3.1.2.norm2.bias:lr=8e-05
04/01 14:24:26 - mmengine - INFO - paramwise_options -- backbone.layers.3.1.2.norm2.bias:weight_decay=0.0
04/01 14:24:26 - mmengine - INFO - paramwise_options -- backbone.layers.3.1.2.norm2.bias:decay_mult=0.0
04/01 14:24:26 - mmengine - INFO - paramwise_options -- decode_head.conv_seg.weight:lr=0.0008
04/01 14:24:26 - mmengine - INFO - paramwise_options -- decode_head.conv_seg.weight:weight_decay=0.01
04/01 14:24:26 - mmengine - INFO - paramwise_options -- decode_head.conv_seg.weight:lr_mult=10.0
04/01 14:24:26 - mmengine - INFO - paramwise_options -- decode_head.conv_seg.bias:lr=0.0008
04/01 14:24:26 - mmengine - INFO - paramwise_options -- decode_head.conv_seg.bias:weight_decay=0.01
04/01 14:24:26 - mmengine - INFO - paramwise_options -- decode_head.conv_seg.bias:lr_mult=10.0
04/01 14:24:26 - mmengine - INFO - paramwise_options -- decode_head.convs.0.conv.weight:lr=0.0008
04/01 14:24:26 - mmengine - INFO - paramwise_options -- decode_head.convs.0.conv.weight:weight_decay=0.01
04/01 14:24:26 - mmengine - INFO - paramwise_options -- decode_head.convs.0.conv.weight:lr_mult=10.0
04/01 14:24:26 - mmengine - INFO - paramwise_options -- decode_head.convs.0.bn.weight:lr=0.0008
04/01 14:24:26 - mmengine - INFO - paramwise_options -- decode_head.convs.0.bn.weight:weight_decay=0.01
04/01 14:24:26 - mmengine - INFO - paramwise_options -- decode_head.convs.0.bn.weight:lr_mult=10.0
04/01 14:24:26 - mmengine - INFO - paramwise_options -- decode_head.convs.0.bn.bias:lr=0.0008
04/01 14:24:26 - mmengine - INFO - paramwise_options -- decode_head.convs.0.bn.bias:weight_decay=0.01
04/01 14:24:26 - mmengine - INFO - paramwise_options -- decode_head.convs.0.bn.bias:lr_mult=10.0
04/01 14:24:26 - mmengine - INFO - paramwise_options -- decode_head.convs.1.conv.weight:lr=0.0008
04/01 14:24:26 - mmengine - INFO - paramwise_options -- decode_head.convs.1.conv.weight:weight_decay=0.01
04/01 14:24:26 - mmengine - INFO - paramwise_options -- decode_head.convs.1.conv.weight:lr_mult=10.0
04/01 14:24:26 - mmengine - INFO - paramwise_options -- decode_head.convs.1.bn.weight:lr=0.0008
04/01 14:24:26 - mmengine - INFO - paramwise_options -- decode_head.convs.1.bn.weight:weight_decay=0.01
04/01 14:24:26 - mmengine - INFO - paramwise_options -- decode_head.convs.1.bn.weight:lr_mult=10.0
04/01 14:24:26 - mmengine - INFO - paramwise_options -- decode_head.convs.1.bn.bias:lr=0.0008
04/01 14:24:26 - mmengine - INFO - paramwise_options -- decode_head.convs.1.bn.bias:weight_decay=0.01
04/01 14:24:26 - mmengine - INFO - paramwise_options -- decode_head.convs.1.bn.bias:lr_mult=10.0
04/01 14:24:26 - mmengine - INFO - paramwise_options -- decode_head.convs.2.conv.weight:lr=0.0008
04/01 14:24:26 - mmengine - INFO - paramwise_options -- decode_head.convs.2.conv.weight:weight_decay=0.01
04/01 14:24:26 - mmengine - INFO - paramwise_options -- decode_head.convs.2.conv.weight:lr_mult=10.0
04/01 14:24:26 - mmengine - INFO - paramwise_options -- decode_head.convs.2.bn.weight:lr=0.0008
04/01 14:24:26 - mmengine - INFO - paramwise_options -- decode_head.convs.2.bn.weight:weight_decay=0.01
04/01 14:24:26 - mmengine - INFO - paramwise_options -- decode_head.convs.2.bn.weight:lr_mult=10.0
04/01 14:24:26 - mmengine - INFO - paramwise_options -- decode_head.convs.2.bn.bias:lr=0.0008
04/01 14:24:26 - mmengine - INFO - paramwise_options -- decode_head.convs.2.bn.bias:weight_decay=0.01
04/01 14:24:26 - mmengine - INFO - paramwise_options -- decode_head.convs.2.bn.bias:lr_mult=10.0
04/01 14:24:26 - mmengine - INFO - paramwise_options -- decode_head.convs.3.conv.weight:lr=0.0008
04/01 14:24:26 - mmengine - INFO - paramwise_options -- decode_head.convs.3.conv.weight:weight_decay=0.01
04/01 14:24:26 - mmengine - INFO - paramwise_options -- decode_head.convs.3.conv.weight:lr_mult=10.0
04/01 14:24:26 - mmengine - INFO - paramwise_options -- decode_head.convs.3.bn.weight:lr=0.0008
04/01 14:24:26 - mmengine - INFO - paramwise_options -- decode_head.convs.3.bn.weight:weight_decay=0.01
04/01 14:24:26 - mmengine - INFO - paramwise_options -- decode_head.convs.3.bn.weight:lr_mult=10.0
04/01 14:24:26 - mmengine - INFO - paramwise_options -- decode_head.convs.3.bn.bias:lr=0.0008
04/01 14:24:26 - mmengine - INFO - paramwise_options -- decode_head.convs.3.bn.bias:weight_decay=0.01
04/01 14:24:26 - mmengine - INFO - paramwise_options -- decode_head.convs.3.bn.bias:lr_mult=10.0
04/01 14:24:26 - mmengine - INFO - paramwise_options -- decode_head.fusion_conv.conv.weight:lr=0.0008
04/01 14:24:26 - mmengine - INFO - paramwise_options -- decode_head.fusion_conv.conv.weight:weight_decay=0.01
04/01 14:24:26 - mmengine - INFO - paramwise_options -- decode_head.fusion_conv.conv.weight:lr_mult=10.0
04/01 14:24:26 - mmengine - INFO - paramwise_options -- decode_head.fusion_conv.bn.weight:lr=0.0008
04/01 14:24:26 - mmengine - INFO - paramwise_options -- decode_head.fusion_conv.bn.weight:weight_decay=0.01
04/01 14:24:26 - mmengine - INFO - paramwise_options -- decode_head.fusion_conv.bn.weight:lr_mult=10.0
04/01 14:24:26 - mmengine - INFO - paramwise_options -- decode_head.fusion_conv.bn.bias:lr=0.0008
04/01 14:24:26 - mmengine - INFO - paramwise_options -- decode_head.fusion_conv.bn.bias:weight_decay=0.01
04/01 14:24:26 - mmengine - INFO - paramwise_options -- decode_head.fusion_conv.bn.bias:lr_mult=10.0
04/01 14:24:26 - mmengine - INFO - paramwise_options -- auxiliary_head.conv_seg.weight:lr=0.0008
04/01 14:24:26 - mmengine - INFO - paramwise_options -- auxiliary_head.conv_seg.weight:weight_decay=0.01
04/01 14:24:26 - mmengine - INFO - paramwise_options -- auxiliary_head.conv_seg.weight:lr_mult=10.0
04/01 14:24:26 - mmengine - INFO - paramwise_options -- auxiliary_head.conv_seg.bias:lr=0.0008
04/01 14:24:26 - mmengine - INFO - paramwise_options -- auxiliary_head.conv_seg.bias:weight_decay=0.01
04/01 14:24:26 - mmengine - INFO - paramwise_options -- auxiliary_head.conv_seg.bias:lr_mult=10.0
04/01 14:24:26 - mmengine - INFO - paramwise_options -- auxiliary_head.conv1.weight:lr=0.0008
04/01 14:24:26 - mmengine - INFO - paramwise_options -- auxiliary_head.conv1.weight:weight_decay=0.01
04/01 14:24:26 - mmengine - INFO - paramwise_options -- auxiliary_head.conv1.weight:lr_mult=10.0
04/01 14:24:26 - mmengine - INFO - paramwise_options -- auxiliary_head.conv1.bias:lr=0.0008
04/01 14:24:26 - mmengine - INFO - paramwise_options -- auxiliary_head.conv1.bias:weight_decay=0.01
04/01 14:24:26 - mmengine - INFO - paramwise_options -- auxiliary_head.conv1.bias:lr_mult=10.0
04/01 14:24:26 - mmengine - INFO - paramwise_options -- auxiliary_head.conv2.weight:lr=0.0008
04/01 14:24:26 - mmengine - INFO - paramwise_options -- auxiliary_head.conv2.weight:weight_decay=0.01
04/01 14:24:26 - mmengine - INFO - paramwise_options -- auxiliary_head.conv2.weight:lr_mult=10.0
04/01 14:24:26 - mmengine - INFO - paramwise_options -- auxiliary_head.conv2.bias:lr=0.0008
04/01 14:24:26 - mmengine - INFO - paramwise_options -- auxiliary_head.conv2.bias:weight_decay=0.01
04/01 14:24:26 - mmengine - INFO - paramwise_options -- auxiliary_head.conv2.bias:lr_mult=10.0
04/01 14:24:26 - mmengine - WARNING - The prefix is not set in metric class IoUMetric.
04/01 14:24:26 - mmengine - INFO - load model from: https://download.openmmlab.com/mmsegmentation/v0.5/pretrain/segformer/mit_b2_20220624-66e8bf70.pth
04/01 14:24:26 - mmengine - INFO - Loads checkpoint by http backend from path: https://download.openmmlab.com/mmsegmentation/v0.5/pretrain/segformer/mit_b2_20220624-66e8bf70.pth
04/01 14:24:27 - mmengine - WARNING - "FileClient" will be deprecated in future. Please use io functions in https://mmengine.readthedocs.io/en/latest/api/fileio.html#file-io
04/01 14:24:27 - mmengine - WARNING - "HardDiskBackend" is the alias of "LocalBackend" and the former will be deprecated in future.
04/01 14:24:27 - mmengine - INFO - Checkpoints will be saved to work_dirs/segformer_b2_tp_skel_stage2_4090_bs4_stable/ckpt/segformer_b2_tp_skel_stage2_4090_bs4_stable.
04/01 14:24:34 - mmengine - INFO - Iter(train) [   20/10000]  base_lr: 3.0462e-06 lr: 3.0462e-06  eta: 1:06:23  time: 0.2624  data_time: 0.0091  memory: 19050  grad_norm: 1.0188  loss: 1.0630  decode.loss_ce: 0.1563  decode.acc_seg: 74.0949  aux.loss_skel_bce: 0.7175  aux.loss_skel_dice: 0.1893
04/01 14:24:40 - mmengine - INFO - Iter(train) [   40/10000]  base_lr: 6.2526e-06 lr: 6.2526e-06  eta: 0:55:08  time: 0.2655  data_time: 0.0113  memory: 18880  grad_norm: 0.7814  loss: 1.0366  decode.loss_ce: 0.1501  decode.acc_seg: 81.4610  aux.loss_skel_bce: 0.6775  aux.loss_skel_dice: 0.2089
04/01 14:24:45 - mmengine - INFO - Iter(train) [   60/10000]  base_lr: 9.4590e-06 lr: 9.4590e-06  eta: 0:51:20  time: 0.2651  data_time: 0.0113  memory: 18880  grad_norm: 0.7264  loss: 0.9782  decode.loss_ce: 0.1278  decode.acc_seg: 81.8932  aux.loss_skel_bce: 0.5846  aux.loss_skel_dice: 0.2658
04/01 14:24:50 - mmengine - INFO - Iter(train) [   80/10000]  base_lr: 1.2665e-05 lr: 1.2665e-05  eta: 0:49:23  time: 0.2655  data_time: 0.0115  memory: 18880  grad_norm: 0.6793  loss: 0.9145  decode.loss_ce: 0.0981  decode.acc_seg: 94.9709  aux.loss_skel_bce: 0.4760  aux.loss_skel_dice: 0.3404
04/01 14:24:56 - mmengine - INFO - Iter(train) [  100/10000]  base_lr: 1.5872e-05 lr: 1.5872e-05  eta: 0:48:09  time: 0.2641  data_time: 0.0110  memory: 18880  grad_norm: 0.8488  loss: 0.8889  decode.loss_ce: 0.0778  decode.acc_seg: 95.0678  aux.loss_skel_bce: 0.3929  aux.loss_skel_dice: 0.4182
04/01 14:25:01 - mmengine - INFO - Iter(train) [  120/10000]  base_lr: 1.9078e-05 lr: 1.9078e-05  eta: 0:47:17  time: 0.2646  data_time: 0.0113  memory: 18880  grad_norm: 0.9405  loss: 0.8666  decode.loss_ce: 0.0583  decode.acc_seg: 98.1871  aux.loss_skel_bce: 0.3932  aux.loss_skel_dice: 0.4151
04/01 14:25:06 - mmengine - INFO - Iter(train) [  140/10000]  base_lr: 2.2285e-05 lr: 2.2285e-05  eta: 0:46:39  time: 0.2644  data_time: 0.0107  memory: 18880  grad_norm: 1.3153  loss: 0.8600  decode.loss_ce: 0.0519  decode.acc_seg: 95.7141  aux.loss_skel_bce: 0.4004  aux.loss_skel_dice: 0.4076
04/01 14:25:12 - mmengine - INFO - Iter(train) [  160/10000]  base_lr: 2.5491e-05 lr: 2.5491e-05  eta: 0:46:09  time: 0.2643  data_time: 0.0109  memory: 18880  grad_norm: 1.3548  loss: 0.8583  decode.loss_ce: 0.0496  decode.acc_seg: 96.9469  aux.loss_skel_bce: 0.3961  aux.loss_skel_dice: 0.4125
04/01 14:25:17 - mmengine - INFO - Iter(train) [  180/10000]  base_lr: 2.8697e-05 lr: 2.8697e-05  eta: 0:45:44  time: 0.2635  data_time: 0.0107  memory: 18880  grad_norm: 1.5176  loss: 0.8490  decode.loss_ce: 0.0393  decode.acc_seg: 97.9130  aux.loss_skel_bce: 0.4081  aux.loss_skel_dice: 0.4015
04/01 14:25:22 - mmengine - INFO - Iter(train) [  200/10000]  base_lr: 3.1904e-05 lr: 3.1904e-05  eta: 0:45:23  time: 0.2649  data_time: 0.0112  memory: 18880  grad_norm: 1.0028  loss: 0.8374  decode.loss_ce: 0.0291  decode.acc_seg: 94.0686  aux.loss_skel_bce: 0.4097  aux.loss_skel_dice: 0.3986
04/01 14:25:24 - mmengine - INFO - Exp name: segformer_b2_tp_skel_stage2_4090_bs4_stable_20260401_142423
04/01 14:25:27 - mmengine - INFO - Iter(train) [  220/10000]  base_lr: 3.5110e-05 lr: 3.5110e-05  eta: 0:45:06  time: 0.2649  data_time: 0.0111  memory: 18880  grad_norm: 1.4431  loss: 0.8467  decode.loss_ce: 0.0385  decode.acc_seg: 96.1151  aux.loss_skel_bce: 0.3937  aux.loss_skel_dice: 0.4145
04/01 14:25:33 - mmengine - INFO - Iter(train) [  240/10000]  base_lr: 3.8317e-05 lr: 3.8317e-05  eta: 0:44:51  time: 0.2646  data_time: 0.0108  memory: 18880  grad_norm: 1.5196  loss: 0.8485  decode.loss_ce: 0.0405  decode.acc_seg: 97.7932  aux.loss_skel_bce: 0.3882  aux.loss_skel_dice: 0.4198
04/01 14:25:38 - mmengine - INFO - Iter(train) [  260/10000]  base_lr: 4.1523e-05 lr: 4.1523e-05  eta: 0:44:36  time: 0.2634  data_time: 0.0107  memory: 18880  grad_norm: 1.3614  loss: 0.8417  decode.loss_ce: 0.0339  decode.acc_seg: 93.0347  aux.loss_skel_bce: 0.3975  aux.loss_skel_dice: 0.4103
04/01 14:25:43 - mmengine - INFO - Iter(train) [  280/10000]  base_lr: 4.4729e-05 lr: 4.4729e-05  eta: 0:44:23  time: 0.2640  data_time: 0.0108  memory: 18880  grad_norm: 0.8895  loss: 0.8339  decode.loss_ce: 0.0260  decode.acc_seg: 92.6981  aux.loss_skel_bce: 0.3939  aux.loss_skel_dice: 0.4140
04/01 14:25:49 - mmengine - INFO - Iter(train) [  300/10000]  base_lr: 4.7936e-05 lr: 4.7936e-05  eta: 0:44:11  time: 0.2635  data_time: 0.0106  memory: 18880  grad_norm: 0.9363  loss: 0.8372  decode.loss_ce: 0.0283  decode.acc_seg: 97.4433  aux.loss_skel_bce: 0.4034  aux.loss_skel_dice: 0.4055
04/01 14:25:54 - mmengine - INFO - Iter(train) [  320/10000]  base_lr: 5.1142e-05 lr: 5.1142e-05  eta: 0:44:00  time: 0.2652  data_time: 0.0113  memory: 18880  grad_norm: 0.8104  loss: 0.8309  decode.loss_ce: 0.0209  decode.acc_seg: 98.8964  aux.loss_skel_bce: 0.4125  aux.loss_skel_dice: 0.3974
04/01 14:25:59 - mmengine - INFO - Iter(train) [  340/10000]  base_lr: 5.4349e-05 lr: 5.4349e-05  eta: 0:43:50  time: 0.2643  data_time: 0.0110  memory: 18880  grad_norm: 0.9644  loss: 0.8368  decode.loss_ce: 0.0286  decode.acc_seg: 95.2086  aux.loss_skel_bce: 0.4020  aux.loss_skel_dice: 0.4062
04/01 14:26:04 - mmengine - INFO - Iter(train) [  360/10000]  base_lr: 5.7555e-05 lr: 5.7555e-05  eta: 0:43:39  time: 0.2627  data_time: 0.0111  memory: 18880  grad_norm: inf  loss: 0.8561  decode.loss_ce: 0.0482  decode.acc_seg: 90.1461  aux.loss_skel_bce: 0.3895  aux.loss_skel_dice: 0.4184
04/01 14:26:10 - mmengine - INFO - Iter(train) [  380/10000]  base_lr: 6.0762e-05 lr: 6.0762e-05  eta: 0:43:30  time: 0.2649  data_time: 0.0113  memory: 18880  grad_norm: 1.1493  loss: 0.8386  decode.loss_ce: 0.0308  decode.acc_seg: 98.0808  aux.loss_skel_bce: 0.3937  aux.loss_skel_dice: 0.4141
04/01 14:26:15 - mmengine - INFO - Iter(train) [  400/10000]  base_lr: 6.3968e-05 lr: 6.3968e-05  eta: 0:43:21  time: 0.2639  data_time: 0.0110  memory: 18880  grad_norm: 1.4555  loss: 0.8378  decode.loss_ce: 0.0303  decode.acc_seg: 98.3505  aux.loss_skel_bce: 0.3957  aux.loss_skel_dice: 0.4118
04/01 14:26:20 - mmengine - INFO - Iter(train) [  420/10000]  base_lr: 6.7174e-05 lr: 6.7174e-05  eta: 0:43:12  time: 0.2629  data_time: 0.0107  memory: 18880  grad_norm: 1.2088  loss: 0.8379  decode.loss_ce: 0.0303  decode.acc_seg: 97.5756  aux.loss_skel_bce: 0.3902  aux.loss_skel_dice: 0.4174
04/01 14:26:25 - mmengine - INFO - Iter(train) [  440/10000]  base_lr: 7.0381e-05 lr: 7.0381e-05  eta: 0:43:03  time: 0.2628  data_time: 0.0108  memory: 18880  grad_norm: 0.9104  loss: 0.8359  decode.loss_ce: 0.0278  decode.acc_seg: 89.4816  aux.loss_skel_bce: 0.3917  aux.loss_skel_dice: 0.4164
04/01 14:26:31 - mmengine - INFO - Iter(train) [  460/10000]  base_lr: 7.3587e-05 lr: 7.3587e-05  eta: 0:42:55  time: 0.2628  data_time: 0.0107  memory: 18880  grad_norm: 1.9400  loss: 0.8383  decode.loss_ce: 0.0309  decode.acc_seg: 99.2410  aux.loss_skel_bce: 0.3918  aux.loss_skel_dice: 0.4156
04/01 14:26:36 - mmengine - INFO - Iter(train) [  480/10000]  base_lr: 7.6794e-05 lr: 7.6794e-05  eta: 0:42:46  time: 0.2627  data_time: 0.0106  memory: 18880  grad_norm: 1.5298  loss: 0.8314  decode.loss_ce: 0.0241  decode.acc_seg: 96.8525  aux.loss_skel_bce: 0.3931  aux.loss_skel_dice: 0.4142
04/01 14:26:41 - mmengine - INFO - Iter(train) [  500/10000]  base_lr: 8.0000e-05 lr: 8.0000e-05  eta: 0:42:39  time: 0.2642  data_time: 0.0109  memory: 18880  grad_norm: 1.4542  loss: 0.8372  decode.loss_ce: 0.0291  decode.acc_seg: 84.5089  aux.loss_skel_bce: 0.3933  aux.loss_skel_dice: 0.4148
04/01 14:26:41 - mmengine - INFO - Saving checkpoint at 500 iterations
04/01 14:26:59 - mmengine - INFO - Iter(val) [ 20/281]    eta: 0:03:31  time: 0.7826  data_time: 0.3642  memory: 1598  
04/01 14:27:15 - mmengine - INFO - Iter(val) [ 40/281]    eta: 0:03:16  time: 0.3250  data_time: 0.0679  memory: 1599  
04/01 14:27:35 - mmengine - INFO - Iter(val) [ 60/281]    eta: 0:03:12  time: 0.6860  data_time: 0.4404  memory: 1598  
04/01 14:27:55 - mmengine - INFO - Iter(val) [ 80/281]    eta: 0:03:02  time: 1.1484  data_time: 0.7685  memory: 1599  
04/01 14:28:10 - mmengine - INFO - Iter(val) [100/281]    eta: 0:02:38  time: 0.7118  data_time: 0.3180  memory: 1598  
04/01 14:28:25 - mmengine - INFO - Iter(val) [120/281]    eta: 0:02:16  time: 0.5180  data_time: 0.1466  memory: 1598  
04/01 14:28:41 - mmengine - INFO - Iter(val) [140/281]    eta: 0:01:58  time: 0.2907  data_time: 0.0215  memory: 1599  
04/01 14:28:58 - mmengine - INFO - Iter(val) [160/281]    eta: 0:01:42  time: 0.7520  data_time: 0.3291  memory: 1599  
04/01 14:29:13 - mmengine - INFO - Iter(val) [180/281]    eta: 0:01:24  time: 0.9573  data_time: 0.5183  memory: 1599  
04/01 14:29:23 - mmengine - INFO - Iter(val) [200/281]    eta: 0:01:04  time: 0.3421  data_time: 0.0819  memory: 1598  
04/01 14:29:41 - mmengine - INFO - Iter(val) [220/281]    eta: 0:00:49  time: 0.8380  data_time: 0.4384  memory: 1598  
04/01 14:29:56 - mmengine - INFO - Iter(val) [240/281]    eta: 0:00:33  time: 0.5239  data_time: 0.1738  memory: 1599  
04/01 14:30:10 - mmengine - INFO - Iter(val) [260/281]    eta: 0:00:16  time: 0.5590  data_time: 0.2353  memory: 1592  
04/01 14:30:26 - mmengine - INFO - Iter(val) [280/281]    eta: 0:00:00  time: 0.4907  data_time: 0.2040  memory: 1598  
04/01 14:30:26 - mmengine - INFO - per class results:
04/01 14:30:26 - mmengine - INFO - 
+----------------+-------+-------+-------+--------+-----------+--------+
|     Class      |  IoU  |  Acc  |  Dice | Fscore | Precision | Recall |
+----------------+-------+-------+-------+--------+-----------+--------+
|   background   | 84.02 | 86.59 | 91.32 | 91.32  |   96.59   | 86.59  |
| tactile_paving | 44.47 |  81.2 | 61.56 | 61.56  |   49.57   |  81.2  |
+----------------+-------+-------+-------+--------+-----------+--------+
04/01 14:30:26 - mmengine - INFO - Iter(val) [281/281]    aAcc: 85.8300  mIoU: 64.2500  mAcc: 83.8900  mDice: 76.4400  mFscore: 76.4400  mPrecision: 73.0800  mRecall: 83.8900  data_time: 0.4158  time: 0.7944
04/01 14:30:27 - mmengine - INFO - The best checkpoint with 64.2500 mIoU at 500 iter is saved to best_mIoU_iter_500.pth.
04/01 14:30:33 - mmengine - INFO - Iter(train) [  520/10000]  base_lr: 7.9840e-05 lr: 7.9840e-05  eta: 0:43:13  time: 0.2647  data_time: 0.0104  memory: 18881  grad_norm: 0.6822  loss: 0.8240  decode.loss_ce: 0.0166  decode.acc_seg: 97.2824  aux.loss_skel_bce: 0.3944  aux.loss_skel_dice: 0.4129
04/01 14:30:39 - mmengine - INFO - Iter(train) [  540/10000]  base_lr: 7.9672e-05 lr: 7.9672e-05  eta: 0:43:05  time: 0.2658  data_time: 0.0111  memory: 18881  grad_norm: 1.0468  loss: 0.8245  decode.loss_ce: 0.0171  decode.acc_seg: 99.3433  aux.loss_skel_bce: 0.3914  aux.loss_skel_dice: 0.4161
04/01 14:30:44 - mmengine - INFO - Iter(train) [  560/10000]  base_lr: 7.9503e-05 lr: 7.9503e-05  eta: 0:42:57  time: 0.2664  data_time: 0.0111  memory: 18881  grad_norm: 0.8811  loss: 0.8367  decode.loss_ce: 0.0289  decode.acc_seg: 97.0937  aux.loss_skel_bce: 0.3930  aux.loss_skel_dice: 0.4147
04/01 14:30:49 - mmengine - INFO - Iter(train) [  580/10000]  base_lr: 7.9335e-05 lr: 7.9335e-05  eta: 0:42:49  time: 0.2657  data_time: 0.0109  memory: 18881  grad_norm: 0.7775  loss: 0.8253  decode.loss_ce: 0.0180  decode.acc_seg: 99.2309  aux.loss_skel_bce: 0.3929  aux.loss_skel_dice: 0.4143
04/01 14:30:55 - mmengine - INFO - Iter(train) [  600/10000]  base_lr: 7.9166e-05 lr: 7.9166e-05  eta: 0:42:42  time: 0.2654  data_time: 0.0106  memory: 18881  grad_norm: 1.5514  loss: 0.8274  decode.loss_ce: 0.0201  decode.acc_seg: 88.7922  aux.loss_skel_bce: 0.3936  aux.loss_skel_dice: 0.4137
04/01 14:31:00 - mmengine - INFO - Iter(train) [  620/10000]  base_lr: 7.8998e-05 lr: 7.8998e-05  eta: 0:42:34  time: 0.2649  data_time: 0.0105  memory: 18881  grad_norm: 0.9631  loss: 0.8519  decode.loss_ce: 0.0442  decode.acc_seg: 98.2593  aux.loss_skel_bce: 0.3920  aux.loss_skel_dice: 0.4157
04/01 14:31:05 - mmengine - INFO - Iter(train) [  640/10000]  base_lr: 7.8829e-05 lr: 7.8829e-05  eta: 0:42:27  time: 0.2652  data_time: 0.0104  memory: 18881  grad_norm: 0.3238  loss: 0.8248  decode.loss_ce: 0.0174  decode.acc_seg: 96.3363  aux.loss_skel_bce: 0.3942  aux.loss_skel_dice: 0.4133
04/01 14:31:11 - mmengine - INFO - Iter(train) [  660/10000]  base_lr: 7.8661e-05 lr: 7.8661e-05  eta: 0:42:20  time: 0.2656  data_time: 0.0107  memory: 18881  grad_norm: 1.5802  loss: 0.8360  decode.loss_ce: 0.0286  decode.acc_seg: 89.3720  aux.loss_skel_bce: 0.3950  aux.loss_skel_dice: 0.4124
04/01 14:31:16 - mmengine - INFO - Iter(train) [  680/10000]  base_lr: 7.8492e-05 lr: 7.8492e-05  eta: 0:42:12  time: 0.2652  data_time: 0.0104  memory: 18881  grad_norm: 0.6702  loss: 0.8251  decode.loss_ce: 0.0176  decode.acc_seg: 98.4099  aux.loss_skel_bce: 0.3939  aux.loss_skel_dice: 0.4136
04/01 14:31:21 - mmengine - INFO - Iter(train) [  700/10000]  base_lr: 7.8324e-05 lr: 7.8324e-05  eta: 0:42:06  time: 0.2656  data_time: 0.0107  memory: 18881  grad_norm: 0.6947  loss: 0.8286  decode.loss_ce: 0.0210  decode.acc_seg: 98.6318  aux.loss_skel_bce: 0.3940  aux.loss_skel_dice: 0.4137
04/01 14:31:27 - mmengine - INFO - Iter(train) [  720/10000]  base_lr: 7.8156e-05 lr: 7.8156e-05  eta: 0:41:59  time: 0.2669  data_time: 0.0112  memory: 18881  grad_norm: 1.4036  loss: 0.8276  decode.loss_ce: 0.0198  decode.acc_seg: 97.8959  aux.loss_skel_bce: 0.3905  aux.loss_skel_dice: 0.4174
04/01 14:31:32 - mmengine - INFO - Iter(train) [  740/10000]  base_lr: 7.7987e-05 lr: 7.7987e-05  eta: 0:41:52  time: 0.2662  data_time: 0.0110  memory: 18881  grad_norm: 0.7472  loss: 0.8276  decode.loss_ce: 0.0203  decode.acc_seg: 98.1669  aux.loss_skel_bce: 0.3926  aux.loss_skel_dice: 0.4147
04/01 14:31:37 - mmengine - INFO - Iter(train) [  760/10000]  base_lr: 7.7819e-05 lr: 7.7819e-05  eta: 0:41:46  time: 0.2656  data_time: 0.0108  memory: 18881  grad_norm: 0.9854  loss: 0.8380  decode.loss_ce: 0.0305  decode.acc_seg: 99.1905  aux.loss_skel_bce: 0.3950  aux.loss_skel_dice: 0.4125
04/01 14:31:43 - mmengine - INFO - Iter(train) [  780/10000]  base_lr: 7.7650e-05 lr: 7.7650e-05  eta: 0:41:39  time: 0.2660  data_time: 0.0109  memory: 18881  grad_norm: 0.4472  loss: 0.8228  decode.loss_ce: 0.0155  decode.acc_seg: 98.8500  aux.loss_skel_bce: 0.3936  aux.loss_skel_dice: 0.4137
04/01 14:31:48 - mmengine - INFO - Iter(train) [  800/10000]  base_lr: 7.7482e-05 lr: 7.7482e-05  eta: 0:41:32  time: 0.2653  data_time: 0.0106  memory: 18881  grad_norm: 0.7214  loss: 0.8272  decode.loss_ce: 0.0200  decode.acc_seg: 98.9126  aux.loss_skel_bce: 0.3932  aux.loss_skel_dice: 0.4140
04/01 14:31:53 - mmengine - INFO - Iter(train) [  820/10000]  base_lr: 7.7313e-05 lr: 7.7313e-05  eta: 0:41:26  time: 0.2657  data_time: 0.0109  memory: 18881  grad_norm: 1.2106  loss: 0.8220  decode.loss_ce: 0.0147  decode.acc_seg: 98.2080  aux.loss_skel_bce: 0.3946  aux.loss_skel_dice: 0.4126
04/01 14:31:59 - mmengine - INFO - Iter(train) [  840/10000]  base_lr: 7.7145e-05 lr: 7.7145e-05  eta: 0:41:19  time: 0.2662  data_time: 0.0111  memory: 18881  grad_norm: 0.7181  loss: 0.8272  decode.loss_ce: 0.0199  decode.acc_seg: 93.0978  aux.loss_skel_bce: 0.3931  aux.loss_skel_dice: 0.4142
04/01 14:32:04 - mmengine - INFO - Iter(train) [  860/10000]  base_lr: 7.6977e-05 lr: 7.6977e-05  eta: 0:41:13  time: 0.2668  data_time: 0.0113  memory: 18881  grad_norm: 0.3280  loss: 0.8227  decode.loss_ce: 0.0151  decode.acc_seg: 97.9894  aux.loss_skel_bce: 0.3923  aux.loss_skel_dice: 0.4153
04/01 14:32:09 - mmengine - INFO - Iter(train) [  880/10000]  base_lr: 7.6808e-05 lr: 7.6808e-05  eta: 0:41:07  time: 0.2666  data_time: 0.0111  memory: 18881  grad_norm: 0.3729  loss: 0.8200  decode.loss_ce: 0.0128  decode.acc_seg: 98.5342  aux.loss_skel_bce: 0.3932  aux.loss_skel_dice: 0.4140
04/01 14:32:15 - mmengine - INFO - Iter(train) [  900/10000]  base_lr: 7.6640e-05 lr: 7.6640e-05  eta: 0:41:01  time: 0.2664  data_time: 0.0110  memory: 18881  grad_norm: 0.8379  loss: 0.8372  decode.loss_ce: 0.0299  decode.acc_seg: 98.6407  aux.loss_skel_bce: 0.3924  aux.loss_skel_dice: 0.4149
04/01 14:32:20 - mmengine - INFO - Iter(train) [  920/10000]  base_lr: 7.6471e-05 lr: 7.6471e-05  eta: 0:40:55  time: 0.2665  data_time: 0.0112  memory: 18881  grad_norm: 0.5916  loss: 0.8216  decode.loss_ce: 0.0143  decode.acc_seg: 98.1467  aux.loss_skel_bce: 0.3929  aux.loss_skel_dice: 0.4145
04/01 14:32:25 - mmengine - INFO - Iter(train) [  940/10000]  base_lr: 7.6303e-05 lr: 7.6303e-05  eta: 0:40:48  time: 0.2671  data_time: 0.0112  memory: 18881  grad_norm: 0.7695  loss: 0.8265  decode.loss_ce: 0.0192  decode.acc_seg: 95.4319  aux.loss_skel_bce: 0.3922  aux.loss_skel_dice: 0.4151
04/01 14:32:31 - mmengine - INFO - Iter(train) [  960/10000]  base_lr: 7.6134e-05 lr: 7.6134e-05  eta: 0:40:42  time: 0.2662  data_time: 0.0110  memory: 18881  grad_norm: 0.3430  loss: 0.8225  decode.loss_ce: 0.0143  decode.acc_seg: 98.7494  aux.loss_skel_bce: 0.3934  aux.loss_skel_dice: 0.4148
04/01 14:32:36 - mmengine - INFO - Iter(train) [  980/10000]  base_lr: 7.5966e-05 lr: 7.5966e-05  eta: 0:40:36  time: 0.2657  data_time: 0.0107  memory: 18881  grad_norm: 0.3196  loss: 0.8228  decode.loss_ce: 0.0150  decode.acc_seg: 98.1332  aux.loss_skel_bce: 0.3934  aux.loss_skel_dice: 0.4144
04/01 14:32:41 - mmengine - INFO - Exp name: segformer_b2_tp_skel_stage2_4090_bs4_stable_20260401_142423
04/01 14:32:41 - mmengine - INFO - Iter(train) [ 1000/10000]  base_lr: 7.5797e-05 lr: 7.5797e-05  eta: 0:40:30  time: 0.2656  data_time: 0.0105  memory: 18881  grad_norm: 0.4323  loss: 0.8185  decode.loss_ce: 0.0115  decode.acc_seg: 97.8011  aux.loss_skel_bce: 0.3933  aux.loss_skel_dice: 0.4138
04/01 14:32:41 - mmengine - INFO - Saving checkpoint at 1000 iterations
04/01 14:32:58 - mmengine - INFO - Iter(val) [ 20/281]    eta: 0:03:20  time: 0.7450  data_time: 0.3721  memory: 1598  
04/01 14:33:13 - mmengine - INFO - Iter(val) [ 40/281]    eta: 0:03:00  time: 0.3025  data_time: 0.1210  memory: 1598  
04/01 14:33:32 - mmengine - INFO - Iter(val) [ 60/281]    eta: 0:03:02  time: 0.6975  data_time: 0.5441  memory: 1598  
04/01 14:33:53 - mmengine - INFO - Iter(val) [ 80/281]    eta: 0:02:56  time: 1.1500  data_time: 0.7861  memory: 1598  
04/01 14:34:07 - mmengine - INFO - Iter(val) [100/281]    eta: 0:02:32  time: 0.8533  data_time: 0.5032  memory: 1598  
04/01 14:34:20 - mmengine - INFO - Iter(val) [120/281]    eta: 0:02:11  time: 0.3819  data_time: 0.0490  memory: 1598  
04/01 14:34:36 - mmengine - INFO - Iter(val) [140/281]    eta: 0:01:54  time: 0.2227  data_time: 0.0189  memory: 1598  
04/01 14:34:53 - mmengine - INFO - Iter(val) [160/281]    eta: 0:01:38  time: 0.7046  data_time: 0.3165  memory: 1598  
04/01 14:35:08 - mmengine - INFO - Iter(val) [180/281]    eta: 0:01:21  time: 0.9876  data_time: 0.6198  memory: 1598  
04/01 14:35:17 - mmengine - INFO - Iter(val) [200/281]    eta: 0:01:02  time: 0.3240  data_time: 0.1191  memory: 1598  
04/01 14:35:35 - mmengine - INFO - Iter(val) [220/281]    eta: 0:00:47  time: 0.8059  data_time: 0.4300  memory: 1598  
04/01 14:35:50 - mmengine - INFO - Iter(val) [240/281]    eta: 0:00:32  time: 0.4980  data_time: 0.1651  memory: 1598  
04/01 14:36:04 - mmengine - INFO - Iter(val) [260/281]    eta: 0:00:16  time: 0.6317  data_time: 0.3623  memory: 1592  
04/01 14:36:20 - mmengine - INFO - Iter(val) [280/281]    eta: 0:00:00  time: 0.4508  data_time: 0.1888  memory: 1598  
04/01 14:36:20 - mmengine - INFO - per class results:
04/01 14:36:20 - mmengine - INFO - 
+----------------+-------+-------+-------+--------+-----------+--------+
|     Class      |  IoU  |  Acc  |  Dice | Fscore | Precision | Recall |
+----------------+-------+-------+-------+--------+-----------+--------+
|   background   |  87.5 | 89.52 | 93.33 | 93.33  |   97.49   | 89.52  |
| tactile_paving | 52.14 | 85.79 | 68.54 | 68.54  |   57.07   | 85.79  |
+----------------+-------+-------+-------+--------+-----------+--------+
04/01 14:36:20 - mmengine - INFO - Iter(val) [281/281]    aAcc: 89.0000  mIoU: 69.8200  mAcc: 87.6600  mDice: 80.9400  mFscore: 80.9400  mPrecision: 77.2800  mRecall: 87.6600  data_time: 0.4375  time: 0.7701
04/01 14:36:20 - mmengine - INFO - The previous best checkpoint work_dirs/segformer_b2_tp_skel_stage2_4090_bs4_stable/ckpt/segformer_b2_tp_skel_stage2_4090_bs4_stable/best_mIoU_iter_500.pth is removed
04/01 14:36:20 - mmengine - INFO - The best checkpoint with 69.8200 mIoU at 1000 iter is saved to best_mIoU_iter_1000.pth.
04/01 14:36:27 - mmengine - INFO - Iter(train) [ 1020/10000]  base_lr: 7.5629e-05 lr: 7.5629e-05  eta: 0:40:43  time: 0.2665  data_time: 0.0110  memory: 18881  grad_norm: 0.5951  loss: 0.8221  decode.loss_ce: 0.0147  decode.acc_seg: 97.4816  aux.loss_skel_bce: 0.3945  aux.loss_skel_dice: 0.4130
04/01 14:36:32 - mmengine - INFO - Iter(train) [ 1040/10000]  base_lr: 7.5461e-05 lr: 7.5461e-05  eta: 0:40:37  time: 0.2692  data_time: 0.0121  memory: 18881  grad_norm: 0.4809  loss: 0.8215  decode.loss_ce: 0.0138  decode.acc_seg: 99.0099  aux.loss_skel_bce: 0.3934  aux.loss_skel_dice: 0.4143
04/01 14:36:38 - mmengine - INFO - Iter(train) [ 1060/10000]  base_lr: 7.5292e-05 lr: 7.5292e-05  eta: 0:40:31  time: 0.2686  data_time: 0.0123  memory: 18881  grad_norm: 0.2822  loss: 0.8190  decode.loss_ce: 0.0115  decode.acc_seg: 99.0657  aux.loss_skel_bce: 0.3930  aux.loss_skel_dice: 0.4145
04/01 14:36:43 - mmengine - INFO - Iter(train) [ 1080/10000]  base_lr: 7.5124e-05 lr: 7.5124e-05  eta: 0:40:25  time: 0.2670  data_time: 0.0116  memory: 18881  grad_norm: 0.3110  loss: 0.8199  decode.loss_ce: 0.0124  decode.acc_seg: 96.9461  aux.loss_skel_bce: 0.3920  aux.loss_skel_dice: 0.4156
04/01 14:36:48 - mmengine - INFO - Iter(train) [ 1100/10000]  base_lr: 7.4955e-05 lr: 7.4955e-05  eta: 0:40:19  time: 0.2660  data_time: 0.0109  memory: 18881  grad_norm: 0.3652  loss: 0.8181  decode.loss_ce: 0.0107  decode.acc_seg: 99.4626  aux.loss_skel_bce: 0.3931  aux.loss_skel_dice: 0.4143
04/01 14:36:54 - mmengine - INFO - Iter(train) [ 1120/10000]  base_lr: 7.4787e-05 lr: 7.4787e-05  eta: 0:40:12  time: 0.2654  data_time: 0.0109  memory: 18881  grad_norm: 0.6754  loss: 0.8205  decode.loss_ce: 0.0129  decode.acc_seg: 98.6619  aux.loss_skel_bce: 0.3945  aux.loss_skel_dice: 0.4132
04/01 14:36:59 - mmengine - INFO - Iter(train) [ 1140/10000]  base_lr: 7.4618e-05 lr: 7.4618e-05  eta: 0:40:06  time: 0.2669  data_time: 0.0112  memory: 18880  grad_norm: 1.2591  loss: 0.8493  decode.loss_ce: 0.0419  decode.acc_seg: 96.4415  aux.loss_skel_bce: 0.3927  aux.loss_skel_dice: 0.4148
04/01 14:37:04 - mmengine - INFO - Iter(train) [ 1160/10000]  base_lr: 7.4450e-05 lr: 7.4450e-05  eta: 0:39:59  time: 0.2656  data_time: 0.0107  memory: 18881  grad_norm: 0.8906  loss: 0.8305  decode.loss_ce: 0.0234  decode.acc_seg: 98.7394  aux.loss_skel_bce: 0.3939  aux.loss_skel_dice: 0.4132
04/01 14:37:10 - mmengine - INFO - Iter(train) [ 1180/10000]  base_lr: 7.4282e-05 lr: 7.4282e-05  eta: 0:39:53  time: 0.2671  data_time: 0.0111  memory: 18881  grad_norm: 0.4695  loss: 0.8214  decode.loss_ce: 0.0142  decode.acc_seg: 98.7674  aux.loss_skel_bce: 0.3933  aux.loss_skel_dice: 0.4140
04/01 14:37:15 - mmengine - INFO - Iter(train) [ 1200/10000]  base_lr: 7.4113e-05 lr: 7.4113e-05  eta: 0:39:47  time: 0.2654  data_time: 0.0107  memory: 18881  grad_norm: 1.0258  loss: 0.8354  decode.loss_ce: 0.0280  decode.acc_seg: 99.0601  aux.loss_skel_bce: 0.3934  aux.loss_skel_dice: 0.4140
04/01 14:37:20 - mmengine - INFO - Iter(train) [ 1220/10000]  base_lr: 7.3945e-05 lr: 7.3945e-05  eta: 0:39:41  time: 0.2662  data_time: 0.0109  memory: 18881  grad_norm: 0.2939  loss: 0.8187  decode.loss_ce: 0.0115  decode.acc_seg: 98.8550  aux.loss_skel_bce: 0.3933  aux.loss_skel_dice: 0.4139
04/01 14:37:26 - mmengine - INFO - Iter(train) [ 1240/10000]  base_lr: 7.3776e-05 lr: 7.3776e-05  eta: 0:39:35  time: 0.2654  data_time: 0.0105  memory: 18881  grad_norm: 0.3368  loss: 0.8191  decode.loss_ce: 0.0120  decode.acc_seg: 98.6171  aux.loss_skel_bce: 0.3917  aux.loss_skel_dice: 0.4154
04/01 14:37:31 - mmengine - INFO - Iter(train) [ 1260/10000]  base_lr: 7.3608e-05 lr: 7.3608e-05  eta: 0:39:28  time: 0.2657  data_time: 0.0107  memory: 18880  grad_norm: 0.4536  loss: 0.8206  decode.loss_ce: 0.0135  decode.acc_seg: 95.5482  aux.loss_skel_bce: 0.3925  aux.loss_skel_dice: 0.4146
04/01 14:37:36 - mmengine - INFO - Iter(train) [ 1280/10000]  base_lr: 7.3439e-05 lr: 7.3439e-05  eta: 0:39:22  time: 0.2666  data_time: 0.0108  memory: 18881  grad_norm: 0.2186  loss: 0.8173  decode.loss_ce: 0.0098  decode.acc_seg: 98.9100  aux.loss_skel_bce: 0.3938  aux.loss_skel_dice: 0.4137
04/01 14:37:42 - mmengine - INFO - Iter(train) [ 1300/10000]  base_lr: 7.3271e-05 lr: 7.3271e-05  eta: 0:39:16  time: 0.2666  data_time: 0.0108  memory: 18881  grad_norm: 0.3699  loss: 0.8268  decode.loss_ce: 0.0194  decode.acc_seg: 97.3002  aux.loss_skel_bce: 0.3937  aux.loss_skel_dice: 0.4137
04/01 14:37:47 - mmengine - INFO - Iter(train) [ 1320/10000]  base_lr: 7.3102e-05 lr: 7.3102e-05  eta: 0:39:10  time: 0.2665  data_time: 0.0110  memory: 18881  grad_norm: 0.2987  loss: 0.8183  decode.loss_ce: 0.0110  decode.acc_seg: 98.2725  aux.loss_skel_bce: 0.3924  aux.loss_skel_dice: 0.4149
04/01 14:37:52 - mmengine - INFO - Iter(train) [ 1340/10000]  base_lr: 7.2934e-05 lr: 7.2934e-05  eta: 0:39:04  time: 0.2663  data_time: 0.0108  memory: 18881  grad_norm: 0.5270  loss: 0.8230  decode.loss_ce: 0.0158  decode.acc_seg: 99.5228  aux.loss_skel_bce: 0.3934  aux.loss_skel_dice: 0.4138
04/01 14:37:58 - mmengine - INFO - Iter(train) [ 1360/10000]  base_lr: 7.2766e-05 lr: 7.2766e-05  eta: 0:38:58  time: 0.2672  data_time: 0.0112  memory: 18881  grad_norm: 0.3222  loss: 0.8192  decode.loss_ce: 0.0121  decode.acc_seg: 98.1137  aux.loss_skel_bce: 0.3921  aux.loss_skel_dice: 0.4150
04/01 14:38:03 - mmengine - INFO - Iter(train) [ 1380/10000]  base_lr: 7.2597e-05 lr: 7.2597e-05  eta: 0:38:52  time: 0.2652  data_time: 0.0108  memory: 18881  grad_norm: 0.5002  loss: 0.8167  decode.loss_ce: 0.0095  decode.acc_seg: 95.9656  aux.loss_skel_bce: 0.3925  aux.loss_skel_dice: 0.4146
04/01 14:38:08 - mmengine - INFO - Iter(train) [ 1400/10000]  base_lr: 7.2429e-05 lr: 7.2429e-05  eta: 0:38:46  time: 0.2661  data_time: 0.0109  memory: 18881  grad_norm: 0.2108  loss: 0.8138  decode.loss_ce: 0.0067  decode.acc_seg: 99.3410  aux.loss_skel_bce: 0.3927  aux.loss_skel_dice: 0.4143
04/01 14:38:14 - mmengine - INFO - Iter(train) [ 1420/10000]  base_lr: 7.2260e-05 lr: 7.2260e-05  eta: 0:38:40  time: 0.2660  data_time: 0.0108  memory: 18881  grad_norm: 0.3246  loss: 0.8199  decode.loss_ce: 0.0126  decode.acc_seg: 98.4855  aux.loss_skel_bce: 0.3929  aux.loss_skel_dice: 0.4144
04/01 14:38:19 - mmengine - INFO - Iter(train) [ 1440/10000]  base_lr: 7.2092e-05 lr: 7.2092e-05  eta: 0:38:34  time: 0.2670  data_time: 0.0111  memory: 18881  grad_norm: 0.9349  loss: 0.8217  decode.loss_ce: 0.0145  decode.acc_seg: 97.2842  aux.loss_skel_bce: 0.3924  aux.loss_skel_dice: 0.4148
04/01 14:38:24 - mmengine - INFO - Iter(train) [ 1460/10000]  base_lr: 7.1923e-05 lr: 7.1923e-05  eta: 0:38:29  time: 0.2660  data_time: 0.0111  memory: 18881  grad_norm: 1.1256  loss: 0.8350  decode.loss_ce: 0.0279  decode.acc_seg: 98.7027  aux.loss_skel_bce: 0.3926  aux.loss_skel_dice: 0.4144
04/01 14:38:30 - mmengine - INFO - Iter(train) [ 1480/10000]  base_lr: 7.1755e-05 lr: 7.1755e-05  eta: 0:38:23  time: 0.2661  data_time: 0.0108  memory: 18881  grad_norm: 0.2096  loss: 0.8159  decode.loss_ce: 0.0085  decode.acc_seg: 98.7778  aux.loss_skel_bce: 0.3931  aux.loss_skel_dice: 0.4144
04/01 14:38:35 - mmengine - INFO - Iter(train) [ 1500/10000]  base_lr: 7.1586e-05 lr: 7.1586e-05  eta: 0:38:17  time: 0.2654  data_time: 0.0107  memory: 18881  grad_norm: 0.4340  loss: 0.8167  decode.loss_ce: 0.0097  decode.acc_seg: 98.8231  aux.loss_skel_bce: 0.3917  aux.loss_skel_dice: 0.4153
04/01 14:38:35 - mmengine - INFO - Saving checkpoint at 1500 iterations
04/01 14:38:51 - mmengine - INFO - Iter(val) [ 20/281]    eta: 0:03:19  time: 0.7585  data_time: 0.3862  memory: 1598  
04/01 14:39:06 - mmengine - INFO - Iter(val) [ 40/281]    eta: 0:03:00  time: 0.3073  data_time: 0.1234  memory: 1598  
04/01 14:39:26 - mmengine - INFO - Iter(val) [ 60/281]    eta: 0:03:02  time: 0.6962  data_time: 0.5399  memory: 1598  
04/01 14:39:46 - mmengine - INFO - Iter(val) [ 80/281]    eta: 0:02:56  time: 1.1556  data_time: 0.7944  memory: 1598  
04/01 14:40:00 - mmengine - INFO - Iter(val) [100/281]    eta: 0:02:32  time: 0.8910  data_time: 0.5430  memory: 1598  
04/01 14:40:14 - mmengine - INFO - Iter(val) [120/281]    eta: 0:02:11  time: 0.5623  data_time: 0.2269  memory: 1598  
04/01 14:40:29 - mmengine - INFO - Iter(val) [140/281]    eta: 0:01:54  time: 0.2262  data_time: 0.0203  memory: 1598  
04/01 14:40:46 - mmengine - INFO - Iter(val) [160/281]    eta: 0:01:38  time: 0.7047  data_time: 0.3135  memory: 1598  
04/01 14:41:01 - mmengine - INFO - Iter(val) [180/281]    eta: 0:01:21  time: 0.9987  data_time: 0.6216  memory: 1598  
04/01 14:41:11 - mmengine - INFO - Iter(val) [200/281]    eta: 0:01:02  time: 0.3712  data_time: 0.1671  memory: 1598  
04/01 14:41:29 - mmengine - INFO - Iter(val) [220/281]    eta: 0:00:47  time: 0.8135  data_time: 0.4366  memory: 1598  
04/01 14:41:43 - mmengine - INFO - Iter(val) [240/281]    eta: 0:00:31  time: 0.4894  data_time: 0.1535  memory: 1598  
04/01 14:41:56 - mmengine - INFO - Iter(val) [260/281]    eta: 0:00:16  time: 0.5925  data_time: 0.3217  memory: 1592  
04/01 14:42:11 - mmengine - INFO - Iter(val) [280/281]    eta: 0:00:00  time: 0.4537  data_time: 0.1944  memory: 1598  
04/01 14:42:11 - mmengine - INFO - per class results:
04/01 14:42:11 - mmengine - INFO - 
+----------------+-------+-------+-------+--------+-----------+--------+
|     Class      |  IoU  |  Acc  |  Dice | Fscore | Precision | Recall |
+----------------+-------+-------+-------+--------+-----------+--------+
|   background   | 92.39 | 95.92 | 96.04 | 96.04  |   96.17   | 95.92  |
| tactile_paving | 61.11 | 76.47 | 75.86 | 75.86  |   75.25   | 76.47  |
+----------------+-------+-------+-------+--------+-----------+--------+
04/01 14:42:11 - mmengine - INFO - Iter(val) [281/281]    aAcc: 93.2000  mIoU: 76.7500  mAcc: 86.1900  mDice: 85.9500  mFscore: 85.9500  mPrecision: 85.7100  mRecall: 86.1900  data_time: 0.4280  time: 0.7620
04/01 14:42:11 - mmengine - INFO - The previous best checkpoint work_dirs/segformer_b2_tp_skel_stage2_4090_bs4_stable/ckpt/segformer_b2_tp_skel_stage2_4090_bs4_stable/best_mIoU_iter_1000.pth is removed
04/01 14:42:12 - mmengine - INFO - The best checkpoint with 76.7500 mIoU at 1500 iter is saved to best_mIoU_iter_1500.pth.
04/01 14:42:18 - mmengine - INFO - Iter(train) [ 1520/10000]  base_lr: 7.1418e-05 lr: 7.1418e-05  eta: 0:38:22  time: 0.2649  data_time: 0.0107  memory: 18881  grad_norm: 1.1200  loss: 0.8293  decode.loss_ce: 0.0219  decode.acc_seg: 98.2253  aux.loss_skel_bce: 0.3940  aux.loss_skel_dice: 0.4135
04/01 14:42:24 - mmengine - INFO - Iter(train) [ 1540/10000]  base_lr: 7.1250e-05 lr: 7.1250e-05  eta: 0:38:16  time: 0.2654  data_time: 0.0108  memory: 18881  grad_norm: 0.3977  loss: 0.8199  decode.loss_ce: 0.0126  decode.acc_seg: 99.3764  aux.loss_skel_bce: 0.3931  aux.loss_skel_dice: 0.4142
04/01 14:42:29 - mmengine - INFO - Iter(train) [ 1560/10000]  base_lr: 7.1081e-05 lr: 7.1081e-05  eta: 0:38:10  time: 0.2648  data_time: 0.0105  memory: 18881  grad_norm: 0.8310  loss: 0.8252  decode.loss_ce: 0.0178  decode.acc_seg: 98.8736  aux.loss_skel_bce: 0.3930  aux.loss_skel_dice: 0.4145
04/01 14:42:34 - mmengine - INFO - Iter(train) [ 1580/10000]  base_lr: 7.0913e-05 lr: 7.0913e-05  eta: 0:38:04  time: 0.2669  data_time: 0.0113  memory: 18881  grad_norm: 0.6485  loss: 0.8243  decode.loss_ce: 0.0169  decode.acc_seg: 98.9595  aux.loss_skel_bce: 0.3932  aux.loss_skel_dice: 0.4142
04/01 14:42:40 - mmengine - INFO - Iter(train) [ 1600/10000]  base_lr: 7.0744e-05 lr: 7.0744e-05  eta: 0:37:58  time: 0.2652  data_time: 0.0102  memory: 18881  grad_norm: 0.4248  loss: 0.8176  decode.loss_ce: 0.0103  decode.acc_seg: 95.4124  aux.loss_skel_bce: 0.3922  aux.loss_skel_dice: 0.4151
04/01 14:42:45 - mmengine - INFO - Iter(train) [ 1620/10000]  base_lr: 7.0576e-05 lr: 7.0576e-05  eta: 0:37:52  time: 0.2681  data_time: 0.0111  memory: 18881  grad_norm: 0.5160  loss: 0.8207  decode.loss_ce: 0.0137  decode.acc_seg: 99.4782  aux.loss_skel_bce: 0.3923  aux.loss_skel_dice: 0.4147
04/01 14:42:50 - mmengine - INFO - Iter(train) [ 1640/10000]  base_lr: 7.0407e-05 lr: 7.0407e-05  eta: 0:37:47  time: 0.2664  data_time: 0.0109  memory: 18881  grad_norm: 1.3148  loss: 0.8236  decode.loss_ce: 0.0165  decode.acc_seg: 98.9681  aux.loss_skel_bce: 0.3925  aux.loss_skel_dice: 0.4146
04/01 14:42:56 - mmengine - INFO - Iter(train) [ 1660/10000]  base_lr: 7.0239e-05 lr: 7.0239e-05  eta: 0:37:41  time: 0.2663  data_time: 0.0109  memory: 18881  grad_norm: 0.7206  loss: 0.8202  decode.loss_ce: 0.0124  decode.acc_seg: 99.5042  aux.loss_skel_bce: 0.3930  aux.loss_skel_dice: 0.4149
