03/31 21:27:45 - mmengine - INFO - 
------------------------------------------------------------
System environment:
    sys.platform: linux
    Python: 3.10.19 (main, Oct 21 2025, 16:43:05) [GCC 11.2.0]
    CUDA available: True
    MUSA available: False
    numpy_random_seed: 1689945774
    GPU 0: NVIDIA GeForce RTX 4090
    CUDA_HOME: /usr/local/cuda
    NVCC: Cuda compilation tools, release 11.8, V11.8.89
    GCC: gcc (Ubuntu 11.3.0-1ubuntu1~22.04) 11.3.0
    PyTorch: 2.1.2+cu118
    PyTorch compiling details: PyTorch built with:
  - GCC 9.3
  - C++ Version: 201703
  - Intel(R) oneAPI Math Kernel Library Version 2022.2-Product Build 20220804 for Intel(R) 64 architecture applications
  - Intel(R) MKL-DNN v3.1.1 (Git Hash 64f6bcbcbab628e96f33a62c3e975f8535a7bde4)
  - OpenMP 201511 (a.k.a. OpenMP 4.5)
  - LAPACK is enabled (usually provided by MKL)
  - NNPACK is enabled
  - CPU capability usage: AVX512
  - CUDA Runtime 11.8
  - NVCC architecture flags: -gencode;arch=compute_50,code=sm_50;-gencode;arch=compute_60,code=sm_60;-gencode;arch=compute_70,code=sm_70;-gencode;arch=compute_75,code=sm_75;-gencode;arch=compute_80,code=sm_80;-gencode;arch=compute_86,code=sm_86;-gencode;arch=compute_37,code=sm_37;-gencode;arch=compute_90,code=sm_90
  - CuDNN 8.7
  - Magma 2.6.1
  - Build settings: BLAS_INFO=mkl, BUILD_TYPE=Release, CUDA_VERSION=11.8, CUDNN_VERSION=8.7.0, CXX_COMPILER=/opt/rh/devtoolset-9/root/usr/bin/c++, CXX_FLAGS= -D_GLIBCXX_USE_CXX11_ABI=0 -fabi-version=11 -fvisibility-inlines-hidden -DUSE_PTHREADPOOL -DNDEBUG -DUSE_KINETO -DLIBKINETO_NOROCTRACER -DUSE_FBGEMM -DUSE_QNNPACK -DUSE_PYTORCH_QNNPACK -DUSE_XNNPACK -DSYMBOLICATE_MOBILE_DEBUG_HANDLE -O2 -fPIC -Wall -Wextra -Werror=return-type -Werror=non-virtual-dtor -Werror=bool-operation -Wnarrowing -Wno-missing-field-initializers -Wno-type-limits -Wno-array-bounds -Wno-unknown-pragmas -Wno-unused-parameter -Wno-unused-function -Wno-unused-result -Wno-strict-overflow -Wno-strict-aliasing -Wno-stringop-overflow -Wno-psabi -Wno-error=pedantic -Wno-error=old-style-cast -Wno-invalid-partial-specialization -Wno-unused-private-field -Wno-aligned-allocation-unavailable -Wno-missing-braces -fdiagnostics-color=always -faligned-new -Wno-unused-but-set-variable -Wno-maybe-uninitialized -fno-math-errno -fno-trapping-math -Werror=format -Werror=cast-function-type -Wno-stringop-overflow, LAPACK_INFO=mkl, PERF_WITH_AVX=1, PERF_WITH_AVX2=1, PERF_WITH_AVX512=1, TORCH_DISABLE_GPU_ASSERTS=ON, TORCH_VERSION=2.1.2, USE_CUDA=ON, USE_CUDNN=ON, USE_EXCEPTION_PTR=1, USE_GFLAGS=OFF, USE_GLOG=OFF, USE_MKL=ON, USE_MKLDNN=ON, USE_MPI=OFF, USE_NCCL=1, USE_NNPACK=ON, USE_OPENMP=ON, USE_ROCM=OFF, 

    TorchVision: 0.16.2+cu118
    OpenCV: 4.13.0
    MMEngine: 0.10.7

Runtime environment:
    cudnn_benchmark: True
    mp_cfg: {'mp_start_method': 'fork', 'opencv_num_threads': 0}
    dist_cfg: {'backend': 'nccl'}
    seed: 1689945774
    Distributed launcher: none
    Distributed training: False
    GPU number: 1
------------------------------------------------------------

03/31 21:27:46 - mmengine - INFO - Config:
checkpoint = 'https://download.openmmlab.com/mmsegmentation/v0.5/pretrain/segformer/mit_b2_20220624-66e8bf70.pth'
crop_size = (
    1024,
    1024,
)
custom_imports = dict(
    allow_failed_imports=False,
    imports=[
        'mmseg_ext.datasets',
        'mmseg_ext.transforms',
        'mmseg_ext.models',
        'mmseg_ext.models.tp_skeleton_head',
    ])
data_preprocessor = dict(
    bgr_to_rgb=True,
    mean=[
        123.675,
        116.28,
        103.53,
    ],
    pad_val=0,
    seg_pad_val=255,
    size=(
        1024,
        1024,
    ),
    std=[
        58.395,
        57.12,
        57.375,
    ],
    type='SegDataPreProcessor')
data_root = 'data/TP-Dataset'
dataset_type = 'TPDataset'
default_hooks = dict(
    checkpoint=dict(
        by_epoch=False,
        interval=500,
        max_keep_ckpts=20,
        out_dir='work_dirs/segformer_b2_tp_skel_stage2_4090_bs4/ckpt',
        rule='greater',
        save_best='mIoU',
        save_last=True,
        type='CheckpointHook'),
    logger=dict(interval=20, log_metric_by_epoch=False, type='LoggerHook'),
    param_scheduler=dict(type='ParamSchedulerHook'),
    sampler_seed=dict(type='DistSamplerSeedHook'),
    timer=dict(type='IterTimerHook'),
    visualization=dict(type='SegVisualizationHook'))
default_scope = 'mmseg'
env_cfg = dict(
    cudnn_benchmark=True,
    dist_cfg=dict(backend='nccl'),
    mp_cfg=dict(mp_start_method='fork', opencv_num_threads=0))
img_ratios = [
    0.5,
    0.75,
    1.0,
    1.25,
    1.5,
    1.75,
]
launcher = 'none'
load_from = None
log_level = 'INFO'
log_processor = dict(by_epoch=False)
model = dict(
    auxiliary_head=dict(
        channels=64,
        in_channels=128,
        in_index=1,
        input_transform=None,
        loss_bce=dict(
            loss_weight=1.0, type='CrossEntropyLoss', use_sigmoid=True),
        loss_dice=dict(loss_weight=1.0, type='DiceLoss', use_sigmoid=True),
        type='TPSkeletonHead'),
    backbone=dict(
        attn_drop_rate=0.0,
        drop_path_rate=0.1,
        drop_rate=0.0,
        embed_dims=64,
        in_channels=3,
        init_cfg=dict(
            checkpoint=
            'https://download.openmmlab.com/mmsegmentation/v0.5/pretrain/segformer/mit_b2_20220624-66e8bf70.pth',
            type='Pretrained'),
        mlp_ratio=4,
        num_heads=[
            1,
            2,
            5,
            8,
        ],
        num_layers=[
            3,
            4,
            6,
            3,
        ],
        num_stages=4,
        out_indices=(
            0,
            1,
            2,
            3,
        ),
        patch_sizes=[
            7,
            3,
            3,
            3,
        ],
        qkv_bias=True,
        sr_ratios=[
            8,
            4,
            2,
            1,
        ],
        type='MixVisionTransformer'),
    data_preprocessor=dict(
        bgr_to_rgb=True,
        mean=[
            123.675,
            116.28,
            103.53,
        ],
        pad_val=0,
        seg_pad_val=255,
        size=(
            1024,
            1024,
        ),
        std=[
            58.395,
            57.12,
            57.375,
        ],
        type='SegDataPreProcessor'),
    decode_head=dict(
        align_corners=False,
        channels=256,
        dropout_ratio=0.1,
        in_channels=[
            64,
            128,
            320,
            512,
        ],
        in_index=[
            0,
            1,
            2,
            3,
        ],
        loss_decode=dict(
            loss_weight=1.0, type='CrossEntropyLoss', use_sigmoid=False),
        norm_cfg=dict(requires_grad=True, type='SyncBN'),
        num_classes=2,
        type='SegformerHead'),
    pretrained=None,
    test_cfg=dict(crop_size=(
        1024,
        1024,
    ), mode='slide', stride=(
        768,
        768,
    )),
    train_cfg=dict(),
    type='EncoderDecoder')
norm_cfg = dict(requires_grad=True, type='SyncBN')
optim_wrapper = dict(
    loss_scale='dynamic',
    optimizer=dict(
        betas=(
            0.9,
            0.999,
        ), lr=0.00012, type='AdamW', weight_decay=0.01),
    paramwise_cfg=dict(
        custom_keys=dict(
            head=dict(lr_mult=10.0),
            norm=dict(decay_mult=0.0),
            pos_block=dict(decay_mult=0.0))),
    type='AmpOptimWrapper')
optimizer = dict(lr=0.01, momentum=0.9, type='SGD', weight_decay=0.0005)
param_scheduler = [
    dict(
        begin=0, by_epoch=False, end=1500, start_factor=1e-06,
        type='LinearLR'),
    dict(
        begin=1500,
        by_epoch=False,
        end=160000,
        eta_min=0.0,
        power=1.0,
        type='PolyLR'),
]
resume = True
test_cfg = dict(type='TestLoop')
test_dataloader = dict(
    batch_size=1,
    dataset=dict(
        ann_file='Index/val.txt',
        data_prefix=dict(img_path='JPEGImages', seg_map_path='GroundTruth'),
        data_root='data/TP-Dataset',
        pipeline=[
            dict(type='LoadImageFromFile'),
            dict(type='LoadAnnotations'),
            dict(mapping=dict({255: 1}), type='MapTPLabels'),
            dict(target_label=1, type='GenerateTPSkeleton'),
            dict(type='PackSegInputsWithSkeleton'),
        ],
        type='TPDataset'),
    num_workers=4,
    persistent_workers=True,
    sampler=dict(shuffle=False, type='DefaultSampler'))
test_evaluator = dict(
    iou_metrics=[
        'mIoU',
        'mDice',
        'mFscore',
    ], type='IoUMetric')
test_pipeline = [
    dict(type='LoadImageFromFile'),
    dict(type='LoadAnnotations'),
    dict(mapping=dict({255: 1}), type='MapTPLabels'),
    dict(target_label=1, type='GenerateTPSkeleton'),
    dict(type='PackSegInputsWithSkeleton'),
]
train_cfg = dict(max_iters=10000, type='IterBasedTrainLoop', val_interval=500)
train_dataloader = dict(
    batch_size=4,
    dataset=dict(
        ann_file='Index/train.txt',
        data_prefix=dict(img_path='JPEGImages', seg_map_path='GroundTruth'),
        data_root='data/TP-Dataset',
        pipeline=[
            dict(type='LoadImageFromFile'),
            dict(type='LoadAnnotations'),
            dict(mapping=dict({255: 1}), type='MapTPLabels'),
            dict(
                keep_ratio=True,
                ratio_range=(
                    0.5,
                    2.0,
                ),
                scale=(
                    1024,
                    1024,
                ),
                type='RandomResize'),
            dict(
                cat_max_ratio=0.75, crop_size=(
                    512,
                    512,
                ), type='RandomCrop'),
            dict(prob=0.5, type='RandomFlip'),
            dict(type='PhotoMetricDistortion'),
            dict(target_label=1, type='GenerateTPSkeleton'),
            dict(type='PackSegInputsWithSkeleton'),
        ],
        type='TPDataset'),
    num_workers=8,
    persistent_workers=True,
    sampler=dict(shuffle=True, type='InfiniteSampler'))
train_pipeline = [
    dict(type='LoadImageFromFile'),
    dict(type='LoadAnnotations'),
    dict(mapping=dict({255: 1}), type='MapTPLabels'),
    dict(
        keep_ratio=True,
        ratio_range=(
            0.5,
            2.0,
        ),
        scale=(
            1024,
            1024,
        ),
        type='RandomResize'),
    dict(cat_max_ratio=0.75, crop_size=(
        512,
        512,
    ), type='RandomCrop'),
    dict(prob=0.5, type='RandomFlip'),
    dict(type='PhotoMetricDistortion'),
    dict(target_label=1, type='GenerateTPSkeleton'),
    dict(type='PackSegInputsWithSkeleton'),
]
tta_model = dict(type='SegTTAModel')
tta_pipeline = [
    dict(backend_args=None, type='LoadImageFromFile'),
    dict(
        transforms=[
            [
                dict(keep_ratio=True, scale_factor=0.5, type='Resize'),
                dict(keep_ratio=True, scale_factor=0.75, type='Resize'),
                dict(keep_ratio=True, scale_factor=1.0, type='Resize'),
                dict(keep_ratio=True, scale_factor=1.25, type='Resize'),
                dict(keep_ratio=True, scale_factor=1.5, type='Resize'),
                dict(keep_ratio=True, scale_factor=1.75, type='Resize'),
            ],
            [
                dict(direction='horizontal', prob=0.0, type='RandomFlip'),
                dict(direction='horizontal', prob=1.0, type='RandomFlip'),
            ],
            [
                dict(type='LoadAnnotations'),
            ],
            [
                dict(type='PackSegInputs'),
            ],
        ],
        type='TestTimeAug'),
]
val_cfg = dict(type='ValLoop')
val_dataloader = dict(
    batch_size=1,
    dataset=dict(
        ann_file='Index/val.txt',
        data_prefix=dict(img_path='JPEGImages', seg_map_path='GroundTruth'),
        data_root='data/TP-Dataset',
        pipeline=[
            dict(type='LoadImageFromFile'),
            dict(type='LoadAnnotations'),
            dict(mapping=dict({255: 1}), type='MapTPLabels'),
            dict(target_label=1, type='GenerateTPSkeleton'),
            dict(type='PackSegInputsWithSkeleton'),
        ],
        type='TPDataset'),
    num_workers=4,
    persistent_workers=True,
    sampler=dict(shuffle=False, type='DefaultSampler'))
val_evaluator = dict(
    iou_metrics=[
        'mIoU',
        'mDice',
        'mFscore',
    ], type='IoUMetric')
val_pipeline = [
    dict(type='LoadImageFromFile'),
    dict(type='LoadAnnotations'),
    dict(mapping=dict({255: 1}), type='MapTPLabels'),
    dict(target_label=1, type='GenerateTPSkeleton'),
    dict(type='PackSegInputsWithSkeleton'),
]
vis_backends = [
    dict(type='LocalVisBackend'),
]
visualizer = dict(
    name='visualizer',
    type='SegLocalVisualizer',
    vis_backends=[
        dict(type='LocalVisBackend'),
    ])
work_dir = 'work_dirs/segformer_b2_tp_skel_stage2_4090_bs4'

/root/autodl-tmp/tactile_topo_seg/third_party/mmsegmentation/mmseg/models/decode_heads/decode_head.py:120: UserWarning: For binary segmentation, we suggest using`out_channels = 1` to define the outputchannels of segmentor, and use `threshold`to convert `seg_logits` into a predictionapplying a threshold
  warnings.warn('For binary segmentation, we suggest using'
/root/autodl-tmp/tactile_topo_seg/third_party/mmsegmentation/mmseg/models/losses/cross_entropy_loss.py:250: UserWarning: Default ``avg_non_ignore`` is False, if you would like to ignore the certain label and average loss over non-ignore labels, which is the same with PyTorch official cross_entropy, set ``avg_non_ignore=True``.
  warnings.warn(
/root/autodl-tmp/tactile_topo_seg/third_party/mmsegmentation/mmseg/models/decode_heads/decode_head.py:136: UserWarning: threshold is not defined for binary, and defaultsto 0.3
  warnings.warn('threshold is not defined for binary, and defaults'
03/31 21:27:47 - mmengine - INFO - Distributed training is not used, all SyncBatchNorm (SyncBN) layers in the model will be automatically reverted to BatchNormXd layers if they are used.
/root/autodl-tmp/tactile_topo_seg/third_party/mmsegmentation/mmseg/engine/hooks/visualization_hook.py:60: UserWarning: The draw is False, it means that the hook for visualization will not take effect. The results will NOT be visualized or stored.
  warnings.warn('The draw is False, it means that the '
03/31 21:27:47 - mmengine - INFO - Hooks will be executed in the following order:
before_run:
(VERY_HIGH   ) RuntimeInfoHook                    
(BELOW_NORMAL) LoggerHook                         
 -------------------- 
before_train:
(VERY_HIGH   ) RuntimeInfoHook                    
(NORMAL      ) IterTimerHook                      
(VERY_LOW    ) CheckpointHook                     
 -------------------- 
before_train_epoch:
(VERY_HIGH   ) RuntimeInfoHook                    
(NORMAL      ) IterTimerHook                      
(NORMAL      ) DistSamplerSeedHook                
 -------------------- 
before_train_iter:
(VERY_HIGH   ) RuntimeInfoHook                    
(NORMAL      ) IterTimerHook                      
 -------------------- 
after_train_iter:
(VERY_HIGH   ) RuntimeInfoHook                    
(NORMAL      ) IterTimerHook                      
(BELOW_NORMAL) LoggerHook                         
(LOW         ) ParamSchedulerHook                 
(VERY_LOW    ) CheckpointHook                     
 -------------------- 
after_train_epoch:
(NORMAL      ) IterTimerHook                      
(LOW         ) ParamSchedulerHook                 
(VERY_LOW    ) CheckpointHook                     
 -------------------- 
before_val:
(VERY_HIGH   ) RuntimeInfoHook                    
 -------------------- 
before_val_epoch:
(NORMAL      ) IterTimerHook                      
 -------------------- 
before_val_iter:
(NORMAL      ) IterTimerHook                      
 -------------------- 
after_val_iter:
(NORMAL      ) IterTimerHook                      
(NORMAL      ) SegVisualizationHook               
(BELOW_NORMAL) LoggerHook                         
 -------------------- 
after_val_epoch:
(VERY_HIGH   ) RuntimeInfoHook                    
(NORMAL      ) IterTimerHook                      
(BELOW_NORMAL) LoggerHook                         
(LOW         ) ParamSchedulerHook                 
(VERY_LOW    ) CheckpointHook                     
 -------------------- 
after_val:
(VERY_HIGH   ) RuntimeInfoHook                    
 -------------------- 
after_train:
(VERY_HIGH   ) RuntimeInfoHook                    
(VERY_LOW    ) CheckpointHook                     
 -------------------- 
before_test:
(VERY_HIGH   ) RuntimeInfoHook                    
 -------------------- 
before_test_epoch:
(NORMAL      ) IterTimerHook                      
 -------------------- 
before_test_iter:
(NORMAL      ) IterTimerHook                      
 -------------------- 
after_test_iter:
(NORMAL      ) IterTimerHook                      
(NORMAL      ) SegVisualizationHook               
(BELOW_NORMAL) LoggerHook                         
 -------------------- 
after_test_epoch:
(VERY_HIGH   ) RuntimeInfoHook                    
(NORMAL      ) IterTimerHook                      
(BELOW_NORMAL) LoggerHook                         
 -------------------- 
after_test:
(VERY_HIGH   ) RuntimeInfoHook                    
 -------------------- 
after_run:
(BELOW_NORMAL) LoggerHook                         
 -------------------- 
03/31 21:27:48 - mmengine - INFO - paramwise_options -- backbone.layers.0.0.norm.weight:lr=0.00012
03/31 21:27:48 - mmengine - INFO - paramwise_options -- backbone.layers.0.0.norm.weight:weight_decay=0.0
03/31 21:27:48 - mmengine - INFO - paramwise_options -- backbone.layers.0.0.norm.weight:decay_mult=0.0
03/31 21:27:48 - mmengine - INFO - paramwise_options -- backbone.layers.0.0.norm.bias:lr=0.00012
03/31 21:27:48 - mmengine - INFO - paramwise_options -- backbone.layers.0.0.norm.bias:weight_decay=0.0
03/31 21:27:48 - mmengine - INFO - paramwise_options -- backbone.layers.0.0.norm.bias:decay_mult=0.0
03/31 21:27:48 - mmengine - INFO - paramwise_options -- backbone.layers.0.1.0.norm1.weight:lr=0.00012
03/31 21:27:48 - mmengine - INFO - paramwise_options -- backbone.layers.0.1.0.norm1.weight:weight_decay=0.0
03/31 21:27:48 - mmengine - INFO - paramwise_options -- backbone.layers.0.1.0.norm1.weight:decay_mult=0.0
03/31 21:27:48 - mmengine - INFO - paramwise_options -- backbone.layers.0.1.0.norm1.bias:lr=0.00012
03/31 21:27:48 - mmengine - INFO - paramwise_options -- backbone.layers.0.1.0.norm1.bias:weight_decay=0.0
03/31 21:27:48 - mmengine - INFO - paramwise_options -- backbone.layers.0.1.0.norm1.bias:decay_mult=0.0
03/31 21:27:48 - mmengine - INFO - paramwise_options -- backbone.layers.0.1.0.attn.norm.weight:lr=0.00012
03/31 21:27:48 - mmengine - INFO - paramwise_options -- backbone.layers.0.1.0.attn.norm.weight:weight_decay=0.0
03/31 21:27:48 - mmengine - INFO - paramwise_options -- backbone.layers.0.1.0.attn.norm.weight:decay_mult=0.0
03/31 21:27:48 - mmengine - INFO - paramwise_options -- backbone.layers.0.1.0.attn.norm.bias:lr=0.00012
03/31 21:27:48 - mmengine - INFO - paramwise_options -- backbone.layers.0.1.0.attn.norm.bias:weight_decay=0.0
03/31 21:27:48 - mmengine - INFO - paramwise_options -- backbone.layers.0.1.0.attn.norm.bias:decay_mult=0.0
03/31 21:27:48 - mmengine - INFO - paramwise_options -- backbone.layers.0.1.0.norm2.weight:lr=0.00012
03/31 21:27:48 - mmengine - INFO - paramwise_options -- backbone.layers.0.1.0.norm2.weight:weight_decay=0.0
03/31 21:27:48 - mmengine - INFO - paramwise_options -- backbone.layers.0.1.0.norm2.weight:decay_mult=0.0
03/31 21:27:48 - mmengine - INFO - paramwise_options -- backbone.layers.0.1.0.norm2.bias:lr=0.00012
03/31 21:27:48 - mmengine - INFO - paramwise_options -- backbone.layers.0.1.0.norm2.bias:weight_decay=0.0
03/31 21:27:48 - mmengine - INFO - paramwise_options -- backbone.layers.0.1.0.norm2.bias:decay_mult=0.0
03/31 21:27:48 - mmengine - INFO - paramwise_options -- backbone.layers.0.1.1.norm1.weight:lr=0.00012
03/31 21:27:48 - mmengine - INFO - paramwise_options -- backbone.layers.0.1.1.norm1.weight:weight_decay=0.0
03/31 21:27:48 - mmengine - INFO - paramwise_options -- backbone.layers.0.1.1.norm1.weight:decay_mult=0.0
03/31 21:27:48 - mmengine - INFO - paramwise_options -- backbone.layers.0.1.1.norm1.bias:lr=0.00012
03/31 21:27:48 - mmengine - INFO - paramwise_options -- backbone.layers.0.1.1.norm1.bias:weight_decay=0.0
03/31 21:27:48 - mmengine - INFO - paramwise_options -- backbone.layers.0.1.1.norm1.bias:decay_mult=0.0
03/31 21:27:48 - mmengine - INFO - paramwise_options -- backbone.layers.0.1.1.attn.norm.weight:lr=0.00012
03/31 21:27:48 - mmengine - INFO - paramwise_options -- backbone.layers.0.1.1.attn.norm.weight:weight_decay=0.0
03/31 21:27:48 - mmengine - INFO - paramwise_options -- backbone.layers.0.1.1.attn.norm.weight:decay_mult=0.0
03/31 21:27:48 - mmengine - INFO - paramwise_options -- backbone.layers.0.1.1.attn.norm.bias:lr=0.00012
03/31 21:27:48 - mmengine - INFO - paramwise_options -- backbone.layers.0.1.1.attn.norm.bias:weight_decay=0.0
03/31 21:27:48 - mmengine - INFO - paramwise_options -- backbone.layers.0.1.1.attn.norm.bias:decay_mult=0.0
03/31 21:27:48 - mmengine - INFO - paramwise_options -- backbone.layers.0.1.1.norm2.weight:lr=0.00012
03/31 21:27:48 - mmengine - INFO - paramwise_options -- backbone.layers.0.1.1.norm2.weight:weight_decay=0.0
03/31 21:27:48 - mmengine - INFO - paramwise_options -- backbone.layers.0.1.1.norm2.weight:decay_mult=0.0
03/31 21:27:48 - mmengine - INFO - paramwise_options -- backbone.layers.0.1.1.norm2.bias:lr=0.00012
03/31 21:27:48 - mmengine - INFO - paramwise_options -- backbone.layers.0.1.1.norm2.bias:weight_decay=0.0
03/31 21:27:48 - mmengine - INFO - paramwise_options -- backbone.layers.0.1.1.norm2.bias:decay_mult=0.0
03/31 21:27:48 - mmengine - INFO - paramwise_options -- backbone.layers.0.1.2.norm1.weight:lr=0.00012
03/31 21:27:48 - mmengine - INFO - paramwise_options -- backbone.layers.0.1.2.norm1.weight:weight_decay=0.0
03/31 21:27:48 - mmengine - INFO - paramwise_options -- backbone.layers.0.1.2.norm1.weight:decay_mult=0.0
03/31 21:27:48 - mmengine - INFO - paramwise_options -- backbone.layers.0.1.2.norm1.bias:lr=0.00012
03/31 21:27:48 - mmengine - INFO - paramwise_options -- backbone.layers.0.1.2.norm1.bias:weight_decay=0.0
03/31 21:27:48 - mmengine - INFO - paramwise_options -- backbone.layers.0.1.2.norm1.bias:decay_mult=0.0
03/31 21:27:48 - mmengine - INFO - paramwise_options -- backbone.layers.0.1.2.attn.norm.weight:lr=0.00012
03/31 21:27:48 - mmengine - INFO - paramwise_options -- backbone.layers.0.1.2.attn.norm.weight:weight_decay=0.0
03/31 21:27:48 - mmengine - INFO - paramwise_options -- backbone.layers.0.1.2.attn.norm.weight:decay_mult=0.0
03/31 21:27:48 - mmengine - INFO - paramwise_options -- backbone.layers.0.1.2.attn.norm.bias:lr=0.00012
03/31 21:27:48 - mmengine - INFO - paramwise_options -- backbone.layers.0.1.2.attn.norm.bias:weight_decay=0.0
03/31 21:27:48 - mmengine - INFO - paramwise_options -- backbone.layers.0.1.2.attn.norm.bias:decay_mult=0.0
03/31 21:27:48 - mmengine - INFO - paramwise_options -- backbone.layers.0.1.2.norm2.weight:lr=0.00012
03/31 21:27:48 - mmengine - INFO - paramwise_options -- backbone.layers.0.1.2.norm2.weight:weight_decay=0.0
03/31 21:27:48 - mmengine - INFO - paramwise_options -- backbone.layers.0.1.2.norm2.weight:decay_mult=0.0
03/31 21:27:48 - mmengine - INFO - paramwise_options -- backbone.layers.0.1.2.norm2.bias:lr=0.00012
03/31 21:27:48 - mmengine - INFO - paramwise_options -- backbone.layers.0.1.2.norm2.bias:weight_decay=0.0
03/31 21:27:48 - mmengine - INFO - paramwise_options -- backbone.layers.0.1.2.norm2.bias:decay_mult=0.0
03/31 21:27:48 - mmengine - INFO - paramwise_options -- backbone.layers.1.0.norm.weight:lr=0.00012
03/31 21:27:48 - mmengine - INFO - paramwise_options -- backbone.layers.1.0.norm.weight:weight_decay=0.0
03/31 21:27:48 - mmengine - INFO - paramwise_options -- backbone.layers.1.0.norm.weight:decay_mult=0.0
03/31 21:27:48 - mmengine - INFO - paramwise_options -- backbone.layers.1.0.norm.bias:lr=0.00012
03/31 21:27:48 - mmengine - INFO - paramwise_options -- backbone.layers.1.0.norm.bias:weight_decay=0.0
03/31 21:27:48 - mmengine - INFO - paramwise_options -- backbone.layers.1.0.norm.bias:decay_mult=0.0
03/31 21:27:48 - mmengine - INFO - paramwise_options -- backbone.layers.1.1.0.norm1.weight:lr=0.00012
03/31 21:27:48 - mmengine - INFO - paramwise_options -- backbone.layers.1.1.0.norm1.weight:weight_decay=0.0
03/31 21:27:48 - mmengine - INFO - paramwise_options -- backbone.layers.1.1.0.norm1.weight:decay_mult=0.0
03/31 21:27:48 - mmengine - INFO - paramwise_options -- backbone.layers.1.1.0.norm1.bias:lr=0.00012
03/31 21:27:48 - mmengine - INFO - paramwise_options -- backbone.layers.1.1.0.norm1.bias:weight_decay=0.0
03/31 21:27:48 - mmengine - INFO - paramwise_options -- backbone.layers.1.1.0.norm1.bias:decay_mult=0.0
03/31 21:27:48 - mmengine - INFO - paramwise_options -- backbone.layers.1.1.0.attn.norm.weight:lr=0.00012
03/31 21:27:48 - mmengine - INFO - paramwise_options -- backbone.layers.1.1.0.attn.norm.weight:weight_decay=0.0
03/31 21:27:48 - mmengine - INFO - paramwise_options -- backbone.layers.1.1.0.attn.norm.weight:decay_mult=0.0
03/31 21:27:48 - mmengine - INFO - paramwise_options -- backbone.layers.1.1.0.attn.norm.bias:lr=0.00012
03/31 21:27:48 - mmengine - INFO - paramwise_options -- backbone.layers.1.1.0.attn.norm.bias:weight_decay=0.0
03/31 21:27:48 - mmengine - INFO - paramwise_options -- backbone.layers.1.1.0.attn.norm.bias:decay_mult=0.0
03/31 21:27:48 - mmengine - INFO - paramwise_options -- backbone.layers.1.1.0.norm2.weight:lr=0.00012
03/31 21:27:48 - mmengine - INFO - paramwise_options -- backbone.layers.1.1.0.norm2.weight:weight_decay=0.0
03/31 21:27:48 - mmengine - INFO - paramwise_options -- backbone.layers.1.1.0.norm2.weight:decay_mult=0.0
03/31 21:27:48 - mmengine - INFO - paramwise_options -- backbone.layers.1.1.0.norm2.bias:lr=0.00012
03/31 21:27:48 - mmengine - INFO - paramwise_options -- backbone.layers.1.1.0.norm2.bias:weight_decay=0.0
03/31 21:27:48 - mmengine - INFO - paramwise_options -- backbone.layers.1.1.0.norm2.bias:decay_mult=0.0
03/31 21:27:48 - mmengine - INFO - paramwise_options -- backbone.layers.1.1.1.norm1.weight:lr=0.00012
03/31 21:27:48 - mmengine - INFO - paramwise_options -- backbone.layers.1.1.1.norm1.weight:weight_decay=0.0
03/31 21:27:48 - mmengine - INFO - paramwise_options -- backbone.layers.1.1.1.norm1.weight:decay_mult=0.0
03/31 21:27:48 - mmengine - INFO - paramwise_options -- backbone.layers.1.1.1.norm1.bias:lr=0.00012
03/31 21:27:48 - mmengine - INFO - paramwise_options -- backbone.layers.1.1.1.norm1.bias:weight_decay=0.0
03/31 21:27:48 - mmengine - INFO - paramwise_options -- backbone.layers.1.1.1.norm1.bias:decay_mult=0.0
03/31 21:27:48 - mmengine - INFO - paramwise_options -- backbone.layers.1.1.1.attn.norm.weight:lr=0.00012
03/31 21:27:48 - mmengine - INFO - paramwise_options -- backbone.layers.1.1.1.attn.norm.weight:weight_decay=0.0
03/31 21:27:48 - mmengine - INFO - paramwise_options -- backbone.layers.1.1.1.attn.norm.weight:decay_mult=0.0
03/31 21:27:48 - mmengine - INFO - paramwise_options -- backbone.layers.1.1.1.attn.norm.bias:lr=0.00012
03/31 21:27:48 - mmengine - INFO - paramwise_options -- backbone.layers.1.1.1.attn.norm.bias:weight_decay=0.0
03/31 21:27:48 - mmengine - INFO - paramwise_options -- backbone.layers.1.1.1.attn.norm.bias:decay_mult=0.0
03/31 21:27:48 - mmengine - INFO - paramwise_options -- backbone.layers.1.1.1.norm2.weight:lr=0.00012
03/31 21:27:48 - mmengine - INFO - paramwise_options -- backbone.layers.1.1.1.norm2.weight:weight_decay=0.0
03/31 21:27:48 - mmengine - INFO - paramwise_options -- backbone.layers.1.1.1.norm2.weight:decay_mult=0.0
03/31 21:27:48 - mmengine - INFO - paramwise_options -- backbone.layers.1.1.1.norm2.bias:lr=0.00012
03/31 21:27:48 - mmengine - INFO - paramwise_options -- backbone.layers.1.1.1.norm2.bias:weight_decay=0.0
03/31 21:27:48 - mmengine - INFO - paramwise_options -- backbone.layers.1.1.1.norm2.bias:decay_mult=0.0
03/31 21:27:48 - mmengine - INFO - paramwise_options -- backbone.layers.1.1.2.norm1.weight:lr=0.00012
03/31 21:27:48 - mmengine - INFO - paramwise_options -- backbone.layers.1.1.2.norm1.weight:weight_decay=0.0
03/31 21:27:48 - mmengine - INFO - paramwise_options -- backbone.layers.1.1.2.norm1.weight:decay_mult=0.0
03/31 21:27:48 - mmengine - INFO - paramwise_options -- backbone.layers.1.1.2.norm1.bias:lr=0.00012
03/31 21:27:48 - mmengine - INFO - paramwise_options -- backbone.layers.1.1.2.norm1.bias:weight_decay=0.0
03/31 21:27:48 - mmengine - INFO - paramwise_options -- backbone.layers.1.1.2.norm1.bias:decay_mult=0.0
03/31 21:27:48 - mmengine - INFO - paramwise_options -- backbone.layers.1.1.2.attn.norm.weight:lr=0.00012
03/31 21:27:48 - mmengine - INFO - paramwise_options -- backbone.layers.1.1.2.attn.norm.weight:weight_decay=0.0
03/31 21:27:48 - mmengine - INFO - paramwise_options -- backbone.layers.1.1.2.attn.norm.weight:decay_mult=0.0
03/31 21:27:48 - mmengine - INFO - paramwise_options -- backbone.layers.1.1.2.attn.norm.bias:lr=0.00012
03/31 21:27:48 - mmengine - INFO - paramwise_options -- backbone.layers.1.1.2.attn.norm.bias:weight_decay=0.0
03/31 21:27:48 - mmengine - INFO - paramwise_options -- backbone.layers.1.1.2.attn.norm.bias:decay_mult=0.0
03/31 21:27:48 - mmengine - INFO - paramwise_options -- backbone.layers.1.1.2.norm2.weight:lr=0.00012
03/31 21:27:48 - mmengine - INFO - paramwise_options -- backbone.layers.1.1.2.norm2.weight:weight_decay=0.0
03/31 21:27:48 - mmengine - INFO - paramwise_options -- backbone.layers.1.1.2.norm2.weight:decay_mult=0.0
03/31 21:27:48 - mmengine - INFO - paramwise_options -- backbone.layers.1.1.2.norm2.bias:lr=0.00012
03/31 21:27:48 - mmengine - INFO - paramwise_options -- backbone.layers.1.1.2.norm2.bias:weight_decay=0.0
03/31 21:27:48 - mmengine - INFO - paramwise_options -- backbone.layers.1.1.2.norm2.bias:decay_mult=0.0
03/31 21:27:48 - mmengine - INFO - paramwise_options -- backbone.layers.1.1.3.norm1.weight:lr=0.00012
03/31 21:27:48 - mmengine - INFO - paramwise_options -- backbone.layers.1.1.3.norm1.weight:weight_decay=0.0
03/31 21:27:48 - mmengine - INFO - paramwise_options -- backbone.layers.1.1.3.norm1.weight:decay_mult=0.0
03/31 21:27:48 - mmengine - INFO - paramwise_options -- backbone.layers.1.1.3.norm1.bias:lr=0.00012
03/31 21:27:48 - mmengine - INFO - paramwise_options -- backbone.layers.1.1.3.norm1.bias:weight_decay=0.0
03/31 21:27:48 - mmengine - INFO - paramwise_options -- backbone.layers.1.1.3.norm1.bias:decay_mult=0.0
03/31 21:27:48 - mmengine - INFO - paramwise_options -- backbone.layers.1.1.3.attn.norm.weight:lr=0.00012
03/31 21:27:48 - mmengine - INFO - paramwise_options -- backbone.layers.1.1.3.attn.norm.weight:weight_decay=0.0
03/31 21:27:48 - mmengine - INFO - paramwise_options -- backbone.layers.1.1.3.attn.norm.weight:decay_mult=0.0
03/31 21:27:48 - mmengine - INFO - paramwise_options -- backbone.layers.1.1.3.attn.norm.bias:lr=0.00012
03/31 21:27:48 - mmengine - INFO - paramwise_options -- backbone.layers.1.1.3.attn.norm.bias:weight_decay=0.0
03/31 21:27:48 - mmengine - INFO - paramwise_options -- backbone.layers.1.1.3.attn.norm.bias:decay_mult=0.0
03/31 21:27:48 - mmengine - INFO - paramwise_options -- backbone.layers.1.1.3.norm2.weight:lr=0.00012
03/31 21:27:48 - mmengine - INFO - paramwise_options -- backbone.layers.1.1.3.norm2.weight:weight_decay=0.0
03/31 21:27:48 - mmengine - INFO - paramwise_options -- backbone.layers.1.1.3.norm2.weight:decay_mult=0.0
03/31 21:27:48 - mmengine - INFO - paramwise_options -- backbone.layers.1.1.3.norm2.bias:lr=0.00012
03/31 21:27:48 - mmengine - INFO - paramwise_options -- backbone.layers.1.1.3.norm2.bias:weight_decay=0.0
03/31 21:27:48 - mmengine - INFO - paramwise_options -- backbone.layers.1.1.3.norm2.bias:decay_mult=0.0
03/31 21:27:48 - mmengine - INFO - paramwise_options -- backbone.layers.2.0.norm.weight:lr=0.00012
03/31 21:27:48 - mmengine - INFO - paramwise_options -- backbone.layers.2.0.norm.weight:weight_decay=0.0
03/31 21:27:48 - mmengine - INFO - paramwise_options -- backbone.layers.2.0.norm.weight:decay_mult=0.0
03/31 21:27:48 - mmengine - INFO - paramwise_options -- backbone.layers.2.0.norm.bias:lr=0.00012
03/31 21:27:48 - mmengine - INFO - paramwise_options -- backbone.layers.2.0.norm.bias:weight_decay=0.0
03/31 21:27:48 - mmengine - INFO - paramwise_options -- backbone.layers.2.0.norm.bias:decay_mult=0.0
03/31 21:27:48 - mmengine - INFO - paramwise_options -- backbone.layers.2.1.0.norm1.weight:lr=0.00012
03/31 21:27:48 - mmengine - INFO - paramwise_options -- backbone.layers.2.1.0.norm1.weight:weight_decay=0.0
03/31 21:27:48 - mmengine - INFO - paramwise_options -- backbone.layers.2.1.0.norm1.weight:decay_mult=0.0
03/31 21:27:48 - mmengine - INFO - paramwise_options -- backbone.layers.2.1.0.norm1.bias:lr=0.00012
03/31 21:27:48 - mmengine - INFO - paramwise_options -- backbone.layers.2.1.0.norm1.bias:weight_decay=0.0
03/31 21:27:48 - mmengine - INFO - paramwise_options -- backbone.layers.2.1.0.norm1.bias:decay_mult=0.0
03/31 21:27:48 - mmengine - INFO - paramwise_options -- backbone.layers.2.1.0.attn.norm.weight:lr=0.00012
03/31 21:27:48 - mmengine - INFO - paramwise_options -- backbone.layers.2.1.0.attn.norm.weight:weight_decay=0.0
03/31 21:27:48 - mmengine - INFO - paramwise_options -- backbone.layers.2.1.0.attn.norm.weight:decay_mult=0.0
03/31 21:27:48 - mmengine - INFO - paramwise_options -- backbone.layers.2.1.0.attn.norm.bias:lr=0.00012
03/31 21:27:48 - mmengine - INFO - paramwise_options -- backbone.layers.2.1.0.attn.norm.bias:weight_decay=0.0
03/31 21:27:48 - mmengine - INFO - paramwise_options -- backbone.layers.2.1.0.attn.norm.bias:decay_mult=0.0
03/31 21:27:48 - mmengine - INFO - paramwise_options -- backbone.layers.2.1.0.norm2.weight:lr=0.00012
03/31 21:27:48 - mmengine - INFO - paramwise_options -- backbone.layers.2.1.0.norm2.weight:weight_decay=0.0
03/31 21:27:48 - mmengine - INFO - paramwise_options -- backbone.layers.2.1.0.norm2.weight:decay_mult=0.0
03/31 21:27:48 - mmengine - INFO - paramwise_options -- backbone.layers.2.1.0.norm2.bias:lr=0.00012
03/31 21:27:48 - mmengine - INFO - paramwise_options -- backbone.layers.2.1.0.norm2.bias:weight_decay=0.0
03/31 21:27:48 - mmengine - INFO - paramwise_options -- backbone.layers.2.1.0.norm2.bias:decay_mult=0.0
03/31 21:27:48 - mmengine - INFO - paramwise_options -- backbone.layers.2.1.1.norm1.weight:lr=0.00012
03/31 21:27:48 - mmengine - INFO - paramwise_options -- backbone.layers.2.1.1.norm1.weight:weight_decay=0.0
03/31 21:27:48 - mmengine - INFO - paramwise_options -- backbone.layers.2.1.1.norm1.weight:decay_mult=0.0
03/31 21:27:48 - mmengine - INFO - paramwise_options -- backbone.layers.2.1.1.norm1.bias:lr=0.00012
03/31 21:27:48 - mmengine - INFO - paramwise_options -- backbone.layers.2.1.1.norm1.bias:weight_decay=0.0
03/31 21:27:48 - mmengine - INFO - paramwise_options -- backbone.layers.2.1.1.norm1.bias:decay_mult=0.0
03/31 21:27:48 - mmengine - INFO - paramwise_options -- backbone.layers.2.1.1.attn.norm.weight:lr=0.00012
03/31 21:27:48 - mmengine - INFO - paramwise_options -- backbone.layers.2.1.1.attn.norm.weight:weight_decay=0.0
03/31 21:27:48 - mmengine - INFO - paramwise_options -- backbone.layers.2.1.1.attn.norm.weight:decay_mult=0.0
03/31 21:27:48 - mmengine - INFO - paramwise_options -- backbone.layers.2.1.1.attn.norm.bias:lr=0.00012
03/31 21:27:48 - mmengine - INFO - paramwise_options -- backbone.layers.2.1.1.attn.norm.bias:weight_decay=0.0
03/31 21:27:48 - mmengine - INFO - paramwise_options -- backbone.layers.2.1.1.attn.norm.bias:decay_mult=0.0
03/31 21:27:48 - mmengine - INFO - paramwise_options -- backbone.layers.2.1.1.norm2.weight:lr=0.00012
03/31 21:27:48 - mmengine - INFO - paramwise_options -- backbone.layers.2.1.1.norm2.weight:weight_decay=0.0
03/31 21:27:48 - mmengine - INFO - paramwise_options -- backbone.layers.2.1.1.norm2.weight:decay_mult=0.0
03/31 21:27:48 - mmengine - INFO - paramwise_options -- backbone.layers.2.1.1.norm2.bias:lr=0.00012
03/31 21:27:48 - mmengine - INFO - paramwise_options -- backbone.layers.2.1.1.norm2.bias:weight_decay=0.0
03/31 21:27:48 - mmengine - INFO - paramwise_options -- backbone.layers.2.1.1.norm2.bias:decay_mult=0.0
03/31 21:27:48 - mmengine - INFO - paramwise_options -- backbone.layers.2.1.2.norm1.weight:lr=0.00012
03/31 21:27:48 - mmengine - INFO - paramwise_options -- backbone.layers.2.1.2.norm1.weight:weight_decay=0.0
03/31 21:27:48 - mmengine - INFO - paramwise_options -- backbone.layers.2.1.2.norm1.weight:decay_mult=0.0
03/31 21:27:48 - mmengine - INFO - paramwise_options -- backbone.layers.2.1.2.norm1.bias:lr=0.00012
03/31 21:27:48 - mmengine - INFO - paramwise_options -- backbone.layers.2.1.2.norm1.bias:weight_decay=0.0
03/31 21:27:48 - mmengine - INFO - paramwise_options -- backbone.layers.2.1.2.norm1.bias:decay_mult=0.0
03/31 21:27:48 - mmengine - INFO - paramwise_options -- backbone.layers.2.1.2.attn.norm.weight:lr=0.00012
03/31 21:27:48 - mmengine - INFO - paramwise_options -- backbone.layers.2.1.2.attn.norm.weight:weight_decay=0.0
03/31 21:27:48 - mmengine - INFO - paramwise_options -- backbone.layers.2.1.2.attn.norm.weight:decay_mult=0.0
03/31 21:27:48 - mmengine - INFO - paramwise_options -- backbone.layers.2.1.2.attn.norm.bias:lr=0.00012
03/31 21:27:48 - mmengine - INFO - paramwise_options -- backbone.layers.2.1.2.attn.norm.bias:weight_decay=0.0
03/31 21:27:48 - mmengine - INFO - paramwise_options -- backbone.layers.2.1.2.attn.norm.bias:decay_mult=0.0
03/31 21:27:48 - mmengine - INFO - paramwise_options -- backbone.layers.2.1.2.norm2.weight:lr=0.00012
03/31 21:27:48 - mmengine - INFO - paramwise_options -- backbone.layers.2.1.2.norm2.weight:weight_decay=0.0
03/31 21:27:48 - mmengine - INFO - paramwise_options -- backbone.layers.2.1.2.norm2.weight:decay_mult=0.0
03/31 21:27:48 - mmengine - INFO - paramwise_options -- backbone.layers.2.1.2.norm2.bias:lr=0.00012
03/31 21:27:48 - mmengine - INFO - paramwise_options -- backbone.layers.2.1.2.norm2.bias:weight_decay=0.0
03/31 21:27:48 - mmengine - INFO - paramwise_options -- backbone.layers.2.1.2.norm2.bias:decay_mult=0.0
03/31 21:27:48 - mmengine - INFO - paramwise_options -- backbone.layers.2.1.3.norm1.weight:lr=0.00012
03/31 21:27:48 - mmengine - INFO - paramwise_options -- backbone.layers.2.1.3.norm1.weight:weight_decay=0.0
03/31 21:27:48 - mmengine - INFO - paramwise_options -- backbone.layers.2.1.3.norm1.weight:decay_mult=0.0
03/31 21:27:48 - mmengine - INFO - paramwise_options -- backbone.layers.2.1.3.norm1.bias:lr=0.00012
03/31 21:27:48 - mmengine - INFO - paramwise_options -- backbone.layers.2.1.3.norm1.bias:weight_decay=0.0
03/31 21:27:48 - mmengine - INFO - paramwise_options -- backbone.layers.2.1.3.norm1.bias:decay_mult=0.0
03/31 21:27:48 - mmengine - INFO - paramwise_options -- backbone.layers.2.1.3.attn.norm.weight:lr=0.00012
03/31 21:27:48 - mmengine - INFO - paramwise_options -- backbone.layers.2.1.3.attn.norm.weight:weight_decay=0.0
03/31 21:27:48 - mmengine - INFO - paramwise_options -- backbone.layers.2.1.3.attn.norm.weight:decay_mult=0.0
03/31 21:27:48 - mmengine - INFO - paramwise_options -- backbone.layers.2.1.3.attn.norm.bias:lr=0.00012
03/31 21:27:48 - mmengine - INFO - paramwise_options -- backbone.layers.2.1.3.attn.norm.bias:weight_decay=0.0
03/31 21:27:48 - mmengine - INFO - paramwise_options -- backbone.layers.2.1.3.attn.norm.bias:decay_mult=0.0
03/31 21:27:48 - mmengine - INFO - paramwise_options -- backbone.layers.2.1.3.norm2.weight:lr=0.00012
03/31 21:27:48 - mmengine - INFO - paramwise_options -- backbone.layers.2.1.3.norm2.weight:weight_decay=0.0
03/31 21:27:48 - mmengine - INFO - paramwise_options -- backbone.layers.2.1.3.norm2.weight:decay_mult=0.0
03/31 21:27:48 - mmengine - INFO - paramwise_options -- backbone.layers.2.1.3.norm2.bias:lr=0.00012
03/31 21:27:48 - mmengine - INFO - paramwise_options -- backbone.layers.2.1.3.norm2.bias:weight_decay=0.0
03/31 21:27:48 - mmengine - INFO - paramwise_options -- backbone.layers.2.1.3.norm2.bias:decay_mult=0.0
03/31 21:27:48 - mmengine - INFO - paramwise_options -- backbone.layers.2.1.4.norm1.weight:lr=0.00012
03/31 21:27:48 - mmengine - INFO - paramwise_options -- backbone.layers.2.1.4.norm1.weight:weight_decay=0.0
03/31 21:27:48 - mmengine - INFO - paramwise_options -- backbone.layers.2.1.4.norm1.weight:decay_mult=0.0
03/31 21:27:48 - mmengine - INFO - paramwise_options -- backbone.layers.2.1.4.norm1.bias:lr=0.00012
03/31 21:27:48 - mmengine - INFO - paramwise_options -- backbone.layers.2.1.4.norm1.bias:weight_decay=0.0
03/31 21:27:48 - mmengine - INFO - paramwise_options -- backbone.layers.2.1.4.norm1.bias:decay_mult=0.0
03/31 21:27:48 - mmengine - INFO - paramwise_options -- backbone.layers.2.1.4.attn.norm.weight:lr=0.00012
03/31 21:27:48 - mmengine - INFO - paramwise_options -- backbone.layers.2.1.4.attn.norm.weight:weight_decay=0.0
03/31 21:27:48 - mmengine - INFO - paramwise_options -- backbone.layers.2.1.4.attn.norm.weight:decay_mult=0.0
03/31 21:27:48 - mmengine - INFO - paramwise_options -- backbone.layers.2.1.4.attn.norm.bias:lr=0.00012
03/31 21:27:48 - mmengine - INFO - paramwise_options -- backbone.layers.2.1.4.attn.norm.bias:weight_decay=0.0
03/31 21:27:48 - mmengine - INFO - paramwise_options -- backbone.layers.2.1.4.attn.norm.bias:decay_mult=0.0
03/31 21:27:48 - mmengine - INFO - paramwise_options -- backbone.layers.2.1.4.norm2.weight:lr=0.00012
03/31 21:27:48 - mmengine - INFO - paramwise_options -- backbone.layers.2.1.4.norm2.weight:weight_decay=0.0
03/31 21:27:48 - mmengine - INFO - paramwise_options -- backbone.layers.2.1.4.norm2.weight:decay_mult=0.0
03/31 21:27:48 - mmengine - INFO - paramwise_options -- backbone.layers.2.1.4.norm2.bias:lr=0.00012
03/31 21:27:48 - mmengine - INFO - paramwise_options -- backbone.layers.2.1.4.norm2.bias:weight_decay=0.0
03/31 21:27:48 - mmengine - INFO - paramwise_options -- backbone.layers.2.1.4.norm2.bias:decay_mult=0.0
03/31 21:27:48 - mmengine - INFO - paramwise_options -- backbone.layers.2.1.5.norm1.weight:lr=0.00012
03/31 21:27:48 - mmengine - INFO - paramwise_options -- backbone.layers.2.1.5.norm1.weight:weight_decay=0.0
03/31 21:27:48 - mmengine - INFO - paramwise_options -- backbone.layers.2.1.5.norm1.weight:decay_mult=0.0
03/31 21:27:48 - mmengine - INFO - paramwise_options -- backbone.layers.2.1.5.norm1.bias:lr=0.00012
03/31 21:27:48 - mmengine - INFO - paramwise_options -- backbone.layers.2.1.5.norm1.bias:weight_decay=0.0
03/31 21:27:48 - mmengine - INFO - paramwise_options -- backbone.layers.2.1.5.norm1.bias:decay_mult=0.0
03/31 21:27:48 - mmengine - INFO - paramwise_options -- backbone.layers.2.1.5.attn.norm.weight:lr=0.00012
03/31 21:27:48 - mmengine - INFO - paramwise_options -- backbone.layers.2.1.5.attn.norm.weight:weight_decay=0.0
03/31 21:27:48 - mmengine - INFO - paramwise_options -- backbone.layers.2.1.5.attn.norm.weight:decay_mult=0.0
03/31 21:27:48 - mmengine - INFO - paramwise_options -- backbone.layers.2.1.5.attn.norm.bias:lr=0.00012
03/31 21:27:48 - mmengine - INFO - paramwise_options -- backbone.layers.2.1.5.attn.norm.bias:weight_decay=0.0
03/31 21:27:48 - mmengine - INFO - paramwise_options -- backbone.layers.2.1.5.attn.norm.bias:decay_mult=0.0
03/31 21:27:48 - mmengine - INFO - paramwise_options -- backbone.layers.2.1.5.norm2.weight:lr=0.00012
03/31 21:27:48 - mmengine - INFO - paramwise_options -- backbone.layers.2.1.5.norm2.weight:weight_decay=0.0
03/31 21:27:48 - mmengine - INFO - paramwise_options -- backbone.layers.2.1.5.norm2.weight:decay_mult=0.0
03/31 21:27:48 - mmengine - INFO - paramwise_options -- backbone.layers.2.1.5.norm2.bias:lr=0.00012
03/31 21:27:48 - mmengine - INFO - paramwise_options -- backbone.layers.2.1.5.norm2.bias:weight_decay=0.0
03/31 21:27:48 - mmengine - INFO - paramwise_options -- backbone.layers.2.1.5.norm2.bias:decay_mult=0.0
03/31 21:27:48 - mmengine - INFO - paramwise_options -- backbone.layers.3.0.norm.weight:lr=0.00012
03/31 21:27:48 - mmengine - INFO - paramwise_options -- backbone.layers.3.0.norm.weight:weight_decay=0.0
03/31 21:27:48 - mmengine - INFO - paramwise_options -- backbone.layers.3.0.norm.weight:decay_mult=0.0
03/31 21:27:48 - mmengine - INFO - paramwise_options -- backbone.layers.3.0.norm.bias:lr=0.00012
03/31 21:27:48 - mmengine - INFO - paramwise_options -- backbone.layers.3.0.norm.bias:weight_decay=0.0
03/31 21:27:48 - mmengine - INFO - paramwise_options -- backbone.layers.3.0.norm.bias:decay_mult=0.0
03/31 21:27:48 - mmengine - INFO - paramwise_options -- backbone.layers.3.1.0.norm1.weight:lr=0.00012
03/31 21:27:48 - mmengine - INFO - paramwise_options -- backbone.layers.3.1.0.norm1.weight:weight_decay=0.0
03/31 21:27:48 - mmengine - INFO - paramwise_options -- backbone.layers.3.1.0.norm1.weight:decay_mult=0.0
03/31 21:27:48 - mmengine - INFO - paramwise_options -- backbone.layers.3.1.0.norm1.bias:lr=0.00012
03/31 21:27:48 - mmengine - INFO - paramwise_options -- backbone.layers.3.1.0.norm1.bias:weight_decay=0.0
03/31 21:27:48 - mmengine - INFO - paramwise_options -- backbone.layers.3.1.0.norm1.bias:decay_mult=0.0
03/31 21:27:48 - mmengine - INFO - paramwise_options -- backbone.layers.3.1.0.norm2.weight:lr=0.00012
03/31 21:27:48 - mmengine - INFO - paramwise_options -- backbone.layers.3.1.0.norm2.weight:weight_decay=0.0
03/31 21:27:48 - mmengine - INFO - paramwise_options -- backbone.layers.3.1.0.norm2.weight:decay_mult=0.0
03/31 21:27:48 - mmengine - INFO - paramwise_options -- backbone.layers.3.1.0.norm2.bias:lr=0.00012
03/31 21:27:48 - mmengine - INFO - paramwise_options -- backbone.layers.3.1.0.norm2.bias:weight_decay=0.0
03/31 21:27:48 - mmengine - INFO - paramwise_options -- backbone.layers.3.1.0.norm2.bias:decay_mult=0.0
03/31 21:27:48 - mmengine - INFO - paramwise_options -- backbone.layers.3.1.1.norm1.weight:lr=0.00012
03/31 21:27:48 - mmengine - INFO - paramwise_options -- backbone.layers.3.1.1.norm1.weight:weight_decay=0.0
03/31 21:27:48 - mmengine - INFO - paramwise_options -- backbone.layers.3.1.1.norm1.weight:decay_mult=0.0
03/31 21:27:48 - mmengine - INFO - paramwise_options -- backbone.layers.3.1.1.norm1.bias:lr=0.00012
03/31 21:27:48 - mmengine - INFO - paramwise_options -- backbone.layers.3.1.1.norm1.bias:weight_decay=0.0
03/31 21:27:48 - mmengine - INFO - paramwise_options -- backbone.layers.3.1.1.norm1.bias:decay_mult=0.0
03/31 21:27:48 - mmengine - INFO - paramwise_options -- backbone.layers.3.1.1.norm2.weight:lr=0.00012
03/31 21:27:48 - mmengine - INFO - paramwise_options -- backbone.layers.3.1.1.norm2.weight:weight_decay=0.0
03/31 21:27:48 - mmengine - INFO - paramwise_options -- backbone.layers.3.1.1.norm2.weight:decay_mult=0.0
03/31 21:27:48 - mmengine - INFO - paramwise_options -- backbone.layers.3.1.1.norm2.bias:lr=0.00012
03/31 21:27:48 - mmengine - INFO - paramwise_options -- backbone.layers.3.1.1.norm2.bias:weight_decay=0.0
03/31 21:27:48 - mmengine - INFO - paramwise_options -- backbone.layers.3.1.1.norm2.bias:decay_mult=0.0
03/31 21:27:48 - mmengine - INFO - paramwise_options -- backbone.layers.3.1.2.norm1.weight:lr=0.00012
03/31 21:27:48 - mmengine - INFO - paramwise_options -- backbone.layers.3.1.2.norm1.weight:weight_decay=0.0
03/31 21:27:48 - mmengine - INFO - paramwise_options -- backbone.layers.3.1.2.norm1.weight:decay_mult=0.0
03/31 21:27:48 - mmengine - INFO - paramwise_options -- backbone.layers.3.1.2.norm1.bias:lr=0.00012
03/31 21:27:48 - mmengine - INFO - paramwise_options -- backbone.layers.3.1.2.norm1.bias:weight_decay=0.0
03/31 21:27:48 - mmengine - INFO - paramwise_options -- backbone.layers.3.1.2.norm1.bias:decay_mult=0.0
03/31 21:27:48 - mmengine - INFO - paramwise_options -- backbone.layers.3.1.2.norm2.weight:lr=0.00012
03/31 21:27:48 - mmengine - INFO - paramwise_options -- backbone.layers.3.1.2.norm2.weight:weight_decay=0.0
03/31 21:27:48 - mmengine - INFO - paramwise_options -- backbone.layers.3.1.2.norm2.weight:decay_mult=0.0
03/31 21:27:48 - mmengine - INFO - paramwise_options -- backbone.layers.3.1.2.norm2.bias:lr=0.00012
03/31 21:27:48 - mmengine - INFO - paramwise_options -- backbone.layers.3.1.2.norm2.bias:weight_decay=0.0
03/31 21:27:48 - mmengine - INFO - paramwise_options -- backbone.layers.3.1.2.norm2.bias:decay_mult=0.0
03/31 21:27:48 - mmengine - INFO - paramwise_options -- decode_head.conv_seg.weight:lr=0.0012000000000000001
03/31 21:27:48 - mmengine - INFO - paramwise_options -- decode_head.conv_seg.weight:weight_decay=0.01
03/31 21:27:48 - mmengine - INFO - paramwise_options -- decode_head.conv_seg.weight:lr_mult=10.0
03/31 21:27:48 - mmengine - INFO - paramwise_options -- decode_head.conv_seg.bias:lr=0.0012000000000000001
03/31 21:27:48 - mmengine - INFO - paramwise_options -- decode_head.conv_seg.bias:weight_decay=0.01
03/31 21:27:48 - mmengine - INFO - paramwise_options -- decode_head.conv_seg.bias:lr_mult=10.0
03/31 21:27:48 - mmengine - INFO - paramwise_options -- decode_head.convs.0.conv.weight:lr=0.0012000000000000001
03/31 21:27:48 - mmengine - INFO - paramwise_options -- decode_head.convs.0.conv.weight:weight_decay=0.01
03/31 21:27:48 - mmengine - INFO - paramwise_options -- decode_head.convs.0.conv.weight:lr_mult=10.0
03/31 21:27:48 - mmengine - INFO - paramwise_options -- decode_head.convs.0.bn.weight:lr=0.0012000000000000001
03/31 21:27:48 - mmengine - INFO - paramwise_options -- decode_head.convs.0.bn.weight:weight_decay=0.01
03/31 21:27:48 - mmengine - INFO - paramwise_options -- decode_head.convs.0.bn.weight:lr_mult=10.0
03/31 21:27:48 - mmengine - INFO - paramwise_options -- decode_head.convs.0.bn.bias:lr=0.0012000000000000001
03/31 21:27:48 - mmengine - INFO - paramwise_options -- decode_head.convs.0.bn.bias:weight_decay=0.01
03/31 21:27:48 - mmengine - INFO - paramwise_options -- decode_head.convs.0.bn.bias:lr_mult=10.0
03/31 21:27:48 - mmengine - INFO - paramwise_options -- decode_head.convs.1.conv.weight:lr=0.0012000000000000001
03/31 21:27:48 - mmengine - INFO - paramwise_options -- decode_head.convs.1.conv.weight:weight_decay=0.01
03/31 21:27:48 - mmengine - INFO - paramwise_options -- decode_head.convs.1.conv.weight:lr_mult=10.0
03/31 21:27:48 - mmengine - INFO - paramwise_options -- decode_head.convs.1.bn.weight:lr=0.0012000000000000001
03/31 21:27:48 - mmengine - INFO - paramwise_options -- decode_head.convs.1.bn.weight:weight_decay=0.01
03/31 21:27:48 - mmengine - INFO - paramwise_options -- decode_head.convs.1.bn.weight:lr_mult=10.0
03/31 21:27:48 - mmengine - INFO - paramwise_options -- decode_head.convs.1.bn.bias:lr=0.0012000000000000001
03/31 21:27:48 - mmengine - INFO - paramwise_options -- decode_head.convs.1.bn.bias:weight_decay=0.01
03/31 21:27:48 - mmengine - INFO - paramwise_options -- decode_head.convs.1.bn.bias:lr_mult=10.0
03/31 21:27:48 - mmengine - INFO - paramwise_options -- decode_head.convs.2.conv.weight:lr=0.0012000000000000001
03/31 21:27:48 - mmengine - INFO - paramwise_options -- decode_head.convs.2.conv.weight:weight_decay=0.01
03/31 21:27:48 - mmengine - INFO - paramwise_options -- decode_head.convs.2.conv.weight:lr_mult=10.0
03/31 21:27:48 - mmengine - INFO - paramwise_options -- decode_head.convs.2.bn.weight:lr=0.0012000000000000001
03/31 21:27:48 - mmengine - INFO - paramwise_options -- decode_head.convs.2.bn.weight:weight_decay=0.01
03/31 21:27:48 - mmengine - INFO - paramwise_options -- decode_head.convs.2.bn.weight:lr_mult=10.0
03/31 21:27:48 - mmengine - INFO - paramwise_options -- decode_head.convs.2.bn.bias:lr=0.0012000000000000001
03/31 21:27:48 - mmengine - INFO - paramwise_options -- decode_head.convs.2.bn.bias:weight_decay=0.01
03/31 21:27:48 - mmengine - INFO - paramwise_options -- decode_head.convs.2.bn.bias:lr_mult=10.0
03/31 21:27:48 - mmengine - INFO - paramwise_options -- decode_head.convs.3.conv.weight:lr=0.0012000000000000001
03/31 21:27:48 - mmengine - INFO - paramwise_options -- decode_head.convs.3.conv.weight:weight_decay=0.01
03/31 21:27:48 - mmengine - INFO - paramwise_options -- decode_head.convs.3.conv.weight:lr_mult=10.0
03/31 21:27:48 - mmengine - INFO - paramwise_options -- decode_head.convs.3.bn.weight:lr=0.0012000000000000001
03/31 21:27:48 - mmengine - INFO - paramwise_options -- decode_head.convs.3.bn.weight:weight_decay=0.01
03/31 21:27:48 - mmengine - INFO - paramwise_options -- decode_head.convs.3.bn.weight:lr_mult=10.0
03/31 21:27:48 - mmengine - INFO - paramwise_options -- decode_head.convs.3.bn.bias:lr=0.0012000000000000001
03/31 21:27:48 - mmengine - INFO - paramwise_options -- decode_head.convs.3.bn.bias:weight_decay=0.01
03/31 21:27:48 - mmengine - INFO - paramwise_options -- decode_head.convs.3.bn.bias:lr_mult=10.0
03/31 21:27:48 - mmengine - INFO - paramwise_options -- decode_head.fusion_conv.conv.weight:lr=0.0012000000000000001
03/31 21:27:48 - mmengine - INFO - paramwise_options -- decode_head.fusion_conv.conv.weight:weight_decay=0.01
03/31 21:27:48 - mmengine - INFO - paramwise_options -- decode_head.fusion_conv.conv.weight:lr_mult=10.0
03/31 21:27:48 - mmengine - INFO - paramwise_options -- decode_head.fusion_conv.bn.weight:lr=0.0012000000000000001
03/31 21:27:48 - mmengine - INFO - paramwise_options -- decode_head.fusion_conv.bn.weight:weight_decay=0.01
03/31 21:27:48 - mmengine - INFO - paramwise_options -- decode_head.fusion_conv.bn.weight:lr_mult=10.0
03/31 21:27:48 - mmengine - INFO - paramwise_options -- decode_head.fusion_conv.bn.bias:lr=0.0012000000000000001
03/31 21:27:48 - mmengine - INFO - paramwise_options -- decode_head.fusion_conv.bn.bias:weight_decay=0.01
03/31 21:27:48 - mmengine - INFO - paramwise_options -- decode_head.fusion_conv.bn.bias:lr_mult=10.0
03/31 21:27:48 - mmengine - INFO - paramwise_options -- auxiliary_head.conv_seg.weight:lr=0.0012000000000000001
03/31 21:27:48 - mmengine - INFO - paramwise_options -- auxiliary_head.conv_seg.weight:weight_decay=0.01
03/31 21:27:48 - mmengine - INFO - paramwise_options -- auxiliary_head.conv_seg.weight:lr_mult=10.0
03/31 21:27:48 - mmengine - INFO - paramwise_options -- auxiliary_head.conv_seg.bias:lr=0.0012000000000000001
03/31 21:27:48 - mmengine - INFO - paramwise_options -- auxiliary_head.conv_seg.bias:weight_decay=0.01
03/31 21:27:48 - mmengine - INFO - paramwise_options -- auxiliary_head.conv_seg.bias:lr_mult=10.0
03/31 21:27:48 - mmengine - INFO - paramwise_options -- auxiliary_head.conv1.weight:lr=0.0012000000000000001
03/31 21:27:48 - mmengine - INFO - paramwise_options -- auxiliary_head.conv1.weight:weight_decay=0.01
03/31 21:27:48 - mmengine - INFO - paramwise_options -- auxiliary_head.conv1.weight:lr_mult=10.0
03/31 21:27:48 - mmengine - INFO - paramwise_options -- auxiliary_head.conv1.bias:lr=0.0012000000000000001
03/31 21:27:48 - mmengine - INFO - paramwise_options -- auxiliary_head.conv1.bias:weight_decay=0.01
03/31 21:27:48 - mmengine - INFO - paramwise_options -- auxiliary_head.conv1.bias:lr_mult=10.0
03/31 21:27:48 - mmengine - INFO - paramwise_options -- auxiliary_head.conv2.weight:lr=0.0012000000000000001
03/31 21:27:48 - mmengine - INFO - paramwise_options -- auxiliary_head.conv2.weight:weight_decay=0.01
03/31 21:27:48 - mmengine - INFO - paramwise_options -- auxiliary_head.conv2.weight:lr_mult=10.0
03/31 21:27:48 - mmengine - INFO - paramwise_options -- auxiliary_head.conv2.bias:lr=0.0012000000000000001
03/31 21:27:48 - mmengine - INFO - paramwise_options -- auxiliary_head.conv2.bias:weight_decay=0.01
03/31 21:27:48 - mmengine - INFO - paramwise_options -- auxiliary_head.conv2.bias:lr_mult=10.0
03/31 21:27:48 - mmengine - WARNING - The prefix is not set in metric class IoUMetric.
03/31 21:27:49 - mmengine - INFO - load model from: https://download.openmmlab.com/mmsegmentation/v0.5/pretrain/segformer/mit_b2_20220624-66e8bf70.pth
03/31 21:27:49 - mmengine - INFO - Loads checkpoint by http backend from path: https://download.openmmlab.com/mmsegmentation/v0.5/pretrain/segformer/mit_b2_20220624-66e8bf70.pth
03/31 21:27:49 - mmengine - INFO - Auto resumed from the latest checkpoint work_dirs/segformer_b2_tp_skel_stage2_4090_bs4/ckpt/segformer_b2_tp_skel_stage2_4090_bs4/iter_5500.pth.
Loads checkpoint by local backend from path: work_dirs/segformer_b2_tp_skel_stage2_4090_bs4/ckpt/segformer_b2_tp_skel_stage2_4090_bs4/iter_5500.pth
03/31 21:27:49 - mmengine - INFO - Load checkpoint from work_dirs/segformer_b2_tp_skel_stage2_4090_bs4/ckpt/segformer_b2_tp_skel_stage2_4090_bs4/iter_5500.pth
03/31 21:27:49 - mmengine - INFO - resumed epoch: 0, iter: 5500
03/31 21:27:49 - mmengine - WARNING - "FileClient" will be deprecated in future. Please use io functions in https://mmengine.readthedocs.io/en/latest/api/fileio.html#file-io
03/31 21:27:49 - mmengine - WARNING - "HardDiskBackend" is the alias of "LocalBackend" and the former will be deprecated in future.
03/31 21:27:49 - mmengine - INFO - Checkpoints will be saved to work_dirs/segformer_b2_tp_skel_stage2_4090_bs4/ckpt/segformer_b2_tp_skel_stage2_4090_bs4.
03/31 21:27:49 - mmengine - WARNING - Resume workaround enabled: skip dataloader advance at iter=5500 and continue training directly.
03/31 21:27:57 - mmengine - INFO - Iter(train) [ 5520/10000]  base_lr: 1.1696e-04 lr: 1.1696e-04  eta: 0:29:04  time: 0.2616  data_time: 0.0079  memory: 19240  loss: 0.8148  decode.loss_ce: 0.0076  decode.acc_seg: 98.9289  aux.loss_skel_bce: 0.3926  aux.loss_skel_dice: 0.4146
03/31 21:28:02 - mmengine - INFO - Iter(train) [ 5540/10000]  base_lr: 1.1694e-04 lr: 1.1694e-04  eta: 0:24:15  time: 0.2635  data_time: 0.0094  memory: 18999  loss: 0.8127  decode.loss_ce: 0.0058  decode.acc_seg: 99.5040  aux.loss_skel_bce: 0.3924  aux.loss_skel_dice: 0.4145
03/31 21:28:07 - mmengine - INFO - Iter(train) [ 5560/10000]  base_lr: 1.1693e-04 lr: 1.1693e-04  eta: 0:22:35  time: 0.2631  data_time: 0.0091  memory: 18999  loss: 0.8228  decode.loss_ce: 0.0157  decode.acc_seg: 99.2789  aux.loss_skel_bce: 0.3916  aux.loss_skel_dice: 0.4155
03/31 21:28:12 - mmengine - INFO - Iter(train) [ 5580/10000]  base_lr: 1.1691e-04 lr: 1.1691e-04  eta: 0:21:43  time: 0.2631  data_time: 0.0091  memory: 18999  loss: 0.8162  decode.loss_ce: 0.0092  decode.acc_seg: 99.3777  aux.loss_skel_bce: 0.3914  aux.loss_skel_dice: 0.4157
03/31 21:28:18 - mmengine - INFO - Iter(train) [ 5600/10000]  base_lr: 1.1690e-04 lr: 1.1690e-04  eta: 0:21:09  time: 0.2632  data_time: 0.0091  memory: 18999  loss: 0.8196  decode.loss_ce: 0.0124  decode.acc_seg: 99.2827  aux.loss_skel_bce: 0.3928  aux.loss_skel_dice: 0.4144
03/31 21:28:23 - mmengine - INFO - Iter(train) [ 5620/10000]  base_lr: 1.1688e-04 lr: 1.1688e-04  eta: 0:20:45  time: 0.2636  data_time: 0.0093  memory: 18999  loss: 0.8171  decode.loss_ce: 0.0102  decode.acc_seg: 99.0885  aux.loss_skel_bce: 0.3922  aux.loss_skel_dice: 0.4147
03/31 21:28:28 - mmengine - INFO - Iter(train) [ 5640/10000]  base_lr: 1.1687e-04 lr: 1.1687e-04  eta: 0:20:27  time: 0.2638  data_time: 0.0093  memory: 18999  loss: 0.8208  decode.loss_ce: 0.0134  decode.acc_seg: 98.9040  aux.loss_skel_bce: 0.3933  aux.loss_skel_dice: 0.4142
03/31 21:28:34 - mmengine - INFO - Iter(train) [ 5660/10000]  base_lr: 1.1685e-04 lr: 1.1685e-04  eta: 0:20:11  time: 0.2637  data_time: 0.0093  memory: 18999  loss: 0.8157  decode.loss_ce: 0.0084  decode.acc_seg: 99.3184  aux.loss_skel_bce: 0.3928  aux.loss_skel_dice: 0.4145
03/31 21:28:39 - mmengine - INFO - Iter(train) [ 5680/10000]  base_lr: 1.1684e-04 lr: 1.1684e-04  eta: 0:19:58  time: 0.2635  data_time: 0.0093  memory: 18999  loss: 0.8181  decode.loss_ce: 0.0106  decode.acc_seg: 98.9193  aux.loss_skel_bce: 0.3934  aux.loss_skel_dice: 0.4141
03/31 21:28:44 - mmengine - INFO - Iter(train) [ 5700/10000]  base_lr: 1.1682e-04 lr: 1.1682e-04  eta: 0:19:47  time: 0.2639  data_time: 0.0093  memory: 18999  loss: 0.8157  decode.loss_ce: 0.0086  decode.acc_seg: 99.1466  aux.loss_skel_bce: 0.3924  aux.loss_skel_dice: 0.4147
03/31 21:28:49 - mmengine - INFO - Iter(train) [ 5720/10000]  base_lr: 1.1681e-04 lr: 1.1681e-04  eta: 0:19:36  time: 0.2634  data_time: 0.0092  memory: 18999  loss: 0.8153  decode.loss_ce: 0.0083  decode.acc_seg: 97.0592  aux.loss_skel_bce: 0.3924  aux.loss_skel_dice: 0.4145
03/31 21:28:55 - mmengine - INFO - Iter(train) [ 5740/10000]  base_lr: 1.1679e-04 lr: 1.1679e-04  eta: 0:19:27  time: 0.2634  data_time: 0.0092  memory: 18999  loss: 0.8168  decode.loss_ce: 0.0096  decode.acc_seg: 98.5764  aux.loss_skel_bce: 0.3925  aux.loss_skel_dice: 0.4147
03/31 21:29:00 - mmengine - INFO - Iter(train) [ 5760/10000]  base_lr: 1.1678e-04 lr: 1.1678e-04  eta: 0:19:18  time: 0.2635  data_time: 0.0092  memory: 18999  loss: 0.8316  decode.loss_ce: 0.0242  decode.acc_seg: 97.8920  aux.loss_skel_bce: 0.3927  aux.loss_skel_dice: 0.4147
03/31 21:29:05 - mmengine - INFO - Iter(train) [ 5780/10000]  base_lr: 1.1676e-04 lr: 1.1676e-04  eta: 0:19:09  time: 0.2634  data_time: 0.0092  memory: 18999  loss: 0.8286  decode.loss_ce: 0.0214  decode.acc_seg: 98.1551  aux.loss_skel_bce: 0.3930  aux.loss_skel_dice: 0.4143
03/31 21:29:10 - mmengine - INFO - Iter(train) [ 5800/10000]  base_lr: 1.1675e-04 lr: 1.1675e-04  eta: 0:19:01  time: 0.2633  data_time: 0.0091  memory: 18999  loss: 0.8200  decode.loss_ce: 0.0128  decode.acc_seg: 99.4178  aux.loss_skel_bce: 0.3926  aux.loss_skel_dice: 0.4145
