03/29 23:56:21 - mmengine - INFO - 
------------------------------------------------------------
System environment:
    sys.platform: linux
    Python: 3.10.19 (main, Oct 21 2025, 16:43:05) [GCC 11.2.0]
    CUDA available: True
    MUSA available: False
    numpy_random_seed: 646884062
    GPU 0: NVIDIA GeForce RTX 4090
    CUDA_HOME: /usr/local/cuda
    NVCC: Cuda compilation tools, release 11.8, V11.8.89
    GCC: gcc (Ubuntu 11.3.0-1ubuntu1~22.04) 11.3.0
    PyTorch: 2.1.2+cu118
    PyTorch compiling details: PyTorch built with:
  - GCC 9.3
  - C++ Version: 201703
  - Intel(R) oneAPI Math Kernel Library Version 2022.2-Product Build 20220804 for Intel(R) 64 architecture applications
  - Intel(R) MKL-DNN v3.1.1 (Git Hash 64f6bcbcbab628e96f33a62c3e975f8535a7bde4)
  - OpenMP 201511 (a.k.a. OpenMP 4.5)
  - LAPACK is enabled (usually provided by MKL)
  - NNPACK is enabled
  - CPU capability usage: AVX512
  - CUDA Runtime 11.8
  - NVCC architecture flags: -gencode;arch=compute_50,code=sm_50;-gencode;arch=compute_60,code=sm_60;-gencode;arch=compute_70,code=sm_70;-gencode;arch=compute_75,code=sm_75;-gencode;arch=compute_80,code=sm_80;-gencode;arch=compute_86,code=sm_86;-gencode;arch=compute_37,code=sm_37;-gencode;arch=compute_90,code=sm_90
  - CuDNN 8.7
  - Magma 2.6.1
  - Build settings: BLAS_INFO=mkl, BUILD_TYPE=Release, CUDA_VERSION=11.8, CUDNN_VERSION=8.7.0, CXX_COMPILER=/opt/rh/devtoolset-9/root/usr/bin/c++, CXX_FLAGS= -D_GLIBCXX_USE_CXX11_ABI=0 -fabi-version=11 -fvisibility-inlines-hidden -DUSE_PTHREADPOOL -DNDEBUG -DUSE_KINETO -DLIBKINETO_NOROCTRACER -DUSE_FBGEMM -DUSE_QNNPACK -DUSE_PYTORCH_QNNPACK -DUSE_XNNPACK -DSYMBOLICATE_MOBILE_DEBUG_HANDLE -O2 -fPIC -Wall -Wextra -Werror=return-type -Werror=non-virtual-dtor -Werror=bool-operation -Wnarrowing -Wno-missing-field-initializers -Wno-type-limits -Wno-array-bounds -Wno-unknown-pragmas -Wno-unused-parameter -Wno-unused-function -Wno-unused-result -Wno-strict-overflow -Wno-strict-aliasing -Wno-stringop-overflow -Wno-psabi -Wno-error=pedantic -Wno-error=old-style-cast -Wno-invalid-partial-specialization -Wno-unused-private-field -Wno-aligned-allocation-unavailable -Wno-missing-braces -fdiagnostics-color=always -faligned-new -Wno-unused-but-set-variable -Wno-maybe-uninitialized -fno-math-errno -fno-trapping-math -Werror=format -Werror=cast-function-type -Wno-stringop-overflow, LAPACK_INFO=mkl, PERF_WITH_AVX=1, PERF_WITH_AVX2=1, PERF_WITH_AVX512=1, TORCH_DISABLE_GPU_ASSERTS=ON, TORCH_VERSION=2.1.2, USE_CUDA=ON, USE_CUDNN=ON, USE_EXCEPTION_PTR=1, USE_GFLAGS=OFF, USE_GLOG=OFF, USE_MKL=ON, USE_MKLDNN=ON, USE_MPI=OFF, USE_NCCL=1, USE_NNPACK=ON, USE_OPENMP=ON, USE_ROCM=OFF, 

    TorchVision: 0.16.2+cu118
    OpenCV: 4.13.0
    MMEngine: 0.10.7

Runtime environment:
    cudnn_benchmark: True
    mp_cfg: {'mp_start_method': 'fork', 'opencv_num_threads': 0}
    dist_cfg: {'backend': 'nccl'}
    seed: 646884062
    Distributed launcher: none
    Distributed training: False
    GPU number: 1
------------------------------------------------------------

03/29 23:56:22 - mmengine - INFO - Config:
checkpoint = 'https://download.openmmlab.com/mmsegmentation/v0.5/pretrain/segformer/mit_b2_20220624-66e8bf70.pth'
crop_size = (
    1024,
    1024,
)
custom_imports = dict(
    allow_failed_imports=False,
    imports=[
        'mmseg_ext.datasets',
        'mmseg_ext.transforms',
        'mmseg_ext.models',
        'mmseg_ext.models.tp_cldice_loss',
        'mmseg_ext.models.tp_skeleton_head_clDice',
    ])
data_preprocessor = dict(
    bgr_to_rgb=True,
    mean=[
        123.675,
        116.28,
        103.53,
    ],
    pad_val=0,
    seg_pad_val=255,
    size=(
        1024,
        1024,
    ),
    std=[
        58.395,
        57.12,
        57.375,
    ],
    type='SegDataPreProcessor')
data_root = 'data/TP-Dataset'
dataset_type = 'TPDataset'
default_hooks = dict(
    checkpoint=dict(
        by_epoch=False,
        interval=500,
        max_keep_ckpts=20,
        out_dir='work_dirs/ablation/core_aux_only/ckpt',
        rule='greater',
        save_best='mIoU',
        save_last=True,
        type='CheckpointHook'),
    logger=dict(interval=50, log_metric_by_epoch=False, type='LoggerHook'),
    param_scheduler=dict(type='ParamSchedulerHook'),
    sampler_seed=dict(type='DistSamplerSeedHook'),
    timer=dict(type='IterTimerHook'),
    visualization=dict(type='SegVisualizationHook'))
default_scope = 'mmseg'
env_cfg = dict(
    cudnn_benchmark=True,
    dist_cfg=dict(backend='nccl'),
    mp_cfg=dict(mp_start_method='fork', opencv_num_threads=0))
img_ratios = [
    0.5,
    0.75,
    1.0,
    1.25,
    1.5,
    1.75,
]
launcher = 'none'
load_from = None
log_level = 'INFO'
log_processor = dict(by_epoch=False)
model = dict(
    auxiliary_head=dict(
        channels=64,
        in_channels=128,
        in_index=1,
        input_transform=None,
        loss_bce=dict(
            loss_weight=0.5, type='CrossEntropyLoss', use_sigmoid=True),
        loss_cldice=dict(
            foreground_index=0,
            iterations=10,
            loss_weight=0.1,
            type='SoftCLDiceLoss'),
        loss_dice=dict(loss_weight=0.5, type='DiceLoss', use_sigmoid=True),
        type='TPSkeletonHeadClDice'),
    backbone=dict(
        attn_drop_rate=0.0,
        drop_path_rate=0.1,
        drop_rate=0.0,
        embed_dims=64,
        in_channels=3,
        init_cfg=dict(
            checkpoint=
            'https://download.openmmlab.com/mmsegmentation/v0.5/pretrain/segformer/mit_b2_20220624-66e8bf70.pth',
            type='Pretrained'),
        mlp_ratio=4,
        num_heads=[
            1,
            2,
            5,
            8,
        ],
        num_layers=[
            3,
            4,
            6,
            3,
        ],
        num_stages=4,
        out_indices=(
            0,
            1,
            2,
            3,
        ),
        patch_sizes=[
            7,
            3,
            3,
            3,
        ],
        qkv_bias=True,
        sr_ratios=[
            8,
            4,
            2,
            1,
        ],
        type='MixVisionTransformer'),
    data_preprocessor=dict(
        bgr_to_rgb=True,
        mean=[
            123.675,
            116.28,
            103.53,
        ],
        pad_val=0,
        seg_pad_val=255,
        size=(
            1024,
            1024,
        ),
        std=[
            58.395,
            57.12,
            57.375,
        ],
        type='SegDataPreProcessor'),
    decode_head=dict(
        align_corners=False,
        channels=256,
        dropout_ratio=0.1,
        in_channels=[
            64,
            128,
            320,
            512,
        ],
        in_index=[
            0,
            1,
            2,
            3,
        ],
        loss_decode=[
            dict(loss_weight=1.0, type='CrossEntropyLoss', use_sigmoid=False),
            dict(loss_weight=0.5, type='DiceLoss', use_sigmoid=False),
            dict(
                foreground_index=1,
                iterations=10,
                loss_weight=0.0,
                type='SoftCLDiceLoss'),
        ],
        norm_cfg=dict(requires_grad=True, type='SyncBN'),
        num_classes=2,
        type='SegformerHead'),
    pretrained=None,
    test_cfg=dict(crop_size=(
        1024,
        1024,
    ), mode='slide', stride=(
        768,
        768,
    )),
    train_cfg=dict(),
    type='EncoderDecoder')
norm_cfg = dict(requires_grad=True, type='SyncBN')
optim_wrapper = dict(
    clip_grad=dict(max_norm=1.0, norm_type=2),
    loss_scale='dynamic',
    optimizer=dict(
        betas=(
            0.9,
            0.999,
        ), lr=0.00012, type='AdamW', weight_decay=0.01),
    paramwise_cfg=dict(
        custom_keys=dict(
            head=dict(lr_mult=10.0),
            norm=dict(decay_mult=0.0),
            pos_block=dict(decay_mult=0.0))),
    type='AmpOptimWrapper')
optimizer = dict(lr=0.01, momentum=0.9, type='SGD', weight_decay=0.0005)
param_scheduler = [
    dict(
        begin=0, by_epoch=False, end=500, start_factor=1e-06, type='LinearLR'),
    dict(
        begin=500,
        by_epoch=False,
        end=10000,
        eta_min=0.0,
        power=1.0,
        type='PolyLR'),
]
resume = False
test_cfg = dict(type='TestLoop')
test_dataloader = dict(
    batch_size=1,
    dataset=dict(
        ann_file='Index/val.txt',
        data_prefix=dict(img_path='JPEGImages', seg_map_path='GroundTruth'),
        data_root='data/TP-Dataset',
        pipeline=[
            dict(type='LoadImageFromFile'),
            dict(type='LoadAnnotations'),
            dict(mapping=dict({255: 1}), type='MapTPLabels'),
            dict(target_label=1, type='GenerateTPSkeleton'),
            dict(type='PackSegInputsWithSkeleton'),
        ],
        type='TPDataset'),
    num_workers=4,
    persistent_workers=True,
    sampler=dict(shuffle=False, type='DefaultSampler'))
test_evaluator = dict(
    iou_metrics=[
        'mIoU',
        'mDice',
        'mFscore',
    ], type='IoUMetric')
test_pipeline = [
    dict(type='LoadImageFromFile'),
    dict(type='LoadAnnotations'),
    dict(mapping=dict({255: 1}), type='MapTPLabels'),
    dict(target_label=1, type='GenerateTPSkeleton'),
    dict(type='PackSegInputsWithSkeleton'),
]
train_cfg = dict(max_iters=10000, type='IterBasedTrainLoop', val_interval=500)
train_dataloader = dict(
    batch_size=4,
    dataset=dict(
        ann_file='Index/train.txt',
        data_prefix=dict(img_path='JPEGImages', seg_map_path='GroundTruth'),
        data_root='data/TP-Dataset',
        pipeline=[
            dict(type='LoadImageFromFile'),
            dict(type='LoadAnnotations'),
            dict(mapping=dict({255: 1}), type='MapTPLabels'),
            dict(
                keep_ratio=True,
                ratio_range=(
                    0.5,
                    2.0,
                ),
                scale=(
                    1024,
                    1024,
                ),
                type='RandomResize'),
            dict(
                cat_max_ratio=0.75, crop_size=(
                    512,
                    512,
                ), type='RandomCrop'),
            dict(prob=0.5, type='RandomFlip'),
            dict(type='PhotoMetricDistortion'),
            dict(target_label=1, type='GenerateTPSkeleton'),
            dict(type='PackSegInputsWithSkeleton'),
        ],
        type='TPDataset'),
    num_workers=8,
    persistent_workers=True,
    sampler=dict(shuffle=True, type='InfiniteSampler'))
train_pipeline = [
    dict(type='LoadImageFromFile'),
    dict(type='LoadAnnotations'),
    dict(mapping=dict({255: 1}), type='MapTPLabels'),
    dict(
        keep_ratio=True,
        ratio_range=(
            0.5,
            2.0,
        ),
        scale=(
            1024,
            1024,
        ),
        type='RandomResize'),
    dict(cat_max_ratio=0.75, crop_size=(
        512,
        512,
    ), type='RandomCrop'),
    dict(prob=0.5, type='RandomFlip'),
    dict(type='PhotoMetricDistortion'),
    dict(target_label=1, type='GenerateTPSkeleton'),
    dict(type='PackSegInputsWithSkeleton'),
]
tta_model = dict(type='SegTTAModel')
tta_pipeline = [
    dict(backend_args=None, type='LoadImageFromFile'),
    dict(
        transforms=[
            [
                dict(keep_ratio=True, scale_factor=0.5, type='Resize'),
                dict(keep_ratio=True, scale_factor=0.75, type='Resize'),
                dict(keep_ratio=True, scale_factor=1.0, type='Resize'),
                dict(keep_ratio=True, scale_factor=1.25, type='Resize'),
                dict(keep_ratio=True, scale_factor=1.5, type='Resize'),
                dict(keep_ratio=True, scale_factor=1.75, type='Resize'),
            ],
            [
                dict(direction='horizontal', prob=0.0, type='RandomFlip'),
                dict(direction='horizontal', prob=1.0, type='RandomFlip'),
            ],
            [
                dict(type='LoadAnnotations'),
            ],
            [
                dict(type='PackSegInputs'),
            ],
        ],
        type='TestTimeAug'),
]
val_cfg = dict(type='ValLoop')
val_dataloader = dict(
    batch_size=1,
    dataset=dict(
        ann_file='Index/val.txt',
        data_prefix=dict(img_path='JPEGImages', seg_map_path='GroundTruth'),
        data_root='data/TP-Dataset',
        pipeline=[
            dict(type='LoadImageFromFile'),
            dict(type='LoadAnnotations'),
            dict(mapping=dict({255: 1}), type='MapTPLabels'),
            dict(target_label=1, type='GenerateTPSkeleton'),
            dict(type='PackSegInputsWithSkeleton'),
        ],
        type='TPDataset'),
    num_workers=4,
    persistent_workers=True,
    sampler=dict(shuffle=False, type='DefaultSampler'))
val_evaluator = dict(
    iou_metrics=[
        'mIoU',
        'mDice',
        'mFscore',
    ], type='IoUMetric')
val_pipeline = [
    dict(type='LoadImageFromFile'),
    dict(type='LoadAnnotations'),
    dict(mapping=dict({255: 1}), type='MapTPLabels'),
    dict(target_label=1, type='GenerateTPSkeleton'),
    dict(type='PackSegInputsWithSkeleton'),
]
vis_backends = [
    dict(type='LocalVisBackend'),
]
visualizer = dict(
    name='visualizer',
    type='SegLocalVisualizer',
    vis_backends=[
        dict(type='LocalVisBackend'),
    ])
work_dir = '/root/autodl-tmp/tactile_topo_seg/work_dirs/ablation/core_aux_only'

/root/autodl-tmp/tactile_topo_seg/third_party/mmsegmentation/mmseg/models/decode_heads/decode_head.py:120: UserWarning: For binary segmentation, we suggest using`out_channels = 1` to define the outputchannels of segmentor, and use `threshold`to convert `seg_logits` into a predictionapplying a threshold
  warnings.warn('For binary segmentation, we suggest using'
/root/autodl-tmp/tactile_topo_seg/third_party/mmsegmentation/mmseg/models/losses/cross_entropy_loss.py:250: UserWarning: Default ``avg_non_ignore`` is False, if you would like to ignore the certain label and average loss over non-ignore labels, which is the same with PyTorch official cross_entropy, set ``avg_non_ignore=True``.
  warnings.warn(
/root/autodl-tmp/tactile_topo_seg/third_party/mmsegmentation/mmseg/models/decode_heads/decode_head.py:136: UserWarning: threshold is not defined for binary, and defaultsto 0.3
  warnings.warn('threshold is not defined for binary, and defaults'
03/29 23:56:23 - mmengine - INFO - Distributed training is not used, all SyncBatchNorm (SyncBN) layers in the model will be automatically reverted to BatchNormXd layers if they are used.
/root/autodl-tmp/tactile_topo_seg/third_party/mmsegmentation/mmseg/engine/hooks/visualization_hook.py:60: UserWarning: The draw is False, it means that the hook for visualization will not take effect. The results will NOT be visualized or stored.
  warnings.warn('The draw is False, it means that the '
03/29 23:56:23 - mmengine - INFO - Hooks will be executed in the following order:
before_run:
(VERY_HIGH   ) RuntimeInfoHook                    
(BELOW_NORMAL) LoggerHook                         
 -------------------- 
before_train:
(VERY_HIGH   ) RuntimeInfoHook                    
(NORMAL      ) IterTimerHook                      
(VERY_LOW    ) CheckpointHook                     
 -------------------- 
before_train_epoch:
(VERY_HIGH   ) RuntimeInfoHook                    
(NORMAL      ) IterTimerHook                      
(NORMAL      ) DistSamplerSeedHook                
 -------------------- 
before_train_iter:
(VERY_HIGH   ) RuntimeInfoHook                    
(NORMAL      ) IterTimerHook                      
 -------------------- 
after_train_iter:
(VERY_HIGH   ) RuntimeInfoHook                    
(NORMAL      ) IterTimerHook                      
(BELOW_NORMAL) LoggerHook                         
(LOW         ) ParamSchedulerHook                 
(VERY_LOW    ) CheckpointHook                     
 -------------------- 
after_train_epoch:
(NORMAL      ) IterTimerHook                      
(LOW         ) ParamSchedulerHook                 
(VERY_LOW    ) CheckpointHook                     
 -------------------- 
before_val:
(VERY_HIGH   ) RuntimeInfoHook                    
 -------------------- 
before_val_epoch:
(NORMAL      ) IterTimerHook                      
 -------------------- 
before_val_iter:
(NORMAL      ) IterTimerHook                      
 -------------------- 
after_val_iter:
(NORMAL      ) IterTimerHook                      
(NORMAL      ) SegVisualizationHook               
(BELOW_NORMAL) LoggerHook                         
 -------------------- 
after_val_epoch:
(VERY_HIGH   ) RuntimeInfoHook                    
(NORMAL      ) IterTimerHook                      
(BELOW_NORMAL) LoggerHook                         
(LOW         ) ParamSchedulerHook                 
(VERY_LOW    ) CheckpointHook                     
 -------------------- 
after_val:
(VERY_HIGH   ) RuntimeInfoHook                    
 -------------------- 
after_train:
(VERY_HIGH   ) RuntimeInfoHook                    
(VERY_LOW    ) CheckpointHook                     
 -------------------- 
before_test:
(VERY_HIGH   ) RuntimeInfoHook                    
 -------------------- 
before_test_epoch:
(NORMAL      ) IterTimerHook                      
 -------------------- 
before_test_iter:
(NORMAL      ) IterTimerHook                      
 -------------------- 
after_test_iter:
(NORMAL      ) IterTimerHook                      
(NORMAL      ) SegVisualizationHook               
(BELOW_NORMAL) LoggerHook                         
 -------------------- 
after_test_epoch:
(VERY_HIGH   ) RuntimeInfoHook                    
(NORMAL      ) IterTimerHook                      
(BELOW_NORMAL) LoggerHook                         
 -------------------- 
after_test:
(VERY_HIGH   ) RuntimeInfoHook                    
 -------------------- 
after_run:
(BELOW_NORMAL) LoggerHook                         
 -------------------- 
03/29 23:56:23 - mmengine - INFO - paramwise_options -- backbone.layers.0.0.norm.weight:lr=0.00012
03/29 23:56:23 - mmengine - INFO - paramwise_options -- backbone.layers.0.0.norm.weight:weight_decay=0.0
03/29 23:56:23 - mmengine - INFO - paramwise_options -- backbone.layers.0.0.norm.weight:decay_mult=0.0
03/29 23:56:23 - mmengine - INFO - paramwise_options -- backbone.layers.0.0.norm.bias:lr=0.00012
03/29 23:56:23 - mmengine - INFO - paramwise_options -- backbone.layers.0.0.norm.bias:weight_decay=0.0
03/29 23:56:23 - mmengine - INFO - paramwise_options -- backbone.layers.0.0.norm.bias:decay_mult=0.0
03/29 23:56:23 - mmengine - INFO - paramwise_options -- backbone.layers.0.1.0.norm1.weight:lr=0.00012
03/29 23:56:23 - mmengine - INFO - paramwise_options -- backbone.layers.0.1.0.norm1.weight:weight_decay=0.0
03/29 23:56:23 - mmengine - INFO - paramwise_options -- backbone.layers.0.1.0.norm1.weight:decay_mult=0.0
03/29 23:56:23 - mmengine - INFO - paramwise_options -- backbone.layers.0.1.0.norm1.bias:lr=0.00012
03/29 23:56:23 - mmengine - INFO - paramwise_options -- backbone.layers.0.1.0.norm1.bias:weight_decay=0.0
03/29 23:56:23 - mmengine - INFO - paramwise_options -- backbone.layers.0.1.0.norm1.bias:decay_mult=0.0
03/29 23:56:23 - mmengine - INFO - paramwise_options -- backbone.layers.0.1.0.attn.norm.weight:lr=0.00012
03/29 23:56:23 - mmengine - INFO - paramwise_options -- backbone.layers.0.1.0.attn.norm.weight:weight_decay=0.0
03/29 23:56:23 - mmengine - INFO - paramwise_options -- backbone.layers.0.1.0.attn.norm.weight:decay_mult=0.0
03/29 23:56:23 - mmengine - INFO - paramwise_options -- backbone.layers.0.1.0.attn.norm.bias:lr=0.00012
03/29 23:56:23 - mmengine - INFO - paramwise_options -- backbone.layers.0.1.0.attn.norm.bias:weight_decay=0.0
03/29 23:56:23 - mmengine - INFO - paramwise_options -- backbone.layers.0.1.0.attn.norm.bias:decay_mult=0.0
03/29 23:56:23 - mmengine - INFO - paramwise_options -- backbone.layers.0.1.0.norm2.weight:lr=0.00012
03/29 23:56:23 - mmengine - INFO - paramwise_options -- backbone.layers.0.1.0.norm2.weight:weight_decay=0.0
03/29 23:56:23 - mmengine - INFO - paramwise_options -- backbone.layers.0.1.0.norm2.weight:decay_mult=0.0
03/29 23:56:23 - mmengine - INFO - paramwise_options -- backbone.layers.0.1.0.norm2.bias:lr=0.00012
03/29 23:56:23 - mmengine - INFO - paramwise_options -- backbone.layers.0.1.0.norm2.bias:weight_decay=0.0
03/29 23:56:23 - mmengine - INFO - paramwise_options -- backbone.layers.0.1.0.norm2.bias:decay_mult=0.0
03/29 23:56:23 - mmengine - INFO - paramwise_options -- backbone.layers.0.1.1.norm1.weight:lr=0.00012
03/29 23:56:23 - mmengine - INFO - paramwise_options -- backbone.layers.0.1.1.norm1.weight:weight_decay=0.0
03/29 23:56:23 - mmengine - INFO - paramwise_options -- backbone.layers.0.1.1.norm1.weight:decay_mult=0.0
03/29 23:56:23 - mmengine - INFO - paramwise_options -- backbone.layers.0.1.1.norm1.bias:lr=0.00012
03/29 23:56:23 - mmengine - INFO - paramwise_options -- backbone.layers.0.1.1.norm1.bias:weight_decay=0.0
03/29 23:56:23 - mmengine - INFO - paramwise_options -- backbone.layers.0.1.1.norm1.bias:decay_mult=0.0
03/29 23:56:23 - mmengine - INFO - paramwise_options -- backbone.layers.0.1.1.attn.norm.weight:lr=0.00012
03/29 23:56:23 - mmengine - INFO - paramwise_options -- backbone.layers.0.1.1.attn.norm.weight:weight_decay=0.0
03/29 23:56:23 - mmengine - INFO - paramwise_options -- backbone.layers.0.1.1.attn.norm.weight:decay_mult=0.0
03/29 23:56:23 - mmengine - INFO - paramwise_options -- backbone.layers.0.1.1.attn.norm.bias:lr=0.00012
03/29 23:56:23 - mmengine - INFO - paramwise_options -- backbone.layers.0.1.1.attn.norm.bias:weight_decay=0.0
03/29 23:56:23 - mmengine - INFO - paramwise_options -- backbone.layers.0.1.1.attn.norm.bias:decay_mult=0.0
03/29 23:56:23 - mmengine - INFO - paramwise_options -- backbone.layers.0.1.1.norm2.weight:lr=0.00012
03/29 23:56:23 - mmengine - INFO - paramwise_options -- backbone.layers.0.1.1.norm2.weight:weight_decay=0.0
03/29 23:56:23 - mmengine - INFO - paramwise_options -- backbone.layers.0.1.1.norm2.weight:decay_mult=0.0
03/29 23:56:23 - mmengine - INFO - paramwise_options -- backbone.layers.0.1.1.norm2.bias:lr=0.00012
03/29 23:56:23 - mmengine - INFO - paramwise_options -- backbone.layers.0.1.1.norm2.bias:weight_decay=0.0
03/29 23:56:23 - mmengine - INFO - paramwise_options -- backbone.layers.0.1.1.norm2.bias:decay_mult=0.0
03/29 23:56:23 - mmengine - INFO - paramwise_options -- backbone.layers.0.1.2.norm1.weight:lr=0.00012
03/29 23:56:23 - mmengine - INFO - paramwise_options -- backbone.layers.0.1.2.norm1.weight:weight_decay=0.0
03/29 23:56:23 - mmengine - INFO - paramwise_options -- backbone.layers.0.1.2.norm1.weight:decay_mult=0.0
03/29 23:56:23 - mmengine - INFO - paramwise_options -- backbone.layers.0.1.2.norm1.bias:lr=0.00012
03/29 23:56:23 - mmengine - INFO - paramwise_options -- backbone.layers.0.1.2.norm1.bias:weight_decay=0.0
03/29 23:56:23 - mmengine - INFO - paramwise_options -- backbone.layers.0.1.2.norm1.bias:decay_mult=0.0
03/29 23:56:23 - mmengine - INFO - paramwise_options -- backbone.layers.0.1.2.attn.norm.weight:lr=0.00012
03/29 23:56:23 - mmengine - INFO - paramwise_options -- backbone.layers.0.1.2.attn.norm.weight:weight_decay=0.0
03/29 23:56:23 - mmengine - INFO - paramwise_options -- backbone.layers.0.1.2.attn.norm.weight:decay_mult=0.0
03/29 23:56:23 - mmengine - INFO - paramwise_options -- backbone.layers.0.1.2.attn.norm.bias:lr=0.00012
03/29 23:56:23 - mmengine - INFO - paramwise_options -- backbone.layers.0.1.2.attn.norm.bias:weight_decay=0.0
03/29 23:56:23 - mmengine - INFO - paramwise_options -- backbone.layers.0.1.2.attn.norm.bias:decay_mult=0.0
03/29 23:56:23 - mmengine - INFO - paramwise_options -- backbone.layers.0.1.2.norm2.weight:lr=0.00012
03/29 23:56:23 - mmengine - INFO - paramwise_options -- backbone.layers.0.1.2.norm2.weight:weight_decay=0.0
03/29 23:56:23 - mmengine - INFO - paramwise_options -- backbone.layers.0.1.2.norm2.weight:decay_mult=0.0
03/29 23:56:23 - mmengine - INFO - paramwise_options -- backbone.layers.0.1.2.norm2.bias:lr=0.00012
03/29 23:56:23 - mmengine - INFO - paramwise_options -- backbone.layers.0.1.2.norm2.bias:weight_decay=0.0
03/29 23:56:23 - mmengine - INFO - paramwise_options -- backbone.layers.0.1.2.norm2.bias:decay_mult=0.0
03/29 23:56:23 - mmengine - INFO - paramwise_options -- backbone.layers.1.0.norm.weight:lr=0.00012
03/29 23:56:23 - mmengine - INFO - paramwise_options -- backbone.layers.1.0.norm.weight:weight_decay=0.0
03/29 23:56:23 - mmengine - INFO - paramwise_options -- backbone.layers.1.0.norm.weight:decay_mult=0.0
03/29 23:56:23 - mmengine - INFO - paramwise_options -- backbone.layers.1.0.norm.bias:lr=0.00012
03/29 23:56:23 - mmengine - INFO - paramwise_options -- backbone.layers.1.0.norm.bias:weight_decay=0.0
03/29 23:56:23 - mmengine - INFO - paramwise_options -- backbone.layers.1.0.norm.bias:decay_mult=0.0
03/29 23:56:23 - mmengine - INFO - paramwise_options -- backbone.layers.1.1.0.norm1.weight:lr=0.00012
03/29 23:56:23 - mmengine - INFO - paramwise_options -- backbone.layers.1.1.0.norm1.weight:weight_decay=0.0
03/29 23:56:23 - mmengine - INFO - paramwise_options -- backbone.layers.1.1.0.norm1.weight:decay_mult=0.0
03/29 23:56:23 - mmengine - INFO - paramwise_options -- backbone.layers.1.1.0.norm1.bias:lr=0.00012
03/29 23:56:23 - mmengine - INFO - paramwise_options -- backbone.layers.1.1.0.norm1.bias:weight_decay=0.0
03/29 23:56:23 - mmengine - INFO - paramwise_options -- backbone.layers.1.1.0.norm1.bias:decay_mult=0.0
03/29 23:56:23 - mmengine - INFO - paramwise_options -- backbone.layers.1.1.0.attn.norm.weight:lr=0.00012
03/29 23:56:23 - mmengine - INFO - paramwise_options -- backbone.layers.1.1.0.attn.norm.weight:weight_decay=0.0
03/29 23:56:23 - mmengine - INFO - paramwise_options -- backbone.layers.1.1.0.attn.norm.weight:decay_mult=0.0
03/29 23:56:23 - mmengine - INFO - paramwise_options -- backbone.layers.1.1.0.attn.norm.bias:lr=0.00012
03/29 23:56:23 - mmengine - INFO - paramwise_options -- backbone.layers.1.1.0.attn.norm.bias:weight_decay=0.0
03/29 23:56:23 - mmengine - INFO - paramwise_options -- backbone.layers.1.1.0.attn.norm.bias:decay_mult=0.0
03/29 23:56:23 - mmengine - INFO - paramwise_options -- backbone.layers.1.1.0.norm2.weight:lr=0.00012
03/29 23:56:23 - mmengine - INFO - paramwise_options -- backbone.layers.1.1.0.norm2.weight:weight_decay=0.0
03/29 23:56:23 - mmengine - INFO - paramwise_options -- backbone.layers.1.1.0.norm2.weight:decay_mult=0.0
03/29 23:56:23 - mmengine - INFO - paramwise_options -- backbone.layers.1.1.0.norm2.bias:lr=0.00012
03/29 23:56:23 - mmengine - INFO - paramwise_options -- backbone.layers.1.1.0.norm2.bias:weight_decay=0.0
03/29 23:56:23 - mmengine - INFO - paramwise_options -- backbone.layers.1.1.0.norm2.bias:decay_mult=0.0
03/29 23:56:23 - mmengine - INFO - paramwise_options -- backbone.layers.1.1.1.norm1.weight:lr=0.00012
03/29 23:56:23 - mmengine - INFO - paramwise_options -- backbone.layers.1.1.1.norm1.weight:weight_decay=0.0
03/29 23:56:23 - mmengine - INFO - paramwise_options -- backbone.layers.1.1.1.norm1.weight:decay_mult=0.0
03/29 23:56:23 - mmengine - INFO - paramwise_options -- backbone.layers.1.1.1.norm1.bias:lr=0.00012
03/29 23:56:23 - mmengine - INFO - paramwise_options -- backbone.layers.1.1.1.norm1.bias:weight_decay=0.0
03/29 23:56:23 - mmengine - INFO - paramwise_options -- backbone.layers.1.1.1.norm1.bias:decay_mult=0.0
03/29 23:56:23 - mmengine - INFO - paramwise_options -- backbone.layers.1.1.1.attn.norm.weight:lr=0.00012
03/29 23:56:23 - mmengine - INFO - paramwise_options -- backbone.layers.1.1.1.attn.norm.weight:weight_decay=0.0
03/29 23:56:23 - mmengine - INFO - paramwise_options -- backbone.layers.1.1.1.attn.norm.weight:decay_mult=0.0
03/29 23:56:23 - mmengine - INFO - paramwise_options -- backbone.layers.1.1.1.attn.norm.bias:lr=0.00012
03/29 23:56:23 - mmengine - INFO - paramwise_options -- backbone.layers.1.1.1.attn.norm.bias:weight_decay=0.0
03/29 23:56:23 - mmengine - INFO - paramwise_options -- backbone.layers.1.1.1.attn.norm.bias:decay_mult=0.0
03/29 23:56:23 - mmengine - INFO - paramwise_options -- backbone.layers.1.1.1.norm2.weight:lr=0.00012
03/29 23:56:23 - mmengine - INFO - paramwise_options -- backbone.layers.1.1.1.norm2.weight:weight_decay=0.0
03/29 23:56:23 - mmengine - INFO - paramwise_options -- backbone.layers.1.1.1.norm2.weight:decay_mult=0.0
03/29 23:56:23 - mmengine - INFO - paramwise_options -- backbone.layers.1.1.1.norm2.bias:lr=0.00012
03/29 23:56:23 - mmengine - INFO - paramwise_options -- backbone.layers.1.1.1.norm2.bias:weight_decay=0.0
03/29 23:56:23 - mmengine - INFO - paramwise_options -- backbone.layers.1.1.1.norm2.bias:decay_mult=0.0
03/29 23:56:23 - mmengine - INFO - paramwise_options -- backbone.layers.1.1.2.norm1.weight:lr=0.00012
03/29 23:56:23 - mmengine - INFO - paramwise_options -- backbone.layers.1.1.2.norm1.weight:weight_decay=0.0
03/29 23:56:23 - mmengine - INFO - paramwise_options -- backbone.layers.1.1.2.norm1.weight:decay_mult=0.0
03/29 23:56:23 - mmengine - INFO - paramwise_options -- backbone.layers.1.1.2.norm1.bias:lr=0.00012
03/29 23:56:23 - mmengine - INFO - paramwise_options -- backbone.layers.1.1.2.norm1.bias:weight_decay=0.0
03/29 23:56:23 - mmengine - INFO - paramwise_options -- backbone.layers.1.1.2.norm1.bias:decay_mult=0.0
03/29 23:56:23 - mmengine - INFO - paramwise_options -- backbone.layers.1.1.2.attn.norm.weight:lr=0.00012
03/29 23:56:23 - mmengine - INFO - paramwise_options -- backbone.layers.1.1.2.attn.norm.weight:weight_decay=0.0
03/29 23:56:23 - mmengine - INFO - paramwise_options -- backbone.layers.1.1.2.attn.norm.weight:decay_mult=0.0
03/29 23:56:23 - mmengine - INFO - paramwise_options -- backbone.layers.1.1.2.attn.norm.bias:lr=0.00012
03/29 23:56:23 - mmengine - INFO - paramwise_options -- backbone.layers.1.1.2.attn.norm.bias:weight_decay=0.0
03/29 23:56:23 - mmengine - INFO - paramwise_options -- backbone.layers.1.1.2.attn.norm.bias:decay_mult=0.0
03/29 23:56:23 - mmengine - INFO - paramwise_options -- backbone.layers.1.1.2.norm2.weight:lr=0.00012
03/29 23:56:23 - mmengine - INFO - paramwise_options -- backbone.layers.1.1.2.norm2.weight:weight_decay=0.0
03/29 23:56:23 - mmengine - INFO - paramwise_options -- backbone.layers.1.1.2.norm2.weight:decay_mult=0.0
03/29 23:56:23 - mmengine - INFO - paramwise_options -- backbone.layers.1.1.2.norm2.bias:lr=0.00012
03/29 23:56:23 - mmengine - INFO - paramwise_options -- backbone.layers.1.1.2.norm2.bias:weight_decay=0.0
03/29 23:56:23 - mmengine - INFO - paramwise_options -- backbone.layers.1.1.2.norm2.bias:decay_mult=0.0
03/29 23:56:23 - mmengine - INFO - paramwise_options -- backbone.layers.1.1.3.norm1.weight:lr=0.00012
03/29 23:56:23 - mmengine - INFO - paramwise_options -- backbone.layers.1.1.3.norm1.weight:weight_decay=0.0
03/29 23:56:23 - mmengine - INFO - paramwise_options -- backbone.layers.1.1.3.norm1.weight:decay_mult=0.0
03/29 23:56:23 - mmengine - INFO - paramwise_options -- backbone.layers.1.1.3.norm1.bias:lr=0.00012
03/29 23:56:23 - mmengine - INFO - paramwise_options -- backbone.layers.1.1.3.norm1.bias:weight_decay=0.0
03/29 23:56:23 - mmengine - INFO - paramwise_options -- backbone.layers.1.1.3.norm1.bias:decay_mult=0.0
03/29 23:56:23 - mmengine - INFO - paramwise_options -- backbone.layers.1.1.3.attn.norm.weight:lr=0.00012
03/29 23:56:23 - mmengine - INFO - paramwise_options -- backbone.layers.1.1.3.attn.norm.weight:weight_decay=0.0
03/29 23:56:23 - mmengine - INFO - paramwise_options -- backbone.layers.1.1.3.attn.norm.weight:decay_mult=0.0
03/29 23:56:23 - mmengine - INFO - paramwise_options -- backbone.layers.1.1.3.attn.norm.bias:lr=0.00012
03/29 23:56:23 - mmengine - INFO - paramwise_options -- backbone.layers.1.1.3.attn.norm.bias:weight_decay=0.0
03/29 23:56:23 - mmengine - INFO - paramwise_options -- backbone.layers.1.1.3.attn.norm.bias:decay_mult=0.0
03/29 23:56:23 - mmengine - INFO - paramwise_options -- backbone.layers.1.1.3.norm2.weight:lr=0.00012
03/29 23:56:23 - mmengine - INFO - paramwise_options -- backbone.layers.1.1.3.norm2.weight:weight_decay=0.0
03/29 23:56:23 - mmengine - INFO - paramwise_options -- backbone.layers.1.1.3.norm2.weight:decay_mult=0.0
03/29 23:56:23 - mmengine - INFO - paramwise_options -- backbone.layers.1.1.3.norm2.bias:lr=0.00012
03/29 23:56:23 - mmengine - INFO - paramwise_options -- backbone.layers.1.1.3.norm2.bias:weight_decay=0.0
03/29 23:56:23 - mmengine - INFO - paramwise_options -- backbone.layers.1.1.3.norm2.bias:decay_mult=0.0
03/29 23:56:23 - mmengine - INFO - paramwise_options -- backbone.layers.2.0.norm.weight:lr=0.00012
03/29 23:56:23 - mmengine - INFO - paramwise_options -- backbone.layers.2.0.norm.weight:weight_decay=0.0
03/29 23:56:23 - mmengine - INFO - paramwise_options -- backbone.layers.2.0.norm.weight:decay_mult=0.0
03/29 23:56:23 - mmengine - INFO - paramwise_options -- backbone.layers.2.0.norm.bias:lr=0.00012
03/29 23:56:23 - mmengine - INFO - paramwise_options -- backbone.layers.2.0.norm.bias:weight_decay=0.0
03/29 23:56:23 - mmengine - INFO - paramwise_options -- backbone.layers.2.0.norm.bias:decay_mult=0.0
03/29 23:56:23 - mmengine - INFO - paramwise_options -- backbone.layers.2.1.0.norm1.weight:lr=0.00012
03/29 23:56:23 - mmengine - INFO - paramwise_options -- backbone.layers.2.1.0.norm1.weight:weight_decay=0.0
03/29 23:56:23 - mmengine - INFO - paramwise_options -- backbone.layers.2.1.0.norm1.weight:decay_mult=0.0
03/29 23:56:23 - mmengine - INFO - paramwise_options -- backbone.layers.2.1.0.norm1.bias:lr=0.00012
03/29 23:56:23 - mmengine - INFO - paramwise_options -- backbone.layers.2.1.0.norm1.bias:weight_decay=0.0
03/29 23:56:23 - mmengine - INFO - paramwise_options -- backbone.layers.2.1.0.norm1.bias:decay_mult=0.0
03/29 23:56:23 - mmengine - INFO - paramwise_options -- backbone.layers.2.1.0.attn.norm.weight:lr=0.00012
03/29 23:56:23 - mmengine - INFO - paramwise_options -- backbone.layers.2.1.0.attn.norm.weight:weight_decay=0.0
03/29 23:56:23 - mmengine - INFO - paramwise_options -- backbone.layers.2.1.0.attn.norm.weight:decay_mult=0.0
03/29 23:56:23 - mmengine - INFO - paramwise_options -- backbone.layers.2.1.0.attn.norm.bias:lr=0.00012
03/29 23:56:23 - mmengine - INFO - paramwise_options -- backbone.layers.2.1.0.attn.norm.bias:weight_decay=0.0
03/29 23:56:23 - mmengine - INFO - paramwise_options -- backbone.layers.2.1.0.attn.norm.bias:decay_mult=0.0
03/29 23:56:23 - mmengine - INFO - paramwise_options -- backbone.layers.2.1.0.norm2.weight:lr=0.00012
03/29 23:56:23 - mmengine - INFO - paramwise_options -- backbone.layers.2.1.0.norm2.weight:weight_decay=0.0
03/29 23:56:23 - mmengine - INFO - paramwise_options -- backbone.layers.2.1.0.norm2.weight:decay_mult=0.0
03/29 23:56:23 - mmengine - INFO - paramwise_options -- backbone.layers.2.1.0.norm2.bias:lr=0.00012
03/29 23:56:23 - mmengine - INFO - paramwise_options -- backbone.layers.2.1.0.norm2.bias:weight_decay=0.0
03/29 23:56:23 - mmengine - INFO - paramwise_options -- backbone.layers.2.1.0.norm2.bias:decay_mult=0.0
03/29 23:56:23 - mmengine - INFO - paramwise_options -- backbone.layers.2.1.1.norm1.weight:lr=0.00012
03/29 23:56:23 - mmengine - INFO - paramwise_options -- backbone.layers.2.1.1.norm1.weight:weight_decay=0.0
03/29 23:56:23 - mmengine - INFO - paramwise_options -- backbone.layers.2.1.1.norm1.weight:decay_mult=0.0
03/29 23:56:23 - mmengine - INFO - paramwise_options -- backbone.layers.2.1.1.norm1.bias:lr=0.00012
03/29 23:56:23 - mmengine - INFO - paramwise_options -- backbone.layers.2.1.1.norm1.bias:weight_decay=0.0
03/29 23:56:23 - mmengine - INFO - paramwise_options -- backbone.layers.2.1.1.norm1.bias:decay_mult=0.0
03/29 23:56:23 - mmengine - INFO - paramwise_options -- backbone.layers.2.1.1.attn.norm.weight:lr=0.00012
03/29 23:56:23 - mmengine - INFO - paramwise_options -- backbone.layers.2.1.1.attn.norm.weight:weight_decay=0.0
03/29 23:56:23 - mmengine - INFO - paramwise_options -- backbone.layers.2.1.1.attn.norm.weight:decay_mult=0.0
03/29 23:56:23 - mmengine - INFO - paramwise_options -- backbone.layers.2.1.1.attn.norm.bias:lr=0.00012
03/29 23:56:23 - mmengine - INFO - paramwise_options -- backbone.layers.2.1.1.attn.norm.bias:weight_decay=0.0
03/29 23:56:23 - mmengine - INFO - paramwise_options -- backbone.layers.2.1.1.attn.norm.bias:decay_mult=0.0
03/29 23:56:23 - mmengine - INFO - paramwise_options -- backbone.layers.2.1.1.norm2.weight:lr=0.00012
03/29 23:56:23 - mmengine - INFO - paramwise_options -- backbone.layers.2.1.1.norm2.weight:weight_decay=0.0
03/29 23:56:23 - mmengine - INFO - paramwise_options -- backbone.layers.2.1.1.norm2.weight:decay_mult=0.0
03/29 23:56:23 - mmengine - INFO - paramwise_options -- backbone.layers.2.1.1.norm2.bias:lr=0.00012
03/29 23:56:23 - mmengine - INFO - paramwise_options -- backbone.layers.2.1.1.norm2.bias:weight_decay=0.0
03/29 23:56:23 - mmengine - INFO - paramwise_options -- backbone.layers.2.1.1.norm2.bias:decay_mult=0.0
03/29 23:56:23 - mmengine - INFO - paramwise_options -- backbone.layers.2.1.2.norm1.weight:lr=0.00012
03/29 23:56:23 - mmengine - INFO - paramwise_options -- backbone.layers.2.1.2.norm1.weight:weight_decay=0.0
03/29 23:56:23 - mmengine - INFO - paramwise_options -- backbone.layers.2.1.2.norm1.weight:decay_mult=0.0
03/29 23:56:23 - mmengine - INFO - paramwise_options -- backbone.layers.2.1.2.norm1.bias:lr=0.00012
03/29 23:56:23 - mmengine - INFO - paramwise_options -- backbone.layers.2.1.2.norm1.bias:weight_decay=0.0
03/29 23:56:23 - mmengine - INFO - paramwise_options -- backbone.layers.2.1.2.norm1.bias:decay_mult=0.0
03/29 23:56:23 - mmengine - INFO - paramwise_options -- backbone.layers.2.1.2.attn.norm.weight:lr=0.00012
03/29 23:56:23 - mmengine - INFO - paramwise_options -- backbone.layers.2.1.2.attn.norm.weight:weight_decay=0.0
03/29 23:56:23 - mmengine - INFO - paramwise_options -- backbone.layers.2.1.2.attn.norm.weight:decay_mult=0.0
03/29 23:56:23 - mmengine - INFO - paramwise_options -- backbone.layers.2.1.2.attn.norm.bias:lr=0.00012
03/29 23:56:23 - mmengine - INFO - paramwise_options -- backbone.layers.2.1.2.attn.norm.bias:weight_decay=0.0
03/29 23:56:23 - mmengine - INFO - paramwise_options -- backbone.layers.2.1.2.attn.norm.bias:decay_mult=0.0
03/29 23:56:23 - mmengine - INFO - paramwise_options -- backbone.layers.2.1.2.norm2.weight:lr=0.00012
03/29 23:56:23 - mmengine - INFO - paramwise_options -- backbone.layers.2.1.2.norm2.weight:weight_decay=0.0
03/29 23:56:23 - mmengine - INFO - paramwise_options -- backbone.layers.2.1.2.norm2.weight:decay_mult=0.0
03/29 23:56:23 - mmengine - INFO - paramwise_options -- backbone.layers.2.1.2.norm2.bias:lr=0.00012
03/29 23:56:23 - mmengine - INFO - paramwise_options -- backbone.layers.2.1.2.norm2.bias:weight_decay=0.0
03/29 23:56:23 - mmengine - INFO - paramwise_options -- backbone.layers.2.1.2.norm2.bias:decay_mult=0.0
03/29 23:56:23 - mmengine - INFO - paramwise_options -- backbone.layers.2.1.3.norm1.weight:lr=0.00012
03/29 23:56:23 - mmengine - INFO - paramwise_options -- backbone.layers.2.1.3.norm1.weight:weight_decay=0.0
03/29 23:56:23 - mmengine - INFO - paramwise_options -- backbone.layers.2.1.3.norm1.weight:decay_mult=0.0
03/29 23:56:23 - mmengine - INFO - paramwise_options -- backbone.layers.2.1.3.norm1.bias:lr=0.00012
03/29 23:56:23 - mmengine - INFO - paramwise_options -- backbone.layers.2.1.3.norm1.bias:weight_decay=0.0
03/29 23:56:23 - mmengine - INFO - paramwise_options -- backbone.layers.2.1.3.norm1.bias:decay_mult=0.0
03/29 23:56:23 - mmengine - INFO - paramwise_options -- backbone.layers.2.1.3.attn.norm.weight:lr=0.00012
03/29 23:56:23 - mmengine - INFO - paramwise_options -- backbone.layers.2.1.3.attn.norm.weight:weight_decay=0.0
03/29 23:56:23 - mmengine - INFO - paramwise_options -- backbone.layers.2.1.3.attn.norm.weight:decay_mult=0.0
03/29 23:56:23 - mmengine - INFO - paramwise_options -- backbone.layers.2.1.3.attn.norm.bias:lr=0.00012
03/29 23:56:23 - mmengine - INFO - paramwise_options -- backbone.layers.2.1.3.attn.norm.bias:weight_decay=0.0
03/29 23:56:23 - mmengine - INFO - paramwise_options -- backbone.layers.2.1.3.attn.norm.bias:decay_mult=0.0
03/29 23:56:23 - mmengine - INFO - paramwise_options -- backbone.layers.2.1.3.norm2.weight:lr=0.00012
03/29 23:56:23 - mmengine - INFO - paramwise_options -- backbone.layers.2.1.3.norm2.weight:weight_decay=0.0
03/29 23:56:23 - mmengine - INFO - paramwise_options -- backbone.layers.2.1.3.norm2.weight:decay_mult=0.0
03/29 23:56:23 - mmengine - INFO - paramwise_options -- backbone.layers.2.1.3.norm2.bias:lr=0.00012
03/29 23:56:23 - mmengine - INFO - paramwise_options -- backbone.layers.2.1.3.norm2.bias:weight_decay=0.0
03/29 23:56:23 - mmengine - INFO - paramwise_options -- backbone.layers.2.1.3.norm2.bias:decay_mult=0.0
03/29 23:56:23 - mmengine - INFO - paramwise_options -- backbone.layers.2.1.4.norm1.weight:lr=0.00012
03/29 23:56:23 - mmengine - INFO - paramwise_options -- backbone.layers.2.1.4.norm1.weight:weight_decay=0.0
03/29 23:56:23 - mmengine - INFO - paramwise_options -- backbone.layers.2.1.4.norm1.weight:decay_mult=0.0
03/29 23:56:23 - mmengine - INFO - paramwise_options -- backbone.layers.2.1.4.norm1.bias:lr=0.00012
03/29 23:56:23 - mmengine - INFO - paramwise_options -- backbone.layers.2.1.4.norm1.bias:weight_decay=0.0
03/29 23:56:23 - mmengine - INFO - paramwise_options -- backbone.layers.2.1.4.norm1.bias:decay_mult=0.0
03/29 23:56:23 - mmengine - INFO - paramwise_options -- backbone.layers.2.1.4.attn.norm.weight:lr=0.00012
03/29 23:56:23 - mmengine - INFO - paramwise_options -- backbone.layers.2.1.4.attn.norm.weight:weight_decay=0.0
03/29 23:56:23 - mmengine - INFO - paramwise_options -- backbone.layers.2.1.4.attn.norm.weight:decay_mult=0.0
03/29 23:56:23 - mmengine - INFO - paramwise_options -- backbone.layers.2.1.4.attn.norm.bias:lr=0.00012
03/29 23:56:23 - mmengine - INFO - paramwise_options -- backbone.layers.2.1.4.attn.norm.bias:weight_decay=0.0
03/29 23:56:23 - mmengine - INFO - paramwise_options -- backbone.layers.2.1.4.attn.norm.bias:decay_mult=0.0
03/29 23:56:23 - mmengine - INFO - paramwise_options -- backbone.layers.2.1.4.norm2.weight:lr=0.00012
03/29 23:56:23 - mmengine - INFO - paramwise_options -- backbone.layers.2.1.4.norm2.weight:weight_decay=0.0
03/29 23:56:23 - mmengine - INFO - paramwise_options -- backbone.layers.2.1.4.norm2.weight:decay_mult=0.0
03/29 23:56:23 - mmengine - INFO - paramwise_options -- backbone.layers.2.1.4.norm2.bias:lr=0.00012
03/29 23:56:23 - mmengine - INFO - paramwise_options -- backbone.layers.2.1.4.norm2.bias:weight_decay=0.0
03/29 23:56:23 - mmengine - INFO - paramwise_options -- backbone.layers.2.1.4.norm2.bias:decay_mult=0.0
03/29 23:56:23 - mmengine - INFO - paramwise_options -- backbone.layers.2.1.5.norm1.weight:lr=0.00012
03/29 23:56:23 - mmengine - INFO - paramwise_options -- backbone.layers.2.1.5.norm1.weight:weight_decay=0.0
03/29 23:56:23 - mmengine - INFO - paramwise_options -- backbone.layers.2.1.5.norm1.weight:decay_mult=0.0
03/29 23:56:23 - mmengine - INFO - paramwise_options -- backbone.layers.2.1.5.norm1.bias:lr=0.00012
03/29 23:56:23 - mmengine - INFO - paramwise_options -- backbone.layers.2.1.5.norm1.bias:weight_decay=0.0
03/29 23:56:23 - mmengine - INFO - paramwise_options -- backbone.layers.2.1.5.norm1.bias:decay_mult=0.0
03/29 23:56:23 - mmengine - INFO - paramwise_options -- backbone.layers.2.1.5.attn.norm.weight:lr=0.00012
03/29 23:56:23 - mmengine - INFO - paramwise_options -- backbone.layers.2.1.5.attn.norm.weight:weight_decay=0.0
03/29 23:56:23 - mmengine - INFO - paramwise_options -- backbone.layers.2.1.5.attn.norm.weight:decay_mult=0.0
03/29 23:56:23 - mmengine - INFO - paramwise_options -- backbone.layers.2.1.5.attn.norm.bias:lr=0.00012
03/29 23:56:23 - mmengine - INFO - paramwise_options -- backbone.layers.2.1.5.attn.norm.bias:weight_decay=0.0
03/29 23:56:23 - mmengine - INFO - paramwise_options -- backbone.layers.2.1.5.attn.norm.bias:decay_mult=0.0
03/29 23:56:23 - mmengine - INFO - paramwise_options -- backbone.layers.2.1.5.norm2.weight:lr=0.00012
03/29 23:56:23 - mmengine - INFO - paramwise_options -- backbone.layers.2.1.5.norm2.weight:weight_decay=0.0
03/29 23:56:23 - mmengine - INFO - paramwise_options -- backbone.layers.2.1.5.norm2.weight:decay_mult=0.0
03/29 23:56:23 - mmengine - INFO - paramwise_options -- backbone.layers.2.1.5.norm2.bias:lr=0.00012
03/29 23:56:23 - mmengine - INFO - paramwise_options -- backbone.layers.2.1.5.norm2.bias:weight_decay=0.0
03/29 23:56:23 - mmengine - INFO - paramwise_options -- backbone.layers.2.1.5.norm2.bias:decay_mult=0.0
03/29 23:56:23 - mmengine - INFO - paramwise_options -- backbone.layers.3.0.norm.weight:lr=0.00012
03/29 23:56:23 - mmengine - INFO - paramwise_options -- backbone.layers.3.0.norm.weight:weight_decay=0.0
03/29 23:56:23 - mmengine - INFO - paramwise_options -- backbone.layers.3.0.norm.weight:decay_mult=0.0
03/29 23:56:23 - mmengine - INFO - paramwise_options -- backbone.layers.3.0.norm.bias:lr=0.00012
03/29 23:56:23 - mmengine - INFO - paramwise_options -- backbone.layers.3.0.norm.bias:weight_decay=0.0
03/29 23:56:23 - mmengine - INFO - paramwise_options -- backbone.layers.3.0.norm.bias:decay_mult=0.0
03/29 23:56:23 - mmengine - INFO - paramwise_options -- backbone.layers.3.1.0.norm1.weight:lr=0.00012
03/29 23:56:23 - mmengine - INFO - paramwise_options -- backbone.layers.3.1.0.norm1.weight:weight_decay=0.0
03/29 23:56:23 - mmengine - INFO - paramwise_options -- backbone.layers.3.1.0.norm1.weight:decay_mult=0.0
03/29 23:56:23 - mmengine - INFO - paramwise_options -- backbone.layers.3.1.0.norm1.bias:lr=0.00012
03/29 23:56:23 - mmengine - INFO - paramwise_options -- backbone.layers.3.1.0.norm1.bias:weight_decay=0.0
03/29 23:56:23 - mmengine - INFO - paramwise_options -- backbone.layers.3.1.0.norm1.bias:decay_mult=0.0
03/29 23:56:23 - mmengine - INFO - paramwise_options -- backbone.layers.3.1.0.norm2.weight:lr=0.00012
03/29 23:56:23 - mmengine - INFO - paramwise_options -- backbone.layers.3.1.0.norm2.weight:weight_decay=0.0
03/29 23:56:23 - mmengine - INFO - paramwise_options -- backbone.layers.3.1.0.norm2.weight:decay_mult=0.0
03/29 23:56:23 - mmengine - INFO - paramwise_options -- backbone.layers.3.1.0.norm2.bias:lr=0.00012
03/29 23:56:23 - mmengine - INFO - paramwise_options -- backbone.layers.3.1.0.norm2.bias:weight_decay=0.0
03/29 23:56:23 - mmengine - INFO - paramwise_options -- backbone.layers.3.1.0.norm2.bias:decay_mult=0.0
03/29 23:56:23 - mmengine - INFO - paramwise_options -- backbone.layers.3.1.1.norm1.weight:lr=0.00012
03/29 23:56:23 - mmengine - INFO - paramwise_options -- backbone.layers.3.1.1.norm1.weight:weight_decay=0.0
03/29 23:56:23 - mmengine - INFO - paramwise_options -- backbone.layers.3.1.1.norm1.weight:decay_mult=0.0
03/29 23:56:23 - mmengine - INFO - paramwise_options -- backbone.layers.3.1.1.norm1.bias:lr=0.00012
03/29 23:56:23 - mmengine - INFO - paramwise_options -- backbone.layers.3.1.1.norm1.bias:weight_decay=0.0
03/29 23:56:23 - mmengine - INFO - paramwise_options -- backbone.layers.3.1.1.norm1.bias:decay_mult=0.0
03/29 23:56:23 - mmengine - INFO - paramwise_options -- backbone.layers.3.1.1.norm2.weight:lr=0.00012
03/29 23:56:23 - mmengine - INFO - paramwise_options -- backbone.layers.3.1.1.norm2.weight:weight_decay=0.0
03/29 23:56:23 - mmengine - INFO - paramwise_options -- backbone.layers.3.1.1.norm2.weight:decay_mult=0.0
03/29 23:56:23 - mmengine - INFO - paramwise_options -- backbone.layers.3.1.1.norm2.bias:lr=0.00012
03/29 23:56:23 - mmengine - INFO - paramwise_options -- backbone.layers.3.1.1.norm2.bias:weight_decay=0.0
03/29 23:56:23 - mmengine - INFO - paramwise_options -- backbone.layers.3.1.1.norm2.bias:decay_mult=0.0
03/29 23:56:23 - mmengine - INFO - paramwise_options -- backbone.layers.3.1.2.norm1.weight:lr=0.00012
03/29 23:56:23 - mmengine - INFO - paramwise_options -- backbone.layers.3.1.2.norm1.weight:weight_decay=0.0
03/29 23:56:23 - mmengine - INFO - paramwise_options -- backbone.layers.3.1.2.norm1.weight:decay_mult=0.0
03/29 23:56:23 - mmengine - INFO - paramwise_options -- backbone.layers.3.1.2.norm1.bias:lr=0.00012
03/29 23:56:23 - mmengine - INFO - paramwise_options -- backbone.layers.3.1.2.norm1.bias:weight_decay=0.0
03/29 23:56:23 - mmengine - INFO - paramwise_options -- backbone.layers.3.1.2.norm1.bias:decay_mult=0.0
03/29 23:56:23 - mmengine - INFO - paramwise_options -- backbone.layers.3.1.2.norm2.weight:lr=0.00012
03/29 23:56:23 - mmengine - INFO - paramwise_options -- backbone.layers.3.1.2.norm2.weight:weight_decay=0.0
03/29 23:56:23 - mmengine - INFO - paramwise_options -- backbone.layers.3.1.2.norm2.weight:decay_mult=0.0
03/29 23:56:23 - mmengine - INFO - paramwise_options -- backbone.layers.3.1.2.norm2.bias:lr=0.00012
03/29 23:56:23 - mmengine - INFO - paramwise_options -- backbone.layers.3.1.2.norm2.bias:weight_decay=0.0
03/29 23:56:23 - mmengine - INFO - paramwise_options -- backbone.layers.3.1.2.norm2.bias:decay_mult=0.0
03/29 23:56:23 - mmengine - INFO - paramwise_options -- decode_head.conv_seg.weight:lr=0.0012000000000000001
03/29 23:56:23 - mmengine - INFO - paramwise_options -- decode_head.conv_seg.weight:weight_decay=0.01
03/29 23:56:23 - mmengine - INFO - paramwise_options -- decode_head.conv_seg.weight:lr_mult=10.0
03/29 23:56:23 - mmengine - INFO - paramwise_options -- decode_head.conv_seg.bias:lr=0.0012000000000000001
03/29 23:56:23 - mmengine - INFO - paramwise_options -- decode_head.conv_seg.bias:weight_decay=0.01
03/29 23:56:23 - mmengine - INFO - paramwise_options -- decode_head.conv_seg.bias:lr_mult=10.0
03/29 23:56:23 - mmengine - INFO - paramwise_options -- decode_head.convs.0.conv.weight:lr=0.0012000000000000001
03/29 23:56:23 - mmengine - INFO - paramwise_options -- decode_head.convs.0.conv.weight:weight_decay=0.01
03/29 23:56:23 - mmengine - INFO - paramwise_options -- decode_head.convs.0.conv.weight:lr_mult=10.0
03/29 23:56:23 - mmengine - INFO - paramwise_options -- decode_head.convs.0.bn.weight:lr=0.0012000000000000001
03/29 23:56:23 - mmengine - INFO - paramwise_options -- decode_head.convs.0.bn.weight:weight_decay=0.01
03/29 23:56:23 - mmengine - INFO - paramwise_options -- decode_head.convs.0.bn.weight:lr_mult=10.0
03/29 23:56:23 - mmengine - INFO - paramwise_options -- decode_head.convs.0.bn.bias:lr=0.0012000000000000001
03/29 23:56:23 - mmengine - INFO - paramwise_options -- decode_head.convs.0.bn.bias:weight_decay=0.01
03/29 23:56:23 - mmengine - INFO - paramwise_options -- decode_head.convs.0.bn.bias:lr_mult=10.0
03/29 23:56:23 - mmengine - INFO - paramwise_options -- decode_head.convs.1.conv.weight:lr=0.0012000000000000001
03/29 23:56:23 - mmengine - INFO - paramwise_options -- decode_head.convs.1.conv.weight:weight_decay=0.01
03/29 23:56:23 - mmengine - INFO - paramwise_options -- decode_head.convs.1.conv.weight:lr_mult=10.0
03/29 23:56:23 - mmengine - INFO - paramwise_options -- decode_head.convs.1.bn.weight:lr=0.0012000000000000001
03/29 23:56:23 - mmengine - INFO - paramwise_options -- decode_head.convs.1.bn.weight:weight_decay=0.01
03/29 23:56:23 - mmengine - INFO - paramwise_options -- decode_head.convs.1.bn.weight:lr_mult=10.0
03/29 23:56:23 - mmengine - INFO - paramwise_options -- decode_head.convs.1.bn.bias:lr=0.0012000000000000001
03/29 23:56:23 - mmengine - INFO - paramwise_options -- decode_head.convs.1.bn.bias:weight_decay=0.01
03/29 23:56:23 - mmengine - INFO - paramwise_options -- decode_head.convs.1.bn.bias:lr_mult=10.0
03/29 23:56:23 - mmengine - INFO - paramwise_options -- decode_head.convs.2.conv.weight:lr=0.0012000000000000001
03/29 23:56:23 - mmengine - INFO - paramwise_options -- decode_head.convs.2.conv.weight:weight_decay=0.01
03/29 23:56:23 - mmengine - INFO - paramwise_options -- decode_head.convs.2.conv.weight:lr_mult=10.0
03/29 23:56:23 - mmengine - INFO - paramwise_options -- decode_head.convs.2.bn.weight:lr=0.0012000000000000001
03/29 23:56:23 - mmengine - INFO - paramwise_options -- decode_head.convs.2.bn.weight:weight_decay=0.01
03/29 23:56:23 - mmengine - INFO - paramwise_options -- decode_head.convs.2.bn.weight:lr_mult=10.0
03/29 23:56:23 - mmengine - INFO - paramwise_options -- decode_head.convs.2.bn.bias:lr=0.0012000000000000001
03/29 23:56:23 - mmengine - INFO - paramwise_options -- decode_head.convs.2.bn.bias:weight_decay=0.01
03/29 23:56:23 - mmengine - INFO - paramwise_options -- decode_head.convs.2.bn.bias:lr_mult=10.0
03/29 23:56:23 - mmengine - INFO - paramwise_options -- decode_head.convs.3.conv.weight:lr=0.0012000000000000001
03/29 23:56:23 - mmengine - INFO - paramwise_options -- decode_head.convs.3.conv.weight:weight_decay=0.01
03/29 23:56:23 - mmengine - INFO - paramwise_options -- decode_head.convs.3.conv.weight:lr_mult=10.0
03/29 23:56:23 - mmengine - INFO - paramwise_options -- decode_head.convs.3.bn.weight:lr=0.0012000000000000001
03/29 23:56:23 - mmengine - INFO - paramwise_options -- decode_head.convs.3.bn.weight:weight_decay=0.01
03/29 23:56:23 - mmengine - INFO - paramwise_options -- decode_head.convs.3.bn.weight:lr_mult=10.0
03/29 23:56:23 - mmengine - INFO - paramwise_options -- decode_head.convs.3.bn.bias:lr=0.0012000000000000001
03/29 23:56:23 - mmengine - INFO - paramwise_options -- decode_head.convs.3.bn.bias:weight_decay=0.01
03/29 23:56:23 - mmengine - INFO - paramwise_options -- decode_head.convs.3.bn.bias:lr_mult=10.0
03/29 23:56:23 - mmengine - INFO - paramwise_options -- decode_head.fusion_conv.conv.weight:lr=0.0012000000000000001
03/29 23:56:23 - mmengine - INFO - paramwise_options -- decode_head.fusion_conv.conv.weight:weight_decay=0.01
03/29 23:56:23 - mmengine - INFO - paramwise_options -- decode_head.fusion_conv.conv.weight:lr_mult=10.0
03/29 23:56:23 - mmengine - INFO - paramwise_options -- decode_head.fusion_conv.bn.weight:lr=0.0012000000000000001
03/29 23:56:23 - mmengine - INFO - paramwise_options -- decode_head.fusion_conv.bn.weight:weight_decay=0.01
03/29 23:56:23 - mmengine - INFO - paramwise_options -- decode_head.fusion_conv.bn.weight:lr_mult=10.0
03/29 23:56:23 - mmengine - INFO - paramwise_options -- decode_head.fusion_conv.bn.bias:lr=0.0012000000000000001
03/29 23:56:23 - mmengine - INFO - paramwise_options -- decode_head.fusion_conv.bn.bias:weight_decay=0.01
03/29 23:56:23 - mmengine - INFO - paramwise_options -- decode_head.fusion_conv.bn.bias:lr_mult=10.0
03/29 23:56:23 - mmengine - INFO - paramwise_options -- auxiliary_head.conv_seg.weight:lr=0.0012000000000000001
03/29 23:56:23 - mmengine - INFO - paramwise_options -- auxiliary_head.conv_seg.weight:weight_decay=0.01
03/29 23:56:23 - mmengine - INFO - paramwise_options -- auxiliary_head.conv_seg.weight:lr_mult=10.0
03/29 23:56:23 - mmengine - INFO - paramwise_options -- auxiliary_head.conv_seg.bias:lr=0.0012000000000000001
03/29 23:56:23 - mmengine - INFO - paramwise_options -- auxiliary_head.conv_seg.bias:weight_decay=0.01
03/29 23:56:23 - mmengine - INFO - paramwise_options -- auxiliary_head.conv_seg.bias:lr_mult=10.0
03/29 23:56:23 - mmengine - INFO - paramwise_options -- auxiliary_head.conv1.weight:lr=0.0012000000000000001
03/29 23:56:23 - mmengine - INFO - paramwise_options -- auxiliary_head.conv1.weight:weight_decay=0.01
03/29 23:56:23 - mmengine - INFO - paramwise_options -- auxiliary_head.conv1.weight:lr_mult=10.0
03/29 23:56:23 - mmengine - INFO - paramwise_options -- auxiliary_head.conv1.bias:lr=0.0012000000000000001
03/29 23:56:23 - mmengine - INFO - paramwise_options -- auxiliary_head.conv1.bias:weight_decay=0.01
03/29 23:56:23 - mmengine - INFO - paramwise_options -- auxiliary_head.conv1.bias:lr_mult=10.0
03/29 23:56:23 - mmengine - INFO - paramwise_options -- auxiliary_head.conv2.weight:lr=0.0012000000000000001
03/29 23:56:23 - mmengine - INFO - paramwise_options -- auxiliary_head.conv2.weight:weight_decay=0.01
03/29 23:56:23 - mmengine - INFO - paramwise_options -- auxiliary_head.conv2.weight:lr_mult=10.0
03/29 23:56:23 - mmengine - INFO - paramwise_options -- auxiliary_head.conv2.bias:lr=0.0012000000000000001
03/29 23:56:23 - mmengine - INFO - paramwise_options -- auxiliary_head.conv2.bias:weight_decay=0.01
03/29 23:56:23 - mmengine - INFO - paramwise_options -- auxiliary_head.conv2.bias:lr_mult=10.0
03/29 23:56:24 - mmengine - WARNING - The prefix is not set in metric class IoUMetric.
03/29 23:56:24 - mmengine - INFO - load model from: https://download.openmmlab.com/mmsegmentation/v0.5/pretrain/segformer/mit_b2_20220624-66e8bf70.pth
03/29 23:56:24 - mmengine - INFO - Loads checkpoint by http backend from path: https://download.openmmlab.com/mmsegmentation/v0.5/pretrain/segformer/mit_b2_20220624-66e8bf70.pth
03/29 23:56:24 - mmengine - WARNING - "FileClient" will be deprecated in future. Please use io functions in https://mmengine.readthedocs.io/en/latest/api/fileio.html#file-io
03/29 23:56:24 - mmengine - WARNING - "HardDiskBackend" is the alias of "LocalBackend" and the former will be deprecated in future.
03/29 23:56:24 - mmengine - INFO - Checkpoints will be saved to work_dirs/ablation/core_aux_only/ckpt/core_aux_only.
03/29 23:56:42 - mmengine - INFO - Iter(train) [   50/10000]  base_lr: 1.1784e-05 lr: 1.1784e-05  eta: 0:59:13  time: 0.2963  data_time: 0.0112  memory: 22138  grad_norm: 0.9967  loss: 0.8948  decode.loss_ce: 0.1298  decode.loss_dice: 0.3034  decode.loss_cldice: 0.0000  decode.acc_seg: 46.8379  aux.loss_skel_bce: 0.3085  aux.loss_skel_dice: 0.1206  aux.loss_skel_cldice: 0.0325
03/29 23:56:57 - mmengine - INFO - Iter(train) [  100/10000]  base_lr: 2.3808e-05 lr: 2.3808e-05  eta: 0:53:52  time: 0.2951  data_time: 0.0107  memory: 22138  grad_norm: 1.4183  loss: 0.7396  decode.loss_ce: 0.0600  decode.loss_dice: 0.2470  decode.loss_cldice: 0.0000  decode.acc_seg: 95.0475  aux.loss_skel_bce: 0.1900  aux.loss_skel_dice: 0.2158  aux.loss_skel_cldice: 0.0269
03/29 23:57:12 - mmengine - INFO - Iter(train) [  150/10000]  base_lr: 3.5832e-05 lr: 3.5832e-05  eta: 0:51:54  time: 0.2959  data_time: 0.0108  memory: 22138  grad_norm: 1.7164  loss: 0.7111  decode.loss_ce: 0.0415  decode.loss_dice: 0.2392  decode.loss_cldice: 0.0000  decode.acc_seg: 91.3077  aux.loss_skel_bce: 0.1907  aux.loss_skel_dice: 0.2141  aux.loss_skel_cldice: 0.0257
03/29 23:57:26 - mmengine - INFO - Iter(train) [  200/10000]  base_lr: 4.7856e-05 lr: 4.7856e-05  eta: 0:50:47  time: 0.2950  data_time: 0.0106  memory: 22138  grad_norm: 1.4968  loss: 0.7303  decode.loss_ce: 0.0543  decode.loss_dice: 0.2447  decode.loss_cldice: 0.0000  decode.acc_seg: 88.4758  aux.loss_skel_bce: 0.1947  aux.loss_skel_dice: 0.2093  aux.loss_skel_cldice: 0.0273
03/29 23:57:28 - mmengine - INFO - Exp name: core_aux_only_20260329_235621
03/29 23:57:41 - mmengine - INFO - Iter(train) [  250/10000]  base_lr: 5.9880e-05 lr: 5.9880e-05  eta: 0:50:00  time: 0.2953  data_time: 0.0104  memory: 22138  grad_norm: 1.6604  loss: 0.6974  decode.loss_ce: 0.0350  decode.loss_dice: 0.2318  decode.loss_cldice: 0.0000  decode.acc_seg: 96.1547  aux.loss_skel_bce: 0.1836  aux.loss_skel_dice: 0.2211  aux.loss_skel_cldice: 0.0259
03/29 23:57:56 - mmengine - INFO - Iter(train) [  300/10000]  base_lr: 7.1904e-05 lr: 7.1904e-05  eta: 0:49:25  time: 0.2954  data_time: 0.0106  memory: 22138  grad_norm: 1.3365  loss: 0.6997  decode.loss_ce: 0.0334  decode.loss_dice: 0.2351  decode.loss_cldice: 0.0000  decode.acc_seg: 94.7287  aux.loss_skel_bce: 0.1896  aux.loss_skel_dice: 0.2157  aux.loss_skel_cldice: 0.0259
03/29 23:58:11 - mmengine - INFO - Iter(train) [  350/10000]  base_lr: 8.3928e-05 lr: 8.3928e-05  eta: 0:48:55  time: 0.2955  data_time: 0.0107  memory: 22138  grad_norm: 0.7653  loss: 0.6724  decode.loss_ce: 0.0185  decode.loss_dice: 0.2249  decode.loss_cldice: 0.0000  decode.acc_seg: 97.2568  aux.loss_skel_bce: 0.1825  aux.loss_skel_dice: 0.2223  aux.loss_skel_cldice: 0.0243
03/29 23:58:25 - mmengine - INFO - Iter(train) [  400/10000]  base_lr: 9.5952e-05 lr: 9.5952e-05  eta: 0:48:30  time: 0.2956  data_time: 0.0107  memory: 22138  grad_norm: 1.8548  loss: 0.6902  decode.loss_ce: 0.0291  decode.loss_dice: 0.2323  decode.loss_cldice: 0.0000  decode.acc_seg: 98.3768  aux.loss_skel_bce: 0.1818  aux.loss_skel_dice: 0.2229  aux.loss_skel_cldice: 0.0241
03/29 23:58:40 - mmengine - INFO - Iter(train) [  450/10000]  base_lr: 1.0798e-04 lr: 1.0798e-04  eta: 0:48:06  time: 0.2960  data_time: 0.0109  memory: 22138  grad_norm: 0.7498  loss: 0.6834  decode.loss_ce: 0.0240  decode.loss_dice: 0.2294  decode.loss_cldice: 0.0000  decode.acc_seg: 98.9472  aux.loss_skel_bce: 0.1828  aux.loss_skel_dice: 0.2217  aux.loss_skel_cldice: 0.0254
03/29 23:58:55 - mmengine - INFO - Iter(train) [  500/10000]  base_lr: 1.2000e-04 lr: 1.2000e-04  eta: 0:47:45  time: 0.2957  data_time: 0.0107  memory: 22138  grad_norm: 1.0286  loss: 0.6895  decode.loss_ce: 0.0285  decode.loss_dice: 0.2299  decode.loss_cldice: 0.0000  decode.acc_seg: 97.5249  aux.loss_skel_bce: 0.1861  aux.loss_skel_dice: 0.2180  aux.loss_skel_cldice: 0.0270
03/29 23:58:55 - mmengine - INFO - Saving checkpoint at 500 iterations
03/29 23:59:40 - mmengine - INFO - Iter(val) [ 50/281]    eta: 0:03:21  time: 1.2539  data_time: 0.8160  memory: 1595  
03/30 00:00:21 - mmengine - INFO - Iter(val) [100/281]    eta: 0:02:33  time: 0.8827  data_time: 0.4969  memory: 1595  
03/30 00:00:59 - mmengine - INFO - Iter(val) [150/281]    eta: 0:01:47  time: 0.9592  data_time: 0.6120  memory: 1595  
03/30 00:01:30 - mmengine - INFO - Iter(val) [200/281]    eta: 0:01:02  time: 0.3692  data_time: 0.1209  memory: 1595  
03/30 00:02:10 - mmengine - INFO - Iter(val) [250/281]    eta: 0:00:24  time: 0.7492  data_time: 0.4842  memory: 1595  
03/30 00:02:31 - mmengine - INFO - per class results:
03/30 00:02:31 - mmengine - INFO - 
+----------------+-------+-------+-------+--------+-----------+--------+
|     Class      |  IoU  |  Acc  |  Dice | Fscore | Precision | Recall |
+----------------+-------+-------+-------+--------+-----------+--------+
|   background   | 86.33 |  88.9 | 92.66 | 92.66  |   96.76   |  88.9  |
| tactile_paving | 48.51 | 81.68 | 65.33 | 65.33  |   54.44   | 81.68  |
+----------------+-------+-------+-------+--------+-----------+--------+
03/30 00:02:31 - mmengine - INFO - Iter(val) [281/281]    aAcc: 87.8900  mIoU: 67.4200  mAcc: 85.2900  mDice: 79.0000  mFscore: 79.0000  mPrecision: 75.6000  mRecall: 85.2900  data_time: 0.3967  time: 0.7651
03/30 00:02:32 - mmengine - INFO - The best checkpoint with 67.4200 mIoU at 500 iter is saved to best_mIoU_iter_500.pth.
03/30 00:02:49 - mmengine - INFO - Iter(train) [  550/10000]  base_lr: 1.1938e-04 lr: 1.1938e-04  eta: 0:48:08  time: 0.3001  data_time: 0.0120  memory: 22139  grad_norm: 2.2629  loss: 0.6923  decode.loss_ce: 0.0316  decode.loss_dice: 0.2299  decode.loss_cldice: 0.0000  decode.acc_seg: 95.7408  aux.loss_skel_bce: 0.1843  aux.loss_skel_dice: 0.2203  aux.loss_skel_cldice: 0.0263
03/30 00:03:04 - mmengine - INFO - Iter(train) [  600/10000]  base_lr: 1.1875e-04 lr: 1.1875e-04  eta: 0:47:47  time: 0.2986  data_time: 0.0111  memory: 22139  grad_norm: 0.9795  loss: 0.6781  decode.loss_ce: 0.0210  decode.loss_dice: 0.2277  decode.loss_cldice: 0.0000  decode.acc_seg: 97.7346  aux.loss_skel_bce: 0.1806  aux.loss_skel_dice: 0.2245  aux.loss_skel_cldice: 0.0242
03/30 00:03:18 - mmengine - INFO - Iter(train) [  650/10000]  base_lr: 1.1812e-04 lr: 1.1812e-04  eta: 0:47:27  time: 0.2994  data_time: 0.0115  memory: 22139  grad_norm: 0.7075  loss: 0.6795  decode.loss_ce: 0.0206  decode.loss_dice: 0.2289  decode.loss_cldice: 0.0000  decode.acc_seg: 98.9058  aux.loss_skel_bce: 0.1825  aux.loss_skel_dice: 0.2224  aux.loss_skel_cldice: 0.0250
03/30 00:03:33 - mmengine - INFO - Iter(train) [  700/10000]  base_lr: 1.1749e-04 lr: 1.1749e-04  eta: 0:47:09  time: 0.2982  data_time: 0.0111  memory: 22139  grad_norm: 1.4901  loss: 0.6795  decode.loss_ce: 0.0193  decode.loss_dice: 0.2278  decode.loss_cldice: 0.0000  decode.acc_seg: 98.1394  aux.loss_skel_bce: 0.1826  aux.loss_skel_dice: 0.2220  aux.loss_skel_cldice: 0.0277
03/30 00:03:48 - mmengine - INFO - Iter(train) [  750/10000]  base_lr: 1.1685e-04 lr: 1.1685e-04  eta: 0:46:50  time: 0.2991  data_time: 0.0114  memory: 22140  grad_norm: 1.3203  loss: 0.7007  decode.loss_ce: 0.0368  decode.loss_dice: 0.2330  decode.loss_cldice: 0.0000  decode.acc_seg: 87.2751  aux.loss_skel_bce: 0.1804  aux.loss_skel_dice: 0.2243  aux.loss_skel_cldice: 0.0263
03/30 00:04:03 - mmengine - INFO - Iter(train) [  800/10000]  base_lr: 1.1622e-04 lr: 1.1622e-04  eta: 0:46:32  time: 0.2987  data_time: 0.0112  memory: 22140  grad_norm: 1.1565  loss: 0.6888  decode.loss_ce: 0.0280  decode.loss_dice: 0.2316  decode.loss_cldice: 0.0000  decode.acc_seg: 99.3318  aux.loss_skel_bce: 0.1818  aux.loss_skel_dice: 0.2232  aux.loss_skel_cldice: 0.0242
03/30 00:04:18 - mmengine - INFO - Iter(train) [  850/10000]  base_lr: 1.1559e-04 lr: 1.1559e-04  eta: 0:46:14  time: 0.2975  data_time: 0.0109  memory: 22139  grad_norm: 0.5784  loss: 0.6670  decode.loss_ce: 0.0127  decode.loss_dice: 0.2244  decode.loss_cldice: 0.0000  decode.acc_seg: 98.5999  aux.loss_skel_bce: 0.1869  aux.loss_skel_dice: 0.2186  aux.loss_skel_cldice: 0.0244
03/30 00:04:33 - mmengine - INFO - Iter(train) [  900/10000]  base_lr: 1.1496e-04 lr: 1.1496e-04  eta: 0:45:57  time: 0.2983  data_time: 0.0111  memory: 22139  grad_norm: 0.8045  loss: 0.6767  decode.loss_ce: 0.0167  decode.loss_dice: 0.2271  decode.loss_cldice: 0.0000  decode.acc_seg: 94.6492  aux.loss_skel_bce: 0.1768  aux.loss_skel_dice: 0.2300  aux.loss_skel_cldice: 0.0261
03/30 00:04:48 - mmengine - INFO - Iter(train) [  950/10000]  base_lr: 1.1433e-04 lr: 1.1433e-04  eta: 0:45:39  time: 0.2977  data_time: 0.0109  memory: 22139  grad_norm: 0.6824  loss: 0.6790  decode.loss_ce: 0.0249  decode.loss_dice: 0.2255  decode.loss_cldice: 0.0000  decode.acc_seg: 97.0822  aux.loss_skel_bce: 0.1807  aux.loss_skel_dice: 0.2243  aux.loss_skel_cldice: 0.0235
03/30 00:05:03 - mmengine - INFO - Exp name: core_aux_only_20260329_235621
03/30 00:05:03 - mmengine - INFO - Iter(train) [ 1000/10000]  base_lr: 1.1370e-04 lr: 1.1370e-04  eta: 0:45:22  time: 0.2986  data_time: 0.0110  memory: 22139  grad_norm: 1.2374  loss: 0.6754  decode.loss_ce: 0.0196  decode.loss_dice: 0.2269  decode.loss_cldice: 0.0000  decode.acc_seg: 98.2240  aux.loss_skel_bce: 0.1825  aux.loss_skel_dice: 0.2224  aux.loss_skel_cldice: 0.0240
03/30 00:05:03 - mmengine - INFO - Saving checkpoint at 1000 iterations
03/30 00:05:48 - mmengine - INFO - Iter(val) [ 50/281]    eta: 0:03:24  time: 1.2999  data_time: 0.8805  memory: 1595  
03/30 00:06:30 - mmengine - INFO - Iter(val) [100/281]    eta: 0:02:36  time: 0.9122  data_time: 0.5651  memory: 1595  
03/30 00:07:10 - mmengine - INFO - Iter(val) [150/281]    eta: 0:01:50  time: 1.0319  data_time: 0.7411  memory: 1595  
03/30 00:07:43 - mmengine - INFO - Iter(val) [200/281]    eta: 0:01:04  time: 0.3459  data_time: 0.1399  memory: 1595  
03/30 00:08:22 - mmengine - INFO - Iter(val) [250/281]    eta: 0:00:24  time: 0.7482  data_time: 0.5139  memory: 1595  
03/30 00:08:43 - mmengine - INFO - per class results:
03/30 00:08:43 - mmengine - INFO - 
+----------------+-------+-------+-------+--------+-----------+--------+
|     Class      |  IoU  |  Acc  |  Dice | Fscore | Precision | Recall |
+----------------+-------+-------+-------+--------+-----------+--------+
|   background   | 88.01 | 90.18 | 93.62 | 93.62  |   97.35   | 90.18  |
| tactile_paving | 52.88 | 84.87 | 69.18 | 69.18  |   58.38   | 84.87  |
+----------------+-------+-------+-------+--------+-----------+--------+
03/30 00:08:43 - mmengine - INFO - Iter(val) [281/281]    aAcc: 89.4300  mIoU: 70.4500  mAcc: 87.5200  mDice: 81.4000  mFscore: 81.4000  mPrecision: 77.8700  mRecall: 87.5200  data_time: 0.4434  time: 0.7778
03/30 00:08:43 - mmengine - INFO - The previous best checkpoint work_dirs/ablation/core_aux_only/ckpt/core_aux_only/best_mIoU_iter_500.pth is removed
03/30 00:08:44 - mmengine - INFO - The best checkpoint with 70.4500 mIoU at 1000 iter is saved to best_mIoU_iter_1000.pth.
03/30 00:09:00 - mmengine - INFO - Iter(train) [ 1050/10000]  base_lr: 1.1306e-04 lr: 1.1306e-04  eta: 0:45:22  time: 0.2975  data_time: 0.0108  memory: 22139  grad_norm: 1.4982  loss: 0.6813  decode.loss_ce: 0.0207  decode.loss_dice: 0.2320  decode.loss_cldice: 0.0000  decode.acc_seg: 98.6890  aux.loss_skel_bce: 0.1827  aux.loss_skel_dice: 0.2226  aux.loss_skel_cldice: 0.0233
03/30 00:09:15 - mmengine - INFO - Iter(train) [ 1100/10000]  base_lr: 1.1243e-04 lr: 1.1243e-04  eta: 0:45:05  time: 0.2996  data_time: 0.0115  memory: 22140  grad_norm: 0.9863  loss: 0.6874  decode.loss_ce: 0.0255  decode.loss_dice: 0.2310  decode.loss_cldice: 0.0000  decode.acc_seg: 95.9261  aux.loss_skel_bce: 0.1834  aux.loss_skel_dice: 0.2213  aux.loss_skel_cldice: 0.0262
03/30 00:09:30 - mmengine - INFO - Iter(train) [ 1150/10000]  base_lr: 1.1180e-04 lr: 1.1180e-04  eta: 0:44:47  time: 0.2974  data_time: 0.0109  memory: 22139  grad_norm: 1.3670  loss: 0.6780  decode.loss_ce: 0.0179  decode.loss_dice: 0.2268  decode.loss_cldice: 0.0000  decode.acc_seg: 98.4729  aux.loss_skel_bce: 0.1847  aux.loss_skel_dice: 0.2197  aux.loss_skel_cldice: 0.0290
03/30 00:09:45 - mmengine - INFO - Iter(train) [ 1200/10000]  base_lr: 1.1117e-04 lr: 1.1117e-04  eta: 0:44:30  time: 0.2990  data_time: 0.0113  memory: 22139  grad_norm: 1.5125  loss: 0.6916  decode.loss_ce: 0.0322  decode.loss_dice: 0.2301  decode.loss_cldice: 0.0000  decode.acc_seg: 99.4258  aux.loss_skel_bce: 0.1836  aux.loss_skel_dice: 0.2215  aux.loss_skel_cldice: 0.0242
03/30 00:10:00 - mmengine - INFO - Iter(train) [ 1250/10000]  base_lr: 1.1054e-04 lr: 1.1054e-04  eta: 0:44:13  time: 0.2988  data_time: 0.0111  memory: 22139  grad_norm: 0.3702  loss: 0.6618  decode.loss_ce: 0.0099  decode.loss_dice: 0.2218  decode.loss_cldice: 0.0000  decode.acc_seg: 98.6205  aux.loss_skel_bce: 0.1846  aux.loss_skel_dice: 0.2202  aux.loss_skel_cldice: 0.0253
03/30 00:10:15 - mmengine - INFO - Iter(train) [ 1300/10000]  base_lr: 1.0991e-04 lr: 1.0991e-04  eta: 0:43:57  time: 0.2983  data_time: 0.0111  memory: 22139  grad_norm: 1.0527  loss: 0.6801  decode.loss_ce: 0.0189  decode.loss_dice: 0.2310  decode.loss_cldice: 0.0000  decode.acc_seg: 92.5930  aux.loss_skel_bce: 0.1803  aux.loss_skel_dice: 0.2247  aux.loss_skel_cldice: 0.0253
03/30 00:10:30 - mmengine - INFO - Iter(train) [ 1350/10000]  base_lr: 1.0927e-04 lr: 1.0927e-04  eta: 0:43:40  time: 0.2998  data_time: 0.0115  memory: 22140  grad_norm: 0.5852  loss: 0.6648  decode.loss_ce: 0.0129  decode.loss_dice: 0.2225  decode.loss_cldice: 0.0000  decode.acc_seg: 98.8255  aux.loss_skel_bce: 0.1844  aux.loss_skel_dice: 0.2206  aux.loss_skel_cldice: 0.0245
03/30 00:10:45 - mmengine - INFO - Iter(train) [ 1400/10000]  base_lr: 1.0864e-04 lr: 1.0864e-04  eta: 0:43:24  time: 0.2986  data_time: 0.0112  memory: 22140  grad_norm: 0.5995  loss: 0.6619  decode.loss_ce: 0.0115  decode.loss_dice: 0.2204  decode.loss_cldice: 0.0000  decode.acc_seg: 98.9236  aux.loss_skel_bce: 0.1844  aux.loss_skel_dice: 0.2206  aux.loss_skel_cldice: 0.0250
03/30 00:11:00 - mmengine - INFO - Iter(train) [ 1450/10000]  base_lr: 1.0801e-04 lr: 1.0801e-04  eta: 0:43:07  time: 0.2981  data_time: 0.0110  memory: 22139  grad_norm: 0.6188  loss: 0.6865  decode.loss_ce: 0.0279  decode.loss_dice: 0.2278  decode.loss_cldice: 0.0000  decode.acc_seg: 99.0500  aux.loss_skel_bce: 0.1827  aux.loss_skel_dice: 0.2221  aux.loss_skel_cldice: 0.0260
03/30 00:11:15 - mmengine - INFO - Iter(train) [ 1500/10000]  base_lr: 1.0738e-04 lr: 1.0738e-04  eta: 0:42:51  time: 0.2983  data_time: 0.0111  memory: 22140  grad_norm: 1.5083  loss: 0.6832  decode.loss_ce: 0.0240  decode.loss_dice: 0.2293  decode.loss_cldice: 0.0000  decode.acc_seg: 95.7914  aux.loss_skel_bce: 0.1859  aux.loss_skel_dice: 0.2192  aux.loss_skel_cldice: 0.0247
03/30 00:11:15 - mmengine - INFO - Saving checkpoint at 1500 iterations
03/30 00:11:59 - mmengine - INFO - Iter(val) [ 50/281]    eta: 0:03:18  time: 1.2541  data_time: 0.8359  memory: 1595  
03/30 00:12:41 - mmengine - INFO - Iter(val) [100/281]    eta: 0:02:33  time: 0.8776  data_time: 0.5283  memory: 1595  
03/30 00:13:22 - mmengine - INFO - Iter(val) [150/281]    eta: 0:01:49  time: 1.1391  data_time: 0.8456  memory: 1595  
03/30 00:13:54 - mmengine - INFO - Iter(val) [200/281]    eta: 0:01:03  time: 0.3510  data_time: 0.1449  memory: 1595  
03/30 00:14:34 - mmengine - INFO - Iter(val) [250/281]    eta: 0:00:24  time: 0.7665  data_time: 0.5311  memory: 1595  
03/30 00:14:55 - mmengine - INFO - per class results:
03/30 00:14:55 - mmengine - INFO - 
+----------------+-------+-------+-------+--------+-----------+--------+
|     Class      |  IoU  |  Acc  |  Dice | Fscore | Precision | Recall |
+----------------+-------+-------+-------+--------+-----------+--------+
|   background   | 89.75 | 92.71 |  94.6 |  94.6  |   96.56   | 92.71  |
| tactile_paving | 54.99 | 79.67 | 70.96 | 70.96  |   63.96   | 79.67  |
+----------------+-------+-------+-------+--------+-----------+--------+
03/30 00:14:55 - mmengine - INFO - Iter(val) [281/281]    aAcc: 90.8900  mIoU: 72.3700  mAcc: 86.1900  mDice: 82.7800  mFscore: 82.7800  mPrecision: 80.2600  mRecall: 86.1900  data_time: 0.4410  time: 0.7756
03/30 00:14:55 - mmengine - INFO - The previous best checkpoint work_dirs/ablation/core_aux_only/ckpt/core_aux_only/best_mIoU_iter_1000.pth is removed
03/30 00:14:55 - mmengine - INFO - The best checkpoint with 72.3700 mIoU at 1500 iter is saved to best_mIoU_iter_1500.pth.
03/30 00:15:12 - mmengine - INFO - Iter(train) [ 1550/10000]  base_lr: 1.0675e-04 lr: 1.0675e-04  eta: 0:42:46  time: 0.2978  data_time: 0.0112  memory: 22139  grad_norm: 0.4952  loss: 0.6694  decode.loss_ce: 0.0139  decode.loss_dice: 0.2259  decode.loss_cldice: 0.0000  decode.acc_seg: 99.0454  aux.loss_skel_bce: 0.1838  aux.loss_skel_dice: 0.2212  aux.loss_skel_cldice: 0.0246
03/30 00:15:27 - mmengine - INFO - Iter(train) [ 1600/10000]  base_lr: 1.0612e-04 lr: 1.0612e-04  eta: 0:42:29  time: 0.2996  data_time: 0.0114  memory: 22139  grad_norm: 0.4145  loss: 0.6723  decode.loss_ce: 0.0171  decode.loss_dice: 0.2243  decode.loss_cldice: 0.0000  decode.acc_seg: 98.8432  aux.loss_skel_bce: 0.1821  aux.loss_skel_dice: 0.2225  aux.loss_skel_cldice: 0.0262
03/30 00:15:42 - mmengine - INFO - Iter(train) [ 1650/10000]  base_lr: 1.0548e-04 lr: 1.0548e-04  eta: 0:42:13  time: 0.2981  data_time: 0.0110  memory: 22139  grad_norm: 0.5549  loss: 0.6698  decode.loss_ce: 0.0145  decode.loss_dice: 0.2257  decode.loss_cldice: 0.0000  decode.acc_seg: 95.4456  aux.loss_skel_bce: 0.1835  aux.loss_skel_dice: 0.2213  aux.loss_skel_cldice: 0.0248
03/30 00:15:57 - mmengine - INFO - Iter(train) [ 1700/10000]  base_lr: 1.0485e-04 lr: 1.0485e-04  eta: 0:41:57  time: 0.3001  data_time: 0.0120  memory: 22139  grad_norm: 0.2097  loss: 0.6576  decode.loss_ce: 0.0062  decode.loss_dice: 0.2202  decode.loss_cldice: 0.0000  decode.acc_seg: 99.6609  aux.loss_skel_bce: 0.1812  aux.loss_skel_dice: 0.2237  aux.loss_skel_cldice: 0.0262
03/30 00:16:11 - mmengine - INFO - Iter(train) [ 1750/10000]  base_lr: 1.0422e-04 lr: 1.0422e-04  eta: 0:41:41  time: 0.2984  data_time: 0.0111  memory: 22139  grad_norm: 0.8038  loss: 0.6682  decode.loss_ce: 0.0136  decode.loss_dice: 0.2242  decode.loss_cldice: 0.0000  decode.acc_seg: 99.1588  aux.loss_skel_bce: 0.1820  aux.loss_skel_dice: 0.2229  aux.loss_skel_cldice: 0.0255
03/30 00:16:26 - mmengine - INFO - Iter(train) [ 1800/10000]  base_lr: 1.0359e-04 lr: 1.0359e-04  eta: 0:41:24  time: 0.2990  data_time: 0.0111  memory: 22139  grad_norm: 0.3796  loss: 0.6649  decode.loss_ce: 0.0114  decode.loss_dice: 0.2226  decode.loss_cldice: 0.0000  decode.acc_seg: 98.0705  aux.loss_skel_bce: 0.1831  aux.loss_skel_dice: 0.2215  aux.loss_skel_cldice: 0.0265
03/30 00:16:41 - mmengine - INFO - Iter(train) [ 1850/10000]  base_lr: 1.0296e-04 lr: 1.0296e-04  eta: 0:41:08  time: 0.2996  data_time: 0.0114  memory: 22139  grad_norm: 0.8947  loss: 0.6934  decode.loss_ce: 0.0363  decode.loss_dice: 0.2268  decode.loss_cldice: 0.0000  decode.acc_seg: 96.2871  aux.loss_skel_bce: 0.1822  aux.loss_skel_dice: 0.2227  aux.loss_skel_cldice: 0.0254
03/30 00:16:56 - mmengine - INFO - Iter(train) [ 1900/10000]  base_lr: 1.0233e-04 lr: 1.0233e-04  eta: 0:40:52  time: 0.2990  data_time: 0.0116  memory: 22139  grad_norm: 0.2711  loss: 0.6626  decode.loss_ce: 0.0094  decode.loss_dice: 0.2244  decode.loss_cldice: 0.0000  decode.acc_seg: 99.2523  aux.loss_skel_bce: 0.1826  aux.loss_skel_dice: 0.2220  aux.loss_skel_cldice: 0.0242
03/30 00:17:11 - mmengine - INFO - Iter(train) [ 1950/10000]  base_lr: 1.0169e-04 lr: 1.0169e-04  eta: 0:40:37  time: 0.3017  data_time: 0.0113  memory: 22140  grad_norm: 0.7823  loss: 0.6805  decode.loss_ce: 0.0231  decode.loss_dice: 0.2273  decode.loss_cldice: 0.0000  decode.acc_seg: 99.2925  aux.loss_skel_bce: 0.1819  aux.loss_skel_dice: 0.2230  aux.loss_skel_cldice: 0.0252
03/30 00:17:26 - mmengine - INFO - Exp name: core_aux_only_20260329_235621
03/30 00:17:26 - mmengine - INFO - Iter(train) [ 2000/10000]  base_lr: 1.0106e-04 lr: 1.0106e-04  eta: 0:40:22  time: 0.3025  data_time: 0.0115  memory: 22139  grad_norm: 0.8404  loss: 0.6740  decode.loss_ce: 0.0176  decode.loss_dice: 0.2262  decode.loss_cldice: 0.0000  decode.acc_seg: 99.5177  aux.loss_skel_bce: 0.1840  aux.loss_skel_dice: 0.2206  aux.loss_skel_cldice: 0.0258
03/30 00:17:26 - mmengine - INFO - Saving checkpoint at 2000 iterations
03/30 00:18:11 - mmengine - INFO - Iter(val) [ 50/281]    eta: 0:03:19  time: 1.2679  data_time: 0.8493  memory: 1595  
03/30 00:18:52 - mmengine - INFO - Iter(val) [100/281]    eta: 0:02:32  time: 0.8839  data_time: 0.5349  memory: 1595  
03/30 00:19:32 - mmengine - INFO - Iter(val) [150/281]    eta: 0:01:48  time: 0.9956  data_time: 0.7025  memory: 1595  
03/30 00:20:04 - mmengine - INFO - Iter(val) [200/281]    eta: 0:01:03  time: 0.3881  data_time: 0.1830  memory: 1595  
03/30 00:20:46 - mmengine - INFO - Iter(val) [250/281]    eta: 0:00:24  time: 0.7637  data_time: 0.5248  memory: 1595  
03/30 00:21:07 - mmengine - INFO - per class results:
03/30 00:21:07 - mmengine - INFO - 
+----------------+-------+-------+-------+--------+-----------+--------+
|     Class      |  IoU  |  Acc  |  Dice | Fscore | Precision | Recall |
+----------------+-------+-------+-------+--------+-----------+--------+
|   background   | 89.86 | 92.51 | 94.66 | 94.66  |   96.91   | 92.51  |
| tactile_paving | 56.03 | 81.87 | 71.82 | 71.82  |   63.97   | 81.87  |
+----------------+-------+-------+-------+--------+-----------+--------+
03/30 00:21:07 - mmengine - INFO - Iter(val) [281/281]    aAcc: 91.0200  mIoU: 72.9500  mAcc: 87.1900  mDice: 83.2400  mFscore: 83.2400  mPrecision: 80.4400  mRecall: 87.1900  data_time: 0.4439  time: 0.7774
03/30 00:21:07 - mmengine - INFO - The previous best checkpoint work_dirs/ablation/core_aux_only/ckpt/core_aux_only/best_mIoU_iter_1500.pth is removed
03/30 00:21:08 - mmengine - INFO - The best checkpoint with 72.9500 mIoU at 2000 iter is saved to best_mIoU_iter_2000.pth.
03/30 00:21:24 - mmengine - INFO - Iter(train) [ 2050/10000]  base_lr: 1.0043e-04 lr: 1.0043e-04  eta: 0:40:14  time: 0.3024  data_time: 0.0111  memory: 22139  grad_norm: 0.4172  loss: 0.6763  decode.loss_ce: 0.0162  decode.loss_dice: 0.2302  decode.loss_cldice: 0.0000  decode.acc_seg: 98.5694  aux.loss_skel_bce: 0.1820  aux.loss_skel_dice: 0.2230  aux.loss_skel_cldice: 0.0250
03/30 00:21:39 - mmengine - INFO - Iter(train) [ 2100/10000]  base_lr: 9.9800e-05 lr: 9.9800e-05  eta: 0:39:59  time: 0.3040  data_time: 0.0126  memory: 22139  grad_norm: 0.3021  loss: 0.6608  decode.loss_ce: 0.0090  decode.loss_dice: 0.2213  decode.loss_cldice: 0.0000  decode.acc_seg: 99.1088  aux.loss_skel_bce: 0.1848  aux.loss_skel_dice: 0.2195  aux.loss_skel_cldice: 0.0263
03/30 00:21:54 - mmengine - INFO - Iter(train) [ 2150/10000]  base_lr: 9.9168e-05 lr: 9.9168e-05  eta: 0:39:43  time: 0.2980  data_time: 0.0111  memory: 22140  grad_norm: 0.9082  loss: 0.6775  decode.loss_ce: 0.0212  decode.loss_dice: 0.2270  decode.loss_cldice: 0.0000  decode.acc_seg: 98.5084  aux.loss_skel_bce: 0.1823  aux.loss_skel_dice: 0.2228  aux.loss_skel_cldice: 0.0243
03/30 00:22:09 - mmengine - INFO - Iter(train) [ 2200/10000]  base_lr: 9.8537e-05 lr: 9.8537e-05  eta: 0:39:27  time: 0.3002  data_time: 0.0120  memory: 22139  grad_norm: 0.3635  loss: 0.6655  decode.loss_ce: 0.0108  decode.loss_dice: 0.2220  decode.loss_cldice: 0.0000  decode.acc_seg: 98.9780  aux.loss_skel_bce: 0.1850  aux.loss_skel_dice: 0.2196  aux.loss_skel_cldice: 0.0280
03/30 00:22:24 - mmengine - INFO - Iter(train) [ 2250/10000]  base_lr: 9.7905e-05 lr: 9.7905e-05  eta: 0:39:11  time: 0.3003  data_time: 0.0118  memory: 22139  grad_norm: 1.1262  loss: 0.6674  decode.loss_ce: 0.0141  decode.loss_dice: 0.2241  decode.loss_cldice: 0.0000  decode.acc_seg: 99.5408  aux.loss_skel_bce: 0.1793  aux.loss_skel_dice: 0.2257  aux.loss_skel_cldice: 0.0242
03/30 00:22:39 - mmengine - INFO - Iter(train) [ 2300/10000]  base_lr: 9.7273e-05 lr: 9.7273e-05  eta: 0:38:55  time: 0.3006  data_time: 0.0119  memory: 22139  grad_norm: 0.7140  loss: 0.6792  decode.loss_ce: 0.0221  decode.loss_dice: 0.2268  decode.loss_cldice: 0.0000  decode.acc_seg: 99.8734  aux.loss_skel_bce: 0.1819  aux.loss_skel_dice: 0.2231  aux.loss_skel_cldice: 0.0253
03/30 00:22:54 - mmengine - INFO - Iter(train) [ 2350/10000]  base_lr: 9.6642e-05 lr: 9.6642e-05  eta: 0:38:40  time: 0.2973  data_time: 0.0106  memory: 22139  grad_norm: 1.0955  loss: 0.6742  decode.loss_ce: 0.0179  decode.loss_dice: 0.2260  decode.loss_cldice: 0.0000  decode.acc_seg: 98.2177  aux.loss_skel_bce: 0.1810  aux.loss_skel_dice: 0.2240  aux.loss_skel_cldice: 0.0252
03/30 00:23:09 - mmengine - INFO - Iter(train) [ 2400/10000]  base_lr: 9.6010e-05 lr: 9.6010e-05  eta: 0:38:23  time: 0.2976  data_time: 0.0110  memory: 22139  grad_norm: 0.8513  loss: 0.6737  decode.loss_ce: 0.0189  decode.loss_dice: 0.2248  decode.loss_cldice: 0.0000  decode.acc_seg: 97.1599  aux.loss_skel_bce: 0.1807  aux.loss_skel_dice: 0.2243  aux.loss_skel_cldice: 0.0250
03/30 00:23:24 - mmengine - INFO - Iter(train) [ 2450/10000]  base_lr: 9.5378e-05 lr: 9.5378e-05  eta: 0:38:08  time: 0.2977  data_time: 0.0109  memory: 22139  grad_norm: 0.3355  loss: 0.6622  decode.loss_ce: 0.0115  decode.loss_dice: 0.2212  decode.loss_cldice: 0.0000  decode.acc_seg: 98.8056  aux.loss_skel_bce: 0.1806  aux.loss_skel_dice: 0.2243  aux.loss_skel_cldice: 0.0246
03/30 00:23:39 - mmengine - INFO - Iter(train) [ 2500/10000]  base_lr: 9.4747e-05 lr: 9.4747e-05  eta: 0:37:52  time: 0.2989  data_time: 0.0112  memory: 22139  grad_norm: 0.2856  loss: 0.6574  decode.loss_ce: 0.0071  decode.loss_dice: 0.2204  decode.loss_cldice: 0.0000  decode.acc_seg: 99.3591  aux.loss_skel_bce: 0.1828  aux.loss_skel_dice: 0.2223  aux.loss_skel_cldice: 0.0248
03/30 00:23:39 - mmengine - INFO - Saving checkpoint at 2500 iterations
03/30 00:24:22 - mmengine - INFO - Iter(val) [ 50/281]    eta: 0:03:14  time: 1.2349  data_time: 0.8178  memory: 1595  
03/30 00:25:03 - mmengine - INFO - Iter(val) [100/281]    eta: 0:02:29  time: 0.7998  data_time: 0.4564  memory: 1595  
03/30 00:25:41 - mmengine - INFO - Iter(val) [150/281]    eta: 0:01:46  time: 0.9870  data_time: 0.6935  memory: 1595  
03/30 00:26:13 - mmengine - INFO - Iter(val) [200/281]    eta: 0:01:01  time: 0.3824  data_time: 0.1773  memory: 1595  
03/30 00:26:52 - mmengine - INFO - Iter(val) [250/281]    eta: 0:00:23  time: 0.7581  data_time: 0.5206  memory: 1595  
03/30 00:27:13 - mmengine - INFO - per class results:
03/30 00:27:13 - mmengine - INFO - 
+----------------+-------+-------+-------+--------+-----------+--------+
|     Class      |  IoU  |  Acc  |  Dice | Fscore | Precision | Recall |
+----------------+-------+-------+-------+--------+-----------+--------+
|   background   | 87.81 | 89.71 | 93.51 | 93.51  |   97.65   | 89.71  |
| tactile_paving | 53.08 | 86.73 | 69.35 | 69.35  |   57.78   | 86.73  |
+----------------+-------+-------+-------+--------+-----------+--------+
03/30 00:27:13 - mmengine - INFO - Iter(val) [281/281]    aAcc: 89.2900  mIoU: 70.4500  mAcc: 88.2200  mDice: 81.4300  mFscore: 81.4300  mPrecision: 77.7100  mRecall: 88.2200  data_time: 0.4214  time: 0.7540
03/30 00:27:28 - mmengine - INFO - Iter(train) [ 2550/10000]  base_lr: 9.4115e-05 lr: 9.4115e-05  eta: 0:37:36  time: 0.2988  data_time: 0.0114  memory: 22140  grad_norm: 0.8834  loss: 0.6960  decode.loss_ce: 0.0415  decode.loss_dice: 0.2246  decode.loss_cldice: 0.0000  decode.acc_seg: 99.5489  aux.loss_skel_bce: 0.1819  aux.loss_skel_dice: 0.2229  aux.loss_skel_cldice: 0.0251
03/30 00:27:43 - mmengine - INFO - Iter(train) [ 2600/10000]  base_lr: 9.3484e-05 lr: 9.3484e-05  eta: 0:37:20  time: 0.2993  data_time: 0.0116  memory: 22139  grad_norm: 0.1992  loss: 0.6585  decode.loss_ce: 0.0075  decode.loss_dice: 0.2215  decode.loss_cldice: 0.0000  decode.acc_seg: 98.0931  aux.loss_skel_bce: 0.1839  aux.loss_skel_dice: 0.2207  aux.loss_skel_cldice: 0.0250
03/30 00:27:57 - mmengine - INFO - Iter(train) [ 2650/10000]  base_lr: 9.2852e-05 lr: 9.2852e-05  eta: 0:37:05  time: 0.2990  data_time: 0.0115  memory: 22140  grad_norm: 0.6391  loss: 0.6710  decode.loss_ce: 0.0135  decode.loss_dice: 0.2267  decode.loss_cldice: 0.0000  decode.acc_seg: 99.2342  aux.loss_skel_bce: 0.1835  aux.loss_skel_dice: 0.2211  aux.loss_skel_cldice: 0.0262
03/30 00:28:12 - mmengine - INFO - Iter(train) [ 2700/10000]  base_lr: 9.2220e-05 lr: 9.2220e-05  eta: 0:36:49  time: 0.3004  data_time: 0.0119  memory: 22139  grad_norm: 0.4592  loss: 0.6622  decode.loss_ce: 0.0095  decode.loss_dice: 0.2216  decode.loss_cldice: 0.0000  decode.acc_seg: 99.2540  aux.loss_skel_bce: 0.1848  aux.loss_skel_dice: 0.2200  aux.loss_skel_cldice: 0.0263
03/30 00:28:27 - mmengine - INFO - Iter(train) [ 2750/10000]  base_lr: 9.1589e-05 lr: 9.1589e-05  eta: 0:36:34  time: 0.2981  data_time: 0.0111  memory: 22139  grad_norm: 0.5094  loss: 0.6642  decode.loss_ce: 0.0109  decode.loss_dice: 0.2226  decode.loss_cldice: 0.0000  decode.acc_seg: 99.0130  aux.loss_skel_bce: 0.1829  aux.loss_skel_dice: 0.2218  aux.loss_skel_cldice: 0.0260
03/30 00:28:42 - mmengine - INFO - Iter(train) [ 2800/10000]  base_lr: 9.0957e-05 lr: 9.0957e-05  eta: 0:36:18  time: 0.2993  data_time: 0.0117  memory: 22139  grad_norm: 0.3186  loss: 0.6580  decode.loss_ce: 0.0083  decode.loss_dice: 0.2197  decode.loss_cldice: 0.0000  decode.acc_seg: 96.9831  aux.loss_skel_bce: 0.1814  aux.loss_skel_dice: 0.2234  aux.loss_skel_cldice: 0.0251
03/30 00:28:57 - mmengine - INFO - Iter(train) [ 2850/10000]  base_lr: 9.0325e-05 lr: 9.0325e-05  eta: 0:36:03  time: 0.3030  data_time: 0.0110  memory: 22139  grad_norm: 0.8927  loss: 0.6703  decode.loss_ce: 0.0112  decode.loss_dice: 0.2287  decode.loss_cldice: 0.0000  decode.acc_seg: 98.8114  aux.loss_skel_bce: 0.1820  aux.loss_skel_dice: 0.2225  aux.loss_skel_cldice: 0.0260
03/30 00:29:12 - mmengine - INFO - Iter(train) [ 2900/10000]  base_lr: 8.9694e-05 lr: 8.9694e-05  eta: 0:35:47  time: 0.2989  data_time: 0.0112  memory: 22140  grad_norm: 0.2185  loss: 0.6662  decode.loss_ce: 0.0105  decode.loss_dice: 0.2245  decode.loss_cldice: 0.0000  decode.acc_seg: 98.4803  aux.loss_skel_bce: 0.1824  aux.loss_skel_dice: 0.2226  aux.loss_skel_cldice: 0.0262
03/30 00:29:28 - mmengine - INFO - Iter(train) [ 2950/10000]  base_lr: 8.9062e-05 lr: 8.9062e-05  eta: 0:35:32  time: 0.3066  data_time: 0.0120  memory: 22139  grad_norm: 0.1130  loss: 0.6566  decode.loss_ce: 0.0058  decode.loss_dice: 0.2206  decode.loss_cldice: 0.0000  decode.acc_seg: 99.4465  aux.loss_skel_bce: 0.1832  aux.loss_skel_dice: 0.2219  aux.loss_skel_cldice: 0.0250
03/30 00:29:43 - mmengine - INFO - Exp name: core_aux_only_20260329_235621
03/30 00:29:43 - mmengine - INFO - Iter(train) [ 3000/10000]  base_lr: 8.8430e-05 lr: 8.8430e-05  eta: 0:35:18  time: 0.3031  data_time: 0.0115  memory: 22140  grad_norm: 0.2381  loss: 0.6596  decode.loss_ce: 0.0096  decode.loss_dice: 0.2210  decode.loss_cldice: 0.0000  decode.acc_seg: 99.1063  aux.loss_skel_bce: 0.1825  aux.loss_skel_dice: 0.2224  aux.loss_skel_cldice: 0.0241
03/30 00:29:43 - mmengine - INFO - Saving checkpoint at 3000 iterations
03/30 00:30:26 - mmengine - INFO - Iter(val) [ 50/281]    eta: 0:03:14  time: 1.2574  data_time: 0.8426  memory: 1595  
03/30 00:31:06 - mmengine - INFO - Iter(val) [100/281]    eta: 0:02:28  time: 0.8131  data_time: 0.4702  memory: 1595  
03/30 00:31:44 - mmengine - INFO - Iter(val) [150/281]    eta: 0:01:45  time: 0.9671  data_time: 0.6767  memory: 1595  
03/30 00:32:15 - mmengine - INFO - Iter(val) [200/281]    eta: 0:01:01  time: 0.3640  data_time: 0.1592  memory: 1595  
03/30 00:32:54 - mmengine - INFO - Iter(val) [250/281]    eta: 0:00:23  time: 0.7090  data_time: 0.4721  memory: 1595  
03/30 00:33:13 - mmengine - INFO - per class results:
03/30 00:33:13 - mmengine - INFO - 
+----------------+-------+-------+-------+--------+-----------+--------+
|     Class      |  IoU  |  Acc  |  Dice | Fscore | Precision | Recall |
+----------------+-------+-------+-------+--------+-----------+--------+
|   background   | 92.62 | 95.68 | 96.17 | 96.17  |   96.66   | 95.68  |
| tactile_paving |  62.9 | 79.63 | 77.22 | 77.22  |   74.96   | 79.63  |
+----------------+-------+-------+-------+--------+-----------+--------+
03/30 00:33:13 - mmengine - INFO - Iter(val) [281/281]    aAcc: 93.4400  mIoU: 77.7600  mAcc: 87.6500  mDice: 86.7000  mFscore: 86.7000  mPrecision: 85.8100  mRecall: 87.6500  data_time: 0.4114  time: 0.7426
03/30 00:33:13 - mmengine - INFO - The previous best checkpoint work_dirs/ablation/core_aux_only/ckpt/core_aux_only/best_mIoU_iter_2000.pth is removed
03/30 00:33:14 - mmengine - INFO - The best checkpoint with 77.7600 mIoU at 3000 iter is saved to best_mIoU_iter_3000.pth.
03/30 00:33:31 - mmengine - INFO - Iter(train) [ 3050/10000]  base_lr: 8.7799e-05 lr: 8.7799e-05  eta: 0:35:07  time: 0.3030  data_time: 0.0112  memory: 22139  grad_norm: 0.1123  loss: 0.6593  decode.loss_ce: 0.0067  decode.loss_dice: 0.2218  decode.loss_cldice: 0.0000  decode.acc_seg: 98.3823  aux.loss_skel_bce: 0.1829  aux.loss_skel_dice: 0.2221  aux.loss_skel_cldice: 0.0259
