# core_main_only effective-10000 audit log
generated_at=2026-03-31 12:15:22 +0800
policy=equivalent_completion(load_from_iter_6000 + new_iter_4500 >= 10000)

[SEGMENT_A] source=work_dirs/ablation/core_main_only/20260327_132211/20260327_132211.log
2026/03/27 13:22:32 - mmengine - INFO - Iter(train) [  50/5500]  base_lr: 1.1784e-05 lr: 1.1784e-05  eta: 0:31:53  time: 0.2930  data_time: 0.0105  memory: 22144  grad_norm: 0.3519  loss: 0.6455  decode.loss_ce: 0.0160  decode.loss_dice: 0.2217  decode.loss_cldice: 0.0041  decode.acc_seg: 98.8613  aux.loss_skel_bce: 0.1967  aux.loss_skel_dice: 0.2070  aux.loss_skel_cldice: 0.0000
2026/03/27 13:24:44 - mmengine - INFO - Iter(train) [ 500/5500]  base_lr: 1.2000e-04 lr: 1.2000e-04  eta: 0:24:54  time: 0.2930  data_time: 0.0102  memory: 22144  grad_norm: 0.5596  loss: 0.6627  decode.loss_ce: 0.0220  decode.loss_dice: 0.2295  decode.loss_cldice: 0.0074  decode.acc_seg: 99.4797  aux.loss_skel_bce: 0.1969  aux.loss_skel_dice: 0.2069  aux.loss_skel_cldice: 0.0000
2026/03/27 13:30:55 - mmengine - INFO - Iter(train) [1000/5500]  base_lr: 1.1370e-04 lr: 1.1370e-04  eta: 0:22:33  time: 0.2985  data_time: 0.0103  memory: 22145  grad_norm: 0.3992  loss: 0.6395  decode.loss_ce: 0.0077  decode.loss_dice: 0.2230  decode.loss_cldice: 0.0048  decode.acc_seg: 99.0773  aux.loss_skel_bce: 0.1980  aux.loss_skel_dice: 0.2060  aux.loss_skel_cldice: 0.0000
2026/03/27 13:43:00 - mmengine - INFO - Iter(train) [2000/5500]  base_lr: 1.0106e-04 lr: 1.0106e-04  eta: 0:17:28  time: 0.2978  data_time: 0.0102  memory: 22145  grad_norm: 0.1878  loss: 0.6470  decode.loss_ce: 0.0086  decode.loss_dice: 0.2297  decode.loss_cldice: 0.0052  decode.acc_seg: 99.3841  aux.loss_skel_bce: 0.1960  aux.loss_skel_dice: 0.2075  aux.loss_skel_cldice: 0.0000
2026/03/27 13:55:02 - mmengine - INFO - Iter(train) [3000/5500]  base_lr: 8.8430e-05 lr: 8.8430e-05  eta: 0:12:26  time: 0.2944  data_time: 0.0108  memory: 22145  grad_norm: 0.7979  loss: 0.6376  decode.loss_ce: 0.0068  decode.loss_dice: 0.2212  decode.loss_cldice: 0.0061  decode.acc_seg: 98.6736  aux.loss_skel_bce: 0.1965  aux.loss_skel_dice: 0.2070  aux.loss_skel_cldice: 0.0000
2026/03/27 14:06:56 - mmengine - INFO - Iter(train) [4000/5500]  base_lr: 7.5797e-05 lr: 7.5797e-05  eta: 0:07:27  time: 0.2982  data_time: 0.0104  memory: 22144  grad_norm: 0.5850  loss: 0.6412  decode.loss_ce: 0.0113  decode.loss_dice: 0.2204  decode.loss_cldice: 0.0058  decode.acc_seg: 98.5972  aux.loss_skel_bce: 0.1962  aux.loss_skel_dice: 0.2074  aux.loss_skel_cldice: 0.0000
2026/03/27 14:18:51 - mmengine - INFO - Iter(train) [5000/5500]  base_lr: 6.3165e-05 lr: 6.3165e-05  eta: 0:02:29  time: 0.2978  data_time: 0.0102  memory: 22145  grad_norm: 0.2546  loss: 0.6430  decode.loss_ce: 0.0061  decode.loss_dice: 0.2265  decode.loss_cldice: 0.0066  decode.acc_seg: 98.0191  aux.loss_skel_bce: 0.1969  aux.loss_skel_dice: 0.2069  aux.loss_skel_cldice: 0.0000
2026/03/27 14:24:47 - mmengine - INFO - Iter(train) [5500/5500]  base_lr: 5.6848e-05 lr: 5.6848e-05  eta: 0:00:00  time: 0.2983  data_time: 0.0103  memory: 22145  grad_norm: 0.1521  loss: 0.6355  decode.loss_ce: 0.0059  decode.loss_dice: 0.2209  decode.loss_cldice: 0.0051  decode.acc_seg: 98.6851  aux.loss_skel_bce: 0.1964  aux.loss_skel_dice: 0.2072  aux.loss_skel_cldice: 0.0000

[SEGMENT_B] source=work_dirs/ablation/core_main_only/20260329_175637/20260329_175637.log
2026/03/29 18:01:08 - mmengine - INFO - Iter(train) [ 5550/10000]  base_lr: 5.6216e-05 lr: 5.6216e-05  eta: 6:35:53  time: 0.3004  data_time: 0.0102  memory: 22135  grad_norm: 0.4456  loss: 0.6433  decode.loss_ce: 0.0110  decode.loss_dice: 0.2242  decode.loss_cldice: 0.0046  decode.acc_seg: 98.3346  aux.loss_skel_bce: 0.1959  aux.loss_skel_dice: 0.2076  aux.loss_skel_cldice: 0.0000
2026/03/29 18:01:23 - mmengine - INFO - Iter(train) [ 5600/10000]  base_lr: 5.5585e-05 lr: 5.5585e-05  eta: 3:26:50  time: 0.3043  data_time: 0.0099  memory: 22134  grad_norm: 0.1917  loss: 0.6340  decode.loss_ce: 0.0068  decode.loss_dice: 0.2214  decode.loss_cldice: 0.0022  decode.acc_seg: 99.4924  aux.loss_skel_bce: 0.1965  aux.loss_skel_dice: 0.2072  aux.loss_skel_cldice: 0.0000
2026/03/29 18:01:39 - mmengine - INFO - Iter(train) [ 5650/10000]  base_lr: 5.4953e-05 lr: 5.4953e-05  eta: 2:23:41  time: 0.3043  data_time: 0.0099  memory: 22134  grad_norm: 0.2263  loss: 0.6320  decode.loss_ce: 0.0072  decode.loss_dice: 0.2193  decode.loss_cldice: 0.0017  decode.acc_seg: 99.3881  aux.loss_skel_bce: 0.1961  aux.loss_skel_dice: 0.2075  aux.loss_skel_cldice: 0.0000
2026/03/29 18:01:54 - mmengine - INFO - Iter(train) [ 5700/10000]  base_lr: 5.4322e-05 lr: 5.4322e-05  eta: 1:51:59  time: 0.3044  data_time: 0.0110  memory: 22135  grad_norm: 0.2116  loss: 0.6371  decode.loss_ce: 0.0060  decode.loss_dice: 0.2232  decode.loss_cldice: 0.0042  decode.acc_seg: 98.8301  aux.loss_skel_bce: 0.1967  aux.loss_skel_dice: 0.2070  aux.loss_skel_cldice: 0.0000
2026/03/29 18:02:09 - mmengine - INFO - Iter(train) [ 5750/10000]  base_lr: 5.3690e-05 lr: 5.3690e-05  eta: 1:32:53  time: 0.3056  data_time: 0.0104  memory: 22134  grad_norm: 0.1621  loss: 0.6376  decode.loss_ce: 0.0063  decode.loss_dice: 0.2233  decode.loss_cldice: 0.0045  decode.acc_seg: 99.2924  aux.loss_skel_bce: 0.1959  aux.loss_skel_dice: 0.2075  aux.loss_skel_cldice: 0.0000
2026/03/29 18:02:24 - mmengine - INFO - Iter(train) [ 5800/10000]  base_lr: 5.3058e-05 lr: 5.3058e-05  eta: 1:20:03  time: 0.3048  data_time: 0.0102  memory: 22134  grad_norm: 0.1174  loss: 0.6313  decode.loss_ce: 0.0050  decode.loss_dice: 0.2206  decode.loss_cldice: 0.0020  decode.acc_seg: 99.5650  aux.loss_skel_bce: 0.1968  aux.loss_skel_dice: 0.2069  aux.loss_skel_cldice: 0.0000
2026/03/29 18:02:40 - mmengine - INFO - Iter(train) [ 5850/10000]  base_lr: 5.2427e-05 lr: 5.2427e-05  eta: 1:10:48  time: 0.3052  data_time: 0.0102  memory: 22134  grad_norm: 0.3075  loss: 0.6392  decode.loss_ce: 0.0097  decode.loss_dice: 0.2225  decode.loss_cldice: 0.0034  decode.acc_seg: 97.4553  aux.loss_skel_bce: 0.1962  aux.loss_skel_dice: 0.2074  aux.loss_skel_cldice: 0.0000
2026/03/29 18:02:55 - mmengine - INFO - Iter(train) [ 5900/10000]  base_lr: 5.1795e-05 lr: 5.1795e-05  eta: 1:03:49  time: 0.3052  data_time: 0.0104  memory: 22134  grad_norm: 0.3586  loss: 0.6365  decode.loss_ce: 0.0052  decode.loss_dice: 0.2219  decode.loss_cldice: 0.0059  decode.acc_seg: 99.5240  aux.loss_skel_bce: 0.1963  aux.loss_skel_dice: 0.2072  aux.loss_skel_cldice: 0.0000
2026/03/29 18:03:10 - mmengine - INFO - Iter(train) [ 5950/10000]  base_lr: 5.1163e-05 lr: 5.1163e-05  eta: 0:58:19  time: 0.3052  data_time: 0.0103  memory: 22134  grad_norm: 0.1399  loss: 0.6406  decode.loss_ce: 0.0085  decode.loss_dice: 0.2233  decode.loss_cldice: 0.0053  decode.acc_seg: 99.1663  aux.loss_skel_bce: 0.1961  aux.loss_skel_dice: 0.2074  aux.loss_skel_cldice: 0.0000
2026/03/29 18:03:25 - mmengine - INFO - Iter(train) [ 6000/10000]  base_lr: 5.0532e-05 lr: 5.0532e-05  eta: 0:53:52  time: 0.3047  data_time: 0.0099  memory: 22134  grad_norm: 1.3638  loss: 0.6576  decode.loss_ce: 0.0178  decode.loss_dice: 0.2310  decode.loss_cldice: 0.0051  decode.acc_seg: 80.6488  aux.loss_skel_bce: 0.1965  aux.loss_skel_dice: 0.2072  aux.loss_skel_cldice: 0.0000

[SEGMENT_C] source=logs/ablation/train_core_main_only_20260329_224935.log
03/30 12:24:40 - mmengine - INFO - Load checkpoint from work_dirs/ablation/core_main_only/ckpt/core_main_only/iter_6000.pth
03/31 03:19:34 - mmengine - INFO - Load checkpoint from work_dirs/ablation/core_main_only/ckpt/core_main_only/iter_6000.pth
03/31 09:09:56 - mmengine - INFO - Load checkpoint from work_dirs/ablation/core_main_only/ckpt/core_main_only/iter_6000.pth
03/31 09:19:36 - mmengine - INFO - Load checkpoint from work_dirs/ablation/core_main_only/ckpt/core_main_only/iter_6000.pth
03/31 09:46:59 - mmengine - INFO - Load checkpoint from work_dirs/ablation/core_main_only/ckpt/core_main_only/iter_6000.pth
03/31 09:50:51 - mmengine - INFO - Load checkpoint from work_dirs/ablation/core_main_only/ckpt/core_main_only/iter_6000.pth
03/31 09:56:01 - mmengine - INFO - Iter(train) [  500/10000]  base_lr: 1.2000e-04 lr: 1.2000e-04  eta: 1:38:20  time: 0.6086  data_time: 0.3227  memory: 22138  grad_norm: 1.7591  loss: 0.6788  decode.loss_ce: 0.0431  decode.loss_dice: 0.2261  decode.loss_cldice: 0.0058  decode.acc_seg: 98.8907  aux.loss_skel_bce: 0.1969  aux.loss_skel_dice: 0.2069  aux.loss_skel_cldice: 0.0000
03/31 10:11:08 - mmengine - INFO - Iter(train) [ 1000/10000]  base_lr: 1.1370e-04 lr: 1.1370e-04  eta: 1:33:53  time: 0.6212  data_time: 0.3345  memory: 22136  grad_norm: 0.5218  loss: 0.6458  decode.loss_ce: 0.0133  decode.loss_dice: 0.2234  decode.loss_cldice: 0.0054  decode.acc_seg: 99.2514  aux.loss_skel_bce: 0.1976  aux.loss_skel_dice: 0.2060  aux.loss_skel_cldice: 0.0000
03/31 10:26:07 - mmengine - INFO - Iter(train) [ 1500/10000]  base_lr: 1.0738e-04 lr: 1.0738e-04  eta: 1:28:11  time: 0.5881  data_time: 0.3020  memory: 22136  grad_norm: 1.1068  loss: 0.6513  decode.loss_ce: 0.0191  decode.loss_dice: 0.2238  decode.loss_cldice: 0.0046  decode.acc_seg: 99.1483  aux.loss_skel_bce: 0.1970  aux.loss_skel_dice: 0.2067  aux.loss_skel_cldice: 0.0000
03/31 10:42:00 - mmengine - INFO - Iter(train) [ 2000/10000]  base_lr: 1.0106e-04 lr: 1.0106e-04  eta: 1:22:42  time: 0.6194  data_time: 0.3333  memory: 22136  grad_norm: 0.3422  loss: 0.6364  decode.loss_ce: 0.0065  decode.loss_dice: 0.2215  decode.loss_cldice: 0.0047  decode.acc_seg: 98.2178  aux.loss_skel_bce: 0.1981  aux.loss_skel_dice: 0.2056  aux.loss_skel_cldice: 0.0000
03/31 10:58:52 - mmengine - INFO - Iter(train) [ 2500/10000]  base_lr: 9.4747e-05 lr: 9.4747e-05  eta: 1:18:03  time: 0.5873  data_time: 0.3014  memory: 22136  grad_norm: 0.3549  loss: 0.6403  decode.loss_ce: 0.0100  decode.loss_dice: 0.2225  decode.loss_cldice: 0.0042  decode.acc_seg: 99.1454  aux.loss_skel_bce: 0.1965  aux.loss_skel_dice: 0.2072  aux.loss_skel_cldice: 0.0000
03/31 11:15:26 - mmengine - INFO - Iter(train) [ 3000/10000]  base_lr: 8.8430e-05 lr: 8.8430e-05  eta: 1:12:30  time: 0.6020  data_time: 0.3160  memory: 22136  grad_norm: 0.1888  loss: 0.6327  decode.loss_ce: 0.0046  decode.loss_dice: 0.2220  decode.loss_cldice: 0.0025  decode.acc_seg: 99.2172  aux.loss_skel_bce: 0.1965  aux.loss_skel_dice: 0.2071  aux.loss_skel_cldice: 0.0000
03/31 11:34:32 - mmengine - INFO - Iter(train) [ 3500/10000]  base_lr: 8.2114e-05 lr: 8.2114e-05  eta: 1:07:47  time: 0.6020  data_time: 0.3158  memory: 22136  grad_norm: 0.3878  loss: 0.6352  decode.loss_ce: 0.0059  decode.loss_dice: 0.2230  decode.loss_cldice: 0.0028  decode.acc_seg: 99.2940  aux.loss_skel_bce: 0.1958  aux.loss_skel_dice: 0.2076  aux.loss_skel_cldice: 0.0000
03/31 11:53:10 - mmengine - INFO - Iter(train) [ 4000/10000]  base_lr: 7.5797e-05 lr: 7.5797e-05  eta: 1:02:53  time: 0.6307  data_time: 0.3445  memory: 22136  grad_norm: 0.4680  loss: 0.6344  decode.loss_ce: 0.0071  decode.loss_dice: 0.2204  decode.loss_cldice: 0.0033  decode.acc_seg: 98.5156  aux.loss_skel_bce: 0.1963  aux.loss_skel_dice: 0.2073  aux.loss_skel_cldice: 0.0000
03/31 12:11:23 - mmengine - INFO - Iter(train) [ 4500/10000]  base_lr: 6.9481e-05 lr: 6.9481e-05  eta: 0:57:50  time: 0.6742  data_time: 0.3881  memory: 22136  grad_norm: 0.1377  loss: 0.6346  decode.loss_ce: 0.0049  decode.loss_dice: 0.2235  decode.loss_cldice: 0.0027  decode.acc_seg: 99.4249  aux.loss_skel_bce: 0.1972  aux.loss_skel_dice: 0.2063  aux.loss_skel_cldice: 0.0000

[EQUIVALENT_TOTAL] base_from_checkpoint=6000, new_iters=4500, effective_total=10500
[DECISION] core_main_only marked complete under equivalent completion policy
