nohup: ignoring input
Traceback (most recent call last):
  File "/root/miniconda3/envs/tpseg/lib/python3.10/site-packages/mmengine/utils/misc.py", line 77, in import_modules_from_strings
    imported_tmp = import_module(imp)
  File "/root/miniconda3/envs/tpseg/lib/python3.10/importlib/__init__.py", line 126, in import_module
    return _bootstrap._gcd_import(name[level:], package, level)
  File "<frozen importlib._bootstrap>", line 1050, in _gcd_import
  File "<frozen importlib._bootstrap>", line 1027, in _find_and_load
  File "<frozen importlib._bootstrap>", line 992, in _find_and_load_unlocked
  File "<frozen importlib._bootstrap>", line 241, in _call_with_frames_removed
  File "<frozen importlib._bootstrap>", line 1050, in _gcd_import
  File "<frozen importlib._bootstrap>", line 1027, in _find_and_load
  File "<frozen importlib._bootstrap>", line 1004, in _find_and_load_unlocked
ModuleNotFoundError: No module named 'mmseg_ext'

During handling of the above exception, another exception occurred:

Traceback (most recent call last):
  File "/root/miniconda3/envs/tpseg/lib/python3.10/site-packages/mmengine/config/config.py", line 466, in fromfile
    import_modules_from_strings(**cfg_dict['custom_imports'])
  File "/root/miniconda3/envs/tpseg/lib/python3.10/site-packages/mmengine/utils/misc.py", line 84, in import_modules_from_strings
    raise ImportError(f'Failed to import {imp}')
ImportError: Failed to import mmseg_ext.datasets

The above exception was the direct cause of the following exception:

Traceback (most recent call last):
  File "/root/autodl-tmp/tactile_topo_seg/third_party/mmsegmentation/tools/train.py", line 104, in <module>
    main()
  File "/root/autodl-tmp/tactile_topo_seg/third_party/mmsegmentation/tools/train.py", line 58, in main
    cfg = Config.fromfile(args.config)
  File "/root/miniconda3/envs/tpseg/lib/python3.10/site-packages/mmengine/config/config.py", line 478, in fromfile
    raise ImportError(err_msg) from e
ImportError: Failed to import custom modules from {'imports': ['mmseg_ext.datasets', 'mmseg_ext.transforms', 'mmseg_ext.models', 'mmseg_ext.models.tp_cldice_loss', 'mmseg_ext.models.tp_skeleton_head_clDice'], 'allow_failed_imports': False}, the current sys.path is: 
    /root/autodl-tmp/tactile_topo_seg/third_party/mmsegmentation/tools
    /root/miniconda3/envs/tpseg/lib/python310.zip
    /root/miniconda3/envs/tpseg/lib/python3.10
    /root/miniconda3/envs/tpseg/lib/python3.10/lib-dynload
    /root/miniconda3/envs/tpseg/lib/python3.10/site-packages
    /tmp/tmpwtvhaktj
You should set `PYTHONPATH` to make `sys.path` include the directory which contains your custom module

ERROR conda.cli.main_run:execute(47): `conda run python -u third_party/mmsegmentation/tools/train.py configs/tp_dataset/ablation_generated/core_both.py --work-dir work_dirs/ablation/core_both --resume` failed. (See above for error)
