03/30 18:57:31 - mmengine - INFO - 
------------------------------------------------------------
System environment:
    sys.platform: linux
    Python: 3.10.19 (main, Oct 21 2025, 16:43:05) [GCC 11.2.0]
    CUDA available: False
    MUSA available: False
    numpy_random_seed: 1847041127
    GCC: gcc (Ubuntu 11.3.0-1ubuntu1~22.04) 11.3.0
    PyTorch: 2.1.2+cu118
    PyTorch compiling details: PyTorch built with:
  - GCC 9.3
  - C++ Version: 201703
  - Intel(R) oneAPI Math Kernel Library Version 2022.2-Product Build 20220804 for Intel(R) 64 architecture applications
  - Intel(R) MKL-DNN v3.1.1 (Git Hash 64f6bcbcbab628e96f33a62c3e975f8535a7bde4)
  - OpenMP 201511 (a.k.a. OpenMP 4.5)
  - LAPACK is enabled (usually provided by MKL)
  - NNPACK is enabled
  - CPU capability usage: AVX512
  - Build settings: BLAS_INFO=mkl, BUILD_TYPE=Release, CUDA_VERSION=11.8, CUDNN_VERSION=8.7.0, CXX_COMPILER=/opt/rh/devtoolset-9/root/usr/bin/c++, CXX_FLAGS= -D_GLIBCXX_USE_CXX11_ABI=0 -fabi-version=11 -fvisibility-inlines-hidden -DUSE_PTHREADPOOL -DNDEBUG -DUSE_KINETO -DLIBKINETO_NOROCTRACER -DUSE_FBGEMM -DUSE_QNNPACK -DUSE_PYTORCH_QNNPACK -DUSE_XNNPACK -DSYMBOLICATE_MOBILE_DEBUG_HANDLE -O2 -fPIC -Wall -Wextra -Werror=return-type -Werror=non-virtual-dtor -Werror=bool-operation -Wnarrowing -Wno-missing-field-initializers -Wno-type-limits -Wno-array-bounds -Wno-unknown-pragmas -Wno-unused-parameter -Wno-unused-function -Wno-unused-result -Wno-strict-overflow -Wno-strict-aliasing -Wno-stringop-overflow -Wno-psabi -Wno-error=pedantic -Wno-error=old-style-cast -Wno-invalid-partial-specialization -Wno-unused-private-field -Wno-aligned-allocation-unavailable -Wno-missing-braces -fdiagnostics-color=always -faligned-new -Wno-unused-but-set-variable -Wno-maybe-uninitialized -fno-math-errno -fno-trapping-math -Werror=format -Werror=cast-function-type -Wno-stringop-overflow, LAPACK_INFO=mkl, PERF_WITH_AVX=1, PERF_WITH_AVX2=1, PERF_WITH_AVX512=1, TORCH_DISABLE_GPU_ASSERTS=ON, TORCH_VERSION=2.1.2, USE_CUDA=ON, USE_CUDNN=ON, USE_EXCEPTION_PTR=1, USE_GFLAGS=OFF, USE_GLOG=OFF, USE_MKL=ON, USE_MKLDNN=ON, USE_MPI=OFF, USE_NCCL=1, USE_NNPACK=ON, USE_OPENMP=ON, USE_ROCM=OFF, 

    TorchVision: 0.16.2+cu118
    OpenCV: 4.13.0
    MMEngine: 0.10.7

Runtime environment:
    cudnn_benchmark: True
    mp_cfg: {'mp_start_method': 'fork', 'opencv_num_threads': 0}
    dist_cfg: {'backend': 'nccl'}
    seed: 1847041127
    Distributed launcher: none
    Distributed training: False
    GPU number: 1
------------------------------------------------------------

03/30 18:57:31 - mmengine - INFO - Config:
checkpoint = 'https://download.openmmlab.com/mmsegmentation/v0.5/pretrain/segformer/mit_b2_20220624-66e8bf70.pth'
crop_size = (
    1024,
    1024,
)
custom_imports = dict(
    allow_failed_imports=False,
    imports=[
        'mmseg_ext.datasets',
        'mmseg_ext.transforms',
        'mmseg_ext.models',
        'mmseg_ext.models.tp_cldice_loss',
        'mmseg_ext.models.tp_skeleton_head_clDice',
    ])
data_preprocessor = dict(
    bgr_to_rgb=True,
    mean=[
        123.675,
        116.28,
        103.53,
    ],
    pad_val=0,
    seg_pad_val=255,
    size=(
        1024,
        1024,
    ),
    std=[
        58.395,
        57.12,
        57.375,
    ],
    type='SegDataPreProcessor')
data_root = 'data/TP-Dataset'
dataset_type = 'TPDataset'
default_hooks = dict(
    checkpoint=dict(
        by_epoch=False,
        interval=500,
        max_keep_ckpts=20,
        out_dir='work_dirs/ablation/w_0p10/ckpt',
        rule='greater',
        save_best='mIoU',
        save_last=True,
        type='CheckpointHook'),
    logger=dict(interval=50, log_metric_by_epoch=False, type='LoggerHook'),
    param_scheduler=dict(type='ParamSchedulerHook'),
    sampler_seed=dict(type='DistSamplerSeedHook'),
    timer=dict(type='IterTimerHook'),
    visualization=dict(type='SegVisualizationHook'))
default_scope = 'mmseg'
env_cfg = dict(
    cudnn_benchmark=True,
    dist_cfg=dict(backend='nccl'),
    mp_cfg=dict(mp_start_method='fork', opencv_num_threads=0))
img_ratios = [
    0.5,
    0.75,
    1.0,
    1.25,
    1.5,
    1.75,
]
launcher = 'none'
load_from = None
log_level = 'INFO'
log_processor = dict(by_epoch=False)
model = dict(
    auxiliary_head=dict(
        channels=64,
        in_channels=128,
        in_index=1,
        input_transform=None,
        loss_bce=dict(
            loss_weight=0.5, type='CrossEntropyLoss', use_sigmoid=True),
        loss_cldice=dict(
            foreground_index=0,
            iterations=10,
            loss_weight=0.1,
            type='SoftCLDiceLoss'),
        loss_dice=dict(loss_weight=0.5, type='DiceLoss', use_sigmoid=True),
        type='TPSkeletonHeadClDice'),
    backbone=dict(
        attn_drop_rate=0.0,
        drop_path_rate=0.1,
        drop_rate=0.0,
        embed_dims=64,
        in_channels=3,
        init_cfg=dict(
            checkpoint=
            'https://download.openmmlab.com/mmsegmentation/v0.5/pretrain/segformer/mit_b2_20220624-66e8bf70.pth',
            type='Pretrained'),
        mlp_ratio=4,
        num_heads=[
            1,
            2,
            5,
            8,
        ],
        num_layers=[
            3,
            4,
            6,
            3,
        ],
        num_stages=4,
        out_indices=(
            0,
            1,
            2,
            3,
        ),
        patch_sizes=[
            7,
            3,
            3,
            3,
        ],
        qkv_bias=True,
        sr_ratios=[
            8,
            4,
            2,
            1,
        ],
        type='MixVisionTransformer'),
    data_preprocessor=dict(
        bgr_to_rgb=True,
        mean=[
            123.675,
            116.28,
            103.53,
        ],
        pad_val=0,
        seg_pad_val=255,
        size=(
            1024,
            1024,
        ),
        std=[
            58.395,
            57.12,
            57.375,
        ],
        type='SegDataPreProcessor'),
    decode_head=dict(
        align_corners=False,
        channels=256,
        dropout_ratio=0.1,
        in_channels=[
            64,
            128,
            320,
            512,
        ],
        in_index=[
            0,
            1,
            2,
            3,
        ],
        loss_decode=[
            dict(loss_weight=1.0, type='CrossEntropyLoss', use_sigmoid=False),
            dict(loss_weight=0.5, type='DiceLoss', use_sigmoid=False),
            dict(
                foreground_index=1,
                iterations=10,
                loss_weight=0.1,
                type='SoftCLDiceLoss'),
        ],
        norm_cfg=dict(requires_grad=True, type='SyncBN'),
        num_classes=2,
        type='SegformerHead'),
    pretrained=None,
    test_cfg=dict(crop_size=(
        1024,
        1024,
    ), mode='slide', stride=(
        768,
        768,
    )),
    train_cfg=dict(),
    type='EncoderDecoder')
norm_cfg = dict(requires_grad=True, type='SyncBN')
optim_wrapper = dict(
    clip_grad=dict(max_norm=1.0, norm_type=2),
    loss_scale='dynamic',
    optimizer=dict(
        betas=(
            0.9,
            0.999,
        ), lr=0.00012, type='AdamW', weight_decay=0.01),
    paramwise_cfg=dict(
        custom_keys=dict(
            head=dict(lr_mult=10.0),
            norm=dict(decay_mult=0.0),
            pos_block=dict(decay_mult=0.0))),
    type='AmpOptimWrapper')
optimizer = dict(lr=0.01, momentum=0.9, type='SGD', weight_decay=0.0005)
param_scheduler = [
    dict(
        begin=0, by_epoch=False, end=500, start_factor=1e-06, type='LinearLR'),
    dict(
        begin=500,
        by_epoch=False,
        end=10000,
        eta_min=0.0,
        power=1.0,
        type='PolyLR'),
]
resume = False
test_cfg = dict(type='TestLoop')
test_dataloader = dict(
    batch_size=1,
    dataset=dict(
        ann_file='Index/val.txt',
        data_prefix=dict(img_path='JPEGImages', seg_map_path='GroundTruth'),
        data_root='data/TP-Dataset',
        pipeline=[
            dict(type='LoadImageFromFile'),
            dict(type='LoadAnnotations'),
            dict(mapping=dict({255: 1}), type='MapTPLabels'),
            dict(target_label=1, type='GenerateTPSkeleton'),
            dict(type='PackSegInputsWithSkeleton'),
        ],
        type='TPDataset'),
    num_workers=4,
    persistent_workers=True,
    sampler=dict(shuffle=False, type='DefaultSampler'))
test_evaluator = dict(
    iou_metrics=[
        'mIoU',
        'mDice',
        'mFscore',
    ], type='IoUMetric')
test_pipeline = [
    dict(type='LoadImageFromFile'),
    dict(type='LoadAnnotations'),
    dict(mapping=dict({255: 1}), type='MapTPLabels'),
    dict(target_label=1, type='GenerateTPSkeleton'),
    dict(type='PackSegInputsWithSkeleton'),
]
train_cfg = dict(max_iters=10000, type='IterBasedTrainLoop', val_interval=500)
train_dataloader = dict(
    batch_size=4,
    dataset=dict(
        ann_file='Index/train.txt',
        data_prefix=dict(img_path='JPEGImages', seg_map_path='GroundTruth'),
        data_root='data/TP-Dataset',
        pipeline=[
            dict(type='LoadImageFromFile'),
            dict(type='LoadAnnotations'),
            dict(mapping=dict({255: 1}), type='MapTPLabels'),
            dict(
                keep_ratio=True,
                ratio_range=(
                    0.5,
                    2.0,
                ),
                scale=(
                    1024,
                    1024,
                ),
                type='RandomResize'),
            dict(
                cat_max_ratio=0.75, crop_size=(
                    512,
                    512,
                ), type='RandomCrop'),
            dict(prob=0.5, type='RandomFlip'),
            dict(type='PhotoMetricDistortion'),
            dict(target_label=1, type='GenerateTPSkeleton'),
            dict(type='PackSegInputsWithSkeleton'),
        ],
        type='TPDataset'),
    num_workers=8,
    persistent_workers=True,
    sampler=dict(shuffle=True, type='InfiniteSampler'))
train_pipeline = [
    dict(type='LoadImageFromFile'),
    dict(type='LoadAnnotations'),
    dict(mapping=dict({255: 1}), type='MapTPLabels'),
    dict(
        keep_ratio=True,
        ratio_range=(
            0.5,
            2.0,
        ),
        scale=(
            1024,
            1024,
        ),
        type='RandomResize'),
    dict(cat_max_ratio=0.75, crop_size=(
        512,
        512,
    ), type='RandomCrop'),
    dict(prob=0.5, type='RandomFlip'),
    dict(type='PhotoMetricDistortion'),
    dict(target_label=1, type='GenerateTPSkeleton'),
    dict(type='PackSegInputsWithSkeleton'),
]
tta_model = dict(type='SegTTAModel')
tta_pipeline = [
    dict(backend_args=None, type='LoadImageFromFile'),
    dict(
        transforms=[
            [
                dict(keep_ratio=True, scale_factor=0.5, type='Resize'),
                dict(keep_ratio=True, scale_factor=0.75, type='Resize'),
                dict(keep_ratio=True, scale_factor=1.0, type='Resize'),
                dict(keep_ratio=True, scale_factor=1.25, type='Resize'),
                dict(keep_ratio=True, scale_factor=1.5, type='Resize'),
                dict(keep_ratio=True, scale_factor=1.75, type='Resize'),
            ],
            [
                dict(direction='horizontal', prob=0.0, type='RandomFlip'),
                dict(direction='horizontal', prob=1.0, type='RandomFlip'),
            ],
            [
                dict(type='LoadAnnotations'),
            ],
            [
                dict(type='PackSegInputs'),
            ],
        ],
        type='TestTimeAug'),
]
val_cfg = dict(type='ValLoop')
val_dataloader = dict(
    batch_size=1,
    dataset=dict(
        ann_file='Index/val.txt',
        data_prefix=dict(img_path='JPEGImages', seg_map_path='GroundTruth'),
        data_root='data/TP-Dataset',
        pipeline=[
            dict(type='LoadImageFromFile'),
            dict(type='LoadAnnotations'),
            dict(mapping=dict({255: 1}), type='MapTPLabels'),
            dict(target_label=1, type='GenerateTPSkeleton'),
            dict(type='PackSegInputsWithSkeleton'),
        ],
        type='TPDataset'),
    num_workers=4,
    persistent_workers=True,
    sampler=dict(shuffle=False, type='DefaultSampler'))
val_evaluator = dict(
    iou_metrics=[
        'mIoU',
        'mDice',
        'mFscore',
    ], type='IoUMetric')
val_pipeline = [
    dict(type='LoadImageFromFile'),
    dict(type='LoadAnnotations'),
    dict(mapping=dict({255: 1}), type='MapTPLabels'),
    dict(target_label=1, type='GenerateTPSkeleton'),
    dict(type='PackSegInputsWithSkeleton'),
]
vis_backends = [
    dict(type='LocalVisBackend'),
]
visualizer = dict(
    name='visualizer',
    type='SegLocalVisualizer',
    vis_backends=[
        dict(type='LocalVisBackend'),
    ])
work_dir = '/root/autodl-tmp/tactile_topo_seg/work_dirs/ablation/w_0p10'

/root/autodl-tmp/tactile_topo_seg/third_party/mmsegmentation/mmseg/models/decode_heads/decode_head.py:120: UserWarning: For binary segmentation, we suggest using`out_channels = 1` to define the outputchannels of segmentor, and use `threshold`to convert `seg_logits` into a predictionapplying a threshold
  warnings.warn('For binary segmentation, we suggest using'
/root/autodl-tmp/tactile_topo_seg/third_party/mmsegmentation/mmseg/models/losses/cross_entropy_loss.py:250: UserWarning: Default ``avg_non_ignore`` is False, if you would like to ignore the certain label and average loss over non-ignore labels, which is the same with PyTorch official cross_entropy, set ``avg_non_ignore=True``.
  warnings.warn(
/root/autodl-tmp/tactile_topo_seg/third_party/mmsegmentation/mmseg/models/decode_heads/decode_head.py:136: UserWarning: threshold is not defined for binary, and defaultsto 0.3
  warnings.warn('threshold is not defined for binary, and defaults'
03/30 18:57:32 - mmengine - INFO - Distributed training is not used, all SyncBatchNorm (SyncBN) layers in the model will be automatically reverted to BatchNormXd layers if they are used.
/root/autodl-tmp/tactile_topo_seg/third_party/mmsegmentation/mmseg/engine/hooks/visualization_hook.py:60: UserWarning: The draw is False, it means that the hook for visualization will not take effect. The results will NOT be visualized or stored.
  warnings.warn('The draw is False, it means that the '
03/30 18:57:32 - mmengine - INFO - Hooks will be executed in the following order:
before_run:
(VERY_HIGH   ) RuntimeInfoHook                    
(BELOW_NORMAL) LoggerHook                         
 -------------------- 
before_train:
(VERY_HIGH   ) RuntimeInfoHook                    
(NORMAL      ) IterTimerHook                      
(VERY_LOW    ) CheckpointHook                     
 -------------------- 
before_train_epoch:
(VERY_HIGH   ) RuntimeInfoHook                    
(NORMAL      ) IterTimerHook                      
(NORMAL      ) DistSamplerSeedHook                
 -------------------- 
before_train_iter:
(VERY_HIGH   ) RuntimeInfoHook                    
(NORMAL      ) IterTimerHook                      
 -------------------- 
after_train_iter:
(VERY_HIGH   ) RuntimeInfoHook                    
(NORMAL      ) IterTimerHook                      
(BELOW_NORMAL) LoggerHook                         
(LOW         ) ParamSchedulerHook                 
(VERY_LOW    ) CheckpointHook                     
 -------------------- 
after_train_epoch:
(NORMAL      ) IterTimerHook                      
(LOW         ) ParamSchedulerHook                 
(VERY_LOW    ) CheckpointHook                     
 -------------------- 
before_val:
(VERY_HIGH   ) RuntimeInfoHook                    
 -------------------- 
before_val_epoch:
(NORMAL      ) IterTimerHook                      
 -------------------- 
before_val_iter:
(NORMAL      ) IterTimerHook                      
 -------------------- 
after_val_iter:
(NORMAL      ) IterTimerHook                      
(NORMAL      ) SegVisualizationHook               
(BELOW_NORMAL) LoggerHook                         
 -------------------- 
after_val_epoch:
(VERY_HIGH   ) RuntimeInfoHook                    
(NORMAL      ) IterTimerHook                      
(BELOW_NORMAL) LoggerHook                         
(LOW         ) ParamSchedulerHook                 
(VERY_LOW    ) CheckpointHook                     
 -------------------- 
after_val:
(VERY_HIGH   ) RuntimeInfoHook                    
 -------------------- 
after_train:
(VERY_HIGH   ) RuntimeInfoHook                    
(VERY_LOW    ) CheckpointHook                     
 -------------------- 
before_test:
(VERY_HIGH   ) RuntimeInfoHook                    
 -------------------- 
before_test_epoch:
(NORMAL      ) IterTimerHook                      
 -------------------- 
before_test_iter:
(NORMAL      ) IterTimerHook                      
 -------------------- 
after_test_iter:
(NORMAL      ) IterTimerHook                      
(NORMAL      ) SegVisualizationHook               
(BELOW_NORMAL) LoggerHook                         
 -------------------- 
after_test_epoch:
(VERY_HIGH   ) RuntimeInfoHook                    
(NORMAL      ) IterTimerHook                      
(BELOW_NORMAL) LoggerHook                         
 -------------------- 
after_test:
(VERY_HIGH   ) RuntimeInfoHook                    
 -------------------- 
after_run:
(BELOW_NORMAL) LoggerHook                         
 -------------------- 
03/30 18:57:33 - mmengine - INFO - paramwise_options -- backbone.layers.0.0.norm.weight:lr=0.00012
03/30 18:57:33 - mmengine - INFO - paramwise_options -- backbone.layers.0.0.norm.weight:weight_decay=0.0
03/30 18:57:33 - mmengine - INFO - paramwise_options -- backbone.layers.0.0.norm.weight:decay_mult=0.0
03/30 18:57:33 - mmengine - INFO - paramwise_options -- backbone.layers.0.0.norm.bias:lr=0.00012
03/30 18:57:33 - mmengine - INFO - paramwise_options -- backbone.layers.0.0.norm.bias:weight_decay=0.0
03/30 18:57:33 - mmengine - INFO - paramwise_options -- backbone.layers.0.0.norm.bias:decay_mult=0.0
03/30 18:57:33 - mmengine - INFO - paramwise_options -- backbone.layers.0.1.0.norm1.weight:lr=0.00012
03/30 18:57:33 - mmengine - INFO - paramwise_options -- backbone.layers.0.1.0.norm1.weight:weight_decay=0.0
03/30 18:57:33 - mmengine - INFO - paramwise_options -- backbone.layers.0.1.0.norm1.weight:decay_mult=0.0
03/30 18:57:33 - mmengine - INFO - paramwise_options -- backbone.layers.0.1.0.norm1.bias:lr=0.00012
03/30 18:57:33 - mmengine - INFO - paramwise_options -- backbone.layers.0.1.0.norm1.bias:weight_decay=0.0
03/30 18:57:33 - mmengine - INFO - paramwise_options -- backbone.layers.0.1.0.norm1.bias:decay_mult=0.0
03/30 18:57:33 - mmengine - INFO - paramwise_options -- backbone.layers.0.1.0.attn.norm.weight:lr=0.00012
03/30 18:57:33 - mmengine - INFO - paramwise_options -- backbone.layers.0.1.0.attn.norm.weight:weight_decay=0.0
03/30 18:57:33 - mmengine - INFO - paramwise_options -- backbone.layers.0.1.0.attn.norm.weight:decay_mult=0.0
03/30 18:57:33 - mmengine - INFO - paramwise_options -- backbone.layers.0.1.0.attn.norm.bias:lr=0.00012
03/30 18:57:33 - mmengine - INFO - paramwise_options -- backbone.layers.0.1.0.attn.norm.bias:weight_decay=0.0
03/30 18:57:33 - mmengine - INFO - paramwise_options -- backbone.layers.0.1.0.attn.norm.bias:decay_mult=0.0
03/30 18:57:33 - mmengine - INFO - paramwise_options -- backbone.layers.0.1.0.norm2.weight:lr=0.00012
03/30 18:57:33 - mmengine - INFO - paramwise_options -- backbone.layers.0.1.0.norm2.weight:weight_decay=0.0
03/30 18:57:33 - mmengine - INFO - paramwise_options -- backbone.layers.0.1.0.norm2.weight:decay_mult=0.0
03/30 18:57:33 - mmengine - INFO - paramwise_options -- backbone.layers.0.1.0.norm2.bias:lr=0.00012
03/30 18:57:33 - mmengine - INFO - paramwise_options -- backbone.layers.0.1.0.norm2.bias:weight_decay=0.0
03/30 18:57:33 - mmengine - INFO - paramwise_options -- backbone.layers.0.1.0.norm2.bias:decay_mult=0.0
03/30 18:57:33 - mmengine - INFO - paramwise_options -- backbone.layers.0.1.1.norm1.weight:lr=0.00012
03/30 18:57:33 - mmengine - INFO - paramwise_options -- backbone.layers.0.1.1.norm1.weight:weight_decay=0.0
03/30 18:57:33 - mmengine - INFO - paramwise_options -- backbone.layers.0.1.1.norm1.weight:decay_mult=0.0
03/30 18:57:33 - mmengine - INFO - paramwise_options -- backbone.layers.0.1.1.norm1.bias:lr=0.00012
03/30 18:57:33 - mmengine - INFO - paramwise_options -- backbone.layers.0.1.1.norm1.bias:weight_decay=0.0
03/30 18:57:33 - mmengine - INFO - paramwise_options -- backbone.layers.0.1.1.norm1.bias:decay_mult=0.0
03/30 18:57:33 - mmengine - INFO - paramwise_options -- backbone.layers.0.1.1.attn.norm.weight:lr=0.00012
03/30 18:57:33 - mmengine - INFO - paramwise_options -- backbone.layers.0.1.1.attn.norm.weight:weight_decay=0.0
03/30 18:57:33 - mmengine - INFO - paramwise_options -- backbone.layers.0.1.1.attn.norm.weight:decay_mult=0.0
03/30 18:57:33 - mmengine - INFO - paramwise_options -- backbone.layers.0.1.1.attn.norm.bias:lr=0.00012
03/30 18:57:33 - mmengine - INFO - paramwise_options -- backbone.layers.0.1.1.attn.norm.bias:weight_decay=0.0
03/30 18:57:33 - mmengine - INFO - paramwise_options -- backbone.layers.0.1.1.attn.norm.bias:decay_mult=0.0
03/30 18:57:33 - mmengine - INFO - paramwise_options -- backbone.layers.0.1.1.norm2.weight:lr=0.00012
03/30 18:57:33 - mmengine - INFO - paramwise_options -- backbone.layers.0.1.1.norm2.weight:weight_decay=0.0
03/30 18:57:33 - mmengine - INFO - paramwise_options -- backbone.layers.0.1.1.norm2.weight:decay_mult=0.0
03/30 18:57:33 - mmengine - INFO - paramwise_options -- backbone.layers.0.1.1.norm2.bias:lr=0.00012
03/30 18:57:33 - mmengine - INFO - paramwise_options -- backbone.layers.0.1.1.norm2.bias:weight_decay=0.0
03/30 18:57:33 - mmengine - INFO - paramwise_options -- backbone.layers.0.1.1.norm2.bias:decay_mult=0.0
03/30 18:57:33 - mmengine - INFO - paramwise_options -- backbone.layers.0.1.2.norm1.weight:lr=0.00012
03/30 18:57:33 - mmengine - INFO - paramwise_options -- backbone.layers.0.1.2.norm1.weight:weight_decay=0.0
03/30 18:57:33 - mmengine - INFO - paramwise_options -- backbone.layers.0.1.2.norm1.weight:decay_mult=0.0
03/30 18:57:33 - mmengine - INFO - paramwise_options -- backbone.layers.0.1.2.norm1.bias:lr=0.00012
03/30 18:57:33 - mmengine - INFO - paramwise_options -- backbone.layers.0.1.2.norm1.bias:weight_decay=0.0
03/30 18:57:33 - mmengine - INFO - paramwise_options -- backbone.layers.0.1.2.norm1.bias:decay_mult=0.0
03/30 18:57:33 - mmengine - INFO - paramwise_options -- backbone.layers.0.1.2.attn.norm.weight:lr=0.00012
03/30 18:57:33 - mmengine - INFO - paramwise_options -- backbone.layers.0.1.2.attn.norm.weight:weight_decay=0.0
03/30 18:57:33 - mmengine - INFO - paramwise_options -- backbone.layers.0.1.2.attn.norm.weight:decay_mult=0.0
03/30 18:57:33 - mmengine - INFO - paramwise_options -- backbone.layers.0.1.2.attn.norm.bias:lr=0.00012
03/30 18:57:33 - mmengine - INFO - paramwise_options -- backbone.layers.0.1.2.attn.norm.bias:weight_decay=0.0
03/30 18:57:33 - mmengine - INFO - paramwise_options -- backbone.layers.0.1.2.attn.norm.bias:decay_mult=0.0
03/30 18:57:33 - mmengine - INFO - paramwise_options -- backbone.layers.0.1.2.norm2.weight:lr=0.00012
03/30 18:57:33 - mmengine - INFO - paramwise_options -- backbone.layers.0.1.2.norm2.weight:weight_decay=0.0
03/30 18:57:33 - mmengine - INFO - paramwise_options -- backbone.layers.0.1.2.norm2.weight:decay_mult=0.0
03/30 18:57:33 - mmengine - INFO - paramwise_options -- backbone.layers.0.1.2.norm2.bias:lr=0.00012
03/30 18:57:33 - mmengine - INFO - paramwise_options -- backbone.layers.0.1.2.norm2.bias:weight_decay=0.0
03/30 18:57:33 - mmengine - INFO - paramwise_options -- backbone.layers.0.1.2.norm2.bias:decay_mult=0.0
03/30 18:57:33 - mmengine - INFO - paramwise_options -- backbone.layers.1.0.norm.weight:lr=0.00012
03/30 18:57:33 - mmengine - INFO - paramwise_options -- backbone.layers.1.0.norm.weight:weight_decay=0.0
03/30 18:57:33 - mmengine - INFO - paramwise_options -- backbone.layers.1.0.norm.weight:decay_mult=0.0
03/30 18:57:33 - mmengine - INFO - paramwise_options -- backbone.layers.1.0.norm.bias:lr=0.00012
03/30 18:57:33 - mmengine - INFO - paramwise_options -- backbone.layers.1.0.norm.bias:weight_decay=0.0
03/30 18:57:33 - mmengine - INFO - paramwise_options -- backbone.layers.1.0.norm.bias:decay_mult=0.0
03/30 18:57:33 - mmengine - INFO - paramwise_options -- backbone.layers.1.1.0.norm1.weight:lr=0.00012
03/30 18:57:33 - mmengine - INFO - paramwise_options -- backbone.layers.1.1.0.norm1.weight:weight_decay=0.0
03/30 18:57:33 - mmengine - INFO - paramwise_options -- backbone.layers.1.1.0.norm1.weight:decay_mult=0.0
03/30 18:57:33 - mmengine - INFO - paramwise_options -- backbone.layers.1.1.0.norm1.bias:lr=0.00012
03/30 18:57:33 - mmengine - INFO - paramwise_options -- backbone.layers.1.1.0.norm1.bias:weight_decay=0.0
03/30 18:57:33 - mmengine - INFO - paramwise_options -- backbone.layers.1.1.0.norm1.bias:decay_mult=0.0
03/30 18:57:33 - mmengine - INFO - paramwise_options -- backbone.layers.1.1.0.attn.norm.weight:lr=0.00012
03/30 18:57:33 - mmengine - INFO - paramwise_options -- backbone.layers.1.1.0.attn.norm.weight:weight_decay=0.0
03/30 18:57:33 - mmengine - INFO - paramwise_options -- backbone.layers.1.1.0.attn.norm.weight:decay_mult=0.0
03/30 18:57:33 - mmengine - INFO - paramwise_options -- backbone.layers.1.1.0.attn.norm.bias:lr=0.00012
03/30 18:57:33 - mmengine - INFO - paramwise_options -- backbone.layers.1.1.0.attn.norm.bias:weight_decay=0.0
03/30 18:57:33 - mmengine - INFO - paramwise_options -- backbone.layers.1.1.0.attn.norm.bias:decay_mult=0.0
03/30 18:57:33 - mmengine - INFO - paramwise_options -- backbone.layers.1.1.0.norm2.weight:lr=0.00012
03/30 18:57:33 - mmengine - INFO - paramwise_options -- backbone.layers.1.1.0.norm2.weight:weight_decay=0.0
03/30 18:57:33 - mmengine - INFO - paramwise_options -- backbone.layers.1.1.0.norm2.weight:decay_mult=0.0
03/30 18:57:33 - mmengine - INFO - paramwise_options -- backbone.layers.1.1.0.norm2.bias:lr=0.00012
03/30 18:57:33 - mmengine - INFO - paramwise_options -- backbone.layers.1.1.0.norm2.bias:weight_decay=0.0
03/30 18:57:33 - mmengine - INFO - paramwise_options -- backbone.layers.1.1.0.norm2.bias:decay_mult=0.0
03/30 18:57:33 - mmengine - INFO - paramwise_options -- backbone.layers.1.1.1.norm1.weight:lr=0.00012
03/30 18:57:33 - mmengine - INFO - paramwise_options -- backbone.layers.1.1.1.norm1.weight:weight_decay=0.0
03/30 18:57:33 - mmengine - INFO - paramwise_options -- backbone.layers.1.1.1.norm1.weight:decay_mult=0.0
03/30 18:57:33 - mmengine - INFO - paramwise_options -- backbone.layers.1.1.1.norm1.bias:lr=0.00012
03/30 18:57:33 - mmengine - INFO - paramwise_options -- backbone.layers.1.1.1.norm1.bias:weight_decay=0.0
03/30 18:57:33 - mmengine - INFO - paramwise_options -- backbone.layers.1.1.1.norm1.bias:decay_mult=0.0
03/30 18:57:33 - mmengine - INFO - paramwise_options -- backbone.layers.1.1.1.attn.norm.weight:lr=0.00012
03/30 18:57:33 - mmengine - INFO - paramwise_options -- backbone.layers.1.1.1.attn.norm.weight:weight_decay=0.0
03/30 18:57:33 - mmengine - INFO - paramwise_options -- backbone.layers.1.1.1.attn.norm.weight:decay_mult=0.0
03/30 18:57:33 - mmengine - INFO - paramwise_options -- backbone.layers.1.1.1.attn.norm.bias:lr=0.00012
03/30 18:57:33 - mmengine - INFO - paramwise_options -- backbone.layers.1.1.1.attn.norm.bias:weight_decay=0.0
03/30 18:57:33 - mmengine - INFO - paramwise_options -- backbone.layers.1.1.1.attn.norm.bias:decay_mult=0.0
03/30 18:57:33 - mmengine - INFO - paramwise_options -- backbone.layers.1.1.1.norm2.weight:lr=0.00012
03/30 18:57:33 - mmengine - INFO - paramwise_options -- backbone.layers.1.1.1.norm2.weight:weight_decay=0.0
03/30 18:57:33 - mmengine - INFO - paramwise_options -- backbone.layers.1.1.1.norm2.weight:decay_mult=0.0
03/30 18:57:33 - mmengine - INFO - paramwise_options -- backbone.layers.1.1.1.norm2.bias:lr=0.00012
03/30 18:57:33 - mmengine - INFO - paramwise_options -- backbone.layers.1.1.1.norm2.bias:weight_decay=0.0
03/30 18:57:33 - mmengine - INFO - paramwise_options -- backbone.layers.1.1.1.norm2.bias:decay_mult=0.0
03/30 18:57:33 - mmengine - INFO - paramwise_options -- backbone.layers.1.1.2.norm1.weight:lr=0.00012
03/30 18:57:33 - mmengine - INFO - paramwise_options -- backbone.layers.1.1.2.norm1.weight:weight_decay=0.0
03/30 18:57:33 - mmengine - INFO - paramwise_options -- backbone.layers.1.1.2.norm1.weight:decay_mult=0.0
03/30 18:57:33 - mmengine - INFO - paramwise_options -- backbone.layers.1.1.2.norm1.bias:lr=0.00012
03/30 18:57:33 - mmengine - INFO - paramwise_options -- backbone.layers.1.1.2.norm1.bias:weight_decay=0.0
03/30 18:57:33 - mmengine - INFO - paramwise_options -- backbone.layers.1.1.2.norm1.bias:decay_mult=0.0
03/30 18:57:33 - mmengine - INFO - paramwise_options -- backbone.layers.1.1.2.attn.norm.weight:lr=0.00012
03/30 18:57:33 - mmengine - INFO - paramwise_options -- backbone.layers.1.1.2.attn.norm.weight:weight_decay=0.0
03/30 18:57:33 - mmengine - INFO - paramwise_options -- backbone.layers.1.1.2.attn.norm.weight:decay_mult=0.0
03/30 18:57:33 - mmengine - INFO - paramwise_options -- backbone.layers.1.1.2.attn.norm.bias:lr=0.00012
03/30 18:57:33 - mmengine - INFO - paramwise_options -- backbone.layers.1.1.2.attn.norm.bias:weight_decay=0.0
03/30 18:57:33 - mmengine - INFO - paramwise_options -- backbone.layers.1.1.2.attn.norm.bias:decay_mult=0.0
03/30 18:57:33 - mmengine - INFO - paramwise_options -- backbone.layers.1.1.2.norm2.weight:lr=0.00012
03/30 18:57:33 - mmengine - INFO - paramwise_options -- backbone.layers.1.1.2.norm2.weight:weight_decay=0.0
03/30 18:57:33 - mmengine - INFO - paramwise_options -- backbone.layers.1.1.2.norm2.weight:decay_mult=0.0
03/30 18:57:33 - mmengine - INFO - paramwise_options -- backbone.layers.1.1.2.norm2.bias:lr=0.00012
03/30 18:57:33 - mmengine - INFO - paramwise_options -- backbone.layers.1.1.2.norm2.bias:weight_decay=0.0
03/30 18:57:33 - mmengine - INFO - paramwise_options -- backbone.layers.1.1.2.norm2.bias:decay_mult=0.0
03/30 18:57:33 - mmengine - INFO - paramwise_options -- backbone.layers.1.1.3.norm1.weight:lr=0.00012
03/30 18:57:33 - mmengine - INFO - paramwise_options -- backbone.layers.1.1.3.norm1.weight:weight_decay=0.0
03/30 18:57:33 - mmengine - INFO - paramwise_options -- backbone.layers.1.1.3.norm1.weight:decay_mult=0.0
03/30 18:57:33 - mmengine - INFO - paramwise_options -- backbone.layers.1.1.3.norm1.bias:lr=0.00012
03/30 18:57:33 - mmengine - INFO - paramwise_options -- backbone.layers.1.1.3.norm1.bias:weight_decay=0.0
03/30 18:57:33 - mmengine - INFO - paramwise_options -- backbone.layers.1.1.3.norm1.bias:decay_mult=0.0
03/30 18:57:33 - mmengine - INFO - paramwise_options -- backbone.layers.1.1.3.attn.norm.weight:lr=0.00012
03/30 18:57:33 - mmengine - INFO - paramwise_options -- backbone.layers.1.1.3.attn.norm.weight:weight_decay=0.0
03/30 18:57:33 - mmengine - INFO - paramwise_options -- backbone.layers.1.1.3.attn.norm.weight:decay_mult=0.0
03/30 18:57:33 - mmengine - INFO - paramwise_options -- backbone.layers.1.1.3.attn.norm.bias:lr=0.00012
03/30 18:57:33 - mmengine - INFO - paramwise_options -- backbone.layers.1.1.3.attn.norm.bias:weight_decay=0.0
03/30 18:57:33 - mmengine - INFO - paramwise_options -- backbone.layers.1.1.3.attn.norm.bias:decay_mult=0.0
03/30 18:57:33 - mmengine - INFO - paramwise_options -- backbone.layers.1.1.3.norm2.weight:lr=0.00012
03/30 18:57:33 - mmengine - INFO - paramwise_options -- backbone.layers.1.1.3.norm2.weight:weight_decay=0.0
03/30 18:57:33 - mmengine - INFO - paramwise_options -- backbone.layers.1.1.3.norm2.weight:decay_mult=0.0
03/30 18:57:33 - mmengine - INFO - paramwise_options -- backbone.layers.1.1.3.norm2.bias:lr=0.00012
03/30 18:57:33 - mmengine - INFO - paramwise_options -- backbone.layers.1.1.3.norm2.bias:weight_decay=0.0
03/30 18:57:33 - mmengine - INFO - paramwise_options -- backbone.layers.1.1.3.norm2.bias:decay_mult=0.0
03/30 18:57:33 - mmengine - INFO - paramwise_options -- backbone.layers.2.0.norm.weight:lr=0.00012
03/30 18:57:33 - mmengine - INFO - paramwise_options -- backbone.layers.2.0.norm.weight:weight_decay=0.0
03/30 18:57:33 - mmengine - INFO - paramwise_options -- backbone.layers.2.0.norm.weight:decay_mult=0.0
03/30 18:57:33 - mmengine - INFO - paramwise_options -- backbone.layers.2.0.norm.bias:lr=0.00012
03/30 18:57:33 - mmengine - INFO - paramwise_options -- backbone.layers.2.0.norm.bias:weight_decay=0.0
03/30 18:57:33 - mmengine - INFO - paramwise_options -- backbone.layers.2.0.norm.bias:decay_mult=0.0
03/30 18:57:33 - mmengine - INFO - paramwise_options -- backbone.layers.2.1.0.norm1.weight:lr=0.00012
03/30 18:57:33 - mmengine - INFO - paramwise_options -- backbone.layers.2.1.0.norm1.weight:weight_decay=0.0
03/30 18:57:33 - mmengine - INFO - paramwise_options -- backbone.layers.2.1.0.norm1.weight:decay_mult=0.0
03/30 18:57:33 - mmengine - INFO - paramwise_options -- backbone.layers.2.1.0.norm1.bias:lr=0.00012
03/30 18:57:33 - mmengine - INFO - paramwise_options -- backbone.layers.2.1.0.norm1.bias:weight_decay=0.0
03/30 18:57:33 - mmengine - INFO - paramwise_options -- backbone.layers.2.1.0.norm1.bias:decay_mult=0.0
03/30 18:57:33 - mmengine - INFO - paramwise_options -- backbone.layers.2.1.0.attn.norm.weight:lr=0.00012
03/30 18:57:33 - mmengine - INFO - paramwise_options -- backbone.layers.2.1.0.attn.norm.weight:weight_decay=0.0
03/30 18:57:33 - mmengine - INFO - paramwise_options -- backbone.layers.2.1.0.attn.norm.weight:decay_mult=0.0
03/30 18:57:33 - mmengine - INFO - paramwise_options -- backbone.layers.2.1.0.attn.norm.bias:lr=0.00012
03/30 18:57:33 - mmengine - INFO - paramwise_options -- backbone.layers.2.1.0.attn.norm.bias:weight_decay=0.0
03/30 18:57:33 - mmengine - INFO - paramwise_options -- backbone.layers.2.1.0.attn.norm.bias:decay_mult=0.0
03/30 18:57:33 - mmengine - INFO - paramwise_options -- backbone.layers.2.1.0.norm2.weight:lr=0.00012
03/30 18:57:33 - mmengine - INFO - paramwise_options -- backbone.layers.2.1.0.norm2.weight:weight_decay=0.0
03/30 18:57:33 - mmengine - INFO - paramwise_options -- backbone.layers.2.1.0.norm2.weight:decay_mult=0.0
03/30 18:57:33 - mmengine - INFO - paramwise_options -- backbone.layers.2.1.0.norm2.bias:lr=0.00012
03/30 18:57:33 - mmengine - INFO - paramwise_options -- backbone.layers.2.1.0.norm2.bias:weight_decay=0.0
03/30 18:57:33 - mmengine - INFO - paramwise_options -- backbone.layers.2.1.0.norm2.bias:decay_mult=0.0
03/30 18:57:33 - mmengine - INFO - paramwise_options -- backbone.layers.2.1.1.norm1.weight:lr=0.00012
03/30 18:57:33 - mmengine - INFO - paramwise_options -- backbone.layers.2.1.1.norm1.weight:weight_decay=0.0
03/30 18:57:33 - mmengine - INFO - paramwise_options -- backbone.layers.2.1.1.norm1.weight:decay_mult=0.0
03/30 18:57:33 - mmengine - INFO - paramwise_options -- backbone.layers.2.1.1.norm1.bias:lr=0.00012
03/30 18:57:33 - mmengine - INFO - paramwise_options -- backbone.layers.2.1.1.norm1.bias:weight_decay=0.0
03/30 18:57:33 - mmengine - INFO - paramwise_options -- backbone.layers.2.1.1.norm1.bias:decay_mult=0.0
03/30 18:57:33 - mmengine - INFO - paramwise_options -- backbone.layers.2.1.1.attn.norm.weight:lr=0.00012
03/30 18:57:33 - mmengine - INFO - paramwise_options -- backbone.layers.2.1.1.attn.norm.weight:weight_decay=0.0
03/30 18:57:33 - mmengine - INFO - paramwise_options -- backbone.layers.2.1.1.attn.norm.weight:decay_mult=0.0
03/30 18:57:33 - mmengine - INFO - paramwise_options -- backbone.layers.2.1.1.attn.norm.bias:lr=0.00012
03/30 18:57:33 - mmengine - INFO - paramwise_options -- backbone.layers.2.1.1.attn.norm.bias:weight_decay=0.0
03/30 18:57:33 - mmengine - INFO - paramwise_options -- backbone.layers.2.1.1.attn.norm.bias:decay_mult=0.0
03/30 18:57:33 - mmengine - INFO - paramwise_options -- backbone.layers.2.1.1.norm2.weight:lr=0.00012
03/30 18:57:33 - mmengine - INFO - paramwise_options -- backbone.layers.2.1.1.norm2.weight:weight_decay=0.0
03/30 18:57:33 - mmengine - INFO - paramwise_options -- backbone.layers.2.1.1.norm2.weight:decay_mult=0.0
03/30 18:57:33 - mmengine - INFO - paramwise_options -- backbone.layers.2.1.1.norm2.bias:lr=0.00012
03/30 18:57:33 - mmengine - INFO - paramwise_options -- backbone.layers.2.1.1.norm2.bias:weight_decay=0.0
03/30 18:57:33 - mmengine - INFO - paramwise_options -- backbone.layers.2.1.1.norm2.bias:decay_mult=0.0
03/30 18:57:33 - mmengine - INFO - paramwise_options -- backbone.layers.2.1.2.norm1.weight:lr=0.00012
03/30 18:57:33 - mmengine - INFO - paramwise_options -- backbone.layers.2.1.2.norm1.weight:weight_decay=0.0
03/30 18:57:33 - mmengine - INFO - paramwise_options -- backbone.layers.2.1.2.norm1.weight:decay_mult=0.0
03/30 18:57:33 - mmengine - INFO - paramwise_options -- backbone.layers.2.1.2.norm1.bias:lr=0.00012
03/30 18:57:33 - mmengine - INFO - paramwise_options -- backbone.layers.2.1.2.norm1.bias:weight_decay=0.0
03/30 18:57:33 - mmengine - INFO - paramwise_options -- backbone.layers.2.1.2.norm1.bias:decay_mult=0.0
03/30 18:57:33 - mmengine - INFO - paramwise_options -- backbone.layers.2.1.2.attn.norm.weight:lr=0.00012
03/30 18:57:33 - mmengine - INFO - paramwise_options -- backbone.layers.2.1.2.attn.norm.weight:weight_decay=0.0
03/30 18:57:33 - mmengine - INFO - paramwise_options -- backbone.layers.2.1.2.attn.norm.weight:decay_mult=0.0
03/30 18:57:33 - mmengine - INFO - paramwise_options -- backbone.layers.2.1.2.attn.norm.bias:lr=0.00012
03/30 18:57:33 - mmengine - INFO - paramwise_options -- backbone.layers.2.1.2.attn.norm.bias:weight_decay=0.0
03/30 18:57:33 - mmengine - INFO - paramwise_options -- backbone.layers.2.1.2.attn.norm.bias:decay_mult=0.0
03/30 18:57:33 - mmengine - INFO - paramwise_options -- backbone.layers.2.1.2.norm2.weight:lr=0.00012
03/30 18:57:33 - mmengine - INFO - paramwise_options -- backbone.layers.2.1.2.norm2.weight:weight_decay=0.0
03/30 18:57:33 - mmengine - INFO - paramwise_options -- backbone.layers.2.1.2.norm2.weight:decay_mult=0.0
03/30 18:57:33 - mmengine - INFO - paramwise_options -- backbone.layers.2.1.2.norm2.bias:lr=0.00012
03/30 18:57:33 - mmengine - INFO - paramwise_options -- backbone.layers.2.1.2.norm2.bias:weight_decay=0.0
03/30 18:57:33 - mmengine - INFO - paramwise_options -- backbone.layers.2.1.2.norm2.bias:decay_mult=0.0
03/30 18:57:33 - mmengine - INFO - paramwise_options -- backbone.layers.2.1.3.norm1.weight:lr=0.00012
03/30 18:57:33 - mmengine - INFO - paramwise_options -- backbone.layers.2.1.3.norm1.weight:weight_decay=0.0
03/30 18:57:33 - mmengine - INFO - paramwise_options -- backbone.layers.2.1.3.norm1.weight:decay_mult=0.0
03/30 18:57:33 - mmengine - INFO - paramwise_options -- backbone.layers.2.1.3.norm1.bias:lr=0.00012
03/30 18:57:33 - mmengine - INFO - paramwise_options -- backbone.layers.2.1.3.norm1.bias:weight_decay=0.0
03/30 18:57:33 - mmengine - INFO - paramwise_options -- backbone.layers.2.1.3.norm1.bias:decay_mult=0.0
03/30 18:57:33 - mmengine - INFO - paramwise_options -- backbone.layers.2.1.3.attn.norm.weight:lr=0.00012
03/30 18:57:33 - mmengine - INFO - paramwise_options -- backbone.layers.2.1.3.attn.norm.weight:weight_decay=0.0
03/30 18:57:33 - mmengine - INFO - paramwise_options -- backbone.layers.2.1.3.attn.norm.weight:decay_mult=0.0
03/30 18:57:33 - mmengine - INFO - paramwise_options -- backbone.layers.2.1.3.attn.norm.bias:lr=0.00012
03/30 18:57:33 - mmengine - INFO - paramwise_options -- backbone.layers.2.1.3.attn.norm.bias:weight_decay=0.0
03/30 18:57:33 - mmengine - INFO - paramwise_options -- backbone.layers.2.1.3.attn.norm.bias:decay_mult=0.0
03/30 18:57:33 - mmengine - INFO - paramwise_options -- backbone.layers.2.1.3.norm2.weight:lr=0.00012
03/30 18:57:33 - mmengine - INFO - paramwise_options -- backbone.layers.2.1.3.norm2.weight:weight_decay=0.0
03/30 18:57:33 - mmengine - INFO - paramwise_options -- backbone.layers.2.1.3.norm2.weight:decay_mult=0.0
03/30 18:57:33 - mmengine - INFO - paramwise_options -- backbone.layers.2.1.3.norm2.bias:lr=0.00012
03/30 18:57:33 - mmengine - INFO - paramwise_options -- backbone.layers.2.1.3.norm2.bias:weight_decay=0.0
03/30 18:57:33 - mmengine - INFO - paramwise_options -- backbone.layers.2.1.3.norm2.bias:decay_mult=0.0
03/30 18:57:33 - mmengine - INFO - paramwise_options -- backbone.layers.2.1.4.norm1.weight:lr=0.00012
03/30 18:57:33 - mmengine - INFO - paramwise_options -- backbone.layers.2.1.4.norm1.weight:weight_decay=0.0
03/30 18:57:33 - mmengine - INFO - paramwise_options -- backbone.layers.2.1.4.norm1.weight:decay_mult=0.0
03/30 18:57:33 - mmengine - INFO - paramwise_options -- backbone.layers.2.1.4.norm1.bias:lr=0.00012
03/30 18:57:33 - mmengine - INFO - paramwise_options -- backbone.layers.2.1.4.norm1.bias:weight_decay=0.0
03/30 18:57:33 - mmengine - INFO - paramwise_options -- backbone.layers.2.1.4.norm1.bias:decay_mult=0.0
03/30 18:57:33 - mmengine - INFO - paramwise_options -- backbone.layers.2.1.4.attn.norm.weight:lr=0.00012
03/30 18:57:33 - mmengine - INFO - paramwise_options -- backbone.layers.2.1.4.attn.norm.weight:weight_decay=0.0
03/30 18:57:33 - mmengine - INFO - paramwise_options -- backbone.layers.2.1.4.attn.norm.weight:decay_mult=0.0
03/30 18:57:33 - mmengine - INFO - paramwise_options -- backbone.layers.2.1.4.attn.norm.bias:lr=0.00012
03/30 18:57:33 - mmengine - INFO - paramwise_options -- backbone.layers.2.1.4.attn.norm.bias:weight_decay=0.0
03/30 18:57:33 - mmengine - INFO - paramwise_options -- backbone.layers.2.1.4.attn.norm.bias:decay_mult=0.0
03/30 18:57:33 - mmengine - INFO - paramwise_options -- backbone.layers.2.1.4.norm2.weight:lr=0.00012
03/30 18:57:33 - mmengine - INFO - paramwise_options -- backbone.layers.2.1.4.norm2.weight:weight_decay=0.0
03/30 18:57:33 - mmengine - INFO - paramwise_options -- backbone.layers.2.1.4.norm2.weight:decay_mult=0.0
03/30 18:57:33 - mmengine - INFO - paramwise_options -- backbone.layers.2.1.4.norm2.bias:lr=0.00012
03/30 18:57:33 - mmengine - INFO - paramwise_options -- backbone.layers.2.1.4.norm2.bias:weight_decay=0.0
03/30 18:57:33 - mmengine - INFO - paramwise_options -- backbone.layers.2.1.4.norm2.bias:decay_mult=0.0
03/30 18:57:33 - mmengine - INFO - paramwise_options -- backbone.layers.2.1.5.norm1.weight:lr=0.00012
03/30 18:57:33 - mmengine - INFO - paramwise_options -- backbone.layers.2.1.5.norm1.weight:weight_decay=0.0
03/30 18:57:33 - mmengine - INFO - paramwise_options -- backbone.layers.2.1.5.norm1.weight:decay_mult=0.0
03/30 18:57:33 - mmengine - INFO - paramwise_options -- backbone.layers.2.1.5.norm1.bias:lr=0.00012
03/30 18:57:33 - mmengine - INFO - paramwise_options -- backbone.layers.2.1.5.norm1.bias:weight_decay=0.0
03/30 18:57:33 - mmengine - INFO - paramwise_options -- backbone.layers.2.1.5.norm1.bias:decay_mult=0.0
03/30 18:57:33 - mmengine - INFO - paramwise_options -- backbone.layers.2.1.5.attn.norm.weight:lr=0.00012
03/30 18:57:33 - mmengine - INFO - paramwise_options -- backbone.layers.2.1.5.attn.norm.weight:weight_decay=0.0
03/30 18:57:33 - mmengine - INFO - paramwise_options -- backbone.layers.2.1.5.attn.norm.weight:decay_mult=0.0
03/30 18:57:33 - mmengine - INFO - paramwise_options -- backbone.layers.2.1.5.attn.norm.bias:lr=0.00012
03/30 18:57:33 - mmengine - INFO - paramwise_options -- backbone.layers.2.1.5.attn.norm.bias:weight_decay=0.0
03/30 18:57:33 - mmengine - INFO - paramwise_options -- backbone.layers.2.1.5.attn.norm.bias:decay_mult=0.0
03/30 18:57:33 - mmengine - INFO - paramwise_options -- backbone.layers.2.1.5.norm2.weight:lr=0.00012
03/30 18:57:33 - mmengine - INFO - paramwise_options -- backbone.layers.2.1.5.norm2.weight:weight_decay=0.0
03/30 18:57:33 - mmengine - INFO - paramwise_options -- backbone.layers.2.1.5.norm2.weight:decay_mult=0.0
03/30 18:57:33 - mmengine - INFO - paramwise_options -- backbone.layers.2.1.5.norm2.bias:lr=0.00012
03/30 18:57:33 - mmengine - INFO - paramwise_options -- backbone.layers.2.1.5.norm2.bias:weight_decay=0.0
03/30 18:57:33 - mmengine - INFO - paramwise_options -- backbone.layers.2.1.5.norm2.bias:decay_mult=0.0
03/30 18:57:33 - mmengine - INFO - paramwise_options -- backbone.layers.3.0.norm.weight:lr=0.00012
03/30 18:57:33 - mmengine - INFO - paramwise_options -- backbone.layers.3.0.norm.weight:weight_decay=0.0
03/30 18:57:33 - mmengine - INFO - paramwise_options -- backbone.layers.3.0.norm.weight:decay_mult=0.0
03/30 18:57:33 - mmengine - INFO - paramwise_options -- backbone.layers.3.0.norm.bias:lr=0.00012
03/30 18:57:33 - mmengine - INFO - paramwise_options -- backbone.layers.3.0.norm.bias:weight_decay=0.0
03/30 18:57:33 - mmengine - INFO - paramwise_options -- backbone.layers.3.0.norm.bias:decay_mult=0.0
03/30 18:57:33 - mmengine - INFO - paramwise_options -- backbone.layers.3.1.0.norm1.weight:lr=0.00012
03/30 18:57:33 - mmengine - INFO - paramwise_options -- backbone.layers.3.1.0.norm1.weight:weight_decay=0.0
03/30 18:57:33 - mmengine - INFO - paramwise_options -- backbone.layers.3.1.0.norm1.weight:decay_mult=0.0
03/30 18:57:33 - mmengine - INFO - paramwise_options -- backbone.layers.3.1.0.norm1.bias:lr=0.00012
03/30 18:57:33 - mmengine - INFO - paramwise_options -- backbone.layers.3.1.0.norm1.bias:weight_decay=0.0
03/30 18:57:33 - mmengine - INFO - paramwise_options -- backbone.layers.3.1.0.norm1.bias:decay_mult=0.0
03/30 18:57:33 - mmengine - INFO - paramwise_options -- backbone.layers.3.1.0.norm2.weight:lr=0.00012
03/30 18:57:33 - mmengine - INFO - paramwise_options -- backbone.layers.3.1.0.norm2.weight:weight_decay=0.0
03/30 18:57:33 - mmengine - INFO - paramwise_options -- backbone.layers.3.1.0.norm2.weight:decay_mult=0.0
03/30 18:57:33 - mmengine - INFO - paramwise_options -- backbone.layers.3.1.0.norm2.bias:lr=0.00012
03/30 18:57:33 - mmengine - INFO - paramwise_options -- backbone.layers.3.1.0.norm2.bias:weight_decay=0.0
03/30 18:57:33 - mmengine - INFO - paramwise_options -- backbone.layers.3.1.0.norm2.bias:decay_mult=0.0
03/30 18:57:33 - mmengine - INFO - paramwise_options -- backbone.layers.3.1.1.norm1.weight:lr=0.00012
03/30 18:57:33 - mmengine - INFO - paramwise_options -- backbone.layers.3.1.1.norm1.weight:weight_decay=0.0
03/30 18:57:33 - mmengine - INFO - paramwise_options -- backbone.layers.3.1.1.norm1.weight:decay_mult=0.0
03/30 18:57:33 - mmengine - INFO - paramwise_options -- backbone.layers.3.1.1.norm1.bias:lr=0.00012
03/30 18:57:33 - mmengine - INFO - paramwise_options -- backbone.layers.3.1.1.norm1.bias:weight_decay=0.0
03/30 18:57:33 - mmengine - INFO - paramwise_options -- backbone.layers.3.1.1.norm1.bias:decay_mult=0.0
03/30 18:57:33 - mmengine - INFO - paramwise_options -- backbone.layers.3.1.1.norm2.weight:lr=0.00012
03/30 18:57:33 - mmengine - INFO - paramwise_options -- backbone.layers.3.1.1.norm2.weight:weight_decay=0.0
03/30 18:57:33 - mmengine - INFO - paramwise_options -- backbone.layers.3.1.1.norm2.weight:decay_mult=0.0
03/30 18:57:33 - mmengine - INFO - paramwise_options -- backbone.layers.3.1.1.norm2.bias:lr=0.00012
03/30 18:57:33 - mmengine - INFO - paramwise_options -- backbone.layers.3.1.1.norm2.bias:weight_decay=0.0
03/30 18:57:33 - mmengine - INFO - paramwise_options -- backbone.layers.3.1.1.norm2.bias:decay_mult=0.0
03/30 18:57:33 - mmengine - INFO - paramwise_options -- backbone.layers.3.1.2.norm1.weight:lr=0.00012
03/30 18:57:33 - mmengine - INFO - paramwise_options -- backbone.layers.3.1.2.norm1.weight:weight_decay=0.0
03/30 18:57:33 - mmengine - INFO - paramwise_options -- backbone.layers.3.1.2.norm1.weight:decay_mult=0.0
03/30 18:57:33 - mmengine - INFO - paramwise_options -- backbone.layers.3.1.2.norm1.bias:lr=0.00012
03/30 18:57:33 - mmengine - INFO - paramwise_options -- backbone.layers.3.1.2.norm1.bias:weight_decay=0.0
03/30 18:57:33 - mmengine - INFO - paramwise_options -- backbone.layers.3.1.2.norm1.bias:decay_mult=0.0
03/30 18:57:33 - mmengine - INFO - paramwise_options -- backbone.layers.3.1.2.norm2.weight:lr=0.00012
03/30 18:57:33 - mmengine - INFO - paramwise_options -- backbone.layers.3.1.2.norm2.weight:weight_decay=0.0
03/30 18:57:33 - mmengine - INFO - paramwise_options -- backbone.layers.3.1.2.norm2.weight:decay_mult=0.0
03/30 18:57:33 - mmengine - INFO - paramwise_options -- backbone.layers.3.1.2.norm2.bias:lr=0.00012
03/30 18:57:33 - mmengine - INFO - paramwise_options -- backbone.layers.3.1.2.norm2.bias:weight_decay=0.0
03/30 18:57:33 - mmengine - INFO - paramwise_options -- backbone.layers.3.1.2.norm2.bias:decay_mult=0.0
03/30 18:57:33 - mmengine - INFO - paramwise_options -- decode_head.conv_seg.weight:lr=0.0012000000000000001
03/30 18:57:33 - mmengine - INFO - paramwise_options -- decode_head.conv_seg.weight:weight_decay=0.01
03/30 18:57:33 - mmengine - INFO - paramwise_options -- decode_head.conv_seg.weight:lr_mult=10.0
03/30 18:57:33 - mmengine - INFO - paramwise_options -- decode_head.conv_seg.bias:lr=0.0012000000000000001
03/30 18:57:33 - mmengine - INFO - paramwise_options -- decode_head.conv_seg.bias:weight_decay=0.01
03/30 18:57:33 - mmengine - INFO - paramwise_options -- decode_head.conv_seg.bias:lr_mult=10.0
03/30 18:57:33 - mmengine - INFO - paramwise_options -- decode_head.convs.0.conv.weight:lr=0.0012000000000000001
03/30 18:57:33 - mmengine - INFO - paramwise_options -- decode_head.convs.0.conv.weight:weight_decay=0.01
03/30 18:57:33 - mmengine - INFO - paramwise_options -- decode_head.convs.0.conv.weight:lr_mult=10.0
03/30 18:57:33 - mmengine - INFO - paramwise_options -- decode_head.convs.0.bn.weight:lr=0.0012000000000000001
03/30 18:57:33 - mmengine - INFO - paramwise_options -- decode_head.convs.0.bn.weight:weight_decay=0.01
03/30 18:57:33 - mmengine - INFO - paramwise_options -- decode_head.convs.0.bn.weight:lr_mult=10.0
03/30 18:57:33 - mmengine - INFO - paramwise_options -- decode_head.convs.0.bn.bias:lr=0.0012000000000000001
03/30 18:57:33 - mmengine - INFO - paramwise_options -- decode_head.convs.0.bn.bias:weight_decay=0.01
03/30 18:57:33 - mmengine - INFO - paramwise_options -- decode_head.convs.0.bn.bias:lr_mult=10.0
03/30 18:57:33 - mmengine - INFO - paramwise_options -- decode_head.convs.1.conv.weight:lr=0.0012000000000000001
03/30 18:57:33 - mmengine - INFO - paramwise_options -- decode_head.convs.1.conv.weight:weight_decay=0.01
03/30 18:57:33 - mmengine - INFO - paramwise_options -- decode_head.convs.1.conv.weight:lr_mult=10.0
03/30 18:57:33 - mmengine - INFO - paramwise_options -- decode_head.convs.1.bn.weight:lr=0.0012000000000000001
03/30 18:57:33 - mmengine - INFO - paramwise_options -- decode_head.convs.1.bn.weight:weight_decay=0.01
03/30 18:57:33 - mmengine - INFO - paramwise_options -- decode_head.convs.1.bn.weight:lr_mult=10.0
03/30 18:57:33 - mmengine - INFO - paramwise_options -- decode_head.convs.1.bn.bias:lr=0.0012000000000000001
03/30 18:57:33 - mmengine - INFO - paramwise_options -- decode_head.convs.1.bn.bias:weight_decay=0.01
03/30 18:57:33 - mmengine - INFO - paramwise_options -- decode_head.convs.1.bn.bias:lr_mult=10.0
03/30 18:57:33 - mmengine - INFO - paramwise_options -- decode_head.convs.2.conv.weight:lr=0.0012000000000000001
03/30 18:57:33 - mmengine - INFO - paramwise_options -- decode_head.convs.2.conv.weight:weight_decay=0.01
03/30 18:57:33 - mmengine - INFO - paramwise_options -- decode_head.convs.2.conv.weight:lr_mult=10.0
03/30 18:57:33 - mmengine - INFO - paramwise_options -- decode_head.convs.2.bn.weight:lr=0.0012000000000000001
03/30 18:57:33 - mmengine - INFO - paramwise_options -- decode_head.convs.2.bn.weight:weight_decay=0.01
03/30 18:57:33 - mmengine - INFO - paramwise_options -- decode_head.convs.2.bn.weight:lr_mult=10.0
03/30 18:57:33 - mmengine - INFO - paramwise_options -- decode_head.convs.2.bn.bias:lr=0.0012000000000000001
03/30 18:57:33 - mmengine - INFO - paramwise_options -- decode_head.convs.2.bn.bias:weight_decay=0.01
03/30 18:57:33 - mmengine - INFO - paramwise_options -- decode_head.convs.2.bn.bias:lr_mult=10.0
03/30 18:57:33 - mmengine - INFO - paramwise_options -- decode_head.convs.3.conv.weight:lr=0.0012000000000000001
03/30 18:57:33 - mmengine - INFO - paramwise_options -- decode_head.convs.3.conv.weight:weight_decay=0.01
03/30 18:57:33 - mmengine - INFO - paramwise_options -- decode_head.convs.3.conv.weight:lr_mult=10.0
03/30 18:57:33 - mmengine - INFO - paramwise_options -- decode_head.convs.3.bn.weight:lr=0.0012000000000000001
03/30 18:57:33 - mmengine - INFO - paramwise_options -- decode_head.convs.3.bn.weight:weight_decay=0.01
03/30 18:57:33 - mmengine - INFO - paramwise_options -- decode_head.convs.3.bn.weight:lr_mult=10.0
03/30 18:57:33 - mmengine - INFO - paramwise_options -- decode_head.convs.3.bn.bias:lr=0.0012000000000000001
03/30 18:57:33 - mmengine - INFO - paramwise_options -- decode_head.convs.3.bn.bias:weight_decay=0.01
03/30 18:57:33 - mmengine - INFO - paramwise_options -- decode_head.convs.3.bn.bias:lr_mult=10.0
03/30 18:57:33 - mmengine - INFO - paramwise_options -- decode_head.fusion_conv.conv.weight:lr=0.0012000000000000001
03/30 18:57:33 - mmengine - INFO - paramwise_options -- decode_head.fusion_conv.conv.weight:weight_decay=0.01
03/30 18:57:33 - mmengine - INFO - paramwise_options -- decode_head.fusion_conv.conv.weight:lr_mult=10.0
03/30 18:57:33 - mmengine - INFO - paramwise_options -- decode_head.fusion_conv.bn.weight:lr=0.0012000000000000001
03/30 18:57:33 - mmengine - INFO - paramwise_options -- decode_head.fusion_conv.bn.weight:weight_decay=0.01
03/30 18:57:33 - mmengine - INFO - paramwise_options -- decode_head.fusion_conv.bn.weight:lr_mult=10.0
03/30 18:57:33 - mmengine - INFO - paramwise_options -- decode_head.fusion_conv.bn.bias:lr=0.0012000000000000001
03/30 18:57:33 - mmengine - INFO - paramwise_options -- decode_head.fusion_conv.bn.bias:weight_decay=0.01
03/30 18:57:33 - mmengine - INFO - paramwise_options -- decode_head.fusion_conv.bn.bias:lr_mult=10.0
03/30 18:57:33 - mmengine - INFO - paramwise_options -- auxiliary_head.conv_seg.weight:lr=0.0012000000000000001
03/30 18:57:33 - mmengine - INFO - paramwise_options -- auxiliary_head.conv_seg.weight:weight_decay=0.01
03/30 18:57:33 - mmengine - INFO - paramwise_options -- auxiliary_head.conv_seg.weight:lr_mult=10.0
03/30 18:57:33 - mmengine - INFO - paramwise_options -- auxiliary_head.conv_seg.bias:lr=0.0012000000000000001
03/30 18:57:33 - mmengine - INFO - paramwise_options -- auxiliary_head.conv_seg.bias:weight_decay=0.01
03/30 18:57:33 - mmengine - INFO - paramwise_options -- auxiliary_head.conv_seg.bias:lr_mult=10.0
03/30 18:57:33 - mmengine - INFO - paramwise_options -- auxiliary_head.conv1.weight:lr=0.0012000000000000001
03/30 18:57:33 - mmengine - INFO - paramwise_options -- auxiliary_head.conv1.weight:weight_decay=0.01
03/30 18:57:33 - mmengine - INFO - paramwise_options -- auxiliary_head.conv1.weight:lr_mult=10.0
03/30 18:57:33 - mmengine - INFO - paramwise_options -- auxiliary_head.conv1.bias:lr=0.0012000000000000001
03/30 18:57:33 - mmengine - INFO - paramwise_options -- auxiliary_head.conv1.bias:weight_decay=0.01
03/30 18:57:33 - mmengine - INFO - paramwise_options -- auxiliary_head.conv1.bias:lr_mult=10.0
03/30 18:57:33 - mmengine - INFO - paramwise_options -- auxiliary_head.conv2.weight:lr=0.0012000000000000001
03/30 18:57:33 - mmengine - INFO - paramwise_options -- auxiliary_head.conv2.weight:weight_decay=0.01
03/30 18:57:33 - mmengine - INFO - paramwise_options -- auxiliary_head.conv2.weight:lr_mult=10.0
03/30 18:57:33 - mmengine - INFO - paramwise_options -- auxiliary_head.conv2.bias:lr=0.0012000000000000001
03/30 18:57:33 - mmengine - INFO - paramwise_options -- auxiliary_head.conv2.bias:weight_decay=0.01
03/30 18:57:33 - mmengine - INFO - paramwise_options -- auxiliary_head.conv2.bias:lr_mult=10.0
Traceback (most recent call last):
  File "/root/autodl-tmp/tactile_topo_seg/third_party/mmsegmentation/tools/train.py", line 104, in <module>
    main()
  File "/root/autodl-tmp/tactile_topo_seg/third_party/mmsegmentation/tools/train.py", line 100, in main
    runner.train()
  File "/root/miniconda3/envs/tpseg/lib/python3.10/site-packages/mmengine/runner/runner.py", line 1733, in train
    self.optim_wrapper = self.build_optim_wrapper(self.optim_wrapper)
  File "/root/miniconda3/envs/tpseg/lib/python3.10/site-packages/mmengine/runner/runner.py", line 1114, in build_optim_wrapper
    return build_optim_wrapper(self.model, optim_wrapper)
  File "/root/miniconda3/envs/tpseg/lib/python3.10/site-packages/mmengine/optim/optimizer/builder.py", line 214, in build_optim_wrapper
    optim_wrapper = optim_wrapper_constructor(model)
  File "/root/miniconda3/envs/tpseg/lib/python3.10/site-packages/mmengine/optim/optimizer/default_constructor.py", line 319, in __call__
    optim_wrapper = OPTIM_WRAPPERS.build(
  File "/root/miniconda3/envs/tpseg/lib/python3.10/site-packages/mmengine/registry/registry.py", line 570, in build
    return self.build_func(cfg, *args, **kwargs, registry=self)
  File "/root/miniconda3/envs/tpseg/lib/python3.10/site-packages/mmengine/registry/build_functions.py", line 121, in build_from_cfg
    obj = obj_cls(**args)  # type: ignore
  File "/root/miniconda3/envs/tpseg/lib/python3.10/site-packages/mmengine/optim/optimizer/amp_optimizer_wrapper.py", line 76, in __init__
    assert is_cuda_available() or is_npu_available() or is_mlu_available(
AssertionError: ``AmpOptimizerWrapper`` is only available training on gpu, npu, mlu or musa
