[2026-04-19 13:03:30,036] [CALIBRATION] normalize=True val_keep_original_size=False train_size=(512, 512)
[2026-04-19 13:03:53,475] iter=50/10000 lr=2.00002e-05 loss=0.696262
[2026-04-19 13:04:06,815] iter=100/10000 lr=4.00002e-05 loss=0.722790
[2026-04-19 13:04:20,156] iter=150/10000 lr=6.00001e-05 loss=0.308946
[2026-04-19 13:04:33,506] iter=200/10000 lr=8.00001e-05 loss=0.196594
[2026-04-19 13:04:48,901] iter=250/10000 lr=0.0001 loss=0.206985
[2026-04-19 13:05:02,345] iter=300/10000 lr=0.00012 loss=0.508933
[2026-04-19 13:05:15,758] iter=350/10000 lr=0.00014 loss=0.255356
[2026-04-19 13:05:29,136] iter=400/10000 lr=0.00016 loss=0.270886
[2026-04-19 13:05:44,960] iter=450/10000 lr=0.00018 loss=0.503467
[2026-04-19 13:05:58,346] iter=500/10000 lr=0.0002 loss=0.208837
[2026-04-19 13:06:13,035] [VAL] iter=500 aAcc=87.1389 mIoU=47.1308 mDice=53.2892 mFscore=53.2892 mPrecision=82.1158 mRecall=53.5330
[2026-04-19 13:06:14,963] [BEST] iter=500 mIoU=47.1308 saved=/root/autodl-tmp/tactile_topo_seg/work_dirs/revise/vmunet_tp_revise/ckpt/best_mIoU_iter_500.pth
[2026-04-19 13:06:28,323] iter=550/10000 lr=0.000198947 loss=0.198422
[2026-04-19 13:06:41,745] iter=600/10000 lr=0.000197895 loss=0.375927
[2026-04-19 13:06:57,838] iter=650/10000 lr=0.000196842 loss=0.298695
[2026-04-19 13:07:11,264] iter=700/10000 lr=0.000195789 loss=0.312157
[2026-04-19 13:07:24,662] iter=750/10000 lr=0.000194737 loss=0.219583
[2026-04-19 13:07:38,057] iter=800/10000 lr=0.000193684 loss=0.753689
[2026-04-19 13:07:55,043] iter=850/10000 lr=0.000192632 loss=0.453958
[2026-04-19 13:08:08,412] iter=900/10000 lr=0.000191579 loss=0.221238
[2026-04-19 13:08:21,837] iter=950/10000 lr=0.000190526 loss=0.545624
[2026-04-19 13:08:35,224] iter=1000/10000 lr=0.000189474 loss=0.370476
[2026-04-19 13:08:49,498] [VAL] iter=1000 aAcc=87.5022 mIoU=54.7427 mDice=64.8691 mFscore=64.8691 mPrecision=74.0272 mRecall=61.8614
[2026-04-19 13:08:51,779] [BEST] iter=1000 mIoU=54.7427 saved=/root/autodl-tmp/tactile_topo_seg/work_dirs/revise/vmunet_tp_revise/ckpt/best_mIoU_iter_1000.pth
[2026-04-19 13:09:07,501] iter=1050/10000 lr=0.000188421 loss=0.466589
[2026-04-19 13:09:20,959] iter=1100/10000 lr=0.000187368 loss=0.813309
[2026-04-19 13:09:34,397] iter=1150/10000 lr=0.000186316 loss=0.329850
[2026-04-19 13:09:47,805] iter=1200/10000 lr=0.000185263 loss=0.453297
[2026-04-19 13:10:04,337] iter=1250/10000 lr=0.000184211 loss=0.184387
[2026-04-19 13:10:17,705] iter=1300/10000 lr=0.000183158 loss=0.381384
[2026-04-19 13:10:31,141] iter=1350/10000 lr=0.000182105 loss=0.328687
[2026-04-19 13:10:44,519] iter=1400/10000 lr=0.000181053 loss=0.510050
[2026-04-19 13:11:01,660] iter=1450/10000 lr=0.00018 loss=0.307600
[2026-04-19 13:11:15,121] iter=1500/10000 lr=0.000178947 loss=0.200790
[2026-04-19 13:11:29,539] [VAL] iter=1500 aAcc=86.5975 mIoU=57.8772 mDice=69.2341 mFscore=69.2341 mPrecision=70.9469 mRecall=67.9191
[2026-04-19 13:11:31,709] [BEST] iter=1500 mIoU=57.8772 saved=/root/autodl-tmp/tactile_topo_seg/work_dirs/revise/vmunet_tp_revise/ckpt/best_mIoU_iter_1500.pth
[2026-04-19 13:11:45,153] iter=1550/10000 lr=0.000177895 loss=0.202521
[2026-04-19 13:11:58,525] iter=1600/10000 lr=0.000176842 loss=0.136199
[2026-04-19 13:12:14,498] iter=1650/10000 lr=0.000175789 loss=0.436326
[2026-04-19 13:12:27,936] iter=1700/10000 lr=0.000174737 loss=0.236682
[2026-04-19 13:12:41,352] iter=1750/10000 lr=0.000173684 loss=0.302317
[2026-04-19 13:12:54,765] iter=1800/10000 lr=0.000172632 loss=0.259925
[2026-04-19 13:13:08,179] iter=1850/10000 lr=0.000171579 loss=0.222588
[2026-04-19 13:13:24,643] iter=1900/10000 lr=0.000170526 loss=0.207256
[2026-04-19 13:13:38,110] iter=1950/10000 lr=0.000169474 loss=0.122961
[2026-04-19 13:13:51,564] iter=2000/10000 lr=0.000168421 loss=0.200811
[2026-04-19 13:14:05,958] [VAL] iter=2000 aAcc=88.1289 mIoU=59.4022 mDice=70.5230 mFscore=70.5230 mPrecision=75.1483 mRecall=67.8299
[2026-04-19 13:14:08,095] [BEST] iter=2000 mIoU=59.4022 saved=/root/autodl-tmp/tactile_topo_seg/work_dirs/revise/vmunet_tp_revise/ckpt/best_mIoU_iter_2000.pth
[2026-04-19 13:14:21,486] iter=2050/10000 lr=0.000167368 loss=0.860565
[2026-04-19 13:14:37,848] iter=2100/10000 lr=0.000166316 loss=0.433920
[2026-04-19 13:14:51,287] iter=2150/10000 lr=0.000165263 loss=0.505226
[2026-04-19 13:15:04,713] iter=2200/10000 lr=0.000164211 loss=0.301926
[2026-04-19 13:15:18,185] iter=2250/10000 lr=0.000163158 loss=0.293581
[2026-04-19 13:15:34,589] iter=2300/10000 lr=0.000162105 loss=0.295279
[2026-04-19 13:15:48,034] iter=2350/10000 lr=0.000161053 loss=0.164423
[2026-04-19 13:16:01,497] iter=2400/10000 lr=0.00016 loss=0.340312
[2026-04-19 13:16:14,966] iter=2450/10000 lr=0.000158947 loss=0.447940
[2026-04-19 13:16:31,673] iter=2500/10000 lr=0.000157895 loss=0.110537
[2026-04-19 13:16:45,973] [VAL] iter=2500 aAcc=89.1582 mIoU=59.1354 mDice=69.8469 mFscore=69.8469 mPrecision=80.8212 mRecall=65.7614
[2026-04-19 13:17:00,119] iter=2550/10000 lr=0.000156842 loss=0.127445
[2026-04-19 13:17:13,589] iter=2600/10000 lr=0.000155789 loss=0.355228
[2026-04-19 13:17:27,016] iter=2650/10000 lr=0.000154737 loss=0.314911
[2026-04-19 13:17:43,109] iter=2700/10000 lr=0.000153684 loss=0.183096
[2026-04-19 13:17:56,497] iter=2750/10000 lr=0.000152632 loss=0.265574
[2026-04-19 13:18:09,920] iter=2800/10000 lr=0.000151579 loss=0.236779
[2026-04-19 13:18:23,381] iter=2850/10000 lr=0.000150526 loss=0.163262
[2026-04-19 13:18:38,663] iter=2900/10000 lr=0.000149474 loss=0.226814
[2026-04-19 13:18:52,057] iter=2950/10000 lr=0.000148421 loss=0.321007
[2026-04-19 13:19:05,492] iter=3000/10000 lr=0.000147368 loss=0.281418
[2026-04-19 13:19:20,257] [VAL] iter=3000 aAcc=87.6526 mIoU=61.4382 mDice=72.9978 mFscore=72.9978 mPrecision=73.6180 mRecall=72.4289
[2026-04-19 13:19:22,520] [BEST] iter=3000 mIoU=61.4382 saved=/root/autodl-tmp/tactile_topo_seg/work_dirs/revise/vmunet_tp_revise/ckpt/best_mIoU_iter_3000.pth
[2026-04-19 13:19:35,920] iter=3050/10000 lr=0.000146316 loss=0.322462
[2026-04-19 13:19:51,307] iter=3100/10000 lr=0.000145263 loss=0.227254
[2026-04-19 13:20:04,705] iter=3150/10000 lr=0.000144211 loss=0.146807
[2026-04-19 13:20:18,135] iter=3200/10000 lr=0.000143158 loss=0.127395
[2026-04-19 13:20:31,553] iter=3250/10000 lr=0.000142105 loss=0.499447
[2026-04-19 13:20:48,004] iter=3300/10000 lr=0.000141053 loss=0.136245
[2026-04-19 13:21:01,331] iter=3350/10000 lr=0.00014 loss=0.260015
[2026-04-19 13:21:14,706] iter=3400/10000 lr=0.000138947 loss=0.157053
[2026-04-19 13:21:28,086] iter=3450/10000 lr=0.000137895 loss=1.098843
[2026-04-19 13:21:41,469] iter=3500/10000 lr=0.000136842 loss=0.139558
[2026-04-19 13:21:55,251] [VAL] iter=3500 aAcc=88.4424 mIoU=60.5541 mDice=71.7567 mFscore=71.7567 mPrecision=75.9456 mRecall=69.1527
[2026-04-19 13:22:12,147] iter=3550/10000 lr=0.000135789 loss=0.209858
[2026-04-19 13:22:25,535] iter=3600/10000 lr=0.000134737 loss=0.109018
[2026-04-19 13:22:38,919] iter=3650/10000 lr=0.000133684 loss=0.224216
[2026-04-19 13:22:52,379] iter=3700/10000 lr=0.000132632 loss=0.746320
[2026-04-19 13:23:08,639] iter=3750/10000 lr=0.000131579 loss=0.191987
[2026-04-19 13:23:22,077] iter=3800/10000 lr=0.000130526 loss=0.484208
[2026-04-19 13:23:35,485] iter=3850/10000 lr=0.000129474 loss=0.151594
[2026-04-19 13:23:48,932] iter=3900/10000 lr=0.000128421 loss=0.135195
[2026-04-19 13:24:04,950] iter=3950/10000 lr=0.000127368 loss=0.515551
[2026-04-19 13:24:18,332] iter=4000/10000 lr=0.000126316 loss=0.087122
[2026-04-19 13:24:32,278] [VAL] iter=4000 aAcc=87.9171 mIoU=60.8791 mDice=72.2934 mFscore=72.2934 mPrecision=74.2344 mRecall=70.7816
[2026-04-19 13:24:46,303] iter=4050/10000 lr=0.000125263 loss=0.133917
[2026-04-19 13:24:59,758] iter=4100/10000 lr=0.000124211 loss=0.139415
[2026-04-19 13:25:15,735] iter=4150/10000 lr=0.000123158 loss=0.214744
[2026-04-19 13:25:29,129] iter=4200/10000 lr=0.000122105 loss=0.187854
[2026-04-19 13:25:42,508] iter=4250/10000 lr=0.000121053 loss=0.103575
[2026-04-19 13:25:55,948] iter=4300/10000 lr=0.00012 loss=0.772598
[2026-04-19 13:26:12,226] iter=4350/10000 lr=0.000118947 loss=0.719070
[2026-04-19 13:26:25,669] iter=4400/10000 lr=0.000117895 loss=0.497642
[2026-04-19 13:26:39,056] iter=4450/10000 lr=0.000116842 loss=0.407403
[2026-04-19 13:26:52,478] iter=4500/10000 lr=0.000115789 loss=0.863537
[2026-04-19 13:27:06,318] [VAL] iter=4500 aAcc=89.0054 mIoU=61.9730 mDice=73.1740 mFscore=73.1740 mPrecision=77.5523 mRecall=70.4171
[2026-04-19 13:27:08,651] [BEST] iter=4500 mIoU=61.9730 saved=/root/autodl-tmp/tactile_topo_seg/work_dirs/revise/vmunet_tp_revise/ckpt/best_mIoU_iter_4500.pth
[2026-04-19 13:27:24,869] iter=4550/10000 lr=0.000114737 loss=0.171942
[2026-04-19 13:27:38,308] iter=4600/10000 lr=0.000113684 loss=0.258598
[2026-04-19 13:27:51,748] iter=4650/10000 lr=0.000112632 loss=0.239933
[2026-04-19 13:28:05,146] iter=4700/10000 lr=0.000111579 loss=0.234430
[2026-04-19 13:28:21,313] iter=4750/10000 lr=0.000110526 loss=0.348609
[2026-04-19 13:28:34,766] iter=4800/10000 lr=0.000109474 loss=0.139865
[2026-04-19 13:28:48,248] iter=4850/10000 lr=0.000108421 loss=0.220762
[2026-04-19 13:29:01,588] iter=4900/10000 lr=0.000107368 loss=0.201223
[2026-04-19 13:29:17,037] iter=4950/10000 lr=0.000106316 loss=0.500232
[2026-04-19 13:29:30,408] iter=5000/10000 lr=0.000105263 loss=0.092506
[2026-04-19 13:29:44,098] [VAL] iter=5000 aAcc=89.3293 mIoU=62.2442 mDice=73.3741 mFscore=73.3741 mPrecision=78.8401 mRecall=70.1925
[2026-04-19 13:29:46,299] [BEST] iter=5000 mIoU=62.2442 saved=/root/autodl-tmp/tactile_topo_seg/work_dirs/revise/vmunet_tp_revise/ckpt/best_mIoU_iter_5000.pth
[2026-04-19 13:29:59,707] iter=5050/10000 lr=0.000104211 loss=0.195786
[2026-04-19 13:30:13,052] iter=5100/10000 lr=0.000103158 loss=0.383949
[2026-04-19 13:30:26,455] iter=5150/10000 lr=0.000102105 loss=0.101929
[2026-04-19 13:30:42,153] iter=5200/10000 lr=0.000101053 loss=0.150399
[2026-04-19 13:30:55,587] iter=5250/10000 lr=0.0001 loss=0.143635
[2026-04-19 13:31:09,019] iter=5300/10000 lr=9.89474e-05 loss=0.144282
[2026-04-19 13:31:22,412] iter=5350/10000 lr=9.78947e-05 loss=0.266014
[2026-04-19 13:31:38,510] iter=5400/10000 lr=9.68421e-05 loss=0.235610
[2026-04-19 13:31:51,898] iter=5450/10000 lr=9.57895e-05 loss=0.072073
[2026-04-19 13:32:05,226] iter=5500/10000 lr=9.47368e-05 loss=0.636268
[2026-04-19 13:32:19,775] [VAL] iter=5500 aAcc=88.3337 mIoU=61.8033 mDice=73.1922 mFscore=73.1922 mPrecision=75.2783 mRecall=71.5747
[2026-04-19 13:32:33,794] iter=5550/10000 lr=9.36842e-05 loss=0.177075
[2026-04-19 13:32:50,116] iter=5600/10000 lr=9.26316e-05 loss=0.306281
[2026-04-19 13:33:03,510] iter=5650/10000 lr=9.15789e-05 loss=0.362291
[2026-04-19 13:33:16,914] iter=5700/10000 lr=9.05263e-05 loss=0.174692
[2026-04-19 13:33:30,345] iter=5750/10000 lr=8.94737e-05 loss=0.681999
[2026-04-19 13:33:47,075] iter=5800/10000 lr=8.84211e-05 loss=0.232288
[2026-04-19 13:34:00,470] iter=5850/10000 lr=8.73684e-05 loss=0.518325
[2026-04-19 13:34:13,863] iter=5900/10000 lr=8.63158e-05 loss=0.096093
[2026-04-19 13:34:27,262] iter=5950/10000 lr=8.52632e-05 loss=0.537484
[2026-04-19 13:34:43,031] iter=6000/10000 lr=8.42105e-05 loss=0.552411
[2026-04-19 13:34:56,865] [VAL] iter=6000 aAcc=87.9562 mIoU=61.3575 mDice=72.8155 mFscore=72.8155 mPrecision=74.3101 mRecall=71.5847
[2026-04-19 13:35:10,960] iter=6050/10000 lr=8.31579e-05 loss=0.446570
[2026-04-19 13:35:24,376] iter=6100/10000 lr=8.21053e-05 loss=0.193152
[2026-04-19 13:35:37,772] iter=6150/10000 lr=8.10526e-05 loss=0.369110
[2026-04-19 13:35:53,571] iter=6200/10000 lr=8e-05 loss=0.187332
[2026-04-19 13:36:07,010] iter=6250/10000 lr=7.89474e-05 loss=0.267344
[2026-04-19 13:36:20,486] iter=6300/10000 lr=7.78947e-05 loss=0.408017
[2026-04-19 13:36:33,911] iter=6350/10000 lr=7.68421e-05 loss=0.105054
[2026-04-19 13:36:49,164] iter=6400/10000 lr=7.57895e-05 loss=0.172321
[2026-04-19 13:37:02,528] iter=6450/10000 lr=7.47368e-05 loss=0.506286
[2026-04-19 13:37:15,916] iter=6500/10000 lr=7.36842e-05 loss=0.198290
[2026-04-19 13:37:29,703] [VAL] iter=6500 aAcc=88.1560 mIoU=61.9246 mDice=73.3790 mFscore=73.3790 mPrecision=74.7815 mRecall=72.2059
[2026-04-19 13:37:43,801] iter=6550/10000 lr=7.26316e-05 loss=0.502819
[2026-04-19 13:37:59,907] iter=6600/10000 lr=7.15789e-05 loss=0.136957
[2026-04-19 13:38:13,320] iter=6650/10000 lr=7.05263e-05 loss=0.209567
[2026-04-19 13:38:26,696] iter=6700/10000 lr=6.94737e-05 loss=0.179424
[2026-04-19 13:38:40,127] iter=6750/10000 lr=6.84211e-05 loss=0.174680
[2026-04-19 13:38:54,977] iter=6800/10000 lr=6.73684e-05 loss=0.174043
[2026-04-19 13:39:08,964] iter=6850/10000 lr=6.63158e-05 loss=0.103866
[2026-04-19 13:39:22,374] iter=6900/10000 lr=6.52632e-05 loss=0.360833
[2026-04-19 13:39:35,780] iter=6950/10000 lr=6.42105e-05 loss=0.320195
[2026-04-19 13:39:49,195] iter=7000/10000 lr=6.31579e-05 loss=0.284757
[2026-04-19 13:40:03,214] [VAL] iter=7000 aAcc=88.7708 mIoU=62.7228 mDice=74.0623 mFscore=74.0623 mPrecision=76.4043 mRecall=72.2740
[2026-04-19 13:40:05,520] [BEST] iter=7000 mIoU=62.7228 saved=/root/autodl-tmp/tactile_topo_seg/work_dirs/revise/vmunet_tp_revise/ckpt/best_mIoU_iter_7000.pth
[2026-04-19 13:40:22,267] iter=7050/10000 lr=6.21053e-05 loss=0.578902
[2026-04-19 13:40:35,727] iter=7100/10000 lr=6.10526e-05 loss=0.175031
[2026-04-19 13:40:49,112] iter=7150/10000 lr=6e-05 loss=0.389175
[2026-04-19 13:41:02,502] iter=7200/10000 lr=5.89474e-05 loss=0.664139
[2026-04-19 13:41:18,999] iter=7250/10000 lr=5.78947e-05 loss=0.308547
[2026-04-19 13:41:32,476] iter=7300/10000 lr=5.68421e-05 loss=0.130724
[2026-04-19 13:41:45,942] iter=7350/10000 lr=5.57895e-05 loss=0.213497
[2026-04-19 13:41:59,390] iter=7400/10000 lr=5.47368e-05 loss=0.145549
[2026-04-19 13:42:15,504] iter=7450/10000 lr=5.36842e-05 loss=0.313188
[2026-04-19 13:42:28,889] iter=7500/10000 lr=5.26316e-05 loss=0.254429
[2026-04-19 13:42:43,407] [VAL] iter=7500 aAcc=89.8128 mIoU=63.7159 mDice=74.8219 mFscore=74.8219 mPrecision=80.1190 mRecall=71.6095
[2026-04-19 13:42:45,635] [BEST] iter=7500 mIoU=63.7159 saved=/root/autodl-tmp/tactile_topo_seg/work_dirs/revise/vmunet_tp_revise/ckpt/best_mIoU_iter_7500.pth
[2026-04-19 13:42:59,002] iter=7550/10000 lr=5.15789e-05 loss=0.125198
[2026-04-19 13:43:12,456] iter=7600/10000 lr=5.05263e-05 loss=0.683574
[2026-04-19 13:43:29,868] iter=7650/10000 lr=4.94737e-05 loss=0.090971
[2026-04-19 13:43:43,259] iter=7700/10000 lr=4.84211e-05 loss=0.096128
[2026-04-19 13:43:56,682] iter=7750/10000 lr=4.73684e-05 loss=1.070925
[2026-04-19 13:44:10,065] iter=7800/10000 lr=4.63158e-05 loss=0.247714
[2026-04-19 13:44:26,520] iter=7850/10000 lr=4.52632e-05 loss=0.349656
[2026-04-19 13:44:39,958] iter=7900/10000 lr=4.42105e-05 loss=0.130021
[2026-04-19 13:44:53,422] iter=7950/10000 lr=4.31579e-05 loss=0.157202
[2026-04-19 13:45:06,817] iter=8000/10000 lr=4.21053e-05 loss=0.187306
[2026-04-19 13:45:20,391] [VAL] iter=8000 aAcc=87.2731 mIoU=61.7925 mDice=73.4995 mFscore=73.4995 mPrecision=72.9740 mRecall=74.0687
[2026-04-19 13:45:37,577] iter=8050/10000 lr=4.10526e-05 loss=0.180968
[2026-04-19 13:45:50,960] iter=8100/10000 lr=4e-05 loss=0.144666
[2026-04-19 13:46:04,315] iter=8150/10000 lr=3.89474e-05 loss=0.192170
[2026-04-19 13:46:17,738] iter=8200/10000 lr=3.78947e-05 loss=0.099826
[2026-04-19 13:46:34,085] iter=8250/10000 lr=3.68421e-05 loss=0.127302
[2026-04-19 13:46:47,526] iter=8300/10000 lr=3.57895e-05 loss=0.323584
[2026-04-19 13:47:00,931] iter=8350/10000 lr=3.47368e-05 loss=0.349499
[2026-04-19 13:47:14,338] iter=8400/10000 lr=3.36842e-05 loss=0.546630
[2026-04-19 13:47:30,189] iter=8450/10000 lr=3.26316e-05 loss=0.158845
[2026-04-19 13:47:43,600] iter=8500/10000 lr=3.15789e-05 loss=0.174392
[2026-04-19 13:47:58,310] [VAL] iter=8500 aAcc=88.1207 mIoU=62.4529 mDice=73.9625 mFscore=73.9625 mPrecision=74.6700 mRecall=73.3178
[2026-04-19 13:48:12,395] iter=8550/10000 lr=3.05263e-05 loss=0.091043
[2026-04-19 13:48:25,769] iter=8600/10000 lr=2.94737e-05 loss=0.407693
[2026-04-19 13:48:39,170] iter=8650/10000 lr=2.84211e-05 loss=0.090633
[2026-04-19 13:48:54,562] iter=8700/10000 lr=2.73684e-05 loss=0.349831
[2026-04-19 13:49:07,952] iter=8750/10000 lr=2.63158e-05 loss=0.235733
[2026-04-19 13:49:21,352] iter=8800/10000 lr=2.52632e-05 loss=0.631512
[2026-04-19 13:49:34,710] iter=8850/10000 lr=2.42105e-05 loss=0.257245
[2026-04-19 13:49:50,267] iter=8900/10000 lr=2.31579e-05 loss=0.324717
[2026-04-19 13:50:03,640] iter=8950/10000 lr=2.21053e-05 loss=0.058847
[2026-04-19 13:50:17,034] iter=9000/10000 lr=2.10526e-05 loss=0.610299
[2026-04-19 13:50:30,848] [VAL] iter=9000 aAcc=88.0250 mIoU=62.6727 mDice=74.2260 mFscore=74.2260 mPrecision=74.4598 mRecall=73.9994
[2026-04-19 13:50:44,893] iter=9050/10000 lr=2e-05 loss=0.476872
[2026-04-19 13:51:00,849] iter=9100/10000 lr=1.89474e-05 loss=0.126879
[2026-04-19 13:51:14,272] iter=9150/10000 lr=1.78947e-05 loss=0.100674
[2026-04-19 13:51:27,787] iter=9200/10000 lr=1.68421e-05 loss=0.166576
[2026-04-19 13:51:41,251] iter=9250/10000 lr=1.57895e-05 loss=0.315041
[2026-04-19 13:51:57,461] iter=9300/10000 lr=1.47368e-05 loss=0.209680
[2026-04-19 13:52:10,895] iter=9350/10000 lr=1.36842e-05 loss=0.194900
[2026-04-19 13:52:24,317] iter=9400/10000 lr=1.26316e-05 loss=0.326745
[2026-04-19 13:52:37,696] iter=9450/10000 lr=1.15789e-05 loss=0.178799
[2026-04-19 13:52:54,095] iter=9500/10000 lr=1.05263e-05 loss=0.223052
[2026-04-19 13:53:08,573] [VAL] iter=9500 aAcc=88.8256 mIoU=63.2497 mDice=74.6097 mFscore=74.6097 mPrecision=76.4361 mRecall=73.1334
[2026-04-19 13:53:22,767] iter=9550/10000 lr=9.47368e-06 loss=0.696714
[2026-04-19 13:53:36,146] iter=9600/10000 lr=8.42105e-06 loss=0.355241
[2026-04-19 13:53:49,534] iter=9650/10000 lr=7.36842e-06 loss=0.123860
[2026-04-19 13:54:06,201] iter=9700/10000 lr=6.31579e-06 loss=0.117137
[2026-04-19 13:54:19,632] iter=9750/10000 lr=5.26316e-06 loss=0.174550
[2026-04-19 13:54:33,070] iter=9800/10000 lr=4.21053e-06 loss=0.135721
[2026-04-19 13:54:46,418] iter=9850/10000 lr=3.15789e-06 loss=0.222232
[2026-04-19 13:55:02,513] iter=9900/10000 lr=2.10526e-06 loss=0.391039
[2026-04-19 13:55:15,906] iter=9950/10000 lr=1.05263e-06 loss=0.231160
[2026-04-19 13:55:29,307] iter=10000/10000 lr=0 loss=0.233977
[2026-04-19 13:55:43,576] [VAL] iter=10000 aAcc=88.2605 mIoU=62.8825 mDice=74.3817 mFscore=74.3817 mPrecision=74.9806 mRecall=73.8276
Traceback (most recent call last):
  File "/root/autodl-tmp/tactile_topo_seg/tools/eval_tp_topology.py", line 27, in _import_cv2
    import cv2  # type: ignore
ModuleNotFoundError: No module named 'cv2'

The above exception was the direct cause of the following exception:

Traceback (most recent call last):
  File "/root/autodl-tmp/tactile_topo_seg/tools/eval_tp_topology.py", line 330, in <module>
    main()
  File "/root/autodl-tmp/tactile_topo_seg/tools/eval_tp_topology.py", line 215, in main
    pred = read_mask_as_binary(pred_path)
  File "/root/autodl-tmp/tactile_topo_seg/tools/eval_tp_topology.py", line 37, in read_mask_as_binary
    cv2 = _import_cv2()
  File "/root/autodl-tmp/tactile_topo_seg/tools/eval_tp_topology.py", line 29, in _import_cv2
    raise RuntimeError(
RuntimeError: opencv-python is required for topology evaluation. Please install opencv-python or opencv-python-headless.
Traceback (most recent call last):
  File "tools/revise/train_revise_external.py", line 740, in <module>
    main()
  File "tools/revise/train_revise_external.py", line 702, in main
    topo_per, topo_summary, topo2_per, topo2_sum = run_topology_eval(preds_dir, mapping_csv, metrics_dir)
  File "tools/revise/train_revise_external.py", line 363, in run_topology_eval
    subprocess.run(cmd, cwd=str(ROOT), check=True)
  File "/root/miniconda3/envs/vmunet/lib/python3.8/subprocess.py", line 516, in run
    raise CalledProcessError(retcode, process.args,
subprocess.CalledProcessError: Command '['/root/miniconda3/envs/vmunet/bin/python', '/root/autodl-tmp/tactile_topo_seg/tools/eval_tp_topology.py', '--pred-dir', '/root/autodl-tmp/tactile_topo_seg/work_dirs/revise/vmunet_tp_revise/preds_best', '--split-file', '/root/autodl-tmp/tactile_topo_seg/data/TP-Dataset/Index/val.txt', '--gt-root', '/root/autodl-tmp/tactile_topo_seg/data/TP-Dataset/GroundTruth', '--out-csv', '/root/autodl-tmp/tactile_topo_seg/work_dirs/revise/vmunet_tp_revise/metrics/topology_per_sample.csv', '--summary-csv', '/root/autodl-tmp/tactile_topo_seg/work_dirs/revise/vmunet_tp_revise/metrics/topology_summary.csv']' returned non-zero exit status 1.
