[2026-04-18 21:35:37,035] [CALIBRATION] normalize=True val_keep_original_size=False train_size=(512, 512)
[2026-04-18 21:35:37,316] Train from scratch!
[2026-04-18 21:36:03,317] iter=50/10000 lr=5.00004e-05 loss=0.951009
[2026-04-18 21:36:19,633] iter=100/10000 lr=0.0001 loss=0.610232
[2026-04-18 21:36:37,785] iter=150/10000 lr=0.00015 loss=0.515706
[2026-04-18 21:36:54,551] iter=200/10000 lr=0.0002 loss=0.505252
[2026-04-18 21:37:11,732] iter=250/10000 lr=0.00025 loss=0.962372
[2026-04-18 21:37:28,928] iter=300/10000 lr=0.0003 loss=0.788857
[2026-04-18 21:37:45,360] iter=350/10000 lr=0.00035 loss=0.866148
[2026-04-18 21:38:02,782] iter=400/10000 lr=0.0004 loss=0.829432
[2026-04-18 21:38:22,276] iter=450/10000 lr=0.00045 loss=0.370940
/root/miniconda3/envs/tpseg/lib/python3.10/site-packages/torch/optim/lr_scheduler.py:149: UserWarning: The epoch parameter in `scheduler.step()` was not necessary and is being deprecated where possible. Please use `scheduler.step()` to step the scheduler. During the deprecation, if epoch is different from None, the closed form is used instead of the new chainable form, where available. Please open an issue if you are unable to replicate your use case: https://github.com/pytorch/pytorch/issues/new/choose.
  warnings.warn(EPOCH_DEPRECATION_WARNING, UserWarning)
[2026-04-18 21:38:38,927] iter=500/10000 lr=0.0005 loss=0.375890
[2026-04-18 21:38:50,744] [VAL] iter=500 aAcc=86.5251 mIoU=43.5943 mDice=47.0557 mFscore=47.0557 mPrecision=92.7910 mRecall=50.3374
[2026-04-18 21:38:51,853] [BEST] iter=500 mIoU=43.5943 saved=/root/autodl-tmp/tactile_topo_seg/work_dirs/revise/bevanet_s_tp_revise/ckpt/best_mIoU_iter_500.pth
[2026-04-18 21:39:06,782] iter=550/10000 lr=0.000497368 loss=0.398103
[2026-04-18 21:39:21,595] iter=600/10000 lr=0.000494737 loss=0.876417
[2026-04-18 21:39:43,842] iter=650/10000 lr=0.000492105 loss=0.315685
[2026-04-18 21:40:02,395] iter=700/10000 lr=0.000489474 loss=0.799042
[2026-04-18 21:40:19,901] iter=750/10000 lr=0.000486842 loss=0.450176
[2026-04-18 21:40:36,684] iter=800/10000 lr=0.000484211 loss=0.582882
[2026-04-18 21:40:58,244] iter=850/10000 lr=0.000481579 loss=0.702854
[2026-04-18 21:41:15,300] iter=900/10000 lr=0.000478947 loss=0.306811
[2026-04-18 21:41:32,021] iter=950/10000 lr=0.000476316 loss=0.856823
[2026-04-18 21:41:49,541] iter=1000/10000 lr=0.000473684 loss=0.335896
[2026-04-18 21:42:02,427] [VAL] iter=1000 aAcc=86.9394 mIoU=45.4693 mDice=50.3986 mFscore=50.3986 mPrecision=89.3743 mRecall=52.0149
[2026-04-18 21:42:03,452] [BEST] iter=1000 mIoU=45.4693 saved=/root/autodl-tmp/tactile_topo_seg/work_dirs/revise/bevanet_s_tp_revise/ckpt/best_mIoU_iter_1000.pth
[2026-04-18 21:42:18,945] iter=1050/10000 lr=0.000471053 loss=0.352228
[2026-04-18 21:42:37,700] iter=1100/10000 lr=0.000468421 loss=0.382392
[2026-04-18 21:42:56,277] iter=1150/10000 lr=0.000465789 loss=0.405204
[2026-04-18 21:43:12,495] iter=1200/10000 lr=0.000463158 loss=0.642729
[2026-04-18 21:43:31,618] iter=1250/10000 lr=0.000460526 loss=0.639447
[2026-04-18 21:43:49,202] iter=1300/10000 lr=0.000457895 loss=0.368679
[2026-04-18 21:44:06,978] iter=1350/10000 lr=0.000455263 loss=0.710137
[2026-04-18 21:44:23,922] iter=1400/10000 lr=0.000452632 loss=0.467898
[2026-04-18 21:44:43,795] iter=1450/10000 lr=0.00045 loss=0.803912
[2026-04-18 21:45:01,488] iter=1500/10000 lr=0.000447368 loss=0.607056
[2026-04-18 21:45:13,852] [VAL] iter=1500 aAcc=87.7038 mIoU=48.9165 mDice=56.0172 mFscore=56.0172 mPrecision=89.2246 mRecall=55.1243
[2026-04-18 21:45:14,993] [BEST] iter=1500 mIoU=48.9165 saved=/root/autodl-tmp/tactile_topo_seg/work_dirs/revise/bevanet_s_tp_revise/ckpt/best_mIoU_iter_1500.pth
[2026-04-18 21:45:31,376] iter=1550/10000 lr=0.000444737 loss=0.573416
[2026-04-18 21:45:48,755] iter=1600/10000 lr=0.000442105 loss=0.460386
[2026-04-18 21:46:09,949] iter=1650/10000 lr=0.000439474 loss=0.601663
[2026-04-18 21:46:28,778] iter=1700/10000 lr=0.000436842 loss=0.925067
[2026-04-18 21:46:44,766] iter=1750/10000 lr=0.000434211 loss=0.460271
[2026-04-18 21:47:02,725] iter=1800/10000 lr=0.000431579 loss=0.361721
[2026-04-18 21:47:18,595] iter=1850/10000 lr=0.000428947 loss=0.379669
[2026-04-18 21:47:38,440] iter=1900/10000 lr=0.000426316 loss=0.763767
[2026-04-18 21:47:55,323] iter=1950/10000 lr=0.000423684 loss=0.836225
[2026-04-18 21:48:18,019] iter=2000/10000 lr=0.000421053 loss=0.671344
[2026-04-18 21:48:29,898] [VAL] iter=2000 aAcc=86.9811 mIoU=59.0399 mDice=70.4866 mFscore=70.4866 mPrecision=71.9511 mRecall=69.3060
[2026-04-18 21:48:30,949] [BEST] iter=2000 mIoU=59.0399 saved=/root/autodl-tmp/tactile_topo_seg/work_dirs/revise/bevanet_s_tp_revise/ckpt/best_mIoU_iter_2000.pth
[2026-04-18 21:48:45,075] iter=2050/10000 lr=0.000418421 loss=0.428493
[2026-04-18 21:49:06,565] iter=2100/10000 lr=0.000415789 loss=0.616735
[2026-04-18 21:49:24,234] iter=2150/10000 lr=0.000413158 loss=0.272411
[2026-04-18 21:49:42,998] iter=2200/10000 lr=0.000410526 loss=0.534005
[2026-04-18 21:49:58,523] iter=2250/10000 lr=0.000407895 loss=0.393565
[2026-04-18 21:50:15,449] iter=2300/10000 lr=0.000405263 loss=0.583460
[2026-04-18 21:50:32,858] iter=2350/10000 lr=0.000402632 loss=0.319762
[2026-04-18 21:50:51,924] iter=2400/10000 lr=0.0004 loss=0.273324
[2026-04-18 21:51:09,743] iter=2450/10000 lr=0.000397368 loss=0.271298
[2026-04-18 21:51:28,144] iter=2500/10000 lr=0.000394737 loss=0.272062
[2026-04-18 21:51:40,532] [VAL] iter=2500 aAcc=89.0450 mIoU=61.9062 mDice=73.0880 mFscore=73.0880 mPrecision=77.7550 mRecall=70.2204
[2026-04-18 21:51:41,649] [BEST] iter=2500 mIoU=61.9062 saved=/root/autodl-tmp/tactile_topo_seg/work_dirs/revise/bevanet_s_tp_revise/ckpt/best_mIoU_iter_2500.pth
[2026-04-18 21:51:55,301] iter=2550/10000 lr=0.000392105 loss=0.358547
[2026-04-18 21:52:16,213] iter=2600/10000 lr=0.000389474 loss=0.363478
[2026-04-18 21:52:31,424] iter=2650/10000 lr=0.000386842 loss=0.723600
[2026-04-18 21:52:49,212] iter=2700/10000 lr=0.000384211 loss=0.299644
[2026-04-18 21:53:06,787] iter=2750/10000 lr=0.000381579 loss=0.334887
[2026-04-18 21:53:28,714] iter=2800/10000 lr=0.000378947 loss=0.647647
[2026-04-18 21:53:45,189] iter=2850/10000 lr=0.000376316 loss=0.552889
[2026-04-18 21:54:02,971] iter=2900/10000 lr=0.000373684 loss=0.321114
[2026-04-18 21:54:20,566] iter=2950/10000 lr=0.000371053 loss=0.251850
[2026-04-18 21:54:41,380] iter=3000/10000 lr=0.000368421 loss=0.316988
[2026-04-18 21:54:53,340] [VAL] iter=3000 aAcc=88.2432 mIoU=61.5715 mDice=72.9641 mFscore=72.9641 mPrecision=75.0547 mRecall=71.3484
[2026-04-18 21:55:08,093] iter=3050/10000 lr=0.000365789 loss=0.253422
[2026-04-18 21:55:25,801] iter=3100/10000 lr=0.000363158 loss=0.452688
[2026-04-18 21:55:42,200] iter=3150/10000 lr=0.000360526 loss=0.318613
[2026-04-18 21:56:00,728] iter=3200/10000 lr=0.000357895 loss=0.285868
[2026-04-18 21:56:20,070] iter=3250/10000 lr=0.000355263 loss=0.675393
[2026-04-18 21:56:37,211] iter=3300/10000 lr=0.000352632 loss=0.714128
[2026-04-18 21:56:54,370] iter=3350/10000 lr=0.00035 loss=0.390808
[2026-04-18 21:57:14,915] iter=3400/10000 lr=0.000347368 loss=0.563150
[2026-04-18 21:57:31,789] iter=3450/10000 lr=0.000344737 loss=0.426216
[2026-04-18 21:57:47,563] iter=3500/10000 lr=0.000342105 loss=0.491224
[2026-04-18 21:57:59,706] [VAL] iter=3500 aAcc=87.9917 mIoU=62.1367 mDice=73.6591 mFscore=73.6591 mPrecision=74.3790 mRecall=73.0050
[2026-04-18 21:58:00,664] [BEST] iter=3500 mIoU=62.1367 saved=/root/autodl-tmp/tactile_topo_seg/work_dirs/revise/bevanet_s_tp_revise/ckpt/best_mIoU_iter_3500.pth
[2026-04-18 21:58:18,392] iter=3550/10000 lr=0.000339474 loss=0.350169
[2026-04-18 21:58:36,231] iter=3600/10000 lr=0.000336842 loss=0.335478
[2026-04-18 21:58:53,569] iter=3650/10000 lr=0.000334211 loss=0.254057
[2026-04-18 21:59:11,522] iter=3700/10000 lr=0.000331579 loss=0.351513
[2026-04-18 21:59:31,143] iter=3750/10000 lr=0.000328947 loss=0.428473
[2026-04-18 21:59:46,089] iter=3800/10000 lr=0.000326316 loss=0.623329
[2026-04-18 22:00:04,785] iter=3850/10000 lr=0.000323684 loss=0.389041
[2026-04-18 22:00:22,887] iter=3900/10000 lr=0.000321053 loss=0.288917
[2026-04-18 22:00:41,753] iter=3950/10000 lr=0.000318421 loss=0.391521
[2026-04-18 22:00:55,849] iter=4000/10000 lr=0.000315789 loss=0.440323
[2026-04-18 22:01:08,780] [VAL] iter=4000 aAcc=89.1607 mIoU=62.2827 mDice=73.4676 mFscore=73.4676 mPrecision=78.0434 mRecall=70.6149
[2026-04-18 22:01:09,855] [BEST] iter=4000 mIoU=62.2827 saved=/root/autodl-tmp/tactile_topo_seg/work_dirs/revise/bevanet_s_tp_revise/ckpt/best_mIoU_iter_4000.pth
[2026-04-18 22:01:25,230] iter=4050/10000 lr=0.000313158 loss=0.747391
[2026-04-18 22:01:41,724] iter=4100/10000 lr=0.000310526 loss=0.473572
[2026-04-18 22:02:01,925] iter=4150/10000 lr=0.000307895 loss=0.697493
[2026-04-18 22:02:18,994] iter=4200/10000 lr=0.000305263 loss=0.240204
[2026-04-18 22:02:40,591] iter=4250/10000 lr=0.000302632 loss=0.323142
[2026-04-18 22:02:57,565] iter=4300/10000 lr=0.0003 loss=0.310804
[2026-04-18 22:03:15,568] iter=4350/10000 lr=0.000297368 loss=0.224624
[2026-04-18 22:03:36,355] iter=4400/10000 lr=0.000294737 loss=0.367137
[2026-04-18 22:03:54,663] iter=4450/10000 lr=0.000292105 loss=0.588590
[2026-04-18 22:04:12,528] iter=4500/10000 lr=0.000289474 loss=0.492693
[2026-04-18 22:04:24,693] [VAL] iter=4500 aAcc=87.0355 mIoU=59.9648 mDice=71.5392 mFscore=71.5392 mPrecision=72.2149 mRecall=70.9285
[2026-04-18 22:04:38,626] iter=4550/10000 lr=0.000286842 loss=0.501376
[2026-04-18 22:04:56,276] iter=4600/10000 lr=0.000284211 loss=0.397655
[2026-04-18 22:05:18,573] iter=4650/10000 lr=0.000281579 loss=0.319352
[2026-04-18 22:05:35,522] iter=4700/10000 lr=0.000278947 loss=0.473420
[2026-04-18 22:05:56,458] iter=4750/10000 lr=0.000276316 loss=0.496689
[2026-04-18 22:06:14,777] iter=4800/10000 lr=0.000273684 loss=0.262840
[2026-04-18 22:06:37,681] iter=4850/10000 lr=0.000271053 loss=0.445311
[2026-04-18 22:06:55,400] iter=4900/10000 lr=0.000268421 loss=1.010280
[2026-04-18 22:07:14,869] iter=4950/10000 lr=0.000265789 loss=0.350983
[2026-04-18 22:07:33,823] iter=5000/10000 lr=0.000263158 loss=0.555438
[2026-04-18 22:07:46,207] [VAL] iter=5000 aAcc=89.4022 mIoU=62.5495 mDice=73.6868 mFscore=73.6868 mPrecision=78.9761 mRecall=70.5479
[2026-04-18 22:07:47,277] [BEST] iter=5000 mIoU=62.5495 saved=/root/autodl-tmp/tactile_topo_seg/work_dirs/revise/bevanet_s_tp_revise/ckpt/best_mIoU_iter_5000.pth
[2026-04-18 22:08:04,208] iter=5050/10000 lr=0.000260526 loss=0.210086
[2026-04-18 22:08:20,034] iter=5100/10000 lr=0.000257895 loss=0.291419
[2026-04-18 22:08:38,266] iter=5150/10000 lr=0.000255263 loss=0.383382
[2026-04-18 22:08:56,175] iter=5200/10000 lr=0.000252632 loss=0.481334
[2026-04-18 22:09:12,495] iter=5250/10000 lr=0.00025 loss=0.576274
[2026-04-18 22:09:29,259] iter=5300/10000 lr=0.000247368 loss=1.263128
[2026-04-18 22:09:48,110] iter=5350/10000 lr=0.000244737 loss=0.288130
[2026-04-18 22:10:06,338] iter=5400/10000 lr=0.000242105 loss=0.441016
[2026-04-18 22:10:26,574] iter=5450/10000 lr=0.000239474 loss=0.446421
[2026-04-18 22:10:47,173] iter=5500/10000 lr=0.000236842 loss=0.272335
[2026-04-18 22:10:59,055] [VAL] iter=5500 aAcc=90.8114 mIoU=66.2429 mDice=77.1543 mFscore=77.1543 mPrecision=83.2513 mRecall=73.4971
[2026-04-18 22:11:00,013] [BEST] iter=5500 mIoU=66.2429 saved=/root/autodl-tmp/tactile_topo_seg/work_dirs/revise/bevanet_s_tp_revise/ckpt/best_mIoU_iter_5500.pth
[2026-04-18 22:11:13,748] iter=5550/10000 lr=0.000234211 loss=0.207284
[2026-04-18 22:11:32,028] iter=5600/10000 lr=0.000231579 loss=0.242770
[2026-04-18 22:11:49,914] iter=5650/10000 lr=0.000228947 loss=0.332152
[2026-04-18 22:12:09,321] iter=5700/10000 lr=0.000226316 loss=0.407158
[2026-04-18 22:12:25,854] iter=5750/10000 lr=0.000223684 loss=0.223308
[2026-04-18 22:12:44,943] iter=5800/10000 lr=0.000221053 loss=0.424386
[2026-04-18 22:13:02,710] iter=5850/10000 lr=0.000218421 loss=0.168111
[2026-04-18 22:13:20,579] iter=5900/10000 lr=0.000215789 loss=0.400172
[2026-04-18 22:13:37,326] iter=5950/10000 lr=0.000213158 loss=0.384692
[2026-04-18 22:13:55,451] iter=6000/10000 lr=0.000210526 loss=0.160000
[2026-04-18 22:14:07,991] [VAL] iter=6000 aAcc=88.4535 mIoU=63.7532 mDice=75.2437 mFscore=75.2437 mPrecision=75.3865 mRecall=75.1035
[2026-04-18 22:14:21,728] iter=6050/10000 lr=0.000207895 loss=0.346536
[2026-04-18 22:14:42,776] iter=6100/10000 lr=0.000205263 loss=0.311642
[2026-04-18 22:14:58,551] iter=6150/10000 lr=0.000202632 loss=0.778624
[2026-04-18 22:15:17,904] iter=6200/10000 lr=0.0002 loss=0.322928
[2026-04-18 22:15:35,085] iter=6250/10000 lr=0.000197368 loss=0.641200
[2026-04-18 22:15:51,596] iter=6300/10000 lr=0.000194737 loss=0.383239
[2026-04-18 22:16:09,973] iter=6350/10000 lr=0.000192105 loss=0.305830
[2026-04-18 22:16:28,963] iter=6400/10000 lr=0.000189474 loss=0.528915
[2026-04-18 22:16:45,875] iter=6450/10000 lr=0.000186842 loss=0.180479
[2026-04-18 22:17:04,848] iter=6500/10000 lr=0.000184211 loss=0.284502
[2026-04-18 22:17:16,967] [VAL] iter=6500 aAcc=90.7022 mIoU=65.7681 mDice=76.7049 mFscore=76.7049 mPrecision=83.1362 mRecall=72.9559
[2026-04-18 22:17:32,919] iter=6550/10000 lr=0.000181579 loss=0.563839
[2026-04-18 22:17:52,706] iter=6600/10000 lr=0.000178947 loss=0.446215
[2026-04-18 22:18:10,122] iter=6650/10000 lr=0.000176316 loss=0.544465
[2026-04-18 22:18:30,600] iter=6700/10000 lr=0.000173684 loss=0.656328
[2026-04-18 22:18:45,957] iter=6750/10000 lr=0.000171053 loss=0.340524
[2026-04-18 22:19:07,600] iter=6800/10000 lr=0.000168421 loss=0.256364
[2026-04-18 22:19:22,506] iter=6850/10000 lr=0.000165789 loss=0.428486
[2026-04-18 22:19:41,146] iter=6900/10000 lr=0.000163158 loss=0.305920
[2026-04-18 22:19:59,890] iter=6950/10000 lr=0.000160526 loss=0.270319
[2026-04-18 22:20:15,044] iter=7000/10000 lr=0.000157895 loss=0.201561
[2026-04-18 22:20:27,100] [VAL] iter=7000 aAcc=89.6762 mIoU=65.1580 mDice=76.3569 mFscore=76.3569 mPrecision=78.5938 mRecall=74.5892
[2026-04-18 22:20:44,497] iter=7050/10000 lr=0.000155263 loss=0.561315
[2026-04-18 22:21:02,059] iter=7100/10000 lr=0.000152632 loss=0.445026
[2026-04-18 22:21:20,064] iter=7150/10000 lr=0.00015 loss=0.326611
[2026-04-18 22:21:36,290] iter=7200/10000 lr=0.000147368 loss=0.213083
[2026-04-18 22:21:55,641] iter=7250/10000 lr=0.000144737 loss=0.326612
[2026-04-18 22:22:12,408] iter=7300/10000 lr=0.000142105 loss=0.317998
[2026-04-18 22:22:30,051] iter=7350/10000 lr=0.000139474 loss=0.147665
[2026-04-18 22:22:46,085] iter=7400/10000 lr=0.000136842 loss=0.453909
[2026-04-18 22:23:03,405] iter=7450/10000 lr=0.000134211 loss=0.176061
[2026-04-18 22:23:20,281] iter=7500/10000 lr=0.000131579 loss=0.297241
[2026-04-18 22:23:32,641] [VAL] iter=7500 aAcc=90.1660 mIoU=66.5724 mDice=77.6442 mFscore=77.6442 mPrecision=79.7086 mRecall=75.9686
[2026-04-18 22:23:33,658] [BEST] iter=7500 mIoU=66.5724 saved=/root/autodl-tmp/tactile_topo_seg/work_dirs/revise/bevanet_s_tp_revise/ckpt/best_mIoU_iter_7500.pth
[2026-04-18 22:23:49,214] iter=7550/10000 lr=0.000128947 loss=0.631471
[2026-04-18 22:24:06,858] iter=7600/10000 lr=0.000126316 loss=0.238289
[2026-04-18 22:24:24,020] iter=7650/10000 lr=0.000123684 loss=0.571030
[2026-04-18 22:24:40,333] iter=7700/10000 lr=0.000121053 loss=0.453312
[2026-04-18 22:24:58,864] iter=7750/10000 lr=0.000118421 loss=0.500375
[2026-04-18 22:25:19,706] iter=7800/10000 lr=0.000115789 loss=0.215026
[2026-04-18 22:25:41,235] iter=7850/10000 lr=0.000113158 loss=0.233026
[2026-04-18 22:25:59,829] iter=7900/10000 lr=0.000110526 loss=0.210217
[2026-04-18 22:26:19,525] iter=7950/10000 lr=0.000107895 loss=0.388719
[2026-04-18 22:26:36,644] iter=8000/10000 lr=0.000105263 loss=0.290525
[2026-04-18 22:26:48,332] [VAL] iter=8000 aAcc=91.4185 mIoU=67.1331 mDice=77.8836 mFscore=77.8836 mPrecision=86.3895 mRecall=73.3744
[2026-04-18 22:26:49,300] [BEST] iter=8000 mIoU=67.1331 saved=/root/autodl-tmp/tactile_topo_seg/work_dirs/revise/bevanet_s_tp_revise/ckpt/best_mIoU_iter_8000.pth
[2026-04-18 22:27:04,093] iter=8050/10000 lr=0.000102632 loss=0.302672
[2026-04-18 22:27:20,394] iter=8100/10000 lr=0.0001 loss=0.232352
[2026-04-18 22:27:38,953] iter=8150/10000 lr=9.73684e-05 loss=0.252060
[2026-04-18 22:27:55,464] iter=8200/10000 lr=9.47368e-05 loss=0.218062
[2026-04-18 22:28:16,684] iter=8250/10000 lr=9.21053e-05 loss=0.308433
[2026-04-18 22:28:32,632] iter=8300/10000 lr=8.94737e-05 loss=0.258892
[2026-04-18 22:28:49,750] iter=8350/10000 lr=8.68421e-05 loss=0.225666
[2026-04-18 22:29:08,289] iter=8400/10000 lr=8.42105e-05 loss=0.185490
[2026-04-18 22:29:30,652] iter=8450/10000 lr=8.15789e-05 loss=0.300016
[2026-04-18 22:29:46,039] iter=8500/10000 lr=7.89474e-05 loss=0.219890
[2026-04-18 22:29:58,697] [VAL] iter=8500 aAcc=90.0197 mIoU=66.5184 mDice=77.6276 mFscore=77.6276 mPrecision=79.1858 mRecall=76.3035
[2026-04-18 22:30:14,936] iter=8550/10000 lr=7.63158e-05 loss=0.226568
[2026-04-18 22:30:31,639] iter=8600/10000 lr=7.36842e-05 loss=0.179241
[2026-04-18 22:30:50,073] iter=8650/10000 lr=7.10526e-05 loss=0.464893
[2026-04-18 22:31:08,343] iter=8700/10000 lr=6.84211e-05 loss=0.731478
[2026-04-18 22:31:24,021] iter=8750/10000 lr=6.57895e-05 loss=0.291602
[2026-04-18 22:31:42,688] iter=8800/10000 lr=6.31579e-05 loss=0.305016
[2026-04-18 22:31:58,828] iter=8850/10000 lr=6.05263e-05 loss=0.271474
[2026-04-18 22:32:19,059] iter=8900/10000 lr=5.78947e-05 loss=0.283646
[2026-04-18 22:32:40,247] iter=8950/10000 lr=5.52632e-05 loss=0.158821
[2026-04-18 22:32:58,820] iter=9000/10000 lr=5.26316e-05 loss=0.363340
[2026-04-18 22:33:10,966] [VAL] iter=9000 aAcc=90.5645 mIoU=67.1950 mDice=78.1541 mFscore=78.1541 mPrecision=80.9780 mRecall=75.9934
[2026-04-18 22:33:11,941] [BEST] iter=9000 mIoU=67.1950 saved=/root/autodl-tmp/tactile_topo_seg/work_dirs/revise/bevanet_s_tp_revise/ckpt/best_mIoU_iter_9000.pth
[2026-04-18 22:33:25,144] iter=9050/10000 lr=5e-05 loss=0.271080
[2026-04-18 22:33:45,603] iter=9100/10000 lr=4.73684e-05 loss=0.259641
[2026-04-18 22:34:03,013] iter=9150/10000 lr=4.47368e-05 loss=0.404179
[2026-04-18 22:34:19,956] iter=9200/10000 lr=4.21053e-05 loss=0.565234
[2026-04-18 22:34:39,256] iter=9250/10000 lr=3.94737e-05 loss=0.451608
[2026-04-18 22:34:59,895] iter=9300/10000 lr=3.68421e-05 loss=0.417077
[2026-04-18 22:35:14,298] iter=9350/10000 lr=3.42105e-05 loss=0.319212
[2026-04-18 22:35:34,413] iter=9400/10000 lr=3.15789e-05 loss=0.241705
[2026-04-18 22:35:49,302] iter=9450/10000 lr=2.89474e-05 loss=0.246688
[2026-04-18 22:36:07,116] iter=9500/10000 lr=2.63158e-05 loss=0.297331
[2026-04-18 22:36:19,080] [VAL] iter=9500 aAcc=90.0258 mIoU=66.8241 mDice=77.9251 mFscore=77.9251 mPrecision=79.0631 mRecall=76.9165
[2026-04-18 22:36:34,799] iter=9550/10000 lr=2.36842e-05 loss=0.253740
[2026-04-18 22:36:54,527] iter=9600/10000 lr=2.10526e-05 loss=0.192366
[2026-04-18 22:37:09,483] iter=9650/10000 lr=1.84211e-05 loss=0.258419
[2026-04-18 22:37:28,467] iter=9700/10000 lr=1.57895e-05 loss=0.226908
[2026-04-18 22:37:45,268] iter=9750/10000 lr=1.31579e-05 loss=0.326767
[2026-04-18 22:38:03,870] iter=9800/10000 lr=1.05263e-05 loss=0.168249
[2026-04-18 22:38:21,161] iter=9850/10000 lr=7.89474e-06 loss=0.395467
[2026-04-18 22:38:40,580] iter=9900/10000 lr=5.26316e-06 loss=0.220067
[2026-04-18 22:38:57,706] iter=9950/10000 lr=2.63158e-06 loss=0.206242
[2026-04-18 22:39:15,919] iter=10000/10000 lr=0 loss=0.800333
[2026-04-18 22:39:27,993] [VAL] iter=10000 aAcc=91.1303 mIoU=68.3050 mDice=79.0844 mFscore=79.0844 mPrecision=82.8111 mRecall=76.3945
[2026-04-18 22:39:28,915] [BEST] iter=10000 mIoU=68.3050 saved=/root/autodl-tmp/tactile_topo_seg/work_dirs/revise/bevanet_s_tp_revise/ckpt/best_mIoU_iter_10000.pth
[OK] per-sample csv: /root/autodl-tmp/tactile_topo_seg/work_dirs/revise/bevanet_s_tp_revise/metrics/topology_per_sample.csv
[OK] summary csv   : /root/autodl-tmp/tactile_topo_seg/work_dirs/revise/bevanet_s_tp_revise/metrics/topology_summary.csv
[SUMMARY] N=281 dice=0.5027 iou=0.4231 clDice=0.4520
