[2026-04-19 16:09:11,414] [CALIBRATION] normalize=True val_keep_original_size=False train_size=(512, 512)
[2026-04-19 16:09:11,746] Attention!!!
[2026-04-19 16:09:11,746] Loaded 434 parameters!
[2026-04-19 16:09:11,746] Over!!!
[2026-04-19 16:09:37,932] iter=50/10000 lr=1.50003e-05 loss=1.004493
[2026-04-19 16:09:55,088] iter=100/10000 lr=3.00003e-05 loss=0.674908
[2026-04-19 16:10:20,426] iter=150/10000 lr=4.50003e-05 loss=0.552426
[2026-04-19 16:10:41,814] iter=200/10000 lr=6.00002e-05 loss=0.646728
[2026-04-19 16:11:06,493] iter=250/10000 lr=7.50002e-05 loss=0.453887
[2026-04-19 16:11:29,489] iter=300/10000 lr=9.00002e-05 loss=0.544014
[2026-04-19 16:11:50,399] iter=350/10000 lr=0.000105 loss=0.669647
[2026-04-19 16:12:11,365] iter=400/10000 lr=0.00012 loss=0.474495
[2026-04-19 16:12:35,934] iter=450/10000 lr=0.000135 loss=0.376718
[2026-04-19 16:12:57,757] iter=500/10000 lr=0.00015 loss=0.364790
[2026-04-19 16:13:10,906] [VAL] iter=500 aAcc=94.7305 mIoU=79.4934 mDice=87.8260 mFscore=87.8260 mPrecision=91.4744 mRecall=84.9726
[2026-04-19 16:13:11,888] [BEST] iter=500 mIoU=79.4934 saved=/root/autodl-tmp/tactile_topo_seg/work_dirs/revise/bevanet_s_tp_revise_v2_pretrain/ckpt/best_mIoU_iter_500.pth
[2026-04-19 16:13:28,946] iter=550/10000 lr=0.000165 loss=0.185695
[2026-04-19 16:13:46,706] iter=600/10000 lr=0.00018 loss=0.545311
[2026-04-19 16:14:13,743] iter=650/10000 lr=0.000195 loss=0.175644
[2026-04-19 16:14:36,220] iter=700/10000 lr=0.00021 loss=0.343206
[2026-04-19 16:14:56,585] iter=750/10000 lr=0.000225 loss=0.241414
[2026-04-19 16:15:16,096] iter=800/10000 lr=0.00024 loss=0.274492
[2026-04-19 16:15:41,113] iter=850/10000 lr=0.000255 loss=0.292036
[2026-04-19 16:16:02,696] iter=900/10000 lr=0.00027 loss=0.291904
[2026-04-19 16:16:21,289] iter=950/10000 lr=0.000285 loss=0.668225
[2026-04-19 16:16:42,272] iter=1000/10000 lr=0.0003 loss=0.225857
[2026-04-19 16:16:55,686] [VAL] iter=1000 aAcc=94.2037 mIoU=79.5952 mDice=87.9689 mFscore=87.9689 mPrecision=87.0090 mRecall=89.0097
[2026-04-19 16:16:56,701] [BEST] iter=1000 mIoU=79.5952 saved=/root/autodl-tmp/tactile_topo_seg/work_dirs/revise/bevanet_s_tp_revise_v2_pretrain/ckpt/best_mIoU_iter_1000.pth
[2026-04-19 16:17:14,546] iter=1050/10000 lr=0.000298333 loss=0.169561
[2026-04-19 16:17:33,964] iter=1100/10000 lr=0.000296667 loss=0.310519
[2026-04-19 16:17:55,688] iter=1150/10000 lr=0.000295 loss=0.154208
[2026-04-19 16:18:15,847] iter=1200/10000 lr=0.000293333 loss=0.490929
[2026-04-19 16:18:37,784] iter=1250/10000 lr=0.000291667 loss=0.206982
[2026-04-19 16:18:57,749] iter=1300/10000 lr=0.00029 loss=0.284137
[2026-04-19 16:19:20,077] iter=1350/10000 lr=0.000288333 loss=0.237382
[2026-04-19 16:19:39,898] iter=1400/10000 lr=0.000286667 loss=0.124043
[2026-04-19 16:20:01,548] iter=1450/10000 lr=0.000285 loss=0.486695
[2026-04-19 16:20:22,307] iter=1500/10000 lr=0.000283333 loss=0.467972
[2026-04-19 16:20:35,442] [VAL] iter=1500 aAcc=95.7560 mIoU=82.9784 mDice=90.2018 mFscore=90.2018 mPrecision=94.0359 mRecall=87.1893
[2026-04-19 16:20:36,410] [BEST] iter=1500 mIoU=82.9784 saved=/root/autodl-tmp/tactile_topo_seg/work_dirs/revise/bevanet_s_tp_revise_v2_pretrain/ckpt/best_mIoU_iter_1500.pth
[2026-04-19 16:20:55,153] iter=1550/10000 lr=0.000281667 loss=0.136051
[2026-04-19 16:21:14,299] iter=1600/10000 lr=0.00028 loss=0.208294
[2026-04-19 16:21:37,018] iter=1650/10000 lr=0.000278333 loss=0.168892
[2026-04-19 16:21:56,937] iter=1700/10000 lr=0.000276667 loss=0.571799
[2026-04-19 16:22:15,242] iter=1750/10000 lr=0.000275 loss=0.181634
[2026-04-19 16:22:37,477] iter=1800/10000 lr=0.000273333 loss=0.151027
[2026-04-19 16:22:57,163] iter=1850/10000 lr=0.000271667 loss=0.252596
[2026-04-19 16:23:19,087] iter=1900/10000 lr=0.00027 loss=0.273797
[2026-04-19 16:23:38,203] iter=1950/10000 lr=0.000268333 loss=0.215867
[2026-04-19 16:24:03,688] iter=2000/10000 lr=0.000266667 loss=0.243122
[2026-04-19 16:24:16,214] [VAL] iter=2000 aAcc=96.1818 mIoU=85.2139 mDice=91.6698 mFscore=91.6698 mPrecision=92.6788 mRecall=90.7277
[2026-04-19 16:24:17,176] [BEST] iter=2000 mIoU=85.2139 saved=/root/autodl-tmp/tactile_topo_seg/work_dirs/revise/bevanet_s_tp_revise_v2_pretrain/ckpt/best_mIoU_iter_2000.pth
[2026-04-19 16:24:34,042] iter=2050/10000 lr=0.000265 loss=0.136868
[2026-04-19 16:24:58,479] iter=2100/10000 lr=0.000263333 loss=0.210516
[2026-04-19 16:25:18,265] iter=2150/10000 lr=0.000261667 loss=0.316435
[2026-04-19 16:25:39,054] iter=2200/10000 lr=0.00026 loss=0.088243
[2026-04-19 16:25:57,196] iter=2250/10000 lr=0.000258333 loss=0.140966
[2026-04-19 16:26:16,336] iter=2300/10000 lr=0.000256667 loss=0.170681
[2026-04-19 16:26:35,229] iter=2350/10000 lr=0.000255 loss=0.198441
[2026-04-19 16:26:56,246] iter=2400/10000 lr=0.000253333 loss=0.100252
[2026-04-19 16:27:14,262] iter=2450/10000 lr=0.000251667 loss=0.082373
[2026-04-19 16:27:36,760] iter=2500/10000 lr=0.00025 loss=0.148071
[2026-04-19 16:27:50,074] [VAL] iter=2500 aAcc=96.3458 mIoU=85.4762 mDice=91.8282 mFscore=91.8282 mPrecision=94.0477 mRecall=89.9037
[2026-04-19 16:27:51,053] [BEST] iter=2500 mIoU=85.4762 saved=/root/autodl-tmp/tactile_topo_seg/work_dirs/revise/bevanet_s_tp_revise_v2_pretrain/ckpt/best_mIoU_iter_2500.pth
[2026-04-19 16:28:06,694] iter=2550/10000 lr=0.000248333 loss=0.480701
[2026-04-19 16:28:29,224] iter=2600/10000 lr=0.000246667 loss=0.091346
[2026-04-19 16:28:48,004] iter=2650/10000 lr=0.000245 loss=0.279287
[2026-04-19 16:29:08,659] iter=2700/10000 lr=0.000243333 loss=0.140618
[2026-04-19 16:29:29,239] iter=2750/10000 lr=0.000241667 loss=0.098289
[2026-04-19 16:29:54,506] iter=2800/10000 lr=0.00024 loss=0.196171
[2026-04-19 16:30:12,928] iter=2850/10000 lr=0.000238333 loss=0.236986
[2026-04-19 16:30:33,581] iter=2900/10000 lr=0.000236667 loss=0.164910
[2026-04-19 16:30:53,213] iter=2950/10000 lr=0.000235 loss=0.137444
[2026-04-19 16:31:16,052] iter=3000/10000 lr=0.000233333 loss=0.111479
[2026-04-19 16:31:28,609] [VAL] iter=3000 aAcc=96.4110 mIoU=85.7285 mDice=91.9879 mFscore=91.9879 mPrecision=94.1272 mRecall=90.1231
[2026-04-19 16:31:29,607] [BEST] iter=3000 mIoU=85.7285 saved=/root/autodl-tmp/tactile_topo_seg/work_dirs/revise/bevanet_s_tp_revise_v2_pretrain/ckpt/best_mIoU_iter_3000.pth
[2026-04-19 16:31:46,829] iter=3050/10000 lr=0.000231667 loss=0.106181
[2026-04-19 16:32:06,909] iter=3100/10000 lr=0.00023 loss=0.233326
[2026-04-19 16:32:25,339] iter=3150/10000 lr=0.000228333 loss=0.095436
[2026-04-19 16:32:45,604] iter=3200/10000 lr=0.000226667 loss=0.110430
[2026-04-19 16:33:07,664] iter=3250/10000 lr=0.000225 loss=0.228586
[2026-04-19 16:33:25,851] iter=3300/10000 lr=0.000223333 loss=0.164781
[2026-04-19 16:33:44,399] iter=3350/10000 lr=0.000221667 loss=0.129888
[2026-04-19 16:34:04,284] iter=3400/10000 lr=0.00022 loss=0.150275
[2026-04-19 16:34:23,060] iter=3450/10000 lr=0.000218333 loss=0.083393
[2026-04-19 16:34:40,541] iter=3500/10000 lr=0.000216667 loss=0.236802
[2026-04-19 16:34:53,215] [VAL] iter=3500 aAcc=96.8877 mIoU=87.8959 mDice=93.3362 mFscore=93.3362 mPrecision=93.5205 mRecall=93.1542
[2026-04-19 16:34:54,236] [BEST] iter=3500 mIoU=87.8959 saved=/root/autodl-tmp/tactile_topo_seg/work_dirs/revise/bevanet_s_tp_revise_v2_pretrain/ckpt/best_mIoU_iter_3500.pth
[2026-04-19 16:35:13,792] iter=3550/10000 lr=0.000215 loss=0.110112
[2026-04-19 16:35:32,603] iter=3600/10000 lr=0.000213333 loss=0.075358
[2026-04-19 16:35:51,951] iter=3650/10000 lr=0.000211667 loss=0.073264
[2026-04-19 16:36:11,639] iter=3700/10000 lr=0.00021 loss=0.102612
[2026-04-19 16:36:32,287] iter=3750/10000 lr=0.000208333 loss=0.126953
[2026-04-19 16:36:49,630] iter=3800/10000 lr=0.000206667 loss=0.489210
[2026-04-19 16:37:10,211] iter=3850/10000 lr=0.000205 loss=0.210866
