[2026-04-19 15:52:11,479] [CALIBRATION] normalize=True val_keep_original_size=False train_size=(512, 512)
/root/miniconda3/envs/tpseg/lib/python3.10/site-packages/timm/models/layers/__init__.py:49: FutureWarning: Importing from timm.models.layers is deprecated, please import via timm.layers
  warnings.warn(f"Importing from {__name__} is deprecated, please import via timm.layers", FutureWarning)
/root/miniconda3/envs/tpseg/lib/python3.10/site-packages/timm/models/registry.py:4: FutureWarning: Importing from timm.models.registry is deprecated, please import via timm.models
  warnings.warn(f"Importing from {__name__} is deprecated, please import via timm.models", FutureWarning)
/root/autodl-tmp/tactile_topo_seg/third_party/revise_models/emcad/lib/pvtv2.py:386: UserWarning: Overwriting pvt_v2_b0 in registry with lib.pvtv2.pvt_v2_b0. This is because the name being registered conflicts with an existing name. Please check if this is not expected.
  class pvt_v2_b0(PyramidVisionTransformerImpr):
/root/autodl-tmp/tactile_topo_seg/third_party/revise_models/emcad/lib/pvtv2.py:396: UserWarning: Overwriting pvt_v2_b1 in registry with lib.pvtv2.pvt_v2_b1. This is because the name being registered conflicts with an existing name. Please check if this is not expected.
  class pvt_v2_b1(PyramidVisionTransformerImpr):
/root/autodl-tmp/tactile_topo_seg/third_party/revise_models/emcad/lib/pvtv2.py:404: UserWarning: Overwriting pvt_v2_b2 in registry with lib.pvtv2.pvt_v2_b2. This is because the name being registered conflicts with an existing name. Please check if this is not expected.
  class pvt_v2_b2(PyramidVisionTransformerImpr):
/root/autodl-tmp/tactile_topo_seg/third_party/revise_models/emcad/lib/pvtv2.py:412: UserWarning: Overwriting pvt_v2_b3 in registry with lib.pvtv2.pvt_v2_b3. This is because the name being registered conflicts with an existing name. Please check if this is not expected.
  class pvt_v2_b3(PyramidVisionTransformerImpr):
/root/autodl-tmp/tactile_topo_seg/third_party/revise_models/emcad/lib/pvtv2.py:420: UserWarning: Overwriting pvt_v2_b4 in registry with lib.pvtv2.pvt_v2_b4. This is because the name being registered conflicts with an existing name. Please check if this is not expected.
  class pvt_v2_b4(PyramidVisionTransformerImpr):
/root/autodl-tmp/tactile_topo_seg/third_party/revise_models/emcad/lib/pvtv2.py:429: UserWarning: Overwriting pvt_v2_b5 in registry with lib.pvtv2.pvt_v2_b5. This is because the name being registered conflicts with an existing name. Please check if this is not expected.
  class pvt_v2_b5(PyramidVisionTransformerImpr):
/root/miniconda3/envs/tpseg/lib/python3.10/site-packages/timm/models/helpers.py:7: FutureWarning: Importing from timm.models.helpers is deprecated, please import via timm.models
  warnings.warn(f"Importing from {__name__} is deprecated, please import via timm.models", FutureWarning)
Model pvt_v2_b2 backbone:  created, param count: 24849856
Model EMCAD decoder:  created, param count: 1913515
/root/miniconda3/envs/tpseg/lib/python3.10/site-packages/torch/optim/lr_scheduler.py:136: UserWarning: Detected call of `lr_scheduler.step()` before `optimizer.step()`. In PyTorch 1.1.0 and later, you should call them in the opposite order: `optimizer.step()` before `lr_scheduler.step()`.  Failure to do this will result in PyTorch skipping the first value of the learning rate schedule. See more details at https://pytorch.org/docs/stable/optim.html#how-to-adjust-learning-rate
  warnings.warn("Detected call of `lr_scheduler.step()` before `optimizer.step()`. "
[2026-04-19 15:52:30,148] iter=50/10000 lr=1.00002e-05 loss=0.964355
[2026-04-19 15:52:46,250] iter=100/10000 lr=2.00002e-05 loss=0.838683
[2026-04-19 15:53:04,486] iter=150/10000 lr=3.00002e-05 loss=0.703851
[2026-04-19 15:53:19,229] iter=200/10000 lr=4.00002e-05 loss=0.723321
[2026-04-19 15:53:33,060] iter=250/10000 lr=5.00001e-05 loss=0.850573
[2026-04-19 15:53:50,634] iter=300/10000 lr=6.00001e-05 loss=0.515732
[2026-04-19 15:54:03,043] iter=350/10000 lr=7.00001e-05 loss=0.355455
[2026-04-19 15:54:17,018] iter=400/10000 lr=8.00001e-05 loss=0.259989
[2026-04-19 15:54:36,281] iter=450/10000 lr=9.00001e-05 loss=0.311390
[2026-04-19 15:54:50,302] iter=500/10000 lr=0.0001 loss=0.116061
[2026-04-19 15:55:02,396] [VAL] iter=500 aAcc=93.4942 mIoU=78.8612 mDice=87.5183 mFscore=87.5183 mPrecision=84.3823 mRecall=91.8386
[2026-04-19 15:55:04,207] [BEST] iter=500 mIoU=78.8612 saved=/root/autodl-tmp/tactile_topo_seg/work_dirs/revise/emcad_tp_revise_v2_pretrain/ckpt/best_mIoU_iter_500.pth
[2026-04-19 15:55:15,994] iter=550/10000 lr=0.00011 loss=0.150297
[2026-04-19 15:55:29,548] iter=600/10000 lr=0.00012 loss=0.125040
[2026-04-19 15:55:42,230] iter=650/10000 lr=0.00013 loss=0.421261
[2026-04-19 15:55:58,758] iter=700/10000 lr=0.00014 loss=0.267100
[2026-04-19 15:56:11,630] iter=750/10000 lr=0.00015 loss=0.334930
[2026-04-19 15:56:25,404] iter=800/10000 lr=0.00016 loss=0.198328
[2026-04-19 15:56:44,971] iter=850/10000 lr=0.00017 loss=0.590850
[2026-04-19 15:56:57,834] iter=900/10000 lr=0.00018 loss=0.302316
[2026-04-19 15:57:11,002] iter=950/10000 lr=0.00019 loss=0.110345
[2026-04-19 15:57:27,398] iter=1000/10000 lr=0.0002 loss=0.123932
[2026-04-19 15:57:40,202] [VAL] iter=1000 aAcc=93.1381 mIoU=77.8372 mDice=86.7982 mFscore=86.7982 mPrecision=83.7875 mRecall=90.9157
[2026-04-19 15:57:52,350] iter=1050/10000 lr=0.000198889 loss=0.132103
[2026-04-19 15:58:15,303] iter=1100/10000 lr=0.000197778 loss=0.191409
[2026-04-19 15:58:30,169] iter=1150/10000 lr=0.000196667 loss=0.108928
[2026-04-19 15:58:44,263] iter=1200/10000 lr=0.000195556 loss=0.086718
[2026-04-19 15:59:00,125] iter=1250/10000 lr=0.000194444 loss=0.089840
[2026-04-19 15:59:14,830] iter=1300/10000 lr=0.000193333 loss=0.206025
[2026-04-19 15:59:29,650] iter=1350/10000 lr=0.000192222 loss=0.097160
[2026-04-19 15:59:42,521] iter=1400/10000 lr=0.000191111 loss=0.992048
[2026-04-19 15:59:57,863] iter=1450/10000 lr=0.00019 loss=0.153143
[2026-04-19 16:00:13,613] iter=1500/10000 lr=0.000188889 loss=0.119318
[2026-04-19 16:00:26,608] [VAL] iter=1500 aAcc=96.7968 mIoU=87.2382 mDice=92.9287 mFscore=92.9287 mPrecision=94.5417 mRecall=91.4741
[2026-04-19 16:00:28,172] [BEST] iter=1500 mIoU=87.2382 saved=/root/autodl-tmp/tactile_topo_seg/work_dirs/revise/emcad_tp_revise_v2_pretrain/ckpt/best_mIoU_iter_1500.pth
[2026-04-19 16:00:44,289] iter=1550/10000 lr=0.000187778 loss=0.286586
[2026-04-19 16:00:59,220] iter=1600/10000 lr=0.000186667 loss=0.110058
[2026-04-19 16:01:14,532] iter=1650/10000 lr=0.000185556 loss=0.102186
[2026-04-19 16:01:28,996] iter=1700/10000 lr=0.000184444 loss=0.044960
[2026-04-19 16:01:46,916] iter=1750/10000 lr=0.000183333 loss=0.178563
[2026-04-19 16:02:10,444] iter=1800/10000 lr=0.000182222 loss=0.088500
[2026-04-19 16:02:30,989] iter=1850/10000 lr=0.000181111 loss=0.260577
[2026-04-19 16:02:45,519] iter=1900/10000 lr=0.00018 loss=0.869710
[2026-04-19 16:03:02,503] iter=1950/10000 lr=0.000178889 loss=0.129389
[2026-04-19 16:03:14,757] iter=2000/10000 lr=0.000177778 loss=0.102731
[2026-04-19 16:03:28,349] [VAL] iter=2000 aAcc=96.6020 mIoU=86.3271 mDice=92.3609 mFscore=92.3609 mPrecision=94.8876 mRecall=90.2041
[2026-04-19 16:03:41,071] iter=2050/10000 lr=0.000176667 loss=0.264771
[2026-04-19 16:03:56,984] iter=2100/10000 lr=0.000175556 loss=0.657369
[2026-04-19 16:04:10,294] iter=2150/10000 lr=0.000174444 loss=0.376122
[2026-04-19 16:04:24,114] iter=2200/10000 lr=0.000173333 loss=0.159996
[2026-04-19 16:04:35,760] iter=2250/10000 lr=0.000172222 loss=0.226674
[2026-04-19 16:04:51,487] iter=2300/10000 lr=0.000171111 loss=0.112625
[2026-04-19 16:05:08,946] iter=2350/10000 lr=0.00017 loss=0.070713
[2026-04-19 16:05:24,083] iter=2400/10000 lr=0.000168889 loss=0.435697
[2026-04-19 16:05:40,388] iter=2450/10000 lr=0.000167778 loss=0.200567
[2026-04-19 16:05:55,232] iter=2500/10000 lr=0.000166667 loss=0.162053
[2026-04-19 16:06:09,321] [VAL] iter=2500 aAcc=97.1180 mIoU=88.6430 mDice=93.7846 mFscore=93.7846 mPrecision=94.2982 mRecall=93.2880
[2026-04-19 16:06:11,121] [BEST] iter=2500 mIoU=88.6430 saved=/root/autodl-tmp/tactile_topo_seg/work_dirs/revise/emcad_tp_revise_v2_pretrain/ckpt/best_mIoU_iter_2500.pth
[2026-04-19 16:06:25,066] iter=2550/10000 lr=0.000165556 loss=0.163661
[2026-04-19 16:06:37,572] iter=2600/10000 lr=0.000164444 loss=0.236852
[2026-04-19 16:06:53,987] iter=2650/10000 lr=0.000163333 loss=0.094298
[2026-04-19 16:07:07,323] iter=2700/10000 lr=0.000162222 loss=0.245432
[2026-04-19 16:07:22,182] iter=2750/10000 lr=0.000161111 loss=0.160128
[2026-04-19 16:07:38,297] iter=2800/10000 lr=0.00016 loss=0.249506
[2026-04-19 16:07:51,221] iter=2850/10000 lr=0.000158889 loss=0.068280
[2026-04-19 16:08:05,634] iter=2900/10000 lr=0.000157778 loss=0.086983
[2026-04-19 16:08:18,779] iter=2950/10000 lr=0.000156667 loss=0.317583
[2026-04-19 16:08:30,986] iter=3000/10000 lr=0.000155556 loss=0.078529
[2026-04-19 16:08:43,740] [VAL] iter=3000 aAcc=96.9220 mIoU=87.8936 mDice=93.3324 mFscore=93.3324 mPrecision=94.0440 mRecall=92.6533
[2026-04-19 16:08:56,770] iter=3050/10000 lr=0.000154444 loss=0.057415
[2026-04-19 16:09:09,301] iter=3100/10000 lr=0.000153333 loss=0.097492
