[2026-04-19 16:37:11,659] [CALIBRATION] normalize=True val_keep_original_size=False train_size=(512, 512)
Total model_dict: 417, Total pretrained_dict: 446, update: 208
Not loaded keys: ['layers.2.blocks.9.ln_1.weight', 'layers.2.blocks.9.ln_1.bias', 'layers.2.blocks.9.self_attention.x_proj_weight', 'layers.2.blocks.9.self_attention.dt_projs_weight', 'layers.2.blocks.9.self_attention.dt_projs_bias', 'layers.2.blocks.9.self_attention.A_logs', 'layers.2.blocks.9.self_attention.Ds', 'layers.2.blocks.9.self_attention.in_proj.weight', 'layers.2.blocks.9.self_attention.conv2d.weight', 'layers.2.blocks.9.self_attention.conv2d.bias', 'layers.2.blocks.9.self_attention.out_norm.weight', 'layers.2.blocks.9.self_attention.out_norm.bias', 'layers.2.blocks.9.self_attention.out_proj.weight', 'layers.2.blocks.10.ln_1.weight', 'layers.2.blocks.10.ln_1.bias', 'layers.2.blocks.10.self_attention.x_proj_weight', 'layers.2.blocks.10.self_attention.dt_projs_weight', 'layers.2.blocks.10.self_attention.dt_projs_bias', 'layers.2.blocks.10.self_attention.A_logs', 'layers.2.blocks.10.self_attention.Ds', 'layers.2.blocks.10.self_attention.in_proj.weight', 'layers.2.blocks.10.self_attention.conv2d.weight', 'layers.2.blocks.10.self_attention.conv2d.bias', 'layers.2.blocks.10.self_attention.out_norm.weight', 'layers.2.blocks.10.self_attention.out_norm.bias', 'layers.2.blocks.10.self_attention.out_proj.weight', 'layers.2.blocks.11.ln_1.weight', 'layers.2.blocks.11.ln_1.bias', 'layers.2.blocks.11.self_attention.x_proj_weight', 'layers.2.blocks.11.self_attention.dt_projs_weight', 'layers.2.blocks.11.self_attention.dt_projs_bias', 'layers.2.blocks.11.self_attention.A_logs', 'layers.2.blocks.11.self_attention.Ds', 'layers.2.blocks.11.self_attention.in_proj.weight', 'layers.2.blocks.11.self_attention.conv2d.weight', 'layers.2.blocks.11.self_attention.conv2d.bias', 'layers.2.blocks.11.self_attention.out_norm.weight', 'layers.2.blocks.11.self_attention.out_norm.bias', 'layers.2.blocks.11.self_attention.out_proj.weight', 'layers.2.blocks.12.ln_1.weight', 'layers.2.blocks.12.ln_1.bias', 'layers.2.blocks.12.self_attention.x_proj_weight', 'layers.2.blocks.12.self_attention.dt_projs_weight', 'layers.2.blocks.12.self_attention.dt_projs_bias', 'layers.2.blocks.12.self_attention.A_logs', 'layers.2.blocks.12.self_attention.Ds', 'layers.2.blocks.12.self_attention.in_proj.weight', 'layers.2.blocks.12.self_attention.conv2d.weight', 'layers.2.blocks.12.self_attention.conv2d.bias', 'layers.2.blocks.12.self_attention.out_norm.weight', 'layers.2.blocks.12.self_attention.out_norm.bias', 'layers.2.blocks.12.self_attention.out_proj.weight', 'layers.2.blocks.13.ln_1.weight', 'layers.2.blocks.13.ln_1.bias', 'layers.2.blocks.13.self_attention.x_proj_weight', 'layers.2.blocks.13.self_attention.dt_projs_weight', 'layers.2.blocks.13.self_attention.dt_projs_bias', 'layers.2.blocks.13.self_attention.A_logs', 'layers.2.blocks.13.self_attention.Ds', 'layers.2.blocks.13.self_attention.in_proj.weight', 'layers.2.blocks.13.self_attention.conv2d.weight', 'layers.2.blocks.13.self_attention.conv2d.bias', 'layers.2.blocks.13.self_attention.out_norm.weight', 'layers.2.blocks.13.self_attention.out_norm.bias', 'layers.2.blocks.13.self_attention.out_proj.weight', 'layers.2.blocks.14.ln_1.weight', 'layers.2.blocks.14.ln_1.bias', 'layers.2.blocks.14.self_attention.x_proj_weight', 'layers.2.blocks.14.self_attention.dt_projs_weight', 'layers.2.blocks.14.self_attention.dt_projs_bias', 'layers.2.blocks.14.self_attention.A_logs', 'layers.2.blocks.14.self_attention.Ds', 'layers.2.blocks.14.self_attention.in_proj.weight', 'layers.2.blocks.14.self_attention.conv2d.weight', 'layers.2.blocks.14.self_attention.conv2d.bias', 'layers.2.blocks.14.self_attention.out_norm.weight', 'layers.2.blocks.14.self_attention.out_norm.bias', 'layers.2.blocks.14.self_attention.out_proj.weight', 'layers.2.blocks.15.ln_1.weight', 'layers.2.blocks.15.ln_1.bias', 'layers.2.blocks.15.self_attention.x_proj_weight', 'layers.2.blocks.15.self_attention.dt_projs_weight', 'layers.2.blocks.15.self_attention.dt_projs_bias', 'layers.2.blocks.15.self_attention.A_logs', 'layers.2.blocks.15.self_attention.Ds', 'layers.2.blocks.15.self_attention.in_proj.weight', 'layers.2.blocks.15.self_attention.conv2d.weight', 'layers.2.blocks.15.self_attention.conv2d.bias', 'layers.2.blocks.15.self_attention.out_norm.weight', 'layers.2.blocks.15.self_attention.out_norm.bias', 'layers.2.blocks.15.self_attention.out_proj.weight', 'layers.2.blocks.16.ln_1.weight', 'layers.2.blocks.16.ln_1.bias', 'layers.2.blocks.16.self_attention.x_proj_weight', 'layers.2.blocks.16.self_attention.dt_projs_weight', 'layers.2.blocks.16.self_attention.dt_projs_bias', 'layers.2.blocks.16.self_attention.A_logs', 'layers.2.blocks.16.self_attention.Ds', 'layers.2.blocks.16.self_attention.in_proj.weight', 'layers.2.blocks.16.self_attention.conv2d.weight', 'layers.2.blocks.16.self_attention.conv2d.bias', 'layers.2.blocks.16.self_attention.out_norm.weight', 'layers.2.blocks.16.self_attention.out_norm.bias', 'layers.2.blocks.16.self_attention.out_proj.weight', 'layers.2.blocks.17.ln_1.weight', 'layers.2.blocks.17.ln_1.bias', 'layers.2.blocks.17.self_attention.x_proj_weight', 'layers.2.blocks.17.self_attention.dt_projs_weight', 'layers.2.blocks.17.self_attention.dt_projs_bias', 'layers.2.blocks.17.self_attention.A_logs', 'layers.2.blocks.17.self_attention.Ds', 'layers.2.blocks.17.self_attention.in_proj.weight', 'layers.2.blocks.17.self_attention.conv2d.weight', 'layers.2.blocks.17.self_attention.conv2d.bias', 'layers.2.blocks.17.self_attention.out_norm.weight', 'layers.2.blocks.17.self_attention.out_norm.bias', 'layers.2.blocks.17.self_attention.out_proj.weight', 'layers.2.blocks.18.ln_1.weight', 'layers.2.blocks.18.ln_1.bias', 'layers.2.blocks.18.self_attention.x_proj_weight', 'layers.2.blocks.18.self_attention.dt_projs_weight', 'layers.2.blocks.18.self_attention.dt_projs_bias', 'layers.2.blocks.18.self_attention.A_logs', 'layers.2.blocks.18.self_attention.Ds', 'layers.2.blocks.18.self_attention.in_proj.weight', 'layers.2.blocks.18.self_attention.conv2d.weight', 'layers.2.blocks.18.self_attention.conv2d.bias', 'layers.2.blocks.18.self_attention.out_norm.weight', 'layers.2.blocks.18.self_attention.out_norm.bias', 'layers.2.blocks.18.self_attention.out_proj.weight', 'layers.2.blocks.19.ln_1.weight', 'layers.2.blocks.19.ln_1.bias', 'layers.2.blocks.19.self_attention.x_proj_weight', 'layers.2.blocks.19.self_attention.dt_projs_weight', 'layers.2.blocks.19.self_attention.dt_projs_bias', 'layers.2.blocks.19.self_attention.A_logs', 'layers.2.blocks.19.self_attention.Ds', 'layers.2.blocks.19.self_attention.in_proj.weight', 'layers.2.blocks.19.self_attention.conv2d.weight', 'layers.2.blocks.19.self_attention.conv2d.bias', 'layers.2.blocks.19.self_attention.out_norm.weight', 'layers.2.blocks.19.self_attention.out_norm.bias', 'layers.2.blocks.19.self_attention.out_proj.weight', 'layers.2.blocks.20.ln_1.weight', 'layers.2.blocks.20.ln_1.bias', 'layers.2.blocks.20.self_attention.x_proj_weight', 'layers.2.blocks.20.self_attention.dt_projs_weight', 'layers.2.blocks.20.self_attention.dt_projs_bias', 'layers.2.blocks.20.self_attention.A_logs', 'layers.2.blocks.20.self_attention.Ds', 'layers.2.blocks.20.self_attention.in_proj.weight', 'layers.2.blocks.20.self_attention.conv2d.weight', 'layers.2.blocks.20.self_attention.conv2d.bias', 'layers.2.blocks.20.self_attention.out_norm.weight', 'layers.2.blocks.20.self_attention.out_norm.bias', 'layers.2.blocks.20.self_attention.out_proj.weight', 'layers.2.blocks.21.ln_1.weight', 'layers.2.blocks.21.ln_1.bias', 'layers.2.blocks.21.self_attention.x_proj_weight', 'layers.2.blocks.21.self_attention.dt_projs_weight', 'layers.2.blocks.21.self_attention.dt_projs_bias', 'layers.2.blocks.21.self_attention.A_logs', 'layers.2.blocks.21.self_attention.Ds', 'layers.2.blocks.21.self_attention.in_proj.weight', 'layers.2.blocks.21.self_attention.conv2d.weight', 'layers.2.blocks.21.self_attention.conv2d.bias', 'layers.2.blocks.21.self_attention.out_norm.weight', 'layers.2.blocks.21.self_attention.out_norm.bias', 'layers.2.blocks.21.self_attention.out_proj.weight', 'layers.2.blocks.22.ln_1.weight', 'layers.2.blocks.22.ln_1.bias', 'layers.2.blocks.22.self_attention.x_proj_weight', 'layers.2.blocks.22.self_attention.dt_projs_weight', 'layers.2.blocks.22.self_attention.dt_projs_bias', 'layers.2.blocks.22.self_attention.A_logs', 'layers.2.blocks.22.self_attention.Ds', 'layers.2.blocks.22.self_attention.in_proj.weight', 'layers.2.blocks.22.self_attention.conv2d.weight', 'layers.2.blocks.22.self_attention.conv2d.bias', 'layers.2.blocks.22.self_attention.out_norm.weight', 'layers.2.blocks.22.self_attention.out_norm.bias', 'layers.2.blocks.22.self_attention.out_proj.weight', 'layers.2.blocks.23.ln_1.weight', 'layers.2.blocks.23.ln_1.bias', 'layers.2.blocks.23.self_attention.x_proj_weight', 'layers.2.blocks.23.self_attention.dt_projs_weight', 'layers.2.blocks.23.self_attention.dt_projs_bias', 'layers.2.blocks.23.self_attention.A_logs', 'layers.2.blocks.23.self_attention.Ds', 'layers.2.blocks.23.self_attention.in_proj.weight', 'layers.2.blocks.23.self_attention.conv2d.weight', 'layers.2.blocks.23.self_attention.conv2d.bias', 'layers.2.blocks.23.self_attention.out_norm.weight', 'layers.2.blocks.23.self_attention.out_norm.bias', 'layers.2.blocks.23.self_attention.out_proj.weight', 'layers.2.blocks.24.ln_1.weight', 'layers.2.blocks.24.ln_1.bias', 'layers.2.blocks.24.self_attention.x_proj_weight', 'layers.2.blocks.24.self_attention.dt_projs_weight', 'layers.2.blocks.24.self_attention.dt_projs_bias', 'layers.2.blocks.24.self_attention.A_logs', 'layers.2.blocks.24.self_attention.Ds', 'layers.2.blocks.24.self_attention.in_proj.weight', 'layers.2.blocks.24.self_attention.conv2d.weight', 'layers.2.blocks.24.self_attention.conv2d.bias', 'layers.2.blocks.24.self_attention.out_norm.weight', 'layers.2.blocks.24.self_attention.out_norm.bias', 'layers.2.blocks.24.self_attention.out_proj.weight', 'layers.2.blocks.25.ln_1.weight', 'layers.2.blocks.25.ln_1.bias', 'layers.2.blocks.25.self_attention.x_proj_weight', 'layers.2.blocks.25.self_attention.dt_projs_weight', 'layers.2.blocks.25.self_attention.dt_projs_bias', 'layers.2.blocks.25.self_attention.A_logs', 'layers.2.blocks.25.self_attention.Ds', 'layers.2.blocks.25.self_attention.in_proj.weight', 'layers.2.blocks.25.self_attention.conv2d.weight', 'layers.2.blocks.25.self_attention.conv2d.bias', 'layers.2.blocks.25.self_attention.out_norm.weight', 'layers.2.blocks.25.self_attention.out_norm.bias', 'layers.2.blocks.25.self_attention.out_proj.weight', 'layers.2.blocks.26.ln_1.weight', 'layers.2.blocks.26.ln_1.bias', 'layers.2.blocks.26.self_attention.x_proj_weight', 'layers.2.blocks.26.self_attention.dt_projs_weight', 'layers.2.blocks.26.self_attention.dt_projs_bias', 'layers.2.blocks.26.self_attention.A_logs', 'layers.2.blocks.26.self_attention.Ds', 'layers.2.blocks.26.self_attention.in_proj.weight', 'layers.2.blocks.26.self_attention.conv2d.weight', 'layers.2.blocks.26.self_attention.conv2d.bias', 'layers.2.blocks.26.self_attention.out_norm.weight', 'layers.2.blocks.26.self_attention.out_norm.bias', 'layers.2.blocks.26.self_attention.out_proj.weight', 'norm.weight', 'norm.bias', 'head.weight', 'head.bias']
encoder loaded finished!
Total model_dict: 417, Total pretrained_dict: 438, update: 195
Not loaded keys: ['layers_up.3.downsample.reduction.weight', 'layers_up.3.downsample.norm.weight', 'layers_up.3.downsample.norm.bias', 'layers_up.2.downsample.reduction.weight', 'layers_up.2.downsample.norm.weight', 'layers_up.2.downsample.norm.bias', 'layers_up.1.blocks.9.ln_1.weight', 'layers_up.1.blocks.9.ln_1.bias', 'layers_up.1.blocks.9.self_attention.x_proj_weight', 'layers_up.1.blocks.9.self_attention.dt_projs_weight', 'layers_up.1.blocks.9.self_attention.dt_projs_bias', 'layers_up.1.blocks.9.self_attention.A_logs', 'layers_up.1.blocks.9.self_attention.Ds', 'layers_up.1.blocks.9.self_attention.in_proj.weight', 'layers_up.1.blocks.9.self_attention.conv2d.weight', 'layers_up.1.blocks.9.self_attention.conv2d.bias', 'layers_up.1.blocks.9.self_attention.out_norm.weight', 'layers_up.1.blocks.9.self_attention.out_norm.bias', 'layers_up.1.blocks.9.self_attention.out_proj.weight', 'layers_up.1.blocks.10.ln_1.weight', 'layers_up.1.blocks.10.ln_1.bias', 'layers_up.1.blocks.10.self_attention.x_proj_weight', 'layers_up.1.blocks.10.self_attention.dt_projs_weight', 'layers_up.1.blocks.10.self_attention.dt_projs_bias', 'layers_up.1.blocks.10.self_attention.A_logs', 'layers_up.1.blocks.10.self_attention.Ds', 'layers_up.1.blocks.10.self_attention.in_proj.weight', 'layers_up.1.blocks.10.self_attention.conv2d.weight', 'layers_up.1.blocks.10.self_attention.conv2d.bias', 'layers_up.1.blocks.10.self_attention.out_norm.weight', 'layers_up.1.blocks.10.self_attention.out_norm.bias', 'layers_up.1.blocks.10.self_attention.out_proj.weight', 'layers_up.1.blocks.11.ln_1.weight', 'layers_up.1.blocks.11.ln_1.bias', 'layers_up.1.blocks.11.self_attention.x_proj_weight', 'layers_up.1.blocks.11.self_attention.dt_projs_weight', 'layers_up.1.blocks.11.self_attention.dt_projs_bias', 'layers_up.1.blocks.11.self_attention.A_logs', 'layers_up.1.blocks.11.self_attention.Ds', 'layers_up.1.blocks.11.self_attention.in_proj.weight', 'layers_up.1.blocks.11.self_attention.conv2d.weight', 'layers_up.1.blocks.11.self_attention.conv2d.bias', 'layers_up.1.blocks.11.self_attention.out_norm.weight', 'layers_up.1.blocks.11.self_attention.out_norm.bias', 'layers_up.1.blocks.11.self_attention.out_proj.weight', 'layers_up.1.blocks.12.ln_1.weight', 'layers_up.1.blocks.12.ln_1.bias', 'layers_up.1.blocks.12.self_attention.x_proj_weight', 'layers_up.1.blocks.12.self_attention.dt_projs_weight', 'layers_up.1.blocks.12.self_attention.dt_projs_bias', 'layers_up.1.blocks.12.self_attention.A_logs', 'layers_up.1.blocks.12.self_attention.Ds', 'layers_up.1.blocks.12.self_attention.in_proj.weight', 'layers_up.1.blocks.12.self_attention.conv2d.weight', 'layers_up.1.blocks.12.self_attention.conv2d.bias', 'layers_up.1.blocks.12.self_attention.out_norm.weight', 'layers_up.1.blocks.12.self_attention.out_norm.bias', 'layers_up.1.blocks.12.self_attention.out_proj.weight', 'layers_up.1.blocks.13.ln_1.weight', 'layers_up.1.blocks.13.ln_1.bias', 'layers_up.1.blocks.13.self_attention.x_proj_weight', 'layers_up.1.blocks.13.self_attention.dt_projs_weight', 'layers_up.1.blocks.13.self_attention.dt_projs_bias', 'layers_up.1.blocks.13.self_attention.A_logs', 'layers_up.1.blocks.13.self_attention.Ds', 'layers_up.1.blocks.13.self_attention.in_proj.weight', 'layers_up.1.blocks.13.self_attention.conv2d.weight', 'layers_up.1.blocks.13.self_attention.conv2d.bias', 'layers_up.1.blocks.13.self_attention.out_norm.weight', 'layers_up.1.blocks.13.self_attention.out_norm.bias', 'layers_up.1.blocks.13.self_attention.out_proj.weight', 'layers_up.1.blocks.14.ln_1.weight', 'layers_up.1.blocks.14.ln_1.bias', 'layers_up.1.blocks.14.self_attention.x_proj_weight', 'layers_up.1.blocks.14.self_attention.dt_projs_weight', 'layers_up.1.blocks.14.self_attention.dt_projs_bias', 'layers_up.1.blocks.14.self_attention.A_logs', 'layers_up.1.blocks.14.self_attention.Ds', 'layers_up.1.blocks.14.self_attention.in_proj.weight', 'layers_up.1.blocks.14.self_attention.conv2d.weight', 'layers_up.1.blocks.14.self_attention.conv2d.bias', 'layers_up.1.blocks.14.self_attention.out_norm.weight', 'layers_up.1.blocks.14.self_attention.out_norm.bias', 'layers_up.1.blocks.14.self_attention.out_proj.weight', 'layers_up.1.blocks.15.ln_1.weight', 'layers_up.1.blocks.15.ln_1.bias', 'layers_up.1.blocks.15.self_attention.x_proj_weight', 'layers_up.1.blocks.15.self_attention.dt_projs_weight', 'layers_up.1.blocks.15.self_attention.dt_projs_bias', 'layers_up.1.blocks.15.self_attention.A_logs', 'layers_up.1.blocks.15.self_attention.Ds', 'layers_up.1.blocks.15.self_attention.in_proj.weight', 'layers_up.1.blocks.15.self_attention.conv2d.weight', 'layers_up.1.blocks.15.self_attention.conv2d.bias', 'layers_up.1.blocks.15.self_attention.out_norm.weight', 'layers_up.1.blocks.15.self_attention.out_norm.bias', 'layers_up.1.blocks.15.self_attention.out_proj.weight', 'layers_up.1.blocks.16.ln_1.weight', 'layers_up.1.blocks.16.ln_1.bias', 'layers_up.1.blocks.16.self_attention.x_proj_weight', 'layers_up.1.blocks.16.self_attention.dt_projs_weight', 'layers_up.1.blocks.16.self_attention.dt_projs_bias', 'layers_up.1.blocks.16.self_attention.A_logs', 'layers_up.1.blocks.16.self_attention.Ds', 'layers_up.1.blocks.16.self_attention.in_proj.weight', 'layers_up.1.blocks.16.self_attention.conv2d.weight', 'layers_up.1.blocks.16.self_attention.conv2d.bias', 'layers_up.1.blocks.16.self_attention.out_norm.weight', 'layers_up.1.blocks.16.self_attention.out_norm.bias', 'layers_up.1.blocks.16.self_attention.out_proj.weight', 'layers_up.1.blocks.17.ln_1.weight', 'layers_up.1.blocks.17.ln_1.bias', 'layers_up.1.blocks.17.self_attention.x_proj_weight', 'layers_up.1.blocks.17.self_attention.dt_projs_weight', 'layers_up.1.blocks.17.self_attention.dt_projs_bias', 'layers_up.1.blocks.17.self_attention.A_logs', 'layers_up.1.blocks.17.self_attention.Ds', 'layers_up.1.blocks.17.self_attention.in_proj.weight', 'layers_up.1.blocks.17.self_attention.conv2d.weight', 'layers_up.1.blocks.17.self_attention.conv2d.bias', 'layers_up.1.blocks.17.self_attention.out_norm.weight', 'layers_up.1.blocks.17.self_attention.out_norm.bias', 'layers_up.1.blocks.17.self_attention.out_proj.weight', 'layers_up.1.blocks.18.ln_1.weight', 'layers_up.1.blocks.18.ln_1.bias', 'layers_up.1.blocks.18.self_attention.x_proj_weight', 'layers_up.1.blocks.18.self_attention.dt_projs_weight', 'layers_up.1.blocks.18.self_attention.dt_projs_bias', 'layers_up.1.blocks.18.self_attention.A_logs', 'layers_up.1.blocks.18.self_attention.Ds', 'layers_up.1.blocks.18.self_attention.in_proj.weight', 'layers_up.1.blocks.18.self_attention.conv2d.weight', 'layers_up.1.blocks.18.self_attention.conv2d.bias', 'layers_up.1.blocks.18.self_attention.out_norm.weight', 'layers_up.1.blocks.18.self_attention.out_norm.bias', 'layers_up.1.blocks.18.self_attention.out_proj.weight', 'layers_up.1.blocks.19.ln_1.weight', 'layers_up.1.blocks.19.ln_1.bias', 'layers_up.1.blocks.19.self_attention.x_proj_weight', 'layers_up.1.blocks.19.self_attention.dt_projs_weight', 'layers_up.1.blocks.19.self_attention.dt_projs_bias', 'layers_up.1.blocks.19.self_attention.A_logs', 'layers_up.1.blocks.19.self_attention.Ds', 'layers_up.1.blocks.19.self_attention.in_proj.weight', 'layers_up.1.blocks.19.self_attention.conv2d.weight', 'layers_up.1.blocks.19.self_attention.conv2d.bias', 'layers_up.1.blocks.19.self_attention.out_norm.weight', 'layers_up.1.blocks.19.self_attention.out_norm.bias', 'layers_up.1.blocks.19.self_attention.out_proj.weight', 'layers_up.1.blocks.20.ln_1.weight', 'layers_up.1.blocks.20.ln_1.bias', 'layers_up.1.blocks.20.self_attention.x_proj_weight', 'layers_up.1.blocks.20.self_attention.dt_projs_weight', 'layers_up.1.blocks.20.self_attention.dt_projs_bias', 'layers_up.1.blocks.20.self_attention.A_logs', 'layers_up.1.blocks.20.self_attention.Ds', 'layers_up.1.blocks.20.self_attention.in_proj.weight', 'layers_up.1.blocks.20.self_attention.conv2d.weight', 'layers_up.1.blocks.20.self_attention.conv2d.bias', 'layers_up.1.blocks.20.self_attention.out_norm.weight', 'layers_up.1.blocks.20.self_attention.out_norm.bias', 'layers_up.1.blocks.20.self_attention.out_proj.weight', 'layers_up.1.blocks.21.ln_1.weight', 'layers_up.1.blocks.21.ln_1.bias', 'layers_up.1.blocks.21.self_attention.x_proj_weight', 'layers_up.1.blocks.21.self_attention.dt_projs_weight', 'layers_up.1.blocks.21.self_attention.dt_projs_bias', 'layers_up.1.blocks.21.self_attention.A_logs', 'layers_up.1.blocks.21.self_attention.Ds', 'layers_up.1.blocks.21.self_attention.in_proj.weight', 'layers_up.1.blocks.21.self_attention.conv2d.weight', 'layers_up.1.blocks.21.self_attention.conv2d.bias', 'layers_up.1.blocks.21.self_attention.out_norm.weight', 'layers_up.1.blocks.21.self_attention.out_norm.bias', 'layers_up.1.blocks.21.self_attention.out_proj.weight', 'layers_up.1.blocks.22.ln_1.weight', 'layers_up.1.blocks.22.ln_1.bias', 'layers_up.1.blocks.22.self_attention.x_proj_weight', 'layers_up.1.blocks.22.self_attention.dt_projs_weight', 'layers_up.1.blocks.22.self_attention.dt_projs_bias', 'layers_up.1.blocks.22.self_attention.A_logs', 'layers_up.1.blocks.22.self_attention.Ds', 'layers_up.1.blocks.22.self_attention.in_proj.weight', 'layers_up.1.blocks.22.self_attention.conv2d.weight', 'layers_up.1.blocks.22.self_attention.conv2d.bias', 'layers_up.1.blocks.22.self_attention.out_norm.weight', 'layers_up.1.blocks.22.self_attention.out_norm.bias', 'layers_up.1.blocks.22.self_attention.out_proj.weight', 'layers_up.1.blocks.23.ln_1.weight', 'layers_up.1.blocks.23.ln_1.bias', 'layers_up.1.blocks.23.self_attention.x_proj_weight', 'layers_up.1.blocks.23.self_attention.dt_projs_weight', 'layers_up.1.blocks.23.self_attention.dt_projs_bias', 'layers_up.1.blocks.23.self_attention.A_logs', 'layers_up.1.blocks.23.self_attention.Ds', 'layers_up.1.blocks.23.self_attention.in_proj.weight', 'layers_up.1.blocks.23.self_attention.conv2d.weight', 'layers_up.1.blocks.23.self_attention.conv2d.bias', 'layers_up.1.blocks.23.self_attention.out_norm.weight', 'layers_up.1.blocks.23.self_attention.out_norm.bias', 'layers_up.1.blocks.23.self_attention.out_proj.weight', 'layers_up.1.blocks.24.ln_1.weight', 'layers_up.1.blocks.24.ln_1.bias', 'layers_up.1.blocks.24.self_attention.x_proj_weight', 'layers_up.1.blocks.24.self_attention.dt_projs_weight', 'layers_up.1.blocks.24.self_attention.dt_projs_bias', 'layers_up.1.blocks.24.self_attention.A_logs', 'layers_up.1.blocks.24.self_attention.Ds', 'layers_up.1.blocks.24.self_attention.in_proj.weight', 'layers_up.1.blocks.24.self_attention.conv2d.weight', 'layers_up.1.blocks.24.self_attention.conv2d.bias', 'layers_up.1.blocks.24.self_attention.out_norm.weight', 'layers_up.1.blocks.24.self_attention.out_norm.bias', 'layers_up.1.blocks.24.self_attention.out_proj.weight', 'layers_up.1.blocks.25.ln_1.weight', 'layers_up.1.blocks.25.ln_1.bias', 'layers_up.1.blocks.25.self_attention.x_proj_weight', 'layers_up.1.blocks.25.self_attention.dt_projs_weight', 'layers_up.1.blocks.25.self_attention.dt_projs_bias', 'layers_up.1.blocks.25.self_attention.A_logs', 'layers_up.1.blocks.25.self_attention.Ds', 'layers_up.1.blocks.25.self_attention.in_proj.weight', 'layers_up.1.blocks.25.self_attention.conv2d.weight', 'layers_up.1.blocks.25.self_attention.conv2d.bias', 'layers_up.1.blocks.25.self_attention.out_norm.weight', 'layers_up.1.blocks.25.self_attention.out_norm.bias', 'layers_up.1.blocks.25.self_attention.out_proj.weight', 'layers_up.1.blocks.26.ln_1.weight', 'layers_up.1.blocks.26.ln_1.bias', 'layers_up.1.blocks.26.self_attention.x_proj_weight', 'layers_up.1.blocks.26.self_attention.dt_projs_weight', 'layers_up.1.blocks.26.self_attention.dt_projs_bias', 'layers_up.1.blocks.26.self_attention.A_logs', 'layers_up.1.blocks.26.self_attention.Ds', 'layers_up.1.blocks.26.self_attention.in_proj.weight', 'layers_up.1.blocks.26.self_attention.conv2d.weight', 'layers_up.1.blocks.26.self_attention.conv2d.bias', 'layers_up.1.blocks.26.self_attention.out_norm.weight', 'layers_up.1.blocks.26.self_attention.out_norm.bias', 'layers_up.1.blocks.26.self_attention.out_proj.weight', 'layers_up.1.downsample.reduction.weight', 'layers_up.1.downsample.norm.weight', 'layers_up.1.downsample.norm.bias']
decoder loaded finished!
[2026-04-19 16:37:36,098] iter=50/10000 lr=5.0001e-06 loss=0.724220
[2026-04-19 16:37:49,511] iter=100/10000 lr=1.00001e-05 loss=0.651781
[2026-04-19 16:38:02,956] iter=150/10000 lr=1.50001e-05 loss=0.389816
[2026-04-19 16:38:16,338] iter=200/10000 lr=2.00001e-05 loss=0.225909
[2026-04-19 16:38:31,899] iter=250/10000 lr=2.50001e-05 loss=0.199807
[2026-04-19 16:38:45,308] iter=300/10000 lr=3.00001e-05 loss=0.477207
[2026-04-19 16:38:58,817] iter=350/10000 lr=3.50001e-05 loss=0.324777
[2026-04-19 16:39:12,231] iter=400/10000 lr=4.00001e-05 loss=0.188120
[2026-04-19 16:39:28,355] iter=450/10000 lr=4.50001e-05 loss=0.405437
[2026-04-19 16:39:41,768] iter=500/10000 lr=5e-05 loss=0.212816
[2026-04-19 16:39:56,205] [VAL] iter=500 aAcc=92.9097 mIoU=76.3450 mDice=85.6804 mFscore=85.6804 mPrecision=83.9664 mRecall=87.7035
[2026-04-19 16:39:58,101] [BEST] iter=500 mIoU=76.3450 saved=/root/autodl-tmp/tactile_topo_seg/work_dirs/revise/vmunet_tp_revise_v2_pretrain/ckpt/best_mIoU_iter_500.pth
[2026-04-19 16:40:11,498] iter=550/10000 lr=5.5e-05 loss=0.156259
[2026-04-19 16:40:24,923] iter=600/10000 lr=6e-05 loss=0.147514
[2026-04-19 16:40:41,358] iter=650/10000 lr=6.5e-05 loss=0.142601
[2026-04-19 16:40:54,782] iter=700/10000 lr=7e-05 loss=0.174327
[2026-04-19 16:41:08,184] iter=750/10000 lr=7.5e-05 loss=0.150982
[2026-04-19 16:41:21,650] iter=800/10000 lr=8e-05 loss=0.136604
[2026-04-19 16:41:39,071] iter=850/10000 lr=8.5e-05 loss=0.129093
[2026-04-19 16:41:52,510] iter=900/10000 lr=9e-05 loss=0.113835
[2026-04-19 16:42:05,962] iter=950/10000 lr=9.5e-05 loss=0.183149
[2026-04-19 16:42:19,386] iter=1000/10000 lr=0.0001 loss=0.086373
[2026-04-19 16:42:34,068] [VAL] iter=1000 aAcc=95.3008 mIoU=81.1667 mDice=88.9765 mFscore=88.9765 mPrecision=93.6147 mRecall=85.5135
[2026-04-19 16:42:36,351] [BEST] iter=1000 mIoU=81.1667 saved=/root/autodl-tmp/tactile_topo_seg/work_dirs/revise/vmunet_tp_revise_v2_pretrain/ckpt/best_mIoU_iter_1000.pth
[2026-04-19 16:42:52,299] iter=1050/10000 lr=9.94444e-05 loss=0.397522
[2026-04-19 16:43:05,713] iter=1100/10000 lr=9.88889e-05 loss=0.184925
[2026-04-19 16:43:19,187] iter=1150/10000 lr=9.83333e-05 loss=0.146874
[2026-04-19 16:43:32,570] iter=1200/10000 lr=9.77778e-05 loss=0.120087
[2026-04-19 16:43:49,485] iter=1250/10000 lr=9.72222e-05 loss=0.056222
[2026-04-19 16:44:02,870] iter=1300/10000 lr=9.66667e-05 loss=0.376246
[2026-04-19 16:44:16,280] iter=1350/10000 lr=9.61111e-05 loss=0.041189
[2026-04-19 16:44:29,769] iter=1400/10000 lr=9.55556e-05 loss=0.094099
[2026-04-19 16:44:47,391] iter=1450/10000 lr=9.5e-05 loss=0.052591
[2026-04-19 16:45:00,842] iter=1500/10000 lr=9.44444e-05 loss=0.290291
[2026-04-19 16:45:15,561] [VAL] iter=1500 aAcc=93.1050 mIoU=78.1456 mDice=87.0358 mFscore=87.0358 mPrecision=83.5120 mRecall=92.2078
[2026-04-19 16:45:29,757] iter=1550/10000 lr=9.38889e-05 loss=0.091456
[2026-04-19 16:45:43,168] iter=1600/10000 lr=9.33333e-05 loss=0.133093
[2026-04-19 16:45:59,621] iter=1650/10000 lr=9.27778e-05 loss=0.080360
[2026-04-19 16:46:13,057] iter=1700/10000 lr=9.22222e-05 loss=0.103015
[2026-04-19 16:46:26,492] iter=1750/10000 lr=9.16667e-05 loss=0.057684
[2026-04-19 16:46:39,903] iter=1800/10000 lr=9.11111e-05 loss=0.114538
[2026-04-19 16:46:53,329] iter=1850/10000 lr=9.05556e-05 loss=0.032722
[2026-04-19 16:47:10,031] iter=1900/10000 lr=9e-05 loss=0.099627
[2026-04-19 16:47:23,545] iter=1950/10000 lr=8.94444e-05 loss=0.035930
[2026-04-19 16:47:36,980] iter=2000/10000 lr=8.88889e-05 loss=0.089211
[2026-04-19 16:47:51,558] [VAL] iter=2000 aAcc=96.7085 mIoU=87.1717 mDice=92.8931 mFscore=92.8931 mPrecision=93.4492 mRecall=92.3573
[2026-04-19 16:47:53,980] [BEST] iter=2000 mIoU=87.1717 saved=/root/autodl-tmp/tactile_topo_seg/work_dirs/revise/vmunet_tp_revise_v2_pretrain/ckpt/best_mIoU_iter_2000.pth
[2026-04-19 16:48:07,412] iter=2050/10000 lr=8.83333e-05 loss=0.052059
[2026-04-19 16:48:24,212] iter=2100/10000 lr=8.77778e-05 loss=0.034198
[2026-04-19 16:48:37,803] iter=2150/10000 lr=8.72222e-05 loss=0.035837
[2026-04-19 16:48:51,238] iter=2200/10000 lr=8.66667e-05 loss=0.076732
[2026-04-19 16:49:04,659] iter=2250/10000 lr=8.61111e-05 loss=0.029726
[2026-04-19 16:49:21,311] iter=2300/10000 lr=8.55556e-05 loss=0.143292
[2026-04-19 16:49:34,754] iter=2350/10000 lr=8.5e-05 loss=0.157104
[2026-04-19 16:49:48,157] iter=2400/10000 lr=8.44444e-05 loss=0.063118
[2026-04-19 16:50:01,634] iter=2450/10000 lr=8.38889e-05 loss=0.084088
[2026-04-19 16:50:18,703] iter=2500/10000 lr=8.33333e-05 loss=0.016304
[2026-04-19 16:50:33,406] [VAL] iter=2500 aAcc=97.1735 mIoU=88.6299 mDice=93.7729 mFscore=93.7729 mPrecision=95.3145 mRecall=92.3737
[2026-04-19 16:50:35,652] [BEST] iter=2500 mIoU=88.6299 saved=/root/autodl-tmp/tactile_topo_seg/work_dirs/revise/vmunet_tp_revise_v2_pretrain/ckpt/best_mIoU_iter_2500.pth
[2026-04-19 16:50:49,092] iter=2550/10000 lr=8.27778e-05 loss=0.031177
[2026-04-19 16:51:02,531] iter=2600/10000 lr=8.22222e-05 loss=0.050380
[2026-04-19 16:51:16,001] iter=2650/10000 lr=8.16667e-05 loss=0.112878
[2026-04-19 16:51:32,589] iter=2700/10000 lr=8.11111e-05 loss=0.011313
[2026-04-19 16:51:46,063] iter=2750/10000 lr=8.05556e-05 loss=0.044736
[2026-04-19 16:51:59,515] iter=2800/10000 lr=8e-05 loss=0.182003
[2026-04-19 16:52:12,986] iter=2850/10000 lr=7.94444e-05 loss=0.041594
[2026-04-19 16:52:28,617] iter=2900/10000 lr=7.88889e-05 loss=0.032542
[2026-04-19 16:52:42,124] iter=2950/10000 lr=7.83333e-05 loss=0.409556
[2026-04-19 16:52:55,675] iter=3000/10000 lr=7.77778e-05 loss=0.208096
[2026-04-19 16:53:10,327] [VAL] iter=3000 aAcc=95.4752 mIoU=84.3837 mDice=91.1827 mFscore=91.1827 mPrecision=88.1374 mRecall=95.1614
[2026-04-19 16:53:24,435] iter=3050/10000 lr=7.72222e-05 loss=0.032652
[2026-04-19 16:53:39,924] iter=3100/10000 lr=7.66667e-05 loss=0.025733
[2026-04-19 16:53:53,370] iter=3150/10000 lr=7.61111e-05 loss=0.075977
[2026-04-19 16:54:06,831] iter=3200/10000 lr=7.55556e-05 loss=0.011987
[2026-04-19 16:54:20,598] iter=3250/10000 lr=7.5e-05 loss=0.058928
[2026-04-19 16:54:37,940] iter=3300/10000 lr=7.44444e-05 loss=0.034181
[2026-04-19 16:54:51,660] iter=3350/10000 lr=7.38889e-05 loss=0.086920
[2026-04-19 16:55:05,580] iter=3400/10000 lr=7.33333e-05 loss=0.051594
[2026-04-19 16:55:19,011] iter=3450/10000 lr=7.27778e-05 loss=0.177230
[2026-04-19 16:55:32,582] iter=3500/10000 lr=7.22222e-05 loss=0.025301
[2026-04-19 16:55:46,957] [VAL] iter=3500 aAcc=97.4450 mIoU=89.8290 mDice=94.4875 mFscore=94.4875 mPrecision=95.0290 mRecall=93.9646
[2026-04-19 16:55:49,246] [BEST] iter=3500 mIoU=89.8290 saved=/root/autodl-tmp/tactile_topo_seg/work_dirs/revise/vmunet_tp_revise_v2_pretrain/ckpt/best_mIoU_iter_3500.pth
[2026-04-19 16:56:06,416] iter=3550/10000 lr=7.16667e-05 loss=0.011147
[2026-04-19 16:56:19,856] iter=3600/10000 lr=7.11111e-05 loss=0.020532
[2026-04-19 16:56:33,262] iter=3650/10000 lr=7.05556e-05 loss=0.018984
[2026-04-19 16:56:46,738] iter=3700/10000 lr=7e-05 loss=0.082337
[2026-04-19 16:57:03,429] iter=3750/10000 lr=6.94444e-05 loss=0.075377
[2026-04-19 16:57:16,812] iter=3800/10000 lr=6.88889e-05 loss=0.028015
[2026-04-19 16:57:30,247] iter=3850/10000 lr=6.83333e-05 loss=0.030625
[2026-04-19 16:57:43,679] iter=3900/10000 lr=6.77778e-05 loss=0.076242
[2026-04-19 16:58:00,584] iter=3950/10000 lr=6.72222e-05 loss=0.037798
[2026-04-19 16:58:14,003] iter=4000/10000 lr=6.66667e-05 loss=0.011315
[2026-04-19 16:58:29,285] [VAL] iter=4000 aAcc=97.7317 mIoU=90.8835 mDice=95.1012 mFscore=95.1012 mPrecision=95.6969 mRecall=94.5276
[2026-04-19 16:58:31,579] [BEST] iter=4000 mIoU=90.8835 saved=/root/autodl-tmp/tactile_topo_seg/work_dirs/revise/vmunet_tp_revise_v2_pretrain/ckpt/best_mIoU_iter_4000.pth
[2026-04-19 16:58:44,993] iter=4050/10000 lr=6.61111e-05 loss=0.012848
[2026-04-19 16:58:58,781] iter=4100/10000 lr=6.55556e-05 loss=0.038726
[2026-04-19 16:59:14,770] iter=4150/10000 lr=6.5e-05 loss=0.023948
[2026-04-19 16:59:28,635] iter=4200/10000 lr=6.44444e-05 loss=0.129047
[2026-04-19 16:59:43,395] iter=4250/10000 lr=6.38889e-05 loss=0.035087
[2026-04-19 16:59:56,893] iter=4300/10000 lr=6.33333e-05 loss=0.224426
[2026-04-19 17:00:13,901] iter=4350/10000 lr=6.27778e-05 loss=0.239981
[2026-04-19 17:00:27,780] iter=4400/10000 lr=6.22222e-05 loss=0.271190
[2026-04-19 17:00:41,215] iter=4450/10000 lr=6.16667e-05 loss=0.064495
[2026-04-19 17:00:54,670] iter=4500/10000 lr=6.11111e-05 loss=0.614342
[2026-04-19 17:01:09,236] [VAL] iter=4500 aAcc=97.6814 mIoU=90.7838 mDice=95.0448 mFscore=95.0448 mPrecision=95.1520 mRecall=94.9383
